[35m[1mConsolidate compiler generated dependencies of target talker[0m
[35m[1mConsolidate compiler generated dependencies of target listener[0m
[ 25%] Built target masterListener
[ 37%] [32mBuilding CXX object CMakeFiles/talker.dir/src/master_for_demo.cpp.o[0m
[ 50%] [32mBuilding CXX object CMakeFiles/listener.dir/src/slave_for_demo.cpp.o[0m
[ 75%] Built target nodeTalker
[01m[K/home/wilhem/NTNU_ROV_COM/sup_com/src/sup_com/src/master_for_demo.cpp:13:10:[m[K [01;31m[Kfatal error: [m[K../../../../lib/janusxsdm/janusxsdm.cpp: No such file or directory
   13 | #include [01;31m[K"../../../../lib/janusxsdm/janusxsdm.cpp"[m[K
      |          [01;31m[K^~~~~~~~~~~~~~~~~~~~~~~~~~~~~~~~~~~~~~~~~[m[K
compilation terminated.
[01m[K/home/wilhem/NTNU_ROV_COM/sup_com/src/sup_com/src/slave_for_demo.cpp:13:10:[m[K [01;31m[Kfatal error: [m[K../../../../lib/janusxsdm/janusxsdm.cpp: No such file or directory
   13 | #include [01;31m[K"../../../../lib/janusxsdm/janusxsdm.cpp"[m[K
      |          [01;31m[K^~~~~~~~~~~~~~~~~~~~~~~~~~~~~~~~~~~~~~~~~[m[K
compilation terminated.
gmake[2]: *** [CMakeFiles/listener.dir/build.make:76: CMakeFiles/listener.dir/src/slave_for_demo.cpp.o] Error 1
gmake[1]: *** [CMakeFiles/Makefile2:169: CMakeFiles/listener.dir/all] Error 2
gmake[1]: *** Waiting for unfinished jobs....
gmake[2]: *** [CMakeFiles/talker.dir/build.make:76: CMakeFiles/talker.dir/src/master_for_demo.cpp.o] Error 1
gmake[1]: *** [CMakeFiles/Makefile2:143: CMakeFiles/talker.dir/all] Error 2
gmake: *** [Makefile:146: all] Error 2
