[35m[1mConsolidate compiler generated dependencies of target listener[0m
[35m[1mConsolidate compiler generated dependencies of target talker[0m
[ 25%] Built target masterListener
[ 50%] Built target nodeTalker
[ 62%] [32mBuilding CXX object CMakeFiles/listener.dir/src/slave_for_demo.cpp.o[0m
[ 75%] [32mBuilding CXX object CMakeFiles/talker.dir/src/master_for_demo.cpp.o[0m
In file included from [01m[K/home/wilhem/NTNU_ROV_COM/sup_com/src/sup_com/src/slave_for_demo.cpp:13[m[K:
[01m[K/home/wilhem/NTNU_ROV_COM/sup_com/src/sup_com/src/../../../../lib/janusxsdm/janusxsdm.cpp:[m[K In member function â€˜[01m[Kvoid janusxsdm::connection::sendSimple(std::string)[m[Kâ€™:
[01m[K/home/wilhem/NTNU_ROV_COM/sup_com/src/sup_com/src/../../../../lib/janusxsdm/janusxsdm.cpp:262:65:[m[K [01;35m[Kwarning: [m[Kstatement has no effect [[01;35m[K]8;;https://gcc.gnu.org/onlinedocs/gcc/Warning-Options.html#index-Wunused-value-Wunused-value]8;;[m[K]
  262 |                     MyFile1121 << "Buffer: " << buffer << "\n"; [01;35m[Ksizeof(buffer)[m[K;
      |                                                                 [01;35m[K^~~~~~~~~~~~~~[m[K
In file included from [01m[K/home/wilhem/NTNU_ROV_COM/sup_com/src/sup_com/src/master_for_demo.cpp:13[m[K:
[01m[K/home/wilhem/NTNU_ROV_COM/sup_com/src/sup_com/src/../../../../lib/janusxsdm/janusxsdm.cpp:[m[K In member function â€˜[01m[Kvoid janusxsdm::connection::sendSimple(std::string)[m[Kâ€™:
[01m[K/home/wilhem/NTNU_ROV_COM/sup_com/src/sup_com/src/../../../../lib/janusxsdm/janusxsdm.cpp:262:65:[m[K [01;35m[Kwarning: [m[Kstatement has no effect [[01;35m[K]8;;https://gcc.gnu.org/onlinedocs/gcc/Warning-Options.html#index-Wunused-value-Wunused-value]8;;[m[K]
  262 |       MyFile1121 << "Buffer: " << buffer << "\n"; [01;35m[Ksizeof(buffer)[m[K;
      |                                                   [01;35m[K^~~~~~~~~~~~~~[m[K

[01m[K/home/wilhem/NTNU_ROV_COM/sup_com/src/sup_com/src/../../../../lib/janusxsdm/janusxsdm.cpp:373:34:[m[K [01;35m[Kwarning: [m[Kcomparison of integer expressions of different signedness: â€˜[01m[Kint[m[Kâ€™ and â€˜[01m[Kconst size_type[m[Kâ€™ {aka â€˜[01m[Kconst long unsigned int[m[Kâ€™} [[01;35m[K]8;;https://gcc.gnu.org/onlinedocs/gcc/Warning-Options.html#index-Wsign-compare-Wsign-compare]8;;[m[K]
  373 |                             if([01;35m[Kj != std::string::npos[m[K)
      |                                [01;35m[K~~^~~~~~~~~~~~~~~~~~~~[m[K
[01m[K/home/wilhem/NTNU_ROV_COM/sup_com/src/sup_com/src/../../../../lib/janusxsdm/janusxsdm.cpp:251:21:[m[K [01;35m[Kwarning: [m[Kunused variable â€˜[01m[Knbytes[m[Kâ€™ [[01;35m[K]8;;https://gcc.gnu.org/onlinedocs/gcc/Warning-Options.html#index-Wunused-variable-Wunused-variable]8;;[m[K]
  251 |                 int [01;35m[Knbytes[m[K;
      |                     [01;35m[K^~~~~~[m[K
[01m[K/home/wilhem/NTNU_ROV_COM/sup_com/src/sup_com/src/../../../../lib/janusxsdm/janusxsdm.cpp:373:34:[m[K [01;35m[Kwarning: [m[Kcomparison of integer expressions of different signedness: â€˜[01m[Kint[m[Kâ€™ and â€˜[01m[Kconst size_type[m[Kâ€™ {aka â€˜[01m[Kconst long unsigned int[m[Kâ€™} [[01;35m[K]8;;https://gcc.gnu.org/onlinedocs/gcc/Warning-Options.html#index-Wsign-compare-Wsign-compare]8;;[m[K]
  373 |                             if([01;35m[Kj != std::string::npos[m[K)
      |                                [01;35m[K~~^~~~~~~~~~~~~~~~~~~~[m[K
[01m[K/home/wilhem/NTNU_ROV_COM/sup_com/src/sup_com/src/../../../../lib/janusxsdm/janusxsdm.cpp:[m[K In member function â€˜[01m[Kint janusxsdm::connection::decode(int16_t*, std::string&)[m[Kâ€™:
[01m[K/home/wilhem/NTNU_ROV_COM/sup_com/src/sup_com/src/../../../../lib/janusxsdm/janusxsdm.cpp:430:36:[m[K [01;35m[Kwarning: [m[Kunused parameter â€˜[01m[Kbuf[m[Kâ€™ [[01;35m[K]8;;https://gcc.gnu.org/onlinedocs/gcc/Warning-Options.html#index-Wunused-parameter-Wunused-parameter]8;;[m[K]
  430 |     int connection::decode([01;35m[Kint16_t buf[][m[K, std::string &message)
      |                            [01;35m[K~~~~~~~~^~~~~[m[K
[01m[K/home/wilhem/NTNU_ROV_COM/sup_com/src/sup_com/src/../../../../lib/janusxsdm/janusxsdm.cpp:251:21:[m[K [01;35m[Kwarning: [m[Kunused variable â€˜[01m[Knbytes[m[Kâ€™ [[01;35m[K]8;;https://gcc.gnu.org/onlinedocs/gcc/Warning-Options.html#index-Wunused-variable-Wunused-variable]8;;[m[K]
  251 |                 int [01;35m[Knbytes[m[K;
      |                     [01;35m[K^~~~~~[m[K
[01m[K/home/wilhem/NTNU_ROV_COM/sup_com/src/sup_com/src/../../../../lib/janusxsdm/janusxsdm.cpp:430:56:[m[K [01;35m[Kwarning: [m[Kunused parameter â€˜[01m[Kmessage[m[Kâ€™ [[01;35m[K]8;;https://gcc.gnu.org/onlinedocs/gcc/Warning-Options.html#index-Wunused-parameter-Wunused-parameter]8;;[m[K]
  430 |     int connection::decode(int16_t buf[], [01;35m[Kstd::string &message[m[K)
      |                                           [01;35m[K~~~~~~~~~~~~~^~~~~~~[m[K
[01m[K/home/wilhem/NTNU_ROV_COM/sup_com/src/sup_com/src/../../../../lib/janusxsdm/janusxsdm.cpp:[m[K In member function â€˜[01m[Kint janusxsdm::connection::decode(int16_t*, std::string&)[m[Kâ€™:
[01m[K/home/wilhem/NTNU_ROV_COM/sup_com/src/sup_com/src/../../../../lib/janusxsdm/janusxsdm.cpp:430:36:[m[K [01;35m[Kwarning: [m[Kunused parameter â€˜[01m[Kbuf[m[Kâ€™ [[01;35m[K]8;;https://gcc.gnu.org/onlinedocs/gcc/Warning-Options.html#index-Wunused-parameter-Wunused-parameter]8;;[m[K]
  430 |     int connection::decode([01;35m[Kint16_t buf[][m[K, std::string &message)
      |                            [01;35m[K~~~~~~~~^~~~~[m[K
[01m[K/home/wilhem/NTNU_ROV_COM/sup_com/src/sup_com/src/../../../../lib/janusxsdm/janusxsdm.cpp:430:56:[m[K [01;35m[Kwarning: [m[Kunused parameter â€˜[01m[Kmessage[m[Kâ€™ [[01;35m[K]8;;https://gcc.gnu.org/onlinedocs/gcc/Warning-Options.html#index-Wunused-parameter-Wunused-parameter]8;;[m[K]
  430 |   int connection::decode(int16_t buf[], [01;35m[Kstd::string &message[m[K)
      |                                         [01;35m[K~~~~~~~~~~~~~^~~~~~~[m[K

[01m[K/home/wilhem/NTNU_ROV_COM/sup_com/src/sup_com/src/../../../../lib/janusxsdm/janusxsdm.cpp:[m[K In member function â€˜[01m[Kint janusxsdm::connection::listenSimple(std::string&)[m[Kâ€™:
[01m[K/home/wilhem/NTNU_ROV_COM/sup_com/src/sup_com/src/../../../../lib/janusxsdm/janusxsdm.cpp:528:23:[m[K [01;35m[Kwarning: [m[Kunused variable â€˜[01m[Ksdm_arg[m[Kâ€™ [[01;35m[K]8;;https://gcc.gnu.org/onlinedocs/gcc/Warning-Options.html#index-Wunused-variable-Wunused-variable]8;;[m[K]
  528 |                 char* [01;35m[Ksdm_arg[m[K[] = {arg1, arg2, (char*)scmd.c_str(), NULL};
      |                       [01;35m[K^~~~~~~[m[K
[01m[K/home/wilhem/NTNU_ROV_COM/sup_com/src/sup_com/src/../../../../lib/janusxsdm/janusxsdm.cpp:[m[K In member function â€˜[01m[Kint janusxsdm::connection::listenSimple(std::string&)[m[Kâ€™:
[01m[K/home/wilhem/NTNU_ROV_COM/sup_com/src/sup_com/src/../../../../lib/janusxsdm/janusxsdm.cpp:528:23:[m[K [01;35m[Kwarning: [m[Kunused variable â€˜[01m[Ksdm_arg[m[Kâ€™ [[01;35m[K]8;;https://gcc.gnu.org/onlinedocs/gcc/Warning-Options.html#index-Wunused-variable-Wunused-variable]8;;[m[K]
  528 |                 char* [01;35m[Ksdm_arg[m[K[] = {arg1, arg2, (char*)scmd.c_str(), NULL};
      |                       [01;35m[K^~~~~~~[m[K
[01m[K/home/wilhem/NTNU_ROV_COM/sup_com/src/sup_com/src/../../../../lib/janusxsdm/janusxsdm.cpp:572:30:[m[K [01;35m[Kwarning: [m[Kcomparison of integer expressions of different signedness: â€˜[01m[Kint[m[Kâ€™ and â€˜[01m[Kconst size_type[m[Kâ€™ {aka â€˜[01m[Kconst long unsigned int[m[Kâ€™} [[01;35m[K]8;;https://gcc.gnu.org/onlinedocs/gcc/Warning-Options.html#index-Wsign-compare-Wsign-compare]8;;[m[K]
  572 |                         if([01;35m[Kj != std::string::npos[m[K)
      |                            [01;35m[K~~^~~~~~~~~~~~~~~~~~~~[m[K
[01m[K/home/wilhem/NTNU_ROV_COM/sup_com/src/sup_com/src/../../../../lib/janusxsdm/janusxsdm.cpp:572:30:[m[K [01;35m[Kwarning: [m[Kcomparison of integer expressions of different signedness: â€˜[01m[Kint[m[Kâ€™ and â€˜[01m[Kconst size_type[m[Kâ€™ {aka â€˜[01m[Kconst long unsigned int[m[Kâ€™} [[01;35m[K]8;;https://gcc.gnu.org/onlinedocs/gcc/Warning-Options.html#index-Wsign-compare-Wsign-compare]8;;[m[K]
  572 |                         if([01;35m[Kj != std::string::npos[m[K)
      |                            [01;35m[K~~^~~~~~~~~~~~~~~~~~~~[m[K
[01m[K/home/wilhem/NTNU_ROV_COM/sup_com/src/sup_com/src/../../../../lib/janusxsdm/janusxsdm.cpp:[m[K In member function â€˜[01m[Kint janusxsdm::connection::listen(std::string&, std::chrono::duration<double>)[m[Kâ€™:
[01m[K/home/wilhem/NTNU_ROV_COM/sup_com/src/sup_com/src/../../../../lib/janusxsdm/janusxsdm.cpp:793:72:[m[K [01;31m[Kerror: [m[Kno match for â€˜[01m[Koperator-[m[Kâ€™ (operand types are â€˜[01m[Kstd::chrono::time_point<std::chrono::_V2::system_clock, std::chrono::duration<long int, std::ratio<1, 1000000000> > >[m[Kâ€™ and â€˜[01m[Kstd::chrono::_V2::steady_clock::time_point[m[Kâ€™ {aka â€˜[01m[Kstd::chrono::time_point<std::chrono::_V2::steady_clock, std::chrono::duration<long int, std::ratio<1, 1000000000> > >[m[Kâ€™})
  793 |    std::chrono::duration<double> elapsed_seconds = [32m[Kend[m[K[01;31m[K-[m[K[34m[Kstart[m[K;
      |                                                    [32m[K~~~[m[K[01;31m[K^[m[K[34m[K~~~~~[m[K
      |                                                    [32m[K|[m[K   [34m[K|[m[K
      |                                                    [32m[K|[m[K   [34m[Ktime_point<std::chrono::_V2::steady_clock,[...]>[m[K
      |                                                    [32m[Ktime_point<std::chrono::_V2::system_clock,[...]>[m[K

In file included from [01m[K/usr/include/c++/11/bits/stl_algobase.h:67[m[K,
                 from [01m[K/usr/include/c++/11/bits/char_traits.h:39[m[K,
                 from [01m[K/usr/include/c++/11/ios:40[m[K,
                 from [01m[K/usr/include/c++/11/ostream:38[m[K,
                 from [01m[K/usr/include/c++/11/iostream:39[m[K,
                 from [01m[K/home/wilhem/NTNU_ROV_COM/sup_com/src/sup_com/src/master_for_demo.cpp:1[m[K:
[01m[K/usr/include/c++/11/bits/stl_iterator.h:560:5:[m[K [01;36m[Knote: [m[Kcandidate: â€˜[01m[Ktemplate<class _IteratorL, class _IteratorR> constexpr decltype ((__y.base() - __x.base())) std::operator-(const std::reverse_iterator<_Iterator>&, const std::reverse_iterator<_IteratorR>&)[m[Kâ€™
  560 |     [01;36m[Koperator[m[K-(const reverse_iterator<_IteratorL>& __x,
      |     [01;36m[K^~~~~~~~[m[K
[01m[K/usr/include/c++/11/bits/stl_iterator.h:560:5:[m[K [01;36m[Knote: [m[K  template argument deduction/substitution failed:
In file included from [01m[K/home/wilhem/NTNU_ROV_COM/sup_com/src/sup_com/src/master_for_demo.cpp:13[m[K:
[01m[K/home/wilhem/NTNU_ROV_COM/sup_com/src/sup_com/src/../../../../lib/janusxsdm/janusxsdm.cpp:793:73:[m[K [01;36m[Knote: [m[K  â€˜[01m[Kstd::chrono::time_point<std::chrono::_V2::system_clock, std::chrono::duration<long int, std::ratio<1, 1000000000> > >[m[Kâ€™ is not derived from â€˜[01m[Kconst std::reverse_iterator<_Iterator>[m[Kâ€™
  793 |    std::chrono::duration<double> elapsed_seconds = end-[01;36m[Kstart[m[K;
      |                                                        [01;36m[K^~~~~[m[K

In file included from [01m[K/usr/include/c++/11/bits/stl_algobase.h:67[m[K,
                 from [01m[K/usr/include/c++/11/bits/char_traits.h:39[m[K,
                 from [01m[K/usr/include/c++/11/ios:40[m[K,
                 from [01m[K/usr/include/c++/11/ostream:38[m[K,
                 from [01m[K/usr/include/c++/11/iostream:39[m[K,
                 from [01m[K/home/wilhem/NTNU_ROV_COM/sup_com/src/sup_com/src/master_for_demo.cpp:1[m[K:
[01m[K/usr/include/c++/11/bits/stl_iterator.h:1639:5:[m[K [01;36m[Knote: [m[Kcandidate: â€˜[01m[Ktemplate<class _IteratorL, class _IteratorR> constexpr decltype ((__x.base() - __y.base())) std::operator-(const std::move_iterator<_IteratorL>&, const std::move_iterator<_IteratorR>&)[m[Kâ€™
 1639 |     [01;36m[Koperator[m[K-(const move_iterator<_IteratorL>& __x,
      |     [01;36m[K^~~~~~~~[m[K
[01m[K/usr/include/c++/11/bits/stl_iterator.h:1639:5:[m[K [01;36m[Knote: [m[K  template argument deduction/substitution failed:
In file included from [01m[K/home/wilhem/NTNU_ROV_COM/sup_com/src/sup_com/src/master_for_demo.cpp:13[m[K:
[01m[K/home/wilhem/NTNU_ROV_COM/sup_com/src/sup_com/src/../../../../lib/janusxsdm/janusxsdm.cpp:793:73:[m[K [01;36m[Knote: [m[K  â€˜[01m[Kstd::chrono::time_point<std::chrono::_V2::system_clock, std::chrono::duration<long int, std::ratio<1, 1000000000> > >[m[Kâ€™ is not derived from â€˜[01m[Kconst std::move_iterator<_IteratorL>[m[Kâ€™
  793 |    std::chrono::duration<double> elapsed_seconds = end-[01;36m[Kstart[m[K;
      |                                                        [01;36m[K^~~~~[m[K

In file included from [01m[K/home/wilhem/NTNU_ROV_COM/sup_com/src/sup_com/src/master_for_demo.cpp:6[m[K:
[01m[K/usr/include/c++/11/chrono:660:7:[m[K [01;36m[Knote: [m[Kcandidate: â€˜[01m[Ktemplate<class _Rep1, class _Period1, class _Rep2, class _Period2> constexpr typename std::common_type<std::chrono::duration<_Rep1, _Period1>, std::chrono::duration<_Rep2, _Period2> >::type std::chrono::operator-(const std::chrono::duration<_Rep1, _Period1>&, const std::chrono::duration<_Rep2, _Period2>&)[m[Kâ€™
  660 |       [01;36m[Koperator[m[K-(const duration<_Rep1, _Period1>& __lhs,
      |       [01;36m[K^~~~~~~~[m[K
[01m[K/usr/include/c++/11/chrono:660:7:[m[K [01;36m[Knote: [m[K  template argument deduction/substitution failed:
In file included from [01m[K/home/wilhem/NTNU_ROV_COM/sup_com/src/sup_com/src/master_for_demo.cpp:13[m[K:
[01m[K/home/wilhem/NTNU_ROV_COM/sup_com/src/sup_com/src/../../../../lib/janusxsdm/janusxsdm.cpp:793:73:[m[K [01;36m[Knote: [m[K  â€˜[01m[Kstd::chrono::time_point<std::chrono::_V2::system_clock, std::chrono::duration<long int, std::ratio<1, 1000000000> > >[m[Kâ€™ is not derived from â€˜[01m[Kconst std::chrono::duration<_Rep1, _Period1>[m[Kâ€™
  793 |    std::chrono::duration<double> elapsed_seconds = end-[01;36m[Kstart[m[K;
      |                                                        [01;36m[K^~~~~[m[K

In file included from [01m[K/home/wilhem/NTNU_ROV_COM/sup_com/src/sup_com/src/master_for_demo.cpp:6[m[K:
[01m[K/usr/include/c++/11/chrono:1030:7:[m[K [01;36m[Knote: [m[Kcandidate: â€˜[01m[Ktemplate<class _Clock, class _Dur1, class _Rep2, class _Period2> constexpr std::chrono::time_point<_Clock, typename std::common_type<_Dur1, std::chrono::duration<_Rep2, _Period2> >::type> std::chrono::operator-(const std::chrono::time_point<_Clock, _Duration1>&, const std::chrono::duration<_Rep2, _Period2>&)[m[Kâ€™
 1030 |       [01;36m[Koperator[m[K-(const time_point<_Clock, _Dur1>& __lhs,
      |       [01;36m[K^~~~~~~~[m[K
[01m[K/usr/include/c++/11/chrono:1030:7:[m[K [01;36m[Knote: [m[K  template argument deduction/substitution failed:
In file included from [01m[K/home/wilhem/NTNU_ROV_COM/sup_com/src/sup_com/src/master_for_demo.cpp:13[m[K:
[01m[K/home/wilhem/NTNU_ROV_COM/sup_com/src/sup_com/src/../../../../lib/janusxsdm/janusxsdm.cpp:793:73:[m[K [01;36m[Knote: [m[K  â€˜[01m[Kstd::chrono::_V2::steady_clock::time_point[m[Kâ€™ {aka â€˜[01m[Kstd::chrono::time_point<std::chrono::_V2::steady_clock, std::chrono::duration<long int, std::ratio<1, 1000000000> > >[m[Kâ€™} is not derived from â€˜[01m[Kconst std::chrono::duration<_Rep2, _Period2>[m[Kâ€™
  793 |    std::chrono::duration<double> elapsed_seconds = end-[01;36m[Kstart[m[K;
      |                                                        [01;36m[K^~~~~[m[K

In file included from [01m[K/home/wilhem/NTNU_ROV_COM/sup_com/src/sup_com/src/master_for_demo.cpp:6[m[K:
[01m[K/usr/include/c++/11/chrono:1042:7:[m[K [01;36m[Knote: [m[Kcandidate: â€˜[01m[Ktemplate<class _Clock, class _Dur1, class _Dur2> constexpr typename std::common_type<_Duration1, _Duration2>::type std::chrono::operator-(const std::chrono::time_point<_Clock, _Duration1>&, const std::chrono::time_point<_Clock, _Duration2>&)[m[Kâ€™
 1042 |       [01;36m[Koperator[m[K-(const time_point<_Clock, _Dur1>& __lhs,
      |       [01;36m[K^~~~~~~~[m[K
[01m[K/usr/include/c++/11/chrono:1042:7:[m[K [01;36m[Knote: [m[K  template argument deduction/substitution failed:
In file included from [01m[K/home/wilhem/NTNU_ROV_COM/sup_com/src/sup_com/src/master_for_demo.cpp:13[m[K:
[01m[K/home/wilhem/NTNU_ROV_COM/sup_com/src/sup_com/src/../../../../lib/janusxsdm/janusxsdm.cpp:793:73:[m[K [01;36m[Knote: [m[K  deduced conflicting types for parameter â€˜[01m[K_Clock[m[Kâ€™ (â€˜[01m[Kstd::chrono::_V2::system_clock[m[Kâ€™ and â€˜[01m[Kstd::chrono::_V2::steady_clock[m[Kâ€™)
  793 |    std::chrono::duration<double> elapsed_seconds = end-[01;36m[Kstart[m[K;
      |                                                        [01;36m[K^~~~~[m[K

[01m[K/home/wilhem/NTNU_ROV_COM/sup_com/src/sup_com/src/../../../../lib/janusxsdm/janusxsdm.cpp:802:26:[m[K [01;31m[Kerror: [m[Kconflicting declaration â€˜[01m[Kauto end[m[Kâ€™
  802 |                     auto [01;31m[Kend[m[K = std::chrono::system_clock::now();
      |                          [01;31m[K^~~[m[K
[01m[K/home/wilhem/NTNU_ROV_COM/sup_com/src/sup_com/src/../../../../lib/janusxsdm/janusxsdm.cpp:792:26:[m[K [01;36m[Knote: [m[Kprevious declaration as â€˜[01m[Kstd::chrono::time_point<std::chrono::_V2::system_clock, std::chrono::duration<long int, std::ratio<1, 1000000000> > > end[m[Kâ€™
  792 |                     auto [01;36m[Kend[m[K = std::chrono::system_clock::now();
      |                          [01;36m[K^~~[m[K
[01m[K/home/wilhem/NTNU_ROV_COM/sup_com/src/sup_com/src/../../../../lib/janusxsdm/janusxsdm.cpp:803:51:[m[K [01;31m[Kerror: [m[Kredeclaration of â€˜[01m[Kstd::chrono::duration<double> elapsed_seconds[m[Kâ€™
  803 |                     std::chrono::duration<double> [01;31m[Kelapsed_seconds[m[K = end-start;
      |                                                   [01;31m[K^~~~~~~~~~~~~~~[m[K
[01m[K/home/wilhem/NTNU_ROV_COM/sup_com/src/sup_com/src/../../../../lib/janusxsdm/janusxsdm.cpp:793:51:[m[K [01;36m[Knote: [m[Kâ€˜[01m[Kstd::chrono::duration<double> elapsed_seconds[m[Kâ€™ previously declared here
  793 |                     std::chrono::duration<double> [01;36m[Kelapsed_seconds[m[K = end-start;
      |                                                   [01;36m[K^~~~~~~~~~~~~~~[m[K
[01m[K/home/wilhem/NTNU_ROV_COM/sup_com/src/sup_com/src/../../../../lib/janusxsdm/janusxsdm.cpp:803:72:[m[K [01;31m[Kerror: [m[Kno match for â€˜[01m[Koperator-[m[Kâ€™ (operand types are â€˜[01m[Kstd::chrono::time_point<std::chrono::_V2::system_clock, std::chrono::duration<long int, std::ratio<1, 1000000000> > >[m[Kâ€™ and â€˜[01m[Kstd::chrono::_V2::steady_clock::time_point[m[Kâ€™ {aka â€˜[01m[Kstd::chrono::time_point<std::chrono::_V2::steady_clock, std::chrono::duration<long int, std::ratio<1, 1000000000> > >[m[Kâ€™})
  803 |    std::chrono::duration<double> elapsed_seconds = [32m[Kend[m[K[01;31m[K-[m[K[34m[Kstart[m[K;
      |                                                    [32m[K~~~[m[K[01;31m[K^[m[K[34m[K~~~~~[m[K
      |                                                    [32m[K|[m[K   [34m[K|[m[K
      |                                                    [32m[K|[m[K   [34m[Ktime_point<std::chrono::_V2::steady_clock,[...]>[m[K
      |                                                    [32m[Ktime_point<std::chrono::_V2::system_clock,[...]>[m[K

In file included from [01m[K/usr/include/c++/11/bits/stl_algobase.h:67[m[K,
                 from [01m[K/usr/include/c++/11/bits/char_traits.h:39[m[K,
                 from [01m[K/usr/include/c++/11/ios:40[m[K,
                 from [01m[K/usr/include/c++/11/ostream:38[m[K,
                 from [01m[K/usr/include/c++/11/iostream:39[m[K,
                 from [01m[K/home/wilhem/NTNU_ROV_COM/sup_com/src/sup_com/src/master_for_demo.cpp:1[m[K:
[01m[K/usr/include/c++/11/bits/stl_iterator.h:560:5:[m[K [01;36m[Knote: [m[Kcandidate: â€˜[01m[Ktemplate<class _IteratorL, class _IteratorR> constexpr decltype ((__y.base() - __x.base())) std::operator-(const std::reverse_iterator<_Iterator>&, const std::reverse_iterator<_IteratorR>&)[m[Kâ€™
  560 |     [01;36m[Koperator[m[K-(const reverse_iterator<_IteratorL>& __x,
      |     [01;36m[K^~~~~~~~[m[K
[01m[K/usr/include/c++/11/bits/stl_iterator.h:560:5:[m[K [01;36m[Knote: [m[K  template argument deduction/substitution failed:
In file included from [01m[K/home/wilhem/NTNU_ROV_COM/sup_com/src/sup_com/src/master_for_demo.cpp:13[m[K:
[01m[K/home/wilhem/NTNU_ROV_COM/sup_com/src/sup_com/src/../../../../lib/janusxsdm/janusxsdm.cpp:803:73:[m[K [01;36m[Knote: [m[K  â€˜[01m[Kstd::chrono::time_point<std::chrono::_V2::system_clock, std::chrono::duration<long int, std::ratio<1, 1000000000> > >[m[Kâ€™ is not derived from â€˜[01m[Kconst std::reverse_iterator<_Iterator>[m[Kâ€™
  803 |    std::chrono::duration<double> elapsed_seconds = end-[01;36m[Kstart[m[K;
      |                                                        [01;36m[K^~~~~[m[K

In file included from [01m[K/usr/include/c++/11/bits/stl_algobase.h:67[m[K,
                 from [01m[K/usr/include/c++/11/bits/char_traits.h:39[m[K,
                 from [01m[K/usr/include/c++/11/ios:40[m[K,
                 from [01m[K/usr/include/c++/11/ostream:38[m[K,
                 from [01m[K/usr/include/c++/11/iostream:39[m[K,
                 from [01m[K/home/wilhem/NTNU_ROV_COM/sup_com/src/sup_com/src/master_for_demo.cpp:1[m[K:
[01m[K/usr/include/c++/11/bits/stl_iterator.h:1639:5:[m[K [01;36m[Knote: [m[Kcandidate: â€˜[01m[Ktemplate<class _IteratorL, class _IteratorR> constexpr decltype ((__x.base() - __y.base())) std::operator-(const std::move_iterator<_IteratorL>&, const std::move_iterator<_IteratorR>&)[m[Kâ€™
 1639 |     [01;36m[Koperator[m[K-(const move_iterator<_IteratorL>& __x,
      |     [01;36m[K^~~~~~~~[m[K
[01m[K/usr/include/c++/11/bits/stl_iterator.h:1639:5:[m[K [01;36m[Knote: [m[K  template argument deduction/substitution failed:
In file included from [01m[K/home/wilhem/NTNU_ROV_COM/sup_com/src/sup_com/src/master_for_demo.cpp:13[m[K:
[01m[K/home/wilhem/NTNU_ROV_COM/sup_com/src/sup_com/src/../../../../lib/janusxsdm/janusxsdm.cpp:803:73:[m[K [01;36m[Knote: [m[K  â€˜[01m[Kstd::chrono::time_point<std::chrono::_V2::system_clock, std::chrono::duration<long int, std::ratio<1, 1000000000> > >[m[Kâ€™ is not derived from â€˜[01m[Kconst std::move_iterator<_IteratorL>[m[Kâ€™
  803 |    std::chrono::duration<double> elapsed_seconds = end-[01;36m[Kstart[m[K;
      |                                                        [01;36m[K^~~~~[m[K

In file included from [01m[K/home/wilhem/NTNU_ROV_COM/sup_com/src/sup_com/src/master_for_demo.cpp:6[m[K:
[01m[K/usr/include/c++/11/chrono:660:7:[m[K [01;36m[Knote: [m[Kcandidate: â€˜[01m[Ktemplate<class _Rep1, class _Period1, class _Rep2, class _Period2> constexpr typename std::common_type<std::chrono::duration<_Rep1, _Period1>, std::chrono::duration<_Rep2, _Period2> >::type std::chrono::operator-(const std::chrono::duration<_Rep1, _Period1>&, const std::chrono::duration<_Rep2, _Period2>&)[m[Kâ€™
  660 |       [01;36m[Koperator[m[K-(const duration<_Rep1, _Period1>& __lhs,
      |       [01;36m[K^~~~~~~~[m[K
[01m[K/usr/include/c++/11/chrono:660:7:[m[K [01;36m[Knote: [m[K  template argument deduction/substitution failed:
In file included from [01m[K/home/wilhem/NTNU_ROV_COM/sup_com/src/sup_com/src/master_for_demo.cpp:13[m[K:
[01m[K/home/wilhem/NTNU_ROV_COM/sup_com/src/sup_com/src/../../../../lib/janusxsdm/janusxsdm.cpp:803:73:[m[K [01;36m[Knote: [m[K  â€˜[01m[Kstd::chrono::time_point<std::chrono::_V2::system_clock, std::chrono::duration<long int, std::ratio<1, 1000000000> > >[m[Kâ€™ is not derived from â€˜[01m[Kconst std::chrono::duration<_Rep1, _Period1>[m[Kâ€™
  803 |    std::chrono::duration<double> elapsed_seconds = end-[01;36m[Kstart[m[K;
      |                                                        [01;36m[K^~~~~[m[K

In file included from [01m[K/home/wilhem/NTNU_ROV_COM/sup_com/src/sup_com/src/master_for_demo.cpp:6[m[K:
[01m[K/usr/include/c++/11/chrono:1030:7:[m[K [01;36m[Knote: [m[Kcandidate: â€˜[01m[Ktemplate<class _Clock, class _Dur1, class _Rep2, class _Period2> constexpr std::chrono::time_point<_Clock, typename std::common_type<_Dur1, std::chrono::duration<_Rep2, _Period2> >::type> std::chrono::operator-(const std::chrono::time_point<_Clock, _Duration1>&, const std::chrono::duration<_Rep2, _Period2>&)[m[Kâ€™
 1030 |       [01;36m[Koperator[m[K-(const time_point<_Clock, _Dur1>& __lhs,
      |       [01;36m[K^~~~~~~~[m[K
[01m[K/usr/include/c++/11/chrono:1030:7:[m[K [01;36m[Knote: [m[K  template argument deduction/substitution failed:
In file included from [01m[K/home/wilhem/NTNU_ROV_COM/sup_com/src/sup_com/src/master_for_demo.cpp:13[m[K:
[01m[K/home/wilhem/NTNU_ROV_COM/sup_com/src/sup_com/src/../../../../lib/janusxsdm/janusxsdm.cpp:803:73:[m[K [01;36m[Knote: [m[K  â€˜[01m[Kstd::chrono::_V2::steady_clock::time_point[m[Kâ€™ {aka â€˜[01m[Kstd::chrono::time_point<std::chrono::_V2::steady_clock, std::chrono::duration<long int, std::ratio<1, 1000000000> > >[m[Kâ€™} is not derived from â€˜[01m[Kconst std::chrono::duration<_Rep2, _Period2>[m[Kâ€™
  803 |    std::chrono::duration<double> elapsed_seconds = end-[01;36m[Kstart[m[K;
      |                                                        [01;36m[K^~~~~[m[K

In file included from [01m[K/home/wilhem/NTNU_ROV_COM/sup_com/src/sup_com/src/master_for_demo.cpp:6[m[K:
[01m[K/usr/include/c++/11/chrono:1042:7:[m[K [01;36m[Knote: [m[Kcandidate: â€˜[01m[Ktemplate<class _Clock, class _Dur1, class _Dur2> constexpr typename std::common_type<_Duration1, _Duration2>::type std::chrono::operator-(const std::chrono::time_point<_Clock, _Duration1>&, const std::chrono::time_point<_Clock, _Duration2>&)[m[Kâ€™
 1042 |       [01;36m[Koperator[m[K-(const time_point<_Clock, _Dur1>& __lhs,
      |       [01;36m[K^~~~~~~~[m[K
[01m[K/usr/include/c++/11/chrono:1042:7:[m[K [01;36m[Knote: [m[K  template argument deduction/substitution failed:
In file included from [01m[K/home/wilhem/NTNU_ROV_COM/sup_com/src/sup_com/src/master_for_demo.cpp:13[m[K:
[01m[K/home/wilhem/NTNU_ROV_COM/sup_com/src/sup_com/src/../../../../lib/janusxsdm/janusxsdm.cpp:803:73:[m[K [01;36m[Knote: [m[K  deduced conflicting types for parameter â€˜[01m[K_Clock[m[Kâ€™ (â€˜[01m[Kstd::chrono::_V2::system_clock[m[Kâ€™ and â€˜[01m[Kstd::chrono::_V2::steady_clock[m[Kâ€™)
  803 |    std::chrono::duration<double> elapsed_seconds = end-[01;36m[Kstart[m[K;
      |                                                        [01;36m[K^~~~~[m[K

[01m[K/home/wilhem/NTNU_ROV_COM/sup_com/src/sup_com/src/../../../../lib/janusxsdm/janusxsdm.cpp:804:33:[m[K [01;31m[Kerror: [m[Kredeclaration of â€˜[01m[Ktime_t end_time[m[Kâ€™
  804 |                     std::time_t [01;31m[Kend_time[m[K = std::chrono::system_clock::to_time_t(end);
      |                                 [01;31m[K^~~~~~~~[m[K
[01m[K/home/wilhem/NTNU_ROV_COM/sup_com/src/sup_com/src/../../../../lib/janusxsdm/janusxsdm.cpp:794:33:[m[K [01;36m[Knote: [m[Kâ€˜[01m[Ktime_t end_time[m[Kâ€™ previously declared here
  794 |                     std::time_t [01;36m[Kend_time[m[K = std::chrono::system_clock::to_time_t(end);
      |                                 [01;36m[K^~~~~~~~[m[K
[01m[K/home/wilhem/NTNU_ROV_COM/sup_com/src/sup_com/src/../../../../lib/janusxsdm/janusxsdm.cpp:[m[K In member function â€˜[01m[Kint janusxsdm::connection::listen(std::string&, std::chrono::duration<double>)[m[Kâ€™:
[01m[K/home/wilhem/NTNU_ROV_COM/sup_com/src/sup_com/src/../../../../lib/janusxsdm/janusxsdm.cpp:793:72:[m[K [01;31m[Kerror: [m[Kno match for â€˜[01m[Koperator-[m[Kâ€™ (operand types are â€˜[01m[Kstd::chrono::time_point<std::chrono::_V2::system_clock, std::chrono::duration<long int, std::ratio<1, 1000000000> > >[m[Kâ€™ and â€˜[01m[Kstd::chrono::_V2::steady_clock::time_point[m[Kâ€™ {aka â€˜[01m[Kstd::chrono::time_point<std::chrono::_V2::steady_clock, std::chrono::duration<long int, std::ratio<1, 1000000000> > >[m[Kâ€™})
  793 |                     std::chrono::duration<double> elapsed_seconds = [32m[Kend[m[K[01;31m[K-[m[K[34m[Kstart[m[K;
      |                                                                     [32m[K~~~[m[K[01;31m[K^[m[K[34m[K~~~~~[m[K
      |                                                                     [32m[K|[m[K   [34m[K|[m[K
      |                                                                     [32m[K|[m[K   [34m[Ktime_point<std::chrono::_V2::steady_clock,[...]>[m[K
      |                                                                     [32m[Ktime_point<std::chrono::_V2::system_clock,[...]>[m[K
In file included from [01m[K/usr/include/c++/11/bits/stl_algobase.h:67[m[K,
                 from [01m[K/usr/include/c++/11/bits/char_traits.h:39[m[K,
                 from [01m[K/usr/include/c++/11/ios:40[m[K,
                 from [01m[K/usr/include/c++/11/ostream:38[m[K,
                 from [01m[K/usr/include/c++/11/iostream:39[m[K,
                 from [01m[K/home/wilhem/NTNU_ROV_COM/sup_com/src/sup_com/src/slave_for_demo.cpp:1[m[K:
[01m[K/usr/include/c++/11/bits/stl_iterator.h:560:5:[m[K [01;36m[Knote: [m[Kcandidate: â€˜[01m[Ktemplate<class _IteratorL, class _IteratorR> constexpr decltype ((__y.base() - __x.base())) std::operator-(const std::reverse_iterator<_Iterator>&, const std::reverse_iterator<_IteratorR>&)[m[Kâ€™
  560 |     [01;36m[Koperator[m[K-(const reverse_iterator<_IteratorL>& __x,
      |     [01;36m[K^~~~~~~~[m[K
[01m[K/usr/include/c++/11/bits/stl_iterator.h:560:5:[m[K [01;36m[Knote: [m[K  template argument deduction/substitution failed:
In file included from [01m[K/home/wilhem/NTNU_ROV_COM/sup_com/src/sup_com/src/slave_for_demo.cpp:13[m[K:
[01m[K/home/wilhem/NTNU_ROV_COM/sup_com/src/sup_com/src/../../../../lib/janusxsdm/janusxsdm.cpp:793:73:[m[K [01;36m[Knote: [m[K  â€˜[01m[Kstd::chrono::time_point<std::chrono::_V2::system_clock, std::chrono::duration<long int, std::ratio<1, 1000000000> > >[m[Kâ€™ is not derived from â€˜[01m[Kconst std::reverse_iterator<_Iterator>[m[Kâ€™
  793 |                     std::chrono::duration<double> elapsed_seconds = end-[01;36m[Kstart[m[K;
      |                                                                         [01;36m[K^~~~~[m[K
In file included from [01m[K/usr/include/c++/11/bits/stl_algobase.h:67[m[K,
                 from [01m[K/usr/include/c++/11/bits/char_traits.h:39[m[K,
                 from [01m[K/usr/include/c++/11/ios:40[m[K,
                 from [01m[K/usr/include/c++/11/ostream:38[m[K,
                 from [01m[K/usr/include/c++/11/iostream:39[m[K,
                 from [01m[K/home/wilhem/NTNU_ROV_COM/sup_com/src/sup_com/src/slave_for_demo.cpp:1[m[K:
[01m[K/usr/include/c++/11/bits/stl_iterator.h:1639:5:[m[K [01;36m[Knote: [m[Kcandidate: â€˜[01m[Ktemplate<class _IteratorL, class _IteratorR> constexpr decltype ((__x.base() - __y.base())) std::operator-(const std::move_iterator<_IteratorL>&, const std::move_iterator<_IteratorR>&)[m[Kâ€™
 1639 |     [01;36m[Koperator[m[K-(const move_iterator<_IteratorL>& __x,
      |     [01;36m[K^~~~~~~~[m[K
[01m[K/home/wilhem/NTNU_ROV_COM/sup_com/src/sup_com/src/../../../../lib/janusxsdm/janusxsdm.cpp:820:80:[m[K [01;31m[Kerror: [m[Kno match for â€˜[01m[Koperator-[m[Kâ€™ (operand types are â€˜[01m[Kstd::chrono::time_point<std::chrono::_V2::system_clock, std::chrono::duration<long int, std::ratio<1, 1000000000> > >[m[Kâ€™ and â€˜[01m[Kstd::chrono::_V2::steady_clock::time_point[m[Kâ€™ {aka â€˜[01m[Kstd::chrono::time_point<std::chrono::_V2::steady_clock, std::chrono::duration<long int, std::ratio<1, 1000000000> > >[m[Kâ€™})
  820 |    std::chrono::duration<double> elapsed_seconds = [32m[Kend[m[K[01;31m[K-[m[K[34m[Kstart[m[K;
      |                                                    [32m[K~~~[m[K[01;31m[K^[m[K[34m[K~~~~~[m[K
      |                                                    [32m[K|[m[K   [34m[K|[m[K
      |                                                    [32m[K|[m[K   [34m[Ktime_point<std::chrono::_V2::steady_clock,[...]>[m[K
      |                                                    [32m[Ktime_point<std::chrono::_V2::system_clock,[...]>[m[K

[01m[K/usr/include/c++/11/bits/stl_iterator.h:1639:5:[m[K [01;36m[Knote: [m[K  template argument deduction/substitution failed:
In file included from [01m[K/home/wilhem/NTNU_ROV_COM/sup_com/src/sup_com/src/slave_for_demo.cpp:13[m[K:
[01m[K/home/wilhem/NTNU_ROV_COM/sup_com/src/sup_com/src/../../../../lib/janusxsdm/janusxsdm.cpp:793:73:[m[K [01;36m[Knote: [m[K  â€˜[01m[Kstd::chrono::time_point<std::chrono::_V2::system_clock, std::chrono::duration<long int, std::ratio<1, 1000000000> > >[m[Kâ€™ is not derived from â€˜[01m[Kconst std::move_iterator<_IteratorL>[m[Kâ€™
  793 |                     std::chrono::duration<double> elapsed_seconds = end-[01;36m[Kstart[m[K;
      |                                                                         [01;36m[K^~~~~[m[K
In file included from [01m[K/usr/include/c++/11/bits/stl_algobase.h:67[m[K,
                 from [01m[K/usr/include/c++/11/bits/char_traits.h:39[m[K,
                 from [01m[K/usr/include/c++/11/ios:40[m[K,
                 from [01m[K/usr/include/c++/11/ostream:38[m[K,
                 from [01m[K/usr/include/c++/11/iostream:39[m[K,
                 from [01m[K/home/wilhem/NTNU_ROV_COM/sup_com/src/sup_com/src/master_for_demo.cpp:1[m[K:
[01m[K/usr/include/c++/11/bits/stl_iterator.h:560:5:[m[K [01;36m[Knote: [m[Kcandidate: â€˜[01m[Ktemplate<class _IteratorL, class _IteratorR> constexpr decltype ((__y.base() - __x.base())) std::operator-(const std::reverse_iterator<_Iterator>&, const std::reverse_iterator<_IteratorR>&)[m[Kâ€™
  560 |     [01;36m[Koperator[m[K-(const reverse_iterator<_IteratorL>& __x,
      |     [01;36m[K^~~~~~~~[m[K
[01m[K/usr/include/c++/11/bits/stl_iterator.h:560:5:[m[K [01;36m[Knote: [m[K  template argument deduction/substitution failed:
In file included from [01m[K/home/wilhem/NTNU_ROV_COM/sup_com/src/sup_com/src/master_for_demo.cpp:13[m[K:
[01m[K/home/wilhem/NTNU_ROV_COM/sup_com/src/sup_com/src/../../../../lib/janusxsdm/janusxsdm.cpp:820:81:[m[K [01;36m[Knote: [m[K  â€˜[01m[Kstd::chrono::time_point<std::chrono::_V2::system_clock, std::chrono::duration<long int, std::ratio<1, 1000000000> > >[m[Kâ€™ is not derived from â€˜[01m[Kconst std::reverse_iterator<_Iterator>[m[Kâ€™
  820 |    std::chrono::duration<double> elapsed_seconds = end-[01;36m[Kstart[m[K;
      |                                                        [01;36m[K^~~~~[m[K

In file included from [01m[K/usr/include/c++/11/bits/stl_algobase.h:67[m[K,
                 from [01m[K/usr/include/c++/11/bits/char_traits.h:39[m[K,
                 from [01m[K/usr/include/c++/11/ios:40[m[K,
                 from [01m[K/usr/include/c++/11/ostream:38[m[K,
                 from [01m[K/usr/include/c++/11/iostream:39[m[K,
                 from [01m[K/home/wilhem/NTNU_ROV_COM/sup_com/src/sup_com/src/master_for_demo.cpp:1[m[K:
[01m[K/usr/include/c++/11/bits/stl_iterator.h:1639:5:[m[K [01;36m[Knote: [m[Kcandidate: â€˜[01m[Ktemplate<class _IteratorL, class _IteratorR> constexpr decltype ((__x.base() - __y.base())) std::operator-(const std::move_iterator<_IteratorL>&, const std::move_iterator<_IteratorR>&)[m[Kâ€™
 1639 |     [01;36m[Koperator[m[K-(const move_iterator<_IteratorL>& __x,
      |     [01;36m[K^~~~~~~~[m[K
[01m[K/usr/include/c++/11/bits/stl_iterator.h:1639:5:[m[K [01;36m[Knote: [m[K  template argument deduction/substitution failed:
In file included from [01m[K/home/wilhem/NTNU_ROV_COM/sup_com/src/sup_com/src/slave_for_demo.cpp:6[m[K:
[01m[K/usr/include/c++/11/chrono:660:7:[m[K [01;36m[Knote: [m[Kcandidate: â€˜[01m[Ktemplate<class _Rep1, class _Period1, class _Rep2, class _Period2> constexpr typename std::common_type<std::chrono::duration<_Rep1, _Period1>, std::chrono::duration<_Rep2, _Period2> >::type std::chrono::operator-(const std::chrono::duration<_Rep1, _Period1>&, const std::chrono::duration<_Rep2, _Period2>&)[m[Kâ€™
  660 |       [01;36m[Koperator[m[K-(const duration<_Rep1, _Period1>& __lhs,
      |       [01;36m[K^~~~~~~~[m[K
In file included from [01m[K/home/wilhem/NTNU_ROV_COM/sup_com/src/sup_com/src/master_for_demo.cpp:13[m[K:
[01m[K/home/wilhem/NTNU_ROV_COM/sup_com/src/sup_com/src/../../../../lib/janusxsdm/janusxsdm.cpp:820:81:[m[K [01;36m[Knote: [m[K  â€˜[01m[Kstd::chrono::time_point<std::chrono::_V2::system_clock, std::chrono::duration<long int, std::ratio<1, 1000000000> > >[m[Kâ€™ is not derived from â€˜[01m[Kconst std::move_iterator<_IteratorL>[m[Kâ€™
  820 |    std::chrono::duration<double> elapsed_seconds = end-[01;36m[Kstart[m[K;
      |                                                        [01;36m[K^~~~~[m[K

[01m[K/usr/include/c++/11/chrono:660:7:[m[K [01;36m[Knote: [m[K  template argument deduction/substitution failed:
In file included from [01m[K/home/wilhem/NTNU_ROV_COM/sup_com/src/sup_com/src/master_for_demo.cpp:6[m[K:
[01m[K/usr/include/c++/11/chrono:660:7:[m[K [01;36m[Knote: [m[Kcandidate: â€˜[01m[Ktemplate<class _Rep1, class _Period1, class _Rep2, class _Period2> constexpr typename std::common_type<std::chrono::duration<_Rep1, _Period1>, std::chrono::duration<_Rep2, _Period2> >::type std::chrono::operator-(const std::chrono::duration<_Rep1, _Period1>&, const std::chrono::duration<_Rep2, _Period2>&)[m[Kâ€™
  660 |       [01;36m[Koperator[m[K-(const duration<_Rep1, _Period1>& __lhs,
      |       [01;36m[K^~~~~~~~[m[K
In file included from [01m[K/home/wilhem/NTNU_ROV_COM/sup_com/src/sup_com/src/slave_for_demo.cpp:13[m[K:
[01m[K/home/wilhem/NTNU_ROV_COM/sup_com/src/sup_com/src/../../../../lib/janusxsdm/janusxsdm.cpp:793:73:[m[K [01;36m[Knote: [m[K  â€˜[01m[Kstd::chrono::time_point<std::chrono::_V2::system_clock, std::chrono::duration<long int, std::ratio<1, 1000000000> > >[m[Kâ€™ is not derived from â€˜[01m[Kconst std::chrono::duration<_Rep1, _Period1>[m[Kâ€™
  793 |                     std::chrono::duration<double> elapsed_seconds = end-[01;36m[Kstart[m[K;
      |                                                                         [01;36m[K^~~~~[m[K
[01m[K/usr/include/c++/11/chrono:660:7:[m[K [01;36m[Knote: [m[K  template argument deduction/substitution failed:
In file included from [01m[K/home/wilhem/NTNU_ROV_COM/sup_com/src/sup_com/src/master_for_demo.cpp:13[m[K:
[01m[K/home/wilhem/NTNU_ROV_COM/sup_com/src/sup_com/src/../../../../lib/janusxsdm/janusxsdm.cpp:820:81:[m[K [01;36m[Knote: [m[K  â€˜[01m[Kstd::chrono::time_point<std::chrono::_V2::system_clock, std::chrono::duration<long int, std::ratio<1, 1000000000> > >[m[Kâ€™ is not derived from â€˜[01m[Kconst std::chrono::duration<_Rep1, _Period1>[m[Kâ€™
  820 |    std::chrono::duration<double> elapsed_seconds = end-[01;36m[Kstart[m[K;
      |                                                        [01;36m[K^~~~~[m[K

In file included from [01m[K/home/wilhem/NTNU_ROV_COM/sup_com/src/sup_com/src/slave_for_demo.cpp:6[m[K:
[01m[K/usr/include/c++/11/chrono:1030:7:[m[K [01;36m[Knote: [m[Kcandidate: â€˜[01m[Ktemplate<class _Clock, class _Dur1, class _Rep2, class _Period2> constexpr std::chrono::time_point<_Clock, typename std::common_type<_Dur1, std::chrono::duration<_Rep2, _Period2> >::type> std::chrono::operator-(const std::chrono::time_point<_Clock, _Duration1>&, const std::chrono::duration<_Rep2, _Period2>&)[m[Kâ€™
 1030 |       [01;36m[Koperator[m[K-(const time_point<_Clock, _Dur1>& __lhs,
      |       [01;36m[K^~~~~~~~[m[K
[01m[K/usr/include/c++/11/chrono:1030:7:[m[K [01;36m[Knote: [m[K  template argument deduction/substitution failed:
In file included from [01m[K/home/wilhem/NTNU_ROV_COM/sup_com/src/sup_com/src/master_for_demo.cpp:6[m[K:
[01m[K/usr/include/c++/11/chrono:1030:7:[m[K [01;36m[Knote: [m[Kcandidate: â€˜[01m[Ktemplate<class _Clock, class _Dur1, class _Rep2, class _Period2> constexpr std::chrono::time_point<_Clock, typename std::common_type<_Dur1, std::chrono::duration<_Rep2, _Period2> >::type> std::chrono::operator-(const std::chrono::time_point<_Clock, _Duration1>&, const std::chrono::duration<_Rep2, _Period2>&)[m[Kâ€™
 1030 |       [01;36m[Koperator[m[K-(const time_point<_Clock, _Dur1>& __lhs,
      |       [01;36m[K^~~~~~~~[m[K
In file included from [01m[K/home/wilhem/NTNU_ROV_COM/sup_com/src/sup_com/src/slave_for_demo.cpp:13[m[K:
[01m[K/home/wilhem/NTNU_ROV_COM/sup_com/src/sup_com/src/../../../../lib/janusxsdm/janusxsdm.cpp:793:73:[m[K [01;36m[Knote: [m[K  â€˜[01m[Kstd::chrono::_V2::steady_clock::time_point[m[Kâ€™ {aka â€˜[01m[Kstd::chrono::time_point<std::chrono::_V2::steady_clock, std::chrono::duration<long int, std::ratio<1, 1000000000> > >[m[Kâ€™} is not derived from â€˜[01m[Kconst std::chrono::duration<_Rep2, _Period2>[m[Kâ€™
  793 |                     std::chrono::duration<double> elapsed_seconds = end-[01;36m[Kstart[m[K;
      |                                                                         [01;36m[K^~~~~[m[K
[01m[K/usr/include/c++/11/chrono:1030:7:[m[K [01;36m[Knote: [m[K  template argument deduction/substitution failed:
In file included from [01m[K/home/wilhem/NTNU_ROV_COM/sup_com/src/sup_com/src/slave_for_demo.cpp:6[m[K:
[01m[K/usr/include/c++/11/chrono:1042:7:[m[K [01;36m[Knote: [m[Kcandidate: â€˜[01m[Ktemplate<class _Clock, class _Dur1, class _Dur2> constexpr typename std::common_type<_Duration1, _Duration2>::type std::chrono::operator-(const std::chrono::time_point<_Clock, _Duration1>&, const std::chrono::time_point<_Clock, _Duration2>&)[m[Kâ€™
 1042 |       [01;36m[Koperator[m[K-(const time_point<_Clock, _Dur1>& __lhs,
      |       [01;36m[K^~~~~~~~[m[K
In file included from [01m[K/home/wilhem/NTNU_ROV_COM/sup_com/src/sup_com/src/master_for_demo.cpp:13[m[K:
[01m[K/home/wilhem/NTNU_ROV_COM/sup_com/src/sup_com/src/../../../../lib/janusxsdm/janusxsdm.cpp:820:81:[m[K [01;36m[Knote: [m[K  â€˜[01m[Kstd::chrono::_V2::steady_clock::time_point[m[Kâ€™ {aka â€˜[01m[Kstd::chrono::time_point<std::chrono::_V2::steady_clock, std::chrono::duration<long int, std::ratio<1, 1000000000> > >[m[Kâ€™} is not derived from â€˜[01m[Kconst std::chrono::duration<_Rep2, _Period2>[m[Kâ€™
  820 |    std::chrono::duration<double> elapsed_seconds = end-[01;36m[Kstart[m[K;
      |                                                        [01;36m[K^~~~~[m[K

[01m[K/usr/include/c++/11/chrono:1042:7:[m[K [01;36m[Knote: [m[K  template argument deduction/substitution failed:
In file included from [01m[K/home/wilhem/NTNU_ROV_COM/sup_com/src/sup_com/src/master_for_demo.cpp:6[m[K:
[01m[K/usr/include/c++/11/chrono:1042:7:[m[K [01;36m[Knote: [m[Kcandidate: â€˜[01m[Ktemplate<class _Clock, class _Dur1, class _Dur2> constexpr typename std::common_type<_Duration1, _Duration2>::type std::chrono::operator-(const std::chrono::time_point<_Clock, _Duration1>&, const std::chrono::time_point<_Clock, _Duration2>&)[m[Kâ€™
 1042 |       [01;36m[Koperator[m[K-(const time_point<_Clock, _Dur1>& __lhs,
      |       [01;36m[K^~~~~~~~[m[K
In file included from [01m[K/home/wilhem/NTNU_ROV_COM/sup_com/src/sup_com/src/slave_for_demo.cpp:13[m[K:
[01m[K/home/wilhem/NTNU_ROV_COM/sup_com/src/sup_com/src/../../../../lib/janusxsdm/janusxsdm.cpp:793:73:[m[K [01;36m[Knote: [m[K  deduced conflicting types for parameter â€˜[01m[K_Clock[m[Kâ€™ (â€˜[01m[Kstd::chrono::_V2::system_clock[m[Kâ€™ and â€˜[01m[Kstd::chrono::_V2::steady_clock[m[Kâ€™)
  793 |                     std::chrono::duration<double> elapsed_seconds = end-[01;36m[Kstart[m[K;
      |                                                                         [01;36m[K^~~~~[m[K
[01m[K/usr/include/c++/11/chrono:1042:7:[m[K [01;36m[Knote: [m[K  template argument deduction/substitution failed:
In file included from [01m[K/home/wilhem/NTNU_ROV_COM/sup_com/src/sup_com/src/master_for_demo.cpp:13[m[K:
[01m[K/home/wilhem/NTNU_ROV_COM/sup_com/src/sup_com/src/../../../../lib/janusxsdm/janusxsdm.cpp:820:81:[m[K [01;36m[Knote: [m[K  deduced conflicting types for parameter â€˜[01m[K_Clock[m[Kâ€™ (â€˜[01m[Kstd::chrono::_V2::system_clock[m[Kâ€™ and â€˜[01m[Kstd::chrono::_V2::steady_clock[m[Kâ€™)
  820 |    std::chrono::duration<double> elapsed_seconds = end-[01;36m[Kstart[m[K;
      |                                                        [01;36m[K^~~~~[m[K

[01m[K/home/wilhem/NTNU_ROV_COM/sup_com/src/sup_com/src/../../../../lib/janusxsdm/janusxsdm.cpp:833:80:[m[K [01;31m[Kerror: [m[Kno match for â€˜[01m[Koperator-[m[Kâ€™ (operand types are â€˜[01m[Kstd::chrono::time_point<std::chrono::_V2::system_clock, std::chrono::duration<long int, std::ratio<1, 1000000000> > >[m[Kâ€™ and â€˜[01m[Kstd::chrono::_V2::steady_clock::time_point[m[Kâ€™ {aka â€˜[01m[Kstd::chrono::time_point<std::chrono::_V2::steady_clock, std::chrono::duration<long int, std::ratio<1, 1000000000> > >[m[Kâ€™})
  833 |    std::chrono::duration<double> elapsed_seconds = [32m[Kend[m[K[01;31m[K-[m[K[34m[Kstart[m[K;
      |                                                    [32m[K~~~[m[K[01;31m[K^[m[K[34m[K~~~~~[m[K
      |                                                    [32m[K|[m[K   [34m[K|[m[K
      |                                                    [32m[K|[m[K   [34m[Ktime_point<std::chrono::_V2::steady_clock,[...]>[m[K
      |                                                    [32m[Ktime_point<std::chrono::_V2::system_clock,[...]>[m[K

In file included from [01m[K/usr/include/c++/11/bits/stl_algobase.h:67[m[K,
                 from [01m[K/usr/include/c++/11/bits/char_traits.h:39[m[K,
                 from [01m[K/usr/include/c++/11/ios:40[m[K,
                 from [01m[K/usr/include/c++/11/ostream:38[m[K,
                 from [01m[K/usr/include/c++/11/iostream:39[m[K,
                 from [01m[K/home/wilhem/NTNU_ROV_COM/sup_com/src/sup_com/src/master_for_demo.cpp:1[m[K:
[01m[K/usr/include/c++/11/bits/stl_iterator.h:560:5:[m[K [01;36m[Knote: [m[Kcandidate: â€˜[01m[Ktemplate<class _IteratorL, class _IteratorR> constexpr decltype ((__y.base() - __x.base())) std::operator-(const std::reverse_iterator<_Iterator>&, const std::reverse_iterator<_IteratorR>&)[m[Kâ€™
  560 |     [01;36m[Koperator[m[K-(const reverse_iterator<_IteratorL>& __x,
      |     [01;36m[K^~~~~~~~[m[K
[01m[K/usr/include/c++/11/bits/stl_iterator.h:560:5:[m[K [01;36m[Knote: [m[K  template argument deduction/substitution failed:
In file included from [01m[K/home/wilhem/NTNU_ROV_COM/sup_com/src/sup_com/src/master_for_demo.cpp:13[m[K:
[01m[K/home/wilhem/NTNU_ROV_COM/sup_com/src/sup_com/src/../../../../lib/janusxsdm/janusxsdm.cpp:833:81:[m[K [01;36m[Knote: [m[K  â€˜[01m[Kstd::chrono::time_point<std::chrono::_V2::system_clock, std::chrono::duration<long int, std::ratio<1, 1000000000> > >[m[Kâ€™ is not derived from â€˜[01m[Kconst std::reverse_iterator<_Iterator>[m[Kâ€™
  833 |    std::chrono::duration<double> elapsed_seconds = end-[01;36m[Kstart[m[K;
      |                                                        [01;36m[K^~~~~[m[K

In file included from [01m[K/usr/include/c++/11/bits/stl_algobase.h:67[m[K,
                 from [01m[K/usr/include/c++/11/bits/char_traits.h:39[m[K,
                 from [01m[K/usr/include/c++/11/ios:40[m[K,
                 from [01m[K/usr/include/c++/11/ostream:38[m[K,
                 from [01m[K/usr/include/c++/11/iostream:39[m[K,
                 from [01m[K/home/wilhem/NTNU_ROV_COM/sup_com/src/sup_com/src/master_for_demo.cpp:1[m[K:
[01m[K/usr/include/c++/11/bits/stl_iterator.h:1639:5:[m[K [01;36m[Knote: [m[Kcandidate: â€˜[01m[Ktemplate<class _IteratorL, class _IteratorR> constexpr decltype ((__x.base() - __y.base())) std::operator-(const std::move_iterator<_IteratorL>&, const std::move_iterator<_IteratorR>&)[m[Kâ€™
 1639 |     [01;36m[Koperator[m[K-(const move_iterator<_IteratorL>& __x,
      |     [01;36m[K^~~~~~~~[m[K
[01m[K/home/wilhem/NTNU_ROV_COM/sup_com/src/sup_com/src/../../../../lib/janusxsdm/janusxsdm.cpp:802:26:[m[K [01;31m[Kerror: [m[Kconflicting declaration â€˜[01m[Kauto end[m[Kâ€™
  802 |                     auto [01;31m[Kend[m[K = std::chrono::system_clock::now();
      |                          [01;31m[K^~~[m[K
[01m[K/usr/include/c++/11/bits/stl_iterator.h:1639:5:[m[K [01;36m[Knote: [m[K  template argument deduction/substitution failed:
[01m[K/home/wilhem/NTNU_ROV_COM/sup_com/src/sup_com/src/../../../../lib/janusxsdm/janusxsdm.cpp:792:26:[m[K [01;36m[Knote: [m[Kprevious declaration as â€˜[01m[Kstd::chrono::time_point<std::chrono::_V2::system_clock, std::chrono::duration<long int, std::ratio<1, 1000000000> > > end[m[Kâ€™
  792 |                     auto [01;36m[Kend[m[K = std::chrono::system_clock::now();
      |                          [01;36m[K^~~[m[K
In file included from [01m[K/home/wilhem/NTNU_ROV_COM/sup_com/src/sup_com/src/master_for_demo.cpp:13[m[K:
[01m[K/home/wilhem/NTNU_ROV_COM/sup_com/src/sup_com/src/../../../../lib/janusxsdm/janusxsdm.cpp:833:81:[m[K [01;36m[Knote: [m[K  â€˜[01m[Kstd::chrono::time_point<std::chrono::_V2::system_clock, std::chrono::duration<long int, std::ratio<1, 1000000000> > >[m[Kâ€™ is not derived from â€˜[01m[Kconst std::move_iterator<_IteratorL>[m[Kâ€™
  833 |    std::chrono::duration<double> elapsed_seconds = end-[01;36m[Kstart[m[K;
      |                                                        [01;36m[K^~~~~[m[K

In file included from [01m[K/home/wilhem/NTNU_ROV_COM/sup_com/src/sup_com/src/master_for_demo.cpp:6[m[K:
[01m[K/usr/include/c++/11/chrono:660:7:[m[K [01;36m[Knote: [m[Kcandidate: â€˜[01m[Ktemplate<class _Rep1, class _Period1, class _Rep2, class _Period2> constexpr typename std::common_type<std::chrono::duration<_Rep1, _Period1>, std::chrono::duration<_Rep2, _Period2> >::type std::chrono::operator-(const std::chrono::duration<_Rep1, _Period1>&, const std::chrono::duration<_Rep2, _Period2>&)[m[Kâ€™
  660 |       [01;36m[Koperator[m[K-(const duration<_Rep1, _Period1>& __lhs,
      |       [01;36m[K^~~~~~~~[m[K
[01m[K/usr/include/c++/11/chrono:660:7:[m[K [01;36m[Knote: [m[K  template argument deduction/substitution failed:
In file included from [01m[K/home/wilhem/NTNU_ROV_COM/sup_com/src/sup_com/src/master_for_demo.cpp:13[m[K:
[01m[K/home/wilhem/NTNU_ROV_COM/sup_com/src/sup_com/src/../../../../lib/janusxsdm/janusxsdm.cpp:833:81:[m[K [01;36m[Knote: [m[K  â€˜[01m[Kstd::chrono::time_point<std::chrono::_V2::system_clock, std::chrono::duration<long int, std::ratio<1, 1000000000> > >[m[Kâ€™ is not derived from â€˜[01m[Kconst std::chrono::duration<_Rep1, _Period1>[m[Kâ€™
  833 |    std::chrono::duration<double> elapsed_seconds = end-[01;36m[Kstart[m[K;
      |                                                        [01;36m[K^~~~~[m[K

[01m[K/home/wilhem/NTNU_ROV_COM/sup_com/src/sup_com/src/../../../../lib/janusxsdm/janusxsdm.cpp:803:51:[m[K [01;31m[Kerror: [m[Kredeclaration of â€˜[01m[Kstd::chrono::duration<double> elapsed_seconds[m[Kâ€™
  803 |                     std::chrono::duration<double> [01;31m[Kelapsed_seconds[m[K = end-start;
      |                                                   [01;31m[K^~~~~~~~~~~~~~~[m[K
In file included from [01m[K/home/wilhem/NTNU_ROV_COM/sup_com/src/sup_com/src/master_for_demo.cpp:6[m[K:
[01m[K/usr/include/c++/11/chrono:1030:7:[m[K [01;36m[Knote: [m[Kcandidate: â€˜[01m[Ktemplate<class _Clock, class _Dur1, class _Rep2, class _Period2> constexpr std::chrono::time_point<_Clock, typename std::common_type<_Dur1, std::chrono::duration<_Rep2, _Period2> >::type> std::chrono::operator-(const std::chrono::time_point<_Clock, _Duration1>&, const std::chrono::duration<_Rep2, _Period2>&)[m[Kâ€™
 1030 |       [01;36m[Koperator[m[K-(const time_point<_Clock, _Dur1>& __lhs,
      |       [01;36m[K^~~~~~~~[m[K
[01m[K/usr/include/c++/11/chrono:1030:7:[m[K [01;36m[Knote: [m[K  template argument deduction/substitution failed:
[01m[K/home/wilhem/NTNU_ROV_COM/sup_com/src/sup_com/src/../../../../lib/janusxsdm/janusxsdm.cpp:793:51:[m[K [01;36m[Knote: [m[Kâ€˜[01m[Kstd::chrono::duration<double> elapsed_seconds[m[Kâ€™ previously declared here
  793 |                     std::chrono::duration<double> [01;36m[Kelapsed_seconds[m[K = end-start;
      |                                                   [01;36m[K^~~~~~~~~~~~~~~[m[K
In file included from [01m[K/home/wilhem/NTNU_ROV_COM/sup_com/src/sup_com/src/master_for_demo.cpp:13[m[K:
[01m[K/home/wilhem/NTNU_ROV_COM/sup_com/src/sup_com/src/../../../../lib/janusxsdm/janusxsdm.cpp:833:81:[m[K [01;36m[Knote: [m[K  â€˜[01m[Kstd::chrono::_V2::steady_clock::time_point[m[Kâ€™ {aka â€˜[01m[Kstd::chrono::time_point<std::chrono::_V2::steady_clock, std::chrono::duration<long int, std::ratio<1, 1000000000> > >[m[Kâ€™} is not derived from â€˜[01m[Kconst std::chrono::duration<_Rep2, _Period2>[m[Kâ€™
  833 |    std::chrono::duration<double> elapsed_seconds = end-[01;36m[Kstart[m[K;
      |                                                        [01;36m[K^~~~~[m[K

In file included from [01m[K/home/wilhem/NTNU_ROV_COM/sup_com/src/sup_com/src/master_for_demo.cpp:6[m[K:
[01m[K/usr/include/c++/11/chrono:1042:7:[m[K [01;36m[Knote: [m[Kcandidate: â€˜[01m[Ktemplate<class _Clock, class _Dur1, class _Dur2> constexpr typename std::common_type<_Duration1, _Duration2>::type std::chrono::operator-(const std::chrono::time_point<_Clock, _Duration1>&, const std::chrono::time_point<_Clock, _Duration2>&)[m[Kâ€™
 1042 |       [01;36m[Koperator[m[K-(const time_point<_Clock, _Dur1>& __lhs,
      |       [01;36m[K^~~~~~~~[m[K
[01m[K/usr/include/c++/11/chrono:1042:7:[m[K [01;36m[Knote: [m[K  template argument deduction/substitution failed:
[01m[K/home/wilhem/NTNU_ROV_COM/sup_com/src/sup_com/src/../../../../lib/janusxsdm/janusxsdm.cpp:803:72:[m[K [01;31m[Kerror: [m[Kno match for â€˜[01m[Koperator-[m[Kâ€™ (operand types are â€˜[01m[Kstd::chrono::time_point<std::chrono::_V2::system_clock, std::chrono::duration<long int, std::ratio<1, 1000000000> > >[m[Kâ€™ and â€˜[01m[Kstd::chrono::_V2::steady_clock::time_point[m[Kâ€™ {aka â€˜[01m[Kstd::chrono::time_point<std::chrono::_V2::steady_clock, std::chrono::duration<long int, std::ratio<1, 1000000000> > >[m[Kâ€™})
  803 |                     std::chrono::duration<double> elapsed_seconds = [32m[Kend[m[K[01;31m[K-[m[K[34m[Kstart[m[K;
      |                                                                     [32m[K~~~[m[K[01;31m[K^[m[K[34m[K~~~~~[m[K
      |                                                                     [32m[K|[m[K   [34m[K|[m[K
      |                                                                     [32m[K|[m[K   [34m[Ktime_point<std::chrono::_V2::steady_clock,[...]>[m[K
      |                                                                     [32m[Ktime_point<std::chrono::_V2::system_clock,[...]>[m[K
In file included from [01m[K/home/wilhem/NTNU_ROV_COM/sup_com/src/sup_com/src/master_for_demo.cpp:13[m[K:
[01m[K/home/wilhem/NTNU_ROV_COM/sup_com/src/sup_com/src/../../../../lib/janusxsdm/janusxsdm.cpp:833:81:[m[K [01;36m[Knote: [m[K  deduced conflicting types for parameter â€˜[01m[K_Clock[m[Kâ€™ (â€˜[01m[Kstd::chrono::_V2::system_clock[m[Kâ€™ and â€˜[01m[Kstd::chrono::_V2::steady_clock[m[Kâ€™)
  833 |    std::chrono::duration<double> elapsed_seconds = end-[01;36m[Kstart[m[K;
      |                                                        [01;36m[K^~~~~[m[K

In file included from [01m[K/usr/include/c++/11/bits/stl_algobase.h:67[m[K,
                 from [01m[K/usr/include/c++/11/bits/char_traits.h:39[m[K,
                 from [01m[K/usr/include/c++/11/ios:40[m[K,
                 from [01m[K/usr/include/c++/11/ostream:38[m[K,
                 from [01m[K/usr/include/c++/11/iostream:39[m[K,
                 from [01m[K/home/wilhem/NTNU_ROV_COM/sup_com/src/sup_com/src/slave_for_demo.cpp:1[m[K:
[01m[K/usr/include/c++/11/bits/stl_iterator.h:560:5:[m[K [01;36m[Knote: [m[Kcandidate: â€˜[01m[Ktemplate<class _IteratorL, class _IteratorR> constexpr decltype ((__y.base() - __x.base())) std::operator-(const std::reverse_iterator<_Iterator>&, const std::reverse_iterator<_IteratorR>&)[m[Kâ€™
  560 |     [01;36m[Koperator[m[K-(const reverse_iterator<_IteratorL>& __x,
      |     [01;36m[K^~~~~~~~[m[K
[01m[K/usr/include/c++/11/bits/stl_iterator.h:560:5:[m[K [01;36m[Knote: [m[K  template argument deduction/substitution failed:
In file included from [01m[K/home/wilhem/NTNU_ROV_COM/sup_com/src/sup_com/src/slave_for_demo.cpp:13[m[K:
[01m[K/home/wilhem/NTNU_ROV_COM/sup_com/src/sup_com/src/../../../../lib/janusxsdm/janusxsdm.cpp:803:73:[m[K [01;36m[Knote: [m[K  â€˜[01m[Kstd::chrono::time_point<std::chrono::_V2::system_clock, std::chrono::duration<long int, std::ratio<1, 1000000000> > >[m[Kâ€™ is not derived from â€˜[01m[Kconst std::reverse_iterator<_Iterator>[m[Kâ€™
  803 |                     std::chrono::duration<double> elapsed_seconds = end-[01;36m[Kstart[m[K;
      |                                                                         [01;36m[K^~~~~[m[K
In file included from [01m[K/usr/include/c++/11/bits/stl_algobase.h:67[m[K,
                 from [01m[K/usr/include/c++/11/bits/char_traits.h:39[m[K,
                 from [01m[K/usr/include/c++/11/ios:40[m[K,
                 from [01m[K/usr/include/c++/11/ostream:38[m[K,
                 from [01m[K/usr/include/c++/11/iostream:39[m[K,
                 from [01m[K/home/wilhem/NTNU_ROV_COM/sup_com/src/sup_com/src/slave_for_demo.cpp:1[m[K:
[01m[K/usr/include/c++/11/bits/stl_iterator.h:1639:5:[m[K [01;36m[Knote: [m[Kcandidate: â€˜[01m[Ktemplate<class _IteratorL, class _IteratorR> constexpr decltype ((__x.base() - __y.base())) std::operator-(const std::move_iterator<_IteratorL>&, const std::move_iterator<_IteratorR>&)[m[Kâ€™
 1639 |     [01;36m[Koperator[m[K-(const move_iterator<_IteratorL>& __x,
      |     [01;36m[K^~~~~~~~[m[K
[01m[K/usr/include/c++/11/bits/stl_iterator.h:1639:5:[m[K [01;36m[Knote: [m[K  template argument deduction/substitution failed:
In file included from [01m[K/home/wilhem/NTNU_ROV_COM/sup_com/src/sup_com/src/slave_for_demo.cpp:13[m[K:
[01m[K/home/wilhem/NTNU_ROV_COM/sup_com/src/sup_com/src/../../../../lib/janusxsdm/janusxsdm.cpp:803:73:[m[K [01;36m[Knote: [m[K  â€˜[01m[Kstd::chrono::time_point<std::chrono::_V2::system_clock, std::chrono::duration<long int, std::ratio<1, 1000000000> > >[m[Kâ€™ is not derived from â€˜[01m[Kconst std::move_iterator<_IteratorL>[m[Kâ€™
  803 |                     std::chrono::duration<double> elapsed_seconds = end-[01;36m[Kstart[m[K;
      |                                                                         [01;36m[K^~~~~[m[K
In file included from [01m[K/home/wilhem/NTNU_ROV_COM/sup_com/src/sup_com/src/slave_for_demo.cpp:6[m[K:
[01m[K/usr/include/c++/11/chrono:660:7:[m[K [01;36m[Knote: [m[Kcandidate: â€˜[01m[Ktemplate<class _Rep1, class _Period1, class _Rep2, class _Period2> constexpr typename std::common_type<std::chrono::duration<_Rep1, _Period1>, std::chrono::duration<_Rep2, _Period2> >::type std::chrono::operator-(const std::chrono::duration<_Rep1, _Period1>&, const std::chrono::duration<_Rep2, _Period2>&)[m[Kâ€™
  660 |       [01;36m[Koperator[m[K-(const duration<_Rep1, _Period1>& __lhs,
      |       [01;36m[K^~~~~~~~[m[K
[01m[K/usr/include/c++/11/chrono:660:7:[m[K [01;36m[Knote: [m[K  template argument deduction/substitution failed:
In file included from [01m[K/home/wilhem/NTNU_ROV_COM/sup_com/src/sup_com/src/slave_for_demo.cpp:13[m[K:
[01m[K/home/wilhem/NTNU_ROV_COM/sup_com/src/sup_com/src/../../../../lib/janusxsdm/janusxsdm.cpp:803:73:[m[K [01;36m[Knote: [m[K  â€˜[01m[Kstd::chrono::time_point<std::chrono::_V2::system_clock, std::chrono::duration<long int, std::ratio<1, 1000000000> > >[m[Kâ€™ is not derived from â€˜[01m[Kconst std::chrono::duration<_Rep1, _Period1>[m[Kâ€™
  803 |                     std::chrono::duration<double> elapsed_seconds = end-[01;36m[Kstart[m[K;
      |                                                                         [01;36m[K^~~~~[m[K
In file included from [01m[K/home/wilhem/NTNU_ROV_COM/sup_com/src/sup_com/src/slave_for_demo.cpp:6[m[K:
[01m[K/usr/include/c++/11/chrono:1030:7:[m[K [01;36m[Knote: [m[Kcandidate: â€˜[01m[Ktemplate<class _Clock, class _Dur1, class _Rep2, class _Period2> constexpr std::chrono::time_point<_Clock, typename std::common_type<_Dur1, std::chrono::duration<_Rep2, _Period2> >::type> std::chrono::operator-(const std::chrono::time_point<_Clock, _Duration1>&, const std::chrono::duration<_Rep2, _Period2>&)[m[Kâ€™
 1030 |       [01;36m[Koperator[m[K-(const time_point<_Clock, _Dur1>& __lhs,
      |       [01;36m[K^~~~~~~~[m[K
[01m[K/usr/include/c++/11/chrono:1030:7:[m[K [01;36m[Knote: [m[K  template argument deduction/substitution failed:
In file included from [01m[K/home/wilhem/NTNU_ROV_COM/sup_com/src/sup_com/src/slave_for_demo.cpp:13[m[K:
[01m[K/home/wilhem/NTNU_ROV_COM/sup_com/src/sup_com/src/../../../../lib/janusxsdm/janusxsdm.cpp:803:73:[m[K [01;36m[Knote: [m[K  â€˜[01m[Kstd::chrono::_V2::steady_clock::time_point[m[Kâ€™ {aka â€˜[01m[Kstd::chrono::time_point<std::chrono::_V2::steady_clock, std::chrono::duration<long int, std::ratio<1, 1000000000> > >[m[Kâ€™} is not derived from â€˜[01m[Kconst std::chrono::duration<_Rep2, _Period2>[m[Kâ€™
  803 |                     std::chrono::duration<double> elapsed_seconds = end-[01;36m[Kstart[m[K;
      |                                                                         [01;36m[K^~~~~[m[K
In file included from [01m[K/home/wilhem/NTNU_ROV_COM/sup_com/src/sup_com/src/slave_for_demo.cpp:6[m[K:
[01m[K/usr/include/c++/11/chrono:1042:7:[m[K [01;36m[Knote: [m[Kcandidate: â€˜[01m[Ktemplate<class _Clock, class _Dur1, class _Dur2> constexpr typename std::common_type<_Duration1, _Duration2>::type std::chrono::operator-(const std::chrono::time_point<_Clock, _Duration1>&, const std::chrono::time_point<_Clock, _Duration2>&)[m[Kâ€™
 1042 |       [01;36m[Koperator[m[K-(const time_point<_Clock, _Dur1>& __lhs,
      |       [01;36m[K^~~~~~~~[m[K
[01m[K/usr/include/c++/11/chrono:1042:7:[m[K [01;36m[Knote: [m[K  template argument deduction/substitution failed:
In file included from [01m[K/home/wilhem/NTNU_ROV_COM/sup_com/src/sup_com/src/slave_for_demo.cpp:13[m[K:
[01m[K/home/wilhem/NTNU_ROV_COM/sup_com/src/sup_com/src/../../../../lib/janusxsdm/janusxsdm.cpp:803:73:[m[K [01;36m[Knote: [m[K  deduced conflicting types for parameter â€˜[01m[K_Clock[m[Kâ€™ (â€˜[01m[Kstd::chrono::_V2::system_clock[m[Kâ€™ and â€˜[01m[Kstd::chrono::_V2::steady_clock[m[Kâ€™)
  803 |                     std::chrono::duration<double> elapsed_seconds = end-[01;36m[Kstart[m[K;
      |                                                                         [01;36m[K^~~~~[m[K
[01m[K/home/wilhem/NTNU_ROV_COM/sup_com/src/sup_com/src/../../../../lib/janusxsdm/janusxsdm.cpp:804:33:[m[K [01;31m[Kerror: [m[Kredeclaration of â€˜[01m[Ktime_t end_time[m[Kâ€™
  804 |                     std::time_t [01;31m[Kend_time[m[K = std::chrono::system_clock::to_time_t(end);
      |                                 [01;31m[K^~~~~~~~[m[K
[01m[K/home/wilhem/NTNU_ROV_COM/sup_com/src/sup_com/src/../../../../lib/janusxsdm/janusxsdm.cpp:794:33:[m[K [01;36m[Knote: [m[Kâ€˜[01m[Ktime_t end_time[m[Kâ€™ previously declared here
  794 |                     std::time_t [01;36m[Kend_time[m[K = std::chrono::system_clock::to_time_t(end);
      |                                 [01;36m[K^~~~~~~~[m[K
[01m[K/home/wilhem/NTNU_ROV_COM/sup_com/src/sup_com/src/../../../../lib/janusxsdm/janusxsdm.cpp:846:76:[m[K [01;31m[Kerror: [m[Kno match for â€˜[01m[Koperator-[m[Kâ€™ (operand types are â€˜[01m[Kstd::chrono::time_point<std::chrono::_V2::system_clock, std::chrono::duration<long int, std::ratio<1, 1000000000> > >[m[Kâ€™ and â€˜[01m[Kstd::chrono::_V2::steady_clock::time_point[m[Kâ€™ {aka â€˜[01m[Kstd::chrono::time_point<std::chrono::_V2::steady_clock, std::chrono::duration<long int, std::ratio<1, 1000000000> > >[m[Kâ€™})
  846 |    std::chrono::duration<double> elapsed_seconds = [32m[Kend[m[K[01;31m[K-[m[K[34m[Kstart[m[K;
      |                                                    [32m[K~~~[m[K[01;31m[K^[m[K[34m[K~~~~~[m[K
      |                                                    [32m[K|[m[K   [34m[K|[m[K
      |                                                    [32m[K|[m[K   [34m[Ktime_point<std::chrono::_V2::steady_clock,[...]>[m[K
      |                                                    [32m[Ktime_point<std::chrono::_V2::system_clock,[...]>[m[K

In file included from [01m[K/usr/include/c++/11/bits/stl_algobase.h:67[m[K,
                 from [01m[K/usr/include/c++/11/bits/char_traits.h:39[m[K,
                 from [01m[K/usr/include/c++/11/ios:40[m[K,
                 from [01m[K/usr/include/c++/11/ostream:38[m[K,
                 from [01m[K/usr/include/c++/11/iostream:39[m[K,
                 from [01m[K/home/wilhem/NTNU_ROV_COM/sup_com/src/sup_com/src/master_for_demo.cpp:1[m[K:
[01m[K/usr/include/c++/11/bits/stl_iterator.h:560:5:[m[K [01;36m[Knote: [m[Kcandidate: â€˜[01m[Ktemplate<class _IteratorL, class _IteratorR> constexpr decltype ((__y.base() - __x.base())) std::operator-(const std::reverse_iterator<_Iterator>&, const std::reverse_iterator<_IteratorR>&)[m[Kâ€™
  560 |     [01;36m[Koperator[m[K-(const reverse_iterator<_IteratorL>& __x,
      |     [01;36m[K^~~~~~~~[m[K
[01m[K/usr/include/c++/11/bits/stl_iterator.h:560:5:[m[K [01;36m[Knote: [m[K  template argument deduction/substitution failed:
In file included from [01m[K/home/wilhem/NTNU_ROV_COM/sup_com/src/sup_com/src/master_for_demo.cpp:13[m[K:
[01m[K/home/wilhem/NTNU_ROV_COM/sup_com/src/sup_com/src/../../../../lib/janusxsdm/janusxsdm.cpp:846:77:[m[K [01;36m[Knote: [m[K  â€˜[01m[Kstd::chrono::time_point<std::chrono::_V2::system_clock, std::chrono::duration<long int, std::ratio<1, 1000000000> > >[m[Kâ€™ is not derived from â€˜[01m[Kconst std::reverse_iterator<_Iterator>[m[Kâ€™
  846 |    std::chrono::duration<double> elapsed_seconds = end-[01;36m[Kstart[m[K;
      |                                                        [01;36m[K^~~~~[m[K

In file included from [01m[K/usr/include/c++/11/bits/stl_algobase.h:67[m[K,
                 from [01m[K/usr/include/c++/11/bits/char_traits.h:39[m[K,
                 from [01m[K/usr/include/c++/11/ios:40[m[K,
                 from [01m[K/usr/include/c++/11/ostream:38[m[K,
                 from [01m[K/usr/include/c++/11/iostream:39[m[K,
                 from [01m[K/home/wilhem/NTNU_ROV_COM/sup_com/src/sup_com/src/master_for_demo.cpp:1[m[K:
[01m[K/usr/include/c++/11/bits/stl_iterator.h:1639:5:[m[K [01;36m[Knote: [m[Kcandidate: â€˜[01m[Ktemplate<class _IteratorL, class _IteratorR> constexpr decltype ((__x.base() - __y.base())) std::operator-(const std::move_iterator<_IteratorL>&, const std::move_iterator<_IteratorR>&)[m[Kâ€™
 1639 |     [01;36m[Koperator[m[K-(const move_iterator<_IteratorL>& __x,
      |     [01;36m[K^~~~~~~~[m[K
[01m[K/usr/include/c++/11/bits/stl_iterator.h:1639:5:[m[K [01;36m[Knote: [m[K  template argument deduction/substitution failed:
In file included from [01m[K/home/wilhem/NTNU_ROV_COM/sup_com/src/sup_com/src/master_for_demo.cpp:13[m[K:
[01m[K/home/wilhem/NTNU_ROV_COM/sup_com/src/sup_com/src/../../../../lib/janusxsdm/janusxsdm.cpp:846:77:[m[K [01;36m[Knote: [m[K  â€˜[01m[Kstd::chrono::time_point<std::chrono::_V2::system_clock, std::chrono::duration<long int, std::ratio<1, 1000000000> > >[m[Kâ€™ is not derived from â€˜[01m[Kconst std::move_iterator<_IteratorL>[m[Kâ€™
  846 |    std::chrono::duration<double> elapsed_seconds = end-[01;36m[Kstart[m[K;
      |                                                        [01;36m[K^~~~~[m[K

In file included from [01m[K/home/wilhem/NTNU_ROV_COM/sup_com/src/sup_com/src/master_for_demo.cpp:6[m[K:
[01m[K/usr/include/c++/11/chrono:660:7:[m[K [01;36m[Knote: [m[Kcandidate: â€˜[01m[Ktemplate<class _Rep1, class _Period1, class _Rep2, class _Period2> constexpr typename std::common_type<std::chrono::duration<_Rep1, _Period1>, std::chrono::duration<_Rep2, _Period2> >::type std::chrono::operator-(const std::chrono::duration<_Rep1, _Period1>&, const std::chrono::duration<_Rep2, _Period2>&)[m[Kâ€™
  660 |       [01;36m[Koperator[m[K-(const duration<_Rep1, _Period1>& __lhs,
      |       [01;36m[K^~~~~~~~[m[K
[01m[K/usr/include/c++/11/chrono:660:7:[m[K [01;36m[Knote: [m[K  template argument deduction/substitution failed:
In file included from [01m[K/home/wilhem/NTNU_ROV_COM/sup_com/src/sup_com/src/master_for_demo.cpp:13[m[K:
[01m[K/home/wilhem/NTNU_ROV_COM/sup_com/src/sup_com/src/../../../../lib/janusxsdm/janusxsdm.cpp:846:77:[m[K [01;36m[Knote: [m[K  â€˜[01m[Kstd::chrono::time_point<std::chrono::_V2::system_clock, std::chrono::duration<long int, std::ratio<1, 1000000000> > >[m[Kâ€™ is not derived from â€˜[01m[Kconst std::chrono::duration<_Rep1, _Period1>[m[Kâ€™
  846 |    std::chrono::duration<double> elapsed_seconds = end-[01;36m[Kstart[m[K;
      |                                                        [01;36m[K^~~~~[m[K

In file included from [01m[K/home/wilhem/NTNU_ROV_COM/sup_com/src/sup_com/src/master_for_demo.cpp:6[m[K:
[01m[K/usr/include/c++/11/chrono:1030:7:[m[K [01;36m[Knote: [m[Kcandidate: â€˜[01m[Ktemplate<class _Clock, class _Dur1, class _Rep2, class _Period2> constexpr std::chrono::time_point<_Clock, typename std::common_type<_Dur1, std::chrono::duration<_Rep2, _Period2> >::type> std::chrono::operator-(const std::chrono::time_point<_Clock, _Duration1>&, const std::chrono::duration<_Rep2, _Period2>&)[m[Kâ€™
 1030 |       [01;36m[Koperator[m[K-(const time_point<_Clock, _Dur1>& __lhs,
      |       [01;36m[K^~~~~~~~[m[K
[01m[K/usr/include/c++/11/chrono:1030:7:[m[K [01;36m[Knote: [m[K  template argument deduction/substitution failed:
In file included from [01m[K/home/wilhem/NTNU_ROV_COM/sup_com/src/sup_com/src/master_for_demo.cpp:13[m[K:
[01m[K/home/wilhem/NTNU_ROV_COM/sup_com/src/sup_com/src/../../../../lib/janusxsdm/janusxsdm.cpp:846:77:[m[K [01;36m[Knote: [m[K  â€˜[01m[Kstd::chrono::_V2::steady_clock::time_point[m[Kâ€™ {aka â€˜[01m[Kstd::chrono::time_point<std::chrono::_V2::steady_clock, std::chrono::duration<long int, std::ratio<1, 1000000000> > >[m[Kâ€™} is not derived from â€˜[01m[Kconst std::chrono::duration<_Rep2, _Period2>[m[Kâ€™
  846 |    std::chrono::duration<double> elapsed_seconds = end-[01;36m[Kstart[m[K;
      |                                                        [01;36m[K^~~~~[m[K

In file included from [01m[K/home/wilhem/NTNU_ROV_COM/sup_com/src/sup_com/src/master_for_demo.cpp:6[m[K:
[01m[K/usr/include/c++/11/chrono:1042:7:[m[K [01;36m[Knote: [m[Kcandidate: â€˜[01m[Ktemplate<class _Clock, class _Dur1, class _Dur2> constexpr typename std::common_type<_Duration1, _Duration2>::type std::chrono::operator-(const std::chrono::time_point<_Clock, _Duration1>&, const std::chrono::time_point<_Clock, _Duration2>&)[m[Kâ€™
 1042 |       [01;36m[Koperator[m[K-(const time_point<_Clock, _Dur1>& __lhs,
      |       [01;36m[K^~~~~~~~[m[K
[01m[K/usr/include/c++/11/chrono:1042:7:[m[K [01;36m[Knote: [m[K  template argument deduction/substitution failed:
In file included from [01m[K/home/wilhem/NTNU_ROV_COM/sup_com/src/sup_com/src/master_for_demo.cpp:13[m[K:
[01m[K/home/wilhem/NTNU_ROV_COM/sup_com/src/sup_com/src/../../../../lib/janusxsdm/janusxsdm.cpp:846:77:[m[K [01;36m[Knote: [m[K  deduced conflicting types for parameter â€˜[01m[K_Clock[m[Kâ€™ (â€˜[01m[Kstd::chrono::_V2::system_clock[m[Kâ€™ and â€˜[01m[Kstd::chrono::_V2::steady_clock[m[Kâ€™)
  846 |    std::chrono::duration<double> elapsed_seconds = end-[01;36m[Kstart[m[K;
      |                                                        [01;36m[K^~~~~[m[K

[01m[K/home/wilhem/NTNU_ROV_COM/sup_com/src/sup_com/src/../../../../lib/janusxsdm/janusxsdm.cpp:820:80:[m[K [01;31m[Kerror: [m[Kno match for â€˜[01m[Koperator-[m[Kâ€™ (operand types are â€˜[01m[Kstd::chrono::time_point<std::chrono::_V2::system_clock, std::chrono::duration<long int, std::ratio<1, 1000000000> > >[m[Kâ€™ and â€˜[01m[Kstd::chrono::_V2::steady_clock::time_point[m[Kâ€™ {aka â€˜[01m[Kstd::chrono::time_point<std::chrono::_V2::steady_clock, std::chrono::duration<long int, std::ratio<1, 1000000000> > >[m[Kâ€™})
  820 |                             std::chrono::duration<double> elapsed_seconds = [32m[Kend[m[K[01;31m[K-[m[K[34m[Kstart[m[K;
      |                                                                             [32m[K~~~[m[K[01;31m[K^[m[K[34m[K~~~~~[m[K
      |                                                                             [32m[K|[m[K   [34m[K|[m[K
      |                                                                             [32m[K|[m[K   [34m[Ktime_point<std::chrono::_V2::steady_clock,[...]>[m[K
      |                                                                             [32m[Ktime_point<std::chrono::_V2::system_clock,[...]>[m[K
In file included from [01m[K/usr/include/c++/11/bits/stl_algobase.h:67[m[K,
                 from [01m[K/usr/include/c++/11/bits/char_traits.h:39[m[K,
                 from [01m[K/usr/include/c++/11/ios:40[m[K,
                 from [01m[K/usr/include/c++/11/ostream:38[m[K,
                 from [01m[K/usr/include/c++/11/iostream:39[m[K,
                 from [01m[K/home/wilhem/NTNU_ROV_COM/sup_com/src/sup_com/src/slave_for_demo.cpp:1[m[K:
[01m[K/usr/include/c++/11/bits/stl_iterator.h:560:5:[m[K [01;36m[Knote: [m[Kcandidate: â€˜[01m[Ktemplate<class _IteratorL, class _IteratorR> constexpr decltype ((__y.base() - __x.base())) std::operator-(const std::reverse_iterator<_Iterator>&, const std::reverse_iterator<_IteratorR>&)[m[Kâ€™
  560 |     [01;36m[Koperator[m[K-(const reverse_iterator<_IteratorL>& __x,
      |     [01;36m[K^~~~~~~~[m[K
[01m[K/usr/include/c++/11/bits/stl_iterator.h:560:5:[m[K [01;36m[Knote: [m[K  template argument deduction/substitution failed:
In file included from [01m[K/home/wilhem/NTNU_ROV_COM/sup_com/src/sup_com/src/slave_for_demo.cpp:13[m[K:
[01m[K/home/wilhem/NTNU_ROV_COM/sup_com/src/sup_com/src/../../../../lib/janusxsdm/janusxsdm.cpp:820:81:[m[K [01;36m[Knote: [m[K  â€˜[01m[Kstd::chrono::time_point<std::chrono::_V2::system_clock, std::chrono::duration<long int, std::ratio<1, 1000000000> > >[m[Kâ€™ is not derived from â€˜[01m[Kconst std::reverse_iterator<_Iterator>[m[Kâ€™
  820 |                             std::chrono::duration<double> elapsed_seconds = end-[01;36m[Kstart[m[K;
      |                                                                                 [01;36m[K^~~~~[m[K
In file included from [01m[K/usr/include/c++/11/bits/stl_algobase.h:67[m[K,
                 from [01m[K/usr/include/c++/11/bits/char_traits.h:39[m[K,
                 from [01m[K/usr/include/c++/11/ios:40[m[K,
                 from [01m[K/usr/include/c++/11/ostream:38[m[K,
                 from [01m[K/usr/include/c++/11/iostream:39[m[K,
                 from [01m[K/home/wilhem/NTNU_ROV_COM/sup_com/src/sup_com/src/slave_for_demo.cpp:1[m[K:
[01m[K/usr/include/c++/11/bits/stl_iterator.h:1639:5:[m[K [01;36m[Knote: [m[Kcandidate: â€˜[01m[Ktemplate<class _IteratorL, class _IteratorR> constexpr decltype ((__x.base() - __y.base())) std::operator-(const std::move_iterator<_IteratorL>&, const std::move_iterator<_IteratorR>&)[m[Kâ€™
 1639 |     [01;36m[Koperator[m[K-(const move_iterator<_IteratorL>& __x,
      |     [01;36m[K^~~~~~~~[m[K
[01m[K/usr/include/c++/11/bits/stl_iterator.h:1639:5:[m[K [01;36m[Knote: [m[K  template argument deduction/substitution failed:
In file included from [01m[K/home/wilhem/NTNU_ROV_COM/sup_com/src/sup_com/src/slave_for_demo.cpp:13[m[K:
[01m[K/home/wilhem/NTNU_ROV_COM/sup_com/src/sup_com/src/../../../../lib/janusxsdm/janusxsdm.cpp:820:81:[m[K [01;36m[Knote: [m[K  â€˜[01m[Kstd::chrono::time_point<std::chrono::_V2::system_clock, std::chrono::duration<long int, std::ratio<1, 1000000000> > >[m[Kâ€™ is not derived from â€˜[01m[Kconst std::move_iterator<_IteratorL>[m[Kâ€™
  820 |                             std::chrono::duration<double> elapsed_seconds = end-[01;36m[Kstart[m[K;
      |                                                                                 [01;36m[K^~~~~[m[K
In file included from [01m[K/home/wilhem/NTNU_ROV_COM/sup_com/src/sup_com/src/slave_for_demo.cpp:6[m[K:
[01m[K/usr/include/c++/11/chrono:660:7:[m[K [01;36m[Knote: [m[Kcandidate: â€˜[01m[Ktemplate<class _Rep1, class _Period1, class _Rep2, class _Period2> constexpr typename std::common_type<std::chrono::duration<_Rep1, _Period1>, std::chrono::duration<_Rep2, _Period2> >::type std::chrono::operator-(const std::chrono::duration<_Rep1, _Period1>&, const std::chrono::duration<_Rep2, _Period2>&)[m[Kâ€™
  660 |       [01;36m[Koperator[m[K-(const duration<_Rep1, _Period1>& __lhs,
      |       [01;36m[K^~~~~~~~[m[K
[01m[K/usr/include/c++/11/chrono:660:7:[m[K [01;36m[Knote: [m[K  template argument deduction/substitution failed:
In file included from [01m[K/home/wilhem/NTNU_ROV_COM/sup_com/src/sup_com/src/slave_for_demo.cpp:13[m[K:
[01m[K/home/wilhem/NTNU_ROV_COM/sup_com/src/sup_com/src/../../../../lib/janusxsdm/janusxsdm.cpp:820:81:[m[K [01;36m[Knote: [m[K  â€˜[01m[Kstd::chrono::time_point<std::chrono::_V2::system_clock, std::chrono::duration<long int, std::ratio<1, 1000000000> > >[m[Kâ€™ is not derived from â€˜[01m[Kconst std::chrono::duration<_Rep1, _Period1>[m[Kâ€™
  820 |                             std::chrono::duration<double> elapsed_seconds = end-[01;36m[Kstart[m[K;
      |                                                                                 [01;36m[K^~~~~[m[K
In file included from [01m[K/home/wilhem/NTNU_ROV_COM/sup_com/src/sup_com/src/slave_for_demo.cpp:6[m[K:
[01m[K/usr/include/c++/11/chrono:1030:7:[m[K [01;36m[Knote: [m[Kcandidate: â€˜[01m[Ktemplate<class _Clock, class _Dur1, class _Rep2, class _Period2> constexpr std::chrono::time_point<_Clock, typename std::common_type<_Dur1, std::chrono::duration<_Rep2, _Period2> >::type> std::chrono::operator-(const std::chrono::time_point<_Clock, _Duration1>&, const std::chrono::duration<_Rep2, _Period2>&)[m[Kâ€™
 1030 |       [01;36m[Koperator[m[K-(const time_point<_Clock, _Dur1>& __lhs,
      |       [01;36m[K^~~~~~~~[m[K
[01m[K/usr/include/c++/11/chrono:1030:7:[m[K [01;36m[Knote: [m[K  template argument deduction/substitution failed:
In file included from [01m[K/home/wilhem/NTNU_ROV_COM/sup_com/src/sup_com/src/slave_for_demo.cpp:13[m[K:
[01m[K/home/wilhem/NTNU_ROV_COM/sup_com/src/sup_com/src/../../../../lib/janusxsdm/janusxsdm.cpp:820:81:[m[K [01;36m[Knote: [m[K  â€˜[01m[Kstd::chrono::_V2::steady_clock::time_point[m[Kâ€™ {aka â€˜[01m[Kstd::chrono::time_point<std::chrono::_V2::steady_clock, std::chrono::duration<long int, std::ratio<1, 1000000000> > >[m[Kâ€™} is not derived from â€˜[01m[Kconst std::chrono::duration<_Rep2, _Period2>[m[Kâ€™
  820 |                             std::chrono::duration<double> elapsed_seconds = end-[01;36m[Kstart[m[K;
      |                                                                                 [01;36m[K^~~~~[m[K
In file included from [01m[K/home/wilhem/NTNU_ROV_COM/sup_com/src/sup_com/src/slave_for_demo.cpp:6[m[K:
[01m[K/usr/include/c++/11/chrono:1042:7:[m[K [01;36m[Knote: [m[Kcandidate: â€˜[01m[Ktemplate<class _Clock, class _Dur1, class _Dur2> constexpr typename std::common_type<_Duration1, _Duration2>::type std::chrono::operator-(const std::chrono::time_point<_Clock, _Duration1>&, const std::chrono::time_point<_Clock, _Duration2>&)[m[Kâ€™
 1042 |       [01;36m[Koperator[m[K-(const time_point<_Clock, _Dur1>& __lhs,
      |       [01;36m[K^~~~~~~~[m[K
[01m[K/usr/include/c++/11/chrono:1042:7:[m[K [01;36m[Knote: [m[K  template argument deduction/substitution failed:
In file included from [01m[K/home/wilhem/NTNU_ROV_COM/sup_com/src/sup_com/src/slave_for_demo.cpp:13[m[K:
[01m[K/home/wilhem/NTNU_ROV_COM/sup_com/src/sup_com/src/../../../../lib/janusxsdm/janusxsdm.cpp:820:81:[m[K [01;36m[Knote: [m[K  deduced conflicting types for parameter â€˜[01m[K_Clock[m[Kâ€™ (â€˜[01m[Kstd::chrono::_V2::system_clock[m[Kâ€™ and â€˜[01m[Kstd::chrono::_V2::steady_clock[m[Kâ€™)
  820 |                             std::chrono::duration<double> elapsed_seconds = end-[01;36m[Kstart[m[K;
      |                                                                                 [01;36m[K^~~~~[m[K
[01m[K/home/wilhem/NTNU_ROV_COM/sup_com/src/sup_com/src/../../../../lib/janusxsdm/janusxsdm.cpp:860:76:[m[K [01;31m[Kerror: [m[Kno match for â€˜[01m[Koperator-[m[Kâ€™ (operand types are â€˜[01m[Kstd::chrono::time_point<std::chrono::_V2::system_clock, std::chrono::duration<long int, std::ratio<1, 1000000000> > >[m[Kâ€™ and â€˜[01m[Kstd::chrono::_V2::steady_clock::time_point[m[Kâ€™ {aka â€˜[01m[Kstd::chrono::time_point<std::chrono::_V2::steady_clock, std::chrono::duration<long int, std::ratio<1, 1000000000> > >[m[Kâ€™})
  860 |    std::chrono::duration<double> elapsed_seconds = [32m[Kend[m[K[01;31m[K-[m[K[34m[Kstart[m[K;
      |                                                    [32m[K~~~[m[K[01;31m[K^[m[K[34m[K~~~~~[m[K
      |                                                    [32m[K|[m[K   [34m[K|[m[K
      |                                                    [32m[K|[m[K   [34m[Ktime_point<std::chrono::_V2::steady_clock,[...]>[m[K
      |                                                    [32m[Ktime_point<std::chrono::_V2::system_clock,[...]>[m[K

In file included from [01m[K/usr/include/c++/11/bits/stl_algobase.h:67[m[K,
                 from [01m[K/usr/include/c++/11/bits/char_traits.h:39[m[K,
                 from [01m[K/usr/include/c++/11/ios:40[m[K,
                 from [01m[K/usr/include/c++/11/ostream:38[m[K,
                 from [01m[K/usr/include/c++/11/iostream:39[m[K,
                 from [01m[K/home/wilhem/NTNU_ROV_COM/sup_com/src/sup_com/src/master_for_demo.cpp:1[m[K:
[01m[K/usr/include/c++/11/bits/stl_iterator.h:560:5:[m[K [01;36m[Knote: [m[Kcandidate: â€˜[01m[Ktemplate<class _IteratorL, class _IteratorR> constexpr decltype ((__y.base() - __x.base())) std::operator-(const std::reverse_iterator<_Iterator>&, const std::reverse_iterator<_IteratorR>&)[m[Kâ€™
  560 |     [01;36m[Koperator[m[K-(const reverse_iterator<_IteratorL>& __x,
      |     [01;36m[K^~~~~~~~[m[K
[01m[K/usr/include/c++/11/bits/stl_iterator.h:560:5:[m[K [01;36m[Knote: [m[K  template argument deduction/substitution failed:
In file included from [01m[K/home/wilhem/NTNU_ROV_COM/sup_com/src/sup_com/src/master_for_demo.cpp:13[m[K:
[01m[K/home/wilhem/NTNU_ROV_COM/sup_com/src/sup_com/src/../../../../lib/janusxsdm/janusxsdm.cpp:860:77:[m[K [01;36m[Knote: [m[K  â€˜[01m[Kstd::chrono::time_point<std::chrono::_V2::system_clock, std::chrono::duration<long int, std::ratio<1, 1000000000> > >[m[Kâ€™ is not derived from â€˜[01m[Kconst std::reverse_iterator<_Iterator>[m[Kâ€™
  860 |    std::chrono::duration<double> elapsed_seconds = end-[01;36m[Kstart[m[K;
      |                                                        [01;36m[K^~~~~[m[K

[01m[K/home/wilhem/NTNU_ROV_COM/sup_com/src/sup_com/src/../../../../lib/janusxsdm/janusxsdm.cpp:833:80:[m[K [01;31m[Kerror: [m[Kno match for â€˜[01m[Koperator-[m[Kâ€™ (operand types are â€˜[01m[Kstd::chrono::time_point<std::chrono::_V2::system_clock, std::chrono::duration<long int, std::ratio<1, 1000000000> > >[m[Kâ€™ and â€˜[01m[Kstd::chrono::_V2::steady_clock::time_point[m[Kâ€™ {aka â€˜[01m[Kstd::chrono::time_point<std::chrono::_V2::steady_clock, std::chrono::duration<long int, std::ratio<1, 1000000000> > >[m[Kâ€™})
  833 |                             std::chrono::duration<double> elapsed_seconds = [32m[Kend[m[K[01;31m[K-[m[K[34m[Kstart[m[K;
      |                                                                             [32m[K~~~[m[K[01;31m[K^[m[K[34m[K~~~~~[m[K
      |                                                                             [32m[K|[m[K   [34m[K|[m[K
      |                                                                             [32m[K|[m[K   [34m[Ktime_point<std::chrono::_V2::steady_clock,[...]>[m[K
      |                                                                             [32m[Ktime_point<std::chrono::_V2::system_clock,[...]>[m[K
In file included from [01m[K/usr/include/c++/11/bits/stl_algobase.h:67[m[K,
                 from [01m[K/usr/include/c++/11/bits/char_traits.h:39[m[K,
                 from [01m[K/usr/include/c++/11/ios:40[m[K,
                 from [01m[K/usr/include/c++/11/ostream:38[m[K,
                 from [01m[K/usr/include/c++/11/iostream:39[m[K,
                 from [01m[K/home/wilhem/NTNU_ROV_COM/sup_com/src/sup_com/src/slave_for_demo.cpp:1[m[K:
[01m[K/usr/include/c++/11/bits/stl_iterator.h:560:5:[m[K [01;36m[Knote: [m[Kcandidate: â€˜[01m[Ktemplate<class _IteratorL, class _IteratorR> constexpr decltype ((__y.base() - __x.base())) std::operator-(const std::reverse_iterator<_Iterator>&, const std::reverse_iterator<_IteratorR>&)[m[Kâ€™
  560 |     [01;36m[Koperator[m[K-(const reverse_iterator<_IteratorL>& __x,
      |     [01;36m[K^~~~~~~~[m[K
In file included from [01m[K/usr/include/c++/11/bits/stl_algobase.h:67[m[K,
                 from [01m[K/usr/include/c++/11/bits/char_traits.h:39[m[K,
                 from [01m[K/usr/include/c++/11/ios:40[m[K,
                 from [01m[K/usr/include/c++/11/ostream:38[m[K,
                 from [01m[K/usr/include/c++/11/iostream:39[m[K,
                 from [01m[K/home/wilhem/NTNU_ROV_COM/sup_com/src/sup_com/src/master_for_demo.cpp:1[m[K:
[01m[K/usr/include/c++/11/bits/stl_iterator.h:1639:5:[m[K [01;36m[Knote: [m[Kcandidate: â€˜[01m[Ktemplate<class _IteratorL, class _IteratorR> constexpr decltype ((__x.base() - __y.base())) std::operator-(const std::move_iterator<_IteratorL>&, const std::move_iterator<_IteratorR>&)[m[Kâ€™
 1639 |     [01;36m[Koperator[m[K-(const move_iterator<_IteratorL>& __x,
      |     [01;36m[K^~~~~~~~[m[K
[01m[K/usr/include/c++/11/bits/stl_iterator.h:1639:5:[m[K [01;36m[Knote: [m[K  template argument deduction/substitution failed:
[01m[K/usr/include/c++/11/bits/stl_iterator.h:560:5:[m[K [01;36m[Knote: [m[K  template argument deduction/substitution failed:
In file included from [01m[K/home/wilhem/NTNU_ROV_COM/sup_com/src/sup_com/src/master_for_demo.cpp:13[m[K:
[01m[K/home/wilhem/NTNU_ROV_COM/sup_com/src/sup_com/src/../../../../lib/janusxsdm/janusxsdm.cpp:860:77:[m[K [01;36m[Knote: [m[K  â€˜[01m[Kstd::chrono::time_point<std::chrono::_V2::system_clock, std::chrono::duration<long int, std::ratio<1, 1000000000> > >[m[Kâ€™ is not derived from â€˜[01m[Kconst std::move_iterator<_IteratorL>[m[Kâ€™
  860 |    std::chrono::duration<double> elapsed_seconds = end-[01;36m[Kstart[m[K;
      |                                                        [01;36m[K^~~~~[m[K

In file included from [01m[K/home/wilhem/NTNU_ROV_COM/sup_com/src/sup_com/src/slave_for_demo.cpp:13[m[K:
[01m[K/home/wilhem/NTNU_ROV_COM/sup_com/src/sup_com/src/../../../../lib/janusxsdm/janusxsdm.cpp:833:81:[m[K [01;36m[Knote: [m[K  â€˜[01m[Kstd::chrono::time_point<std::chrono::_V2::system_clock, std::chrono::duration<long int, std::ratio<1, 1000000000> > >[m[Kâ€™ is not derived from â€˜[01m[Kconst std::reverse_iterator<_Iterator>[m[Kâ€™
  833 |                             std::chrono::duration<double> elapsed_seconds = end-[01;36m[Kstart[m[K;
      |                                                                                 [01;36m[K^~~~~[m[K
In file included from [01m[K/home/wilhem/NTNU_ROV_COM/sup_com/src/sup_com/src/master_for_demo.cpp:6[m[K:
[01m[K/usr/include/c++/11/chrono:660:7:[m[K [01;36m[Knote: [m[Kcandidate: â€˜[01m[Ktemplate<class _Rep1, class _Period1, class _Rep2, class _Period2> constexpr typename std::common_type<std::chrono::duration<_Rep1, _Period1>, std::chrono::duration<_Rep2, _Period2> >::type std::chrono::operator-(const std::chrono::duration<_Rep1, _Period1>&, const std::chrono::duration<_Rep2, _Period2>&)[m[Kâ€™
  660 |       [01;36m[Koperator[m[K-(const duration<_Rep1, _Period1>& __lhs,
      |       [01;36m[K^~~~~~~~[m[K
[01m[K/usr/include/c++/11/chrono:660:7:[m[K [01;36m[Knote: [m[K  template argument deduction/substitution failed:
In file included from [01m[K/home/wilhem/NTNU_ROV_COM/sup_com/src/sup_com/src/master_for_demo.cpp:13[m[K:
[01m[K/home/wilhem/NTNU_ROV_COM/sup_com/src/sup_com/src/../../../../lib/janusxsdm/janusxsdm.cpp:860:77:[m[K [01;36m[Knote: [m[K  â€˜[01m[Kstd::chrono::time_point<std::chrono::_V2::system_clock, std::chrono::duration<long int, std::ratio<1, 1000000000> > >[m[Kâ€™ is not derived from â€˜[01m[Kconst std::chrono::duration<_Rep1, _Period1>[m[Kâ€™
  860 |    std::chrono::duration<double> elapsed_seconds = end-[01;36m[Kstart[m[K;
      |                                                        [01;36m[K^~~~~[m[K

In file included from [01m[K/usr/include/c++/11/bits/stl_algobase.h:67[m[K,
                 from [01m[K/usr/include/c++/11/bits/char_traits.h:39[m[K,
                 from [01m[K/usr/include/c++/11/ios:40[m[K,
                 from [01m[K/usr/include/c++/11/ostream:38[m[K,
                 from [01m[K/usr/include/c++/11/iostream:39[m[K,
                 from [01m[K/home/wilhem/NTNU_ROV_COM/sup_com/src/sup_com/src/slave_for_demo.cpp:1[m[K:
[01m[K/usr/include/c++/11/bits/stl_iterator.h:1639:5:[m[K [01;36m[Knote: [m[Kcandidate: â€˜[01m[Ktemplate<class _IteratorL, class _IteratorR> constexpr decltype ((__x.base() - __y.base())) std::operator-(const std::move_iterator<_IteratorL>&, const std::move_iterator<_IteratorR>&)[m[Kâ€™
 1639 |     [01;36m[Koperator[m[K-(const move_iterator<_IteratorL>& __x,
      |     [01;36m[K^~~~~~~~[m[K
[01m[K/usr/include/c++/11/bits/stl_iterator.h:1639:5:[m[K [01;36m[Knote: [m[K  template argument deduction/substitution failed:
In file included from [01m[K/home/wilhem/NTNU_ROV_COM/sup_com/src/sup_com/src/master_for_demo.cpp:6[m[K:
[01m[K/usr/include/c++/11/chrono:1030:7:[m[K [01;36m[Knote: [m[Kcandidate: â€˜[01m[Ktemplate<class _Clock, class _Dur1, class _Rep2, class _Period2> constexpr std::chrono::time_point<_Clock, typename std::common_type<_Dur1, std::chrono::duration<_Rep2, _Period2> >::type> std::chrono::operator-(const std::chrono::time_point<_Clock, _Duration1>&, const std::chrono::duration<_Rep2, _Period2>&)[m[Kâ€™
 1030 |       [01;36m[Koperator[m[K-(const time_point<_Clock, _Dur1>& __lhs,
      |       [01;36m[K^~~~~~~~[m[K
In file included from [01m[K/home/wilhem/NTNU_ROV_COM/sup_com/src/sup_com/src/slave_for_demo.cpp:13[m[K:
[01m[K/home/wilhem/NTNU_ROV_COM/sup_com/src/sup_com/src/../../../../lib/janusxsdm/janusxsdm.cpp:833:81:[m[K [01;36m[Knote: [m[K  â€˜[01m[Kstd::chrono::time_point<std::chrono::_V2::system_clock, std::chrono::duration<long int, std::ratio<1, 1000000000> > >[m[Kâ€™ is not derived from â€˜[01m[Kconst std::move_iterator<_IteratorL>[m[Kâ€™
  833 |                             std::chrono::duration<double> elapsed_seconds = end-[01;36m[Kstart[m[K;
      |                                                                                 [01;36m[K^~~~~[m[K
[01m[K/usr/include/c++/11/chrono:1030:7:[m[K [01;36m[Knote: [m[K  template argument deduction/substitution failed:
In file included from [01m[K/home/wilhem/NTNU_ROV_COM/sup_com/src/sup_com/src/slave_for_demo.cpp:6[m[K:
[01m[K/usr/include/c++/11/chrono:660:7:[m[K [01;36m[Knote: [m[Kcandidate: â€˜[01m[Ktemplate<class _Rep1, class _Period1, class _Rep2, class _Period2> constexpr typename std::common_type<std::chrono::duration<_Rep1, _Period1>, std::chrono::duration<_Rep2, _Period2> >::type std::chrono::operator-(const std::chrono::duration<_Rep1, _Period1>&, const std::chrono::duration<_Rep2, _Period2>&)[m[Kâ€™
  660 |       [01;36m[Koperator[m[K-(const duration<_Rep1, _Period1>& __lhs,
      |       [01;36m[K^~~~~~~~[m[K
In file included from [01m[K/home/wilhem/NTNU_ROV_COM/sup_com/src/sup_com/src/master_for_demo.cpp:13[m[K:
[01m[K/home/wilhem/NTNU_ROV_COM/sup_com/src/sup_com/src/../../../../lib/janusxsdm/janusxsdm.cpp:860:77:[m[K [01;36m[Knote: [m[K  â€˜[01m[Kstd::chrono::_V2::steady_clock::time_point[m[Kâ€™ {aka â€˜[01m[Kstd::chrono::time_point<std::chrono::_V2::steady_clock, std::chrono::duration<long int, std::ratio<1, 1000000000> > >[m[Kâ€™} is not derived from â€˜[01m[Kconst std::chrono::duration<_Rep2, _Period2>[m[Kâ€™
  860 |    std::chrono::duration<double> elapsed_seconds = end-[01;36m[Kstart[m[K;
      |                                                        [01;36m[K^~~~~[m[K

[01m[K/usr/include/c++/11/chrono:660:7:[m[K [01;36m[Knote: [m[K  template argument deduction/substitution failed:
In file included from [01m[K/home/wilhem/NTNU_ROV_COM/sup_com/src/sup_com/src/master_for_demo.cpp:6[m[K:
[01m[K/usr/include/c++/11/chrono:1042:7:[m[K [01;36m[Knote: [m[Kcandidate: â€˜[01m[Ktemplate<class _Clock, class _Dur1, class _Dur2> constexpr typename std::common_type<_Duration1, _Duration2>::type std::chrono::operator-(const std::chrono::time_point<_Clock, _Duration1>&, const std::chrono::time_point<_Clock, _Duration2>&)[m[Kâ€™
 1042 |       [01;36m[Koperator[m[K-(const time_point<_Clock, _Dur1>& __lhs,
      |       [01;36m[K^~~~~~~~[m[K
In file included from [01m[K/home/wilhem/NTNU_ROV_COM/sup_com/src/sup_com/src/slave_for_demo.cpp:13[m[K:
[01m[K/home/wilhem/NTNU_ROV_COM/sup_com/src/sup_com/src/../../../../lib/janusxsdm/janusxsdm.cpp:833:81:[m[K [01;36m[Knote: [m[K  â€˜[01m[Kstd::chrono::time_point<std::chrono::_V2::system_clock, std::chrono::duration<long int, std::ratio<1, 1000000000> > >[m[Kâ€™ is not derived from â€˜[01m[Kconst std::chrono::duration<_Rep1, _Period1>[m[Kâ€™
  833 |                             std::chrono::duration<double> elapsed_seconds = end-[01;36m[Kstart[m[K;
      |                                                                                 [01;36m[K^~~~~[m[K
[01m[K/usr/include/c++/11/chrono:1042:7:[m[K [01;36m[Knote: [m[K  template argument deduction/substitution failed:
In file included from [01m[K/home/wilhem/NTNU_ROV_COM/sup_com/src/sup_com/src/master_for_demo.cpp:13[m[K:
[01m[K/home/wilhem/NTNU_ROV_COM/sup_com/src/sup_com/src/../../../../lib/janusxsdm/janusxsdm.cpp:860:77:[m[K [01;36m[Knote: [m[K  deduced conflicting types for parameter â€˜[01m[K_Clock[m[Kâ€™ (â€˜[01m[Kstd::chrono::_V2::system_clock[m[Kâ€™ and â€˜[01m[Kstd::chrono::_V2::steady_clock[m[Kâ€™)
  860 |    std::chrono::duration<double> elapsed_seconds = end-[01;36m[Kstart[m[K;
      |                                                        [01;36m[K^~~~~[m[K

In file included from [01m[K/home/wilhem/NTNU_ROV_COM/sup_com/src/sup_com/src/slave_for_demo.cpp:6[m[K:
[01m[K/usr/include/c++/11/chrono:1030:7:[m[K [01;36m[Knote: [m[Kcandidate: â€˜[01m[Ktemplate<class _Clock, class _Dur1, class _Rep2, class _Period2> constexpr std::chrono::time_point<_Clock, typename std::common_type<_Dur1, std::chrono::duration<_Rep2, _Period2> >::type> std::chrono::operator-(const std::chrono::time_point<_Clock, _Duration1>&, const std::chrono::duration<_Rep2, _Period2>&)[m[Kâ€™
 1030 |       [01;36m[Koperator[m[K-(const time_point<_Clock, _Dur1>& __lhs,
      |       [01;36m[K^~~~~~~~[m[K
[01m[K/usr/include/c++/11/chrono:1030:7:[m[K [01;36m[Knote: [m[K  template argument deduction/substitution failed:
In file included from [01m[K/home/wilhem/NTNU_ROV_COM/sup_com/src/sup_com/src/slave_for_demo.cpp:13[m[K:
[01m[K/home/wilhem/NTNU_ROV_COM/sup_com/src/sup_com/src/../../../../lib/janusxsdm/janusxsdm.cpp:833:81:[m[K [01;36m[Knote: [m[K  â€˜[01m[Kstd::chrono::_V2::steady_clock::time_point[m[Kâ€™ {aka â€˜[01m[Kstd::chrono::time_point<std::chrono::_V2::steady_clock, std::chrono::duration<long int, std::ratio<1, 1000000000> > >[m[Kâ€™} is not derived from â€˜[01m[Kconst std::chrono::duration<_Rep2, _Period2>[m[Kâ€™
  833 |                             std::chrono::duration<double> elapsed_seconds = end-[01;36m[Kstart[m[K;
      |                                                                                 [01;36m[K^~~~~[m[K
In file included from [01m[K/home/wilhem/NTNU_ROV_COM/sup_com/src/sup_com/src/slave_for_demo.cpp:6[m[K:
[01m[K/usr/include/c++/11/chrono:1042:7:[m[K [01;36m[Knote: [m[Kcandidate: â€˜[01m[Ktemplate<class _Clock, class _Dur1, class _Dur2> constexpr typename std::common_type<_Duration1, _Duration2>::type std::chrono::operator-(const std::chrono::time_point<_Clock, _Duration1>&, const std::chrono::time_point<_Clock, _Duration2>&)[m[Kâ€™
 1042 |       [01;36m[Koperator[m[K-(const time_point<_Clock, _Dur1>& __lhs,
      |       [01;36m[K^~~~~~~~[m[K
[01m[K/usr/include/c++/11/chrono:1042:7:[m[K [01;36m[Knote: [m[K  template argument deduction/substitution failed:
In file included from [01m[K/home/wilhem/NTNU_ROV_COM/sup_com/src/sup_com/src/slave_for_demo.cpp:13[m[K:
[01m[K/home/wilhem/NTNU_ROV_COM/sup_com/src/sup_com/src/../../../../lib/janusxsdm/janusxsdm.cpp:833:81:[m[K [01;36m[Knote: [m[K  deduced conflicting types for parameter â€˜[01m[K_Clock[m[Kâ€™ (â€˜[01m[Kstd::chrono::_V2::system_clock[m[Kâ€™ and â€˜[01m[Kstd::chrono::_V2::steady_clock[m[Kâ€™)
  833 |                             std::chrono::duration<double> elapsed_seconds = end-[01;36m[Kstart[m[K;
      |                                                                                 [01;36m[K^~~~~[m[K
[01m[K/home/wilhem/NTNU_ROV_COM/sup_com/src/sup_com/src/../../../../lib/janusxsdm/janusxsdm.cpp:846:76:[m[K [01;31m[Kerror: [m[Kno match for â€˜[01m[Koperator-[m[Kâ€™ (operand types are â€˜[01m[Kstd::chrono::time_point<std::chrono::_V2::system_clock, std::chrono::duration<long int, std::ratio<1, 1000000000> > >[m[Kâ€™ and â€˜[01m[Kstd::chrono::_V2::steady_clock::time_point[m[Kâ€™ {aka â€˜[01m[Kstd::chrono::time_point<std::chrono::_V2::steady_clock, std::chrono::duration<long int, std::ratio<1, 1000000000> > >[m[Kâ€™})
  846 |                         std::chrono::duration<double> elapsed_seconds = [32m[Kend[m[K[01;31m[K-[m[K[34m[Kstart[m[K;
      |                                                                         [32m[K~~~[m[K[01;31m[K^[m[K[34m[K~~~~~[m[K
      |                                                                         [32m[K|[m[K   [34m[K|[m[K
      |                                                                         [32m[K|[m[K   [34m[Ktime_point<std::chrono::_V2::steady_clock,[...]>[m[K
      |                                                                         [32m[Ktime_point<std::chrono::_V2::system_clock,[...]>[m[K
In file included from [01m[K/usr/include/c++/11/bits/stl_algobase.h:67[m[K,
                 from [01m[K/usr/include/c++/11/bits/char_traits.h:39[m[K,
                 from [01m[K/usr/include/c++/11/ios:40[m[K,
                 from [01m[K/usr/include/c++/11/ostream:38[m[K,
                 from [01m[K/usr/include/c++/11/iostream:39[m[K,
                 from [01m[K/home/wilhem/NTNU_ROV_COM/sup_com/src/sup_com/src/slave_for_demo.cpp:1[m[K:
[01m[K/usr/include/c++/11/bits/stl_iterator.h:560:5:[m[K [01;36m[Knote: [m[Kcandidate: â€˜[01m[Ktemplate<class _IteratorL, class _IteratorR> constexpr decltype ((__y.base() - __x.base())) std::operator-(const std::reverse_iterator<_Iterator>&, const std::reverse_iterator<_IteratorR>&)[m[Kâ€™
  560 |     [01;36m[Koperator[m[K-(const reverse_iterator<_IteratorL>& __x,
      |     [01;36m[K^~~~~~~~[m[K
[01m[K/usr/include/c++/11/bits/stl_iterator.h:560:5:[m[K [01;36m[Knote: [m[K  template argument deduction/substitution failed:
In file included from [01m[K/home/wilhem/NTNU_ROV_COM/sup_com/src/sup_com/src/slave_for_demo.cpp:13[m[K:
[01m[K/home/wilhem/NTNU_ROV_COM/sup_com/src/sup_com/src/../../../../lib/janusxsdm/janusxsdm.cpp:846:77:[m[K [01;36m[Knote: [m[K  â€˜[01m[Kstd::chrono::time_point<std::chrono::_V2::system_clock, std::chrono::duration<long int, std::ratio<1, 1000000000> > >[m[Kâ€™ is not derived from â€˜[01m[Kconst std::reverse_iterator<_Iterator>[m[Kâ€™
  846 |                         std::chrono::duration<double> elapsed_seconds = end-[01;36m[Kstart[m[K;
      |                                                                             [01;36m[K^~~~~[m[K
In file included from [01m[K/usr/include/c++/11/bits/stl_algobase.h:67[m[K,
                 from [01m[K/usr/include/c++/11/bits/char_traits.h:39[m[K,
                 from [01m[K/usr/include/c++/11/ios:40[m[K,
                 from [01m[K/usr/include/c++/11/ostream:38[m[K,
                 from [01m[K/usr/include/c++/11/iostream:39[m[K,
                 from [01m[K/home/wilhem/NTNU_ROV_COM/sup_com/src/sup_com/src/slave_for_demo.cpp:1[m[K:
[01m[K/usr/include/c++/11/bits/stl_iterator.h:1639:5:[m[K [01;36m[Knote: [m[Kcandidate: â€˜[01m[Ktemplate<class _IteratorL, class _IteratorR> constexpr decltype ((__x.base() - __y.base())) std::operator-(const std::move_iterator<_IteratorL>&, const std::move_iterator<_IteratorR>&)[m[Kâ€™
 1639 |     [01;36m[Koperator[m[K-(const move_iterator<_IteratorL>& __x,
      |     [01;36m[K^~~~~~~~[m[K
[01m[K/usr/include/c++/11/bits/stl_iterator.h:1639:5:[m[K [01;36m[Knote: [m[K  template argument deduction/substitution failed:
In file included from [01m[K/home/wilhem/NTNU_ROV_COM/sup_com/src/sup_com/src/slave_for_demo.cpp:13[m[K:
[01m[K/home/wilhem/NTNU_ROV_COM/sup_com/src/sup_com/src/../../../../lib/janusxsdm/janusxsdm.cpp:846:77:[m[K [01;36m[Knote: [m[K  â€˜[01m[Kstd::chrono::time_point<std::chrono::_V2::system_clock, std::chrono::duration<long int, std::ratio<1, 1000000000> > >[m[Kâ€™ is not derived from â€˜[01m[Kconst std::move_iterator<_IteratorL>[m[Kâ€™
  846 |                         std::chrono::duration<double> elapsed_seconds = end-[01;36m[Kstart[m[K;
      |                                                                             [01;36m[K^~~~~[m[K
In file included from [01m[K/home/wilhem/NTNU_ROV_COM/sup_com/src/sup_com/src/slave_for_demo.cpp:6[m[K:
[01m[K/usr/include/c++/11/chrono:660:7:[m[K [01;36m[Knote: [m[Kcandidate: â€˜[01m[Ktemplate<class _Rep1, class _Period1, class _Rep2, class _Period2> constexpr typename std::common_type<std::chrono::duration<_Rep1, _Period1>, std::chrono::duration<_Rep2, _Period2> >::type std::chrono::operator-(const std::chrono::duration<_Rep1, _Period1>&, const std::chrono::duration<_Rep2, _Period2>&)[m[Kâ€™
  660 |       [01;36m[Koperator[m[K-(const duration<_Rep1, _Period1>& __lhs,
      |       [01;36m[K^~~~~~~~[m[K
[01m[K/usr/include/c++/11/chrono:660:7:[m[K [01;36m[Knote: [m[K  template argument deduction/substitution failed:
In file included from [01m[K/home/wilhem/NTNU_ROV_COM/sup_com/src/sup_com/src/slave_for_demo.cpp:13[m[K:
[01m[K/home/wilhem/NTNU_ROV_COM/sup_com/src/sup_com/src/../../../../lib/janusxsdm/janusxsdm.cpp:846:77:[m[K [01;36m[Knote: [m[K  â€˜[01m[Kstd::chrono::time_point<std::chrono::_V2::system_clock, std::chrono::duration<long int, std::ratio<1, 1000000000> > >[m[Kâ€™ is not derived from â€˜[01m[Kconst std::chrono::duration<_Rep1, _Period1>[m[Kâ€™
  846 |                         std::chrono::duration<double> elapsed_seconds = end-[01;36m[Kstart[m[K;
      |                                                                             [01;36m[K^~~~~[m[K
In file included from [01m[K/home/wilhem/NTNU_ROV_COM/sup_com/src/sup_com/src/slave_for_demo.cpp:6[m[K:
[01m[K/usr/include/c++/11/chrono:1030:7:[m[K [01;36m[Knote: [m[Kcandidate: â€˜[01m[Ktemplate<class _Clock, class _Dur1, class _Rep2, class _Period2> constexpr std::chrono::time_point<_Clock, typename std::common_type<_Dur1, std::chrono::duration<_Rep2, _Period2> >::type> std::chrono::operator-(const std::chrono::time_point<_Clock, _Duration1>&, const std::chrono::duration<_Rep2, _Period2>&)[m[Kâ€™
 1030 |       [01;36m[Koperator[m[K-(const time_point<_Clock, _Dur1>& __lhs,
      |       [01;36m[K^~~~~~~~[m[K
[01m[K/usr/include/c++/11/chrono:1030:7:[m[K [01;36m[Knote: [m[K  template argument deduction/substitution failed:
In file included from [01m[K/home/wilhem/NTNU_ROV_COM/sup_com/src/sup_com/src/slave_for_demo.cpp:13[m[K:
[01m[K/home/wilhem/NTNU_ROV_COM/sup_com/src/sup_com/src/../../../../lib/janusxsdm/janusxsdm.cpp:846:77:[m[K [01;36m[Knote: [m[K  â€˜[01m[Kstd::chrono::_V2::steady_clock::time_point[m[Kâ€™ {aka â€˜[01m[Kstd::chrono::time_point<std::chrono::_V2::steady_clock, std::chrono::duration<long int, std::ratio<1, 1000000000> > >[m[Kâ€™} is not derived from â€˜[01m[Kconst std::chrono::duration<_Rep2, _Period2>[m[Kâ€™
  846 |                         std::chrono::duration<double> elapsed_seconds = end-[01;36m[Kstart[m[K;
      |                                                                             [01;36m[K^~~~~[m[K
In file included from [01m[K/home/wilhem/NTNU_ROV_COM/sup_com/src/sup_com/src/slave_for_demo.cpp:6[m[K:
[01m[K/usr/include/c++/11/chrono:1042:7:[m[K [01;36m[Knote: [m[Kcandidate: â€˜[01m[Ktemplate<class _Clock, class _Dur1, class _Dur2> constexpr typename std::common_type<_Duration1, _Duration2>::type std::chrono::operator-(const std::chrono::time_point<_Clock, _Duration1>&, const std::chrono::time_point<_Clock, _Duration2>&)[m[Kâ€™
 1042 |       [01;36m[Koperator[m[K-(const time_point<_Clock, _Dur1>& __lhs,
      |       [01;36m[K^~~~~~~~[m[K
[01m[K/usr/include/c++/11/chrono:1042:7:[m[K [01;36m[Knote: [m[K  template argument deduction/substitution failed:
In file included from [01m[K/home/wilhem/NTNU_ROV_COM/sup_com/src/sup_com/src/slave_for_demo.cpp:13[m[K:
[01m[K/home/wilhem/NTNU_ROV_COM/sup_com/src/sup_com/src/../../../../lib/janusxsdm/janusxsdm.cpp:846:77:[m[K [01;36m[Knote: [m[K  deduced conflicting types for parameter â€˜[01m[K_Clock[m[Kâ€™ (â€˜[01m[Kstd::chrono::_V2::system_clock[m[Kâ€™ and â€˜[01m[Kstd::chrono::_V2::steady_clock[m[Kâ€™)
  846 |                         std::chrono::duration<double> elapsed_seconds = end-[01;36m[Kstart[m[K;
      |                                                                             [01;36m[K^~~~~[m[K
[01m[K/home/wilhem/NTNU_ROV_COM/sup_com/src/sup_com/src/../../../../lib/janusxsdm/janusxsdm.cpp:875:76:[m[K [01;31m[Kerror: [m[Kno match for â€˜[01m[Koperator-[m[Kâ€™ (operand types are â€˜[01m[Kstd::chrono::time_point<std::chrono::_V2::system_clock, std::chrono::duration<long int, std::ratio<1, 1000000000> > >[m[Kâ€™ and â€˜[01m[Kstd::chrono::_V2::steady_clock::time_point[m[Kâ€™ {aka â€˜[01m[Kstd::chrono::time_point<std::chrono::_V2::steady_clock, std::chrono::duration<long int, std::ratio<1, 1000000000> > >[m[Kâ€™})
  875 |    std::chrono::duration<double> elapsed_seconds = [32m[Kend[m[K[01;31m[K-[m[K[34m[Kstart[m[K;
      |                                                    [32m[K~~~[m[K[01;31m[K^[m[K[34m[K~~~~~[m[K
      |                                                    [32m[K|[m[K   [34m[K|[m[K
      |                                                    [32m[K|[m[K   [34m[Ktime_point<std::chrono::_V2::steady_clock,[...]>[m[K
      |                                                    [32m[Ktime_point<std::chrono::_V2::system_clock,[...]>[m[K

In file included from [01m[K/usr/include/c++/11/bits/stl_algobase.h:67[m[K,
                 from [01m[K/usr/include/c++/11/bits/char_traits.h:39[m[K,
                 from [01m[K/usr/include/c++/11/ios:40[m[K,
                 from [01m[K/usr/include/c++/11/ostream:38[m[K,
                 from [01m[K/usr/include/c++/11/iostream:39[m[K,
                 from [01m[K/home/wilhem/NTNU_ROV_COM/sup_com/src/sup_com/src/master_for_demo.cpp:1[m[K:
[01m[K/usr/include/c++/11/bits/stl_iterator.h:560:5:[m[K [01;36m[Knote: [m[Kcandidate: â€˜[01m[Ktemplate<class _IteratorL, class _IteratorR> constexpr decltype ((__y.base() - __x.base())) std::operator-(const std::reverse_iterator<_Iterator>&, const std::reverse_iterator<_IteratorR>&)[m[Kâ€™
  560 |     [01;36m[Koperator[m[K-(const reverse_iterator<_IteratorL>& __x,
      |     [01;36m[K^~~~~~~~[m[K
[01m[K/usr/include/c++/11/bits/stl_iterator.h:560:5:[m[K [01;36m[Knote: [m[K  template argument deduction/substitution failed:
In file included from [01m[K/home/wilhem/NTNU_ROV_COM/sup_com/src/sup_com/src/master_for_demo.cpp:13[m[K:
[01m[K/home/wilhem/NTNU_ROV_COM/sup_com/src/sup_com/src/../../../../lib/janusxsdm/janusxsdm.cpp:875:77:[m[K [01;36m[Knote: [m[K  â€˜[01m[Kstd::chrono::time_point<std::chrono::_V2::system_clock, std::chrono::duration<long int, std::ratio<1, 1000000000> > >[m[Kâ€™ is not derived from â€˜[01m[Kconst std::reverse_iterator<_Iterator>[m[Kâ€™
  875 |    std::chrono::duration<double> elapsed_seconds = end-[01;36m[Kstart[m[K;
      |                                                        [01;36m[K^~~~~[m[K

In file included from [01m[K/usr/include/c++/11/bits/stl_algobase.h:67[m[K,
                 from [01m[K/usr/include/c++/11/bits/char_traits.h:39[m[K,
                 from [01m[K/usr/include/c++/11/ios:40[m[K,
                 from [01m[K/usr/include/c++/11/ostream:38[m[K,
                 from [01m[K/usr/include/c++/11/iostream:39[m[K,
                 from [01m[K/home/wilhem/NTNU_ROV_COM/sup_com/src/sup_com/src/master_for_demo.cpp:1[m[K:
[01m[K/usr/include/c++/11/bits/stl_iterator.h:1639:5:[m[K [01;36m[Knote: [m[Kcandidate: â€˜[01m[Ktemplate<class _IteratorL, class _IteratorR> constexpr decltype ((__x.base() - __y.base())) std::operator-(const std::move_iterator<_IteratorL>&, const std::move_iterator<_IteratorR>&)[m[Kâ€™
 1639 |     [01;36m[Koperator[m[K-(const move_iterator<_IteratorL>& __x,
      |     [01;36m[K^~~~~~~~[m[K
[01m[K/usr/include/c++/11/bits/stl_iterator.h:1639:5:[m[K [01;36m[Knote: [m[K  template argument deduction/substitution failed:
In file included from [01m[K/home/wilhem/NTNU_ROV_COM/sup_com/src/sup_com/src/master_for_demo.cpp:13[m[K:
[01m[K/home/wilhem/NTNU_ROV_COM/sup_com/src/sup_com/src/../../../../lib/janusxsdm/janusxsdm.cpp:875:77:[m[K [01;36m[Knote: [m[K  â€˜[01m[Kstd::chrono::time_point<std::chrono::_V2::system_clock, std::chrono::duration<long int, std::ratio<1, 1000000000> > >[m[Kâ€™ is not derived from â€˜[01m[Kconst std::move_iterator<_IteratorL>[m[Kâ€™
  875 |    std::chrono::duration<double> elapsed_seconds = end-[01;36m[Kstart[m[K;
      |                                                        [01;36m[K^~~~~[m[K

In file included from [01m[K/home/wilhem/NTNU_ROV_COM/sup_com/src/sup_com/src/master_for_demo.cpp:6[m[K:
[01m[K/usr/include/c++/11/chrono:660:7:[m[K [01;36m[Knote: [m[Kcandidate: â€˜[01m[Ktemplate<class _Rep1, class _Period1, class _Rep2, class _Period2> constexpr typename std::common_type<std::chrono::duration<_Rep1, _Period1>, std::chrono::duration<_Rep2, _Period2> >::type std::chrono::operator-(const std::chrono::duration<_Rep1, _Period1>&, const std::chrono::duration<_Rep2, _Period2>&)[m[Kâ€™
  660 |       [01;36m[Koperator[m[K-(const duration<_Rep1, _Period1>& __lhs,
      |       [01;36m[K^~~~~~~~[m[K
[01m[K/usr/include/c++/11/chrono:660:7:[m[K [01;36m[Knote: [m[K  template argument deduction/substitution failed:
In file included from [01m[K/home/wilhem/NTNU_ROV_COM/sup_com/src/sup_com/src/master_for_demo.cpp:13[m[K:
[01m[K/home/wilhem/NTNU_ROV_COM/sup_com/src/sup_com/src/../../../../lib/janusxsdm/janusxsdm.cpp:875:77:[m[K [01;36m[Knote: [m[K  â€˜[01m[Kstd::chrono::time_point<std::chrono::_V2::system_clock, std::chrono::duration<long int, std::ratio<1, 1000000000> > >[m[Kâ€™ is not derived from â€˜[01m[Kconst std::chrono::duration<_Rep1, _Period1>[m[Kâ€™
  875 |    std::chrono::duration<double> elapsed_seconds = end-[01;36m[Kstart[m[K;
      |                                                        [01;36m[K^~~~~[m[K

In file included from [01m[K/home/wilhem/NTNU_ROV_COM/sup_com/src/sup_com/src/master_for_demo.cpp:6[m[K:
[01m[K/usr/include/c++/11/chrono:1030:7:[m[K [01;36m[Knote: [m[Kcandidate: â€˜[01m[Ktemplate<class _Clock, class _Dur1, class _Rep2, class _Period2> constexpr std::chrono::time_point<_Clock, typename std::common_type<_Dur1, std::chrono::duration<_Rep2, _Period2> >::type> std::chrono::operator-(const std::chrono::time_point<_Clock, _Duration1>&, const std::chrono::duration<_Rep2, _Period2>&)[m[Kâ€™
 1030 |       [01;36m[Koperator[m[K-(const time_point<_Clock, _Dur1>& __lhs,
      |       [01;36m[K^~~~~~~~[m[K
[01m[K/usr/include/c++/11/chrono:1030:7:[m[K [01;36m[Knote: [m[K  template argument deduction/substitution failed:
In file included from [01m[K/home/wilhem/NTNU_ROV_COM/sup_com/src/sup_com/src/master_for_demo.cpp:13[m[K:
[01m[K/home/wilhem/NTNU_ROV_COM/sup_com/src/sup_com/src/../../../../lib/janusxsdm/janusxsdm.cpp:875:77:[m[K [01;36m[Knote: [m[K  â€˜[01m[Kstd::chrono::_V2::steady_clock::time_point[m[Kâ€™ {aka â€˜[01m[Kstd::chrono::time_point<std::chrono::_V2::steady_clock, std::chrono::duration<long int, std::ratio<1, 1000000000> > >[m[Kâ€™} is not derived from â€˜[01m[Kconst std::chrono::duration<_Rep2, _Period2>[m[Kâ€™
  875 |    std::chrono::duration<double> elapsed_seconds = end-[01;36m[Kstart[m[K;
      |                                                        [01;36m[K^~~~~[m[K

In file included from [01m[K/home/wilhem/NTNU_ROV_COM/sup_com/src/sup_com/src/master_for_demo.cpp:6[m[K:
[01m[K/usr/include/c++/11/chrono:1042:7:[m[K [01;36m[Knote: [m[Kcandidate: â€˜[01m[Ktemplate<class _Clock, class _Dur1, class _Dur2> constexpr typename std::common_type<_Duration1, _Duration2>::type std::chrono::operator-(const std::chrono::time_point<_Clock, _Duration1>&, const std::chrono::time_point<_Clock, _Duration2>&)[m[Kâ€™
 1042 |       [01;36m[Koperator[m[K-(const time_point<_Clock, _Dur1>& __lhs,
      |       [01;36m[K^~~~~~~~[m[K
[01m[K/usr/include/c++/11/chrono:1042:7:[m[K [01;36m[Knote: [m[K  template argument deduction/substitution failed:
In file included from [01m[K/home/wilhem/NTNU_ROV_COM/sup_com/src/sup_com/src/master_for_demo.cpp:13[m[K:
[01m[K/home/wilhem/NTNU_ROV_COM/sup_com/src/sup_com/src/../../../../lib/janusxsdm/janusxsdm.cpp:875:77:[m[K [01;36m[Knote: [m[K  deduced conflicting types for parameter â€˜[01m[K_Clock[m[Kâ€™ (â€˜[01m[Kstd::chrono::_V2::system_clock[m[Kâ€™ and â€˜[01m[Kstd::chrono::_V2::steady_clock[m[Kâ€™)
  875 |    std::chrono::duration<double> elapsed_seconds = end-[01;36m[Kstart[m[K;
      |                                                        [01;36m[K^~~~~[m[K

[01m[K/home/wilhem/NTNU_ROV_COM/sup_com/src/sup_com/src/../../../../lib/janusxsdm/janusxsdm.cpp:860:76:[m[K [01;31m[Kerror: [m[Kno match for â€˜[01m[Koperator-[m[Kâ€™ (operand types are â€˜[01m[Kstd::chrono::time_point<std::chrono::_V2::system_clock, std::chrono::duration<long int, std::ratio<1, 1000000000> > >[m[Kâ€™ and â€˜[01m[Kstd::chrono::_V2::steady_clock::time_point[m[Kâ€™ {aka â€˜[01m[Kstd::chrono::time_point<std::chrono::_V2::steady_clock, std::chrono::duration<long int, std::ratio<1, 1000000000> > >[m[Kâ€™})
  860 |                         std::chrono::duration<double> elapsed_seconds = [32m[Kend[m[K[01;31m[K-[m[K[34m[Kstart[m[K;
      |                                                                         [32m[K~~~[m[K[01;31m[K^[m[K[34m[K~~~~~[m[K
      |                                                                         [32m[K|[m[K   [34m[K|[m[K
      |                                                                         [32m[K|[m[K   [34m[Ktime_point<std::chrono::_V2::steady_clock,[...]>[m[K
      |                                                                         [32m[Ktime_point<std::chrono::_V2::system_clock,[...]>[m[K
In file included from [01m[K/usr/include/c++/11/bits/stl_algobase.h:67[m[K,
                 from [01m[K/usr/include/c++/11/bits/char_traits.h:39[m[K,
                 from [01m[K/usr/include/c++/11/ios:40[m[K,
                 from [01m[K/usr/include/c++/11/ostream:38[m[K,
                 from [01m[K/usr/include/c++/11/iostream:39[m[K,
                 from [01m[K/home/wilhem/NTNU_ROV_COM/sup_com/src/sup_com/src/slave_for_demo.cpp:1[m[K:
[01m[K/usr/include/c++/11/bits/stl_iterator.h:560:5:[m[K [01;36m[Knote: [m[Kcandidate: â€˜[01m[Ktemplate<class _IteratorL, class _IteratorR> constexpr decltype ((__y.base() - __x.base())) std::operator-(const std::reverse_iterator<_Iterator>&, const std::reverse_iterator<_IteratorR>&)[m[Kâ€™
  560 |     [01;36m[Koperator[m[K-(const reverse_iterator<_IteratorL>& __x,
      |     [01;36m[K^~~~~~~~[m[K
[01m[K/usr/include/c++/11/bits/stl_iterator.h:560:5:[m[K [01;36m[Knote: [m[K  template argument deduction/substitution failed:
In file included from [01m[K/home/wilhem/NTNU_ROV_COM/sup_com/src/sup_com/src/slave_for_demo.cpp:13[m[K:
[01m[K/home/wilhem/NTNU_ROV_COM/sup_com/src/sup_com/src/../../../../lib/janusxsdm/janusxsdm.cpp:860:77:[m[K [01;36m[Knote: [m[K  â€˜[01m[Kstd::chrono::time_point<std::chrono::_V2::system_clock, std::chrono::duration<long int, std::ratio<1, 1000000000> > >[m[Kâ€™ is not derived from â€˜[01m[Kconst std::reverse_iterator<_Iterator>[m[Kâ€™
  860 |                         std::chrono::duration<double> elapsed_seconds = end-[01;36m[Kstart[m[K;
      |                                                                             [01;36m[K^~~~~[m[K
In file included from [01m[K/usr/include/c++/11/bits/stl_algobase.h:67[m[K,
                 from [01m[K/usr/include/c++/11/bits/char_traits.h:39[m[K,
                 from [01m[K/usr/include/c++/11/ios:40[m[K,
                 from [01m[K/usr/include/c++/11/ostream:38[m[K,
                 from [01m[K/usr/include/c++/11/iostream:39[m[K,
                 from [01m[K/home/wilhem/NTNU_ROV_COM/sup_com/src/sup_com/src/slave_for_demo.cpp:1[m[K:
[01m[K/usr/include/c++/11/bits/stl_iterator.h:1639:5:[m[K [01;36m[Knote: [m[Kcandidate: â€˜[01m[Ktemplate<class _IteratorL, class _IteratorR> constexpr decltype ((__x.base() - __y.base())) std::operator-(const std::move_iterator<_IteratorL>&, const std::move_iterator<_IteratorR>&)[m[Kâ€™
 1639 |     [01;36m[Koperator[m[K-(const move_iterator<_IteratorL>& __x,
      |     [01;36m[K^~~~~~~~[m[K
[01m[K/usr/include/c++/11/bits/stl_iterator.h:1639:5:[m[K [01;36m[Knote: [m[K  template argument deduction/substitution failed:
In file included from [01m[K/home/wilhem/NTNU_ROV_COM/sup_com/src/sup_com/src/slave_for_demo.cpp:13[m[K:
[01m[K/home/wilhem/NTNU_ROV_COM/sup_com/src/sup_com/src/../../../../lib/janusxsdm/janusxsdm.cpp:860:77:[m[K [01;36m[Knote: [m[K  â€˜[01m[Kstd::chrono::time_point<std::chrono::_V2::system_clock, std::chrono::duration<long int, std::ratio<1, 1000000000> > >[m[Kâ€™ is not derived from â€˜[01m[Kconst std::move_iterator<_IteratorL>[m[Kâ€™
  860 |                         std::chrono::duration<double> elapsed_seconds = end-[01;36m[Kstart[m[K;
      |                                                                             [01;36m[K^~~~~[m[K
[01m[K/home/wilhem/NTNU_ROV_COM/sup_com/src/sup_com/src/../../../../lib/janusxsdm/janusxsdm.cpp:895:68:[m[K [01;31m[Kerror: [m[Kno match for â€˜[01m[Koperator-[m[Kâ€™ (operand types are â€˜[01m[Kstd::chrono::time_point<std::chrono::_V2::system_clock, std::chrono::duration<long int, std::ratio<1, 1000000000> > >[m[Kâ€™ and â€˜[01m[Kstd::chrono::_V2::steady_clock::time_point[m[Kâ€™ {aka â€˜[01m[Kstd::chrono::time_point<std::chrono::_V2::steady_clock, std::chrono::duration<long int, std::ratio<1, 1000000000> > >[m[Kâ€™})
  895 |    std::chrono::duration<double> elapsed_seconds = [32m[Kend[m[K[01;31m[K-[m[K[34m[Kstart[m[K;
      |                                                    [32m[K~~~[m[K[01;31m[K^[m[K[34m[K~~~~~[m[K
      |                                                    [32m[K|[m[K   [34m[K|[m[K
      |                                                    [32m[K|[m[K   [34m[Ktime_point<std::chrono::_V2::steady_clock,[...]>[m[K
      |                                                    [32m[Ktime_point<std::chrono::_V2::system_clock,[...]>[m[K

In file included from [01m[K/home/wilhem/NTNU_ROV_COM/sup_com/src/sup_com/src/slave_for_demo.cpp:6[m[K:
[01m[K/usr/include/c++/11/chrono:660:7:[m[K [01;36m[Knote: [m[Kcandidate: â€˜[01m[Ktemplate<class _Rep1, class _Period1, class _Rep2, class _Period2> constexpr typename std::common_type<std::chrono::duration<_Rep1, _Period1>, std::chrono::duration<_Rep2, _Period2> >::type std::chrono::operator-(const std::chrono::duration<_Rep1, _Period1>&, const std::chrono::duration<_Rep2, _Period2>&)[m[Kâ€™
  660 |       [01;36m[Koperator[m[K-(const duration<_Rep1, _Period1>& __lhs,
      |       [01;36m[K^~~~~~~~[m[K
[01m[K/usr/include/c++/11/chrono:660:7:[m[K [01;36m[Knote: [m[K  template argument deduction/substitution failed:
In file included from [01m[K/usr/include/c++/11/bits/stl_algobase.h:67[m[K,
                 from [01m[K/usr/include/c++/11/bits/char_traits.h:39[m[K,
                 from [01m[K/usr/include/c++/11/ios:40[m[K,
                 from [01m[K/usr/include/c++/11/ostream:38[m[K,
                 from [01m[K/usr/include/c++/11/iostream:39[m[K,
                 from [01m[K/home/wilhem/NTNU_ROV_COM/sup_com/src/sup_com/src/master_for_demo.cpp:1[m[K:
[01m[K/usr/include/c++/11/bits/stl_iterator.h:560:5:[m[K [01;36m[Knote: [m[Kcandidate: â€˜[01m[Ktemplate<class _IteratorL, class _IteratorR> constexpr decltype ((__y.base() - __x.base())) std::operator-(const std::reverse_iterator<_Iterator>&, const std::reverse_iterator<_IteratorR>&)[m[Kâ€™
  560 |     [01;36m[Koperator[m[K-(const reverse_iterator<_IteratorL>& __x,
      |     [01;36m[K^~~~~~~~[m[K
[01m[K/usr/include/c++/11/bits/stl_iterator.h:560:5:[m[K [01;36m[Knote: [m[K  template argument deduction/substitution failed:
In file included from [01m[K/home/wilhem/NTNU_ROV_COM/sup_com/src/sup_com/src/slave_for_demo.cpp:13[m[K:
[01m[K/home/wilhem/NTNU_ROV_COM/sup_com/src/sup_com/src/../../../../lib/janusxsdm/janusxsdm.cpp:860:77:[m[K [01;36m[Knote: [m[K  â€˜[01m[Kstd::chrono::time_point<std::chrono::_V2::system_clock, std::chrono::duration<long int, std::ratio<1, 1000000000> > >[m[Kâ€™ is not derived from â€˜[01m[Kconst std::chrono::duration<_Rep1, _Period1>[m[Kâ€™
  860 |                         std::chrono::duration<double> elapsed_seconds = end-[01;36m[Kstart[m[K;
      |                                                                             [01;36m[K^~~~~[m[K
In file included from [01m[K/home/wilhem/NTNU_ROV_COM/sup_com/src/sup_com/src/master_for_demo.cpp:13[m[K:
[01m[K/home/wilhem/NTNU_ROV_COM/sup_com/src/sup_com/src/../../../../lib/janusxsdm/janusxsdm.cpp:895:69:[m[K [01;36m[Knote: [m[K  â€˜[01m[Kstd::chrono::time_point<std::chrono::_V2::system_clock, std::chrono::duration<long int, std::ratio<1, 1000000000> > >[m[Kâ€™ is not derived from â€˜[01m[Kconst std::reverse_iterator<_Iterator>[m[Kâ€™
  895 |    std::chrono::duration<double> elapsed_seconds = end-[01;36m[Kstart[m[K;
      |                                                        [01;36m[K^~~~~[m[K

In file included from [01m[K/home/wilhem/NTNU_ROV_COM/sup_com/src/sup_com/src/slave_for_demo.cpp:6[m[K:
[01m[K/usr/include/c++/11/chrono:1030:7:[m[K [01;36m[Knote: [m[Kcandidate: â€˜[01m[Ktemplate<class _Clock, class _Dur1, class _Rep2, class _Period2> constexpr std::chrono::time_point<_Clock, typename std::common_type<_Dur1, std::chrono::duration<_Rep2, _Period2> >::type> std::chrono::operator-(const std::chrono::time_point<_Clock, _Duration1>&, const std::chrono::duration<_Rep2, _Period2>&)[m[Kâ€™
 1030 |       [01;36m[Koperator[m[K-(const time_point<_Clock, _Dur1>& __lhs,
      |       [01;36m[K^~~~~~~~[m[K
[01m[K/usr/include/c++/11/chrono:1030:7:[m[K [01;36m[Knote: [m[K  template argument deduction/substitution failed:
In file included from [01m[K/home/wilhem/NTNU_ROV_COM/sup_com/src/sup_com/src/slave_for_demo.cpp:13[m[K:
[01m[K/home/wilhem/NTNU_ROV_COM/sup_com/src/sup_com/src/../../../../lib/janusxsdm/janusxsdm.cpp:860:77:[m[K [01;36m[Knote: [m[K  â€˜[01m[Kstd::chrono::_V2::steady_clock::time_point[m[Kâ€™ {aka â€˜[01m[Kstd::chrono::time_point<std::chrono::_V2::steady_clock, std::chrono::duration<long int, std::ratio<1, 1000000000> > >[m[Kâ€™} is not derived from â€˜[01m[Kconst std::chrono::duration<_Rep2, _Period2>[m[Kâ€™
  860 |                         std::chrono::duration<double> elapsed_seconds = end-[01;36m[Kstart[m[K;
      |                                                                             [01;36m[K^~~~~[m[K
In file included from [01m[K/usr/include/c++/11/bits/stl_algobase.h:67[m[K,
                 from [01m[K/usr/include/c++/11/bits/char_traits.h:39[m[K,
                 from [01m[K/usr/include/c++/11/ios:40[m[K,
                 from [01m[K/usr/include/c++/11/ostream:38[m[K,
                 from [01m[K/usr/include/c++/11/iostream:39[m[K,
                 from [01m[K/home/wilhem/NTNU_ROV_COM/sup_com/src/sup_com/src/master_for_demo.cpp:1[m[K:
[01m[K/usr/include/c++/11/bits/stl_iterator.h:1639:5:[m[K [01;36m[Knote: [m[Kcandidate: â€˜[01m[Ktemplate<class _IteratorL, class _IteratorR> constexpr decltype ((__x.base() - __y.base())) std::operator-(const std::move_iterator<_IteratorL>&, const std::move_iterator<_IteratorR>&)[m[Kâ€™
 1639 |     [01;36m[Koperator[m[K-(const move_iterator<_IteratorL>& __x,
      |     [01;36m[K^~~~~~~~[m[K
[01m[K/usr/include/c++/11/bits/stl_iterator.h:1639:5:[m[K [01;36m[Knote: [m[K  template argument deduction/substitution failed:
In file included from [01m[K/home/wilhem/NTNU_ROV_COM/sup_com/src/sup_com/src/slave_for_demo.cpp:6[m[K:
[01m[K/usr/include/c++/11/chrono:1042:7:[m[K [01;36m[Knote: [m[Kcandidate: â€˜[01m[Ktemplate<class _Clock, class _Dur1, class _Dur2> constexpr typename std::common_type<_Duration1, _Duration2>::type std::chrono::operator-(const std::chrono::time_point<_Clock, _Duration1>&, const std::chrono::time_point<_Clock, _Duration2>&)[m[Kâ€™
 1042 |       [01;36m[Koperator[m[K-(const time_point<_Clock, _Dur1>& __lhs,
      |       [01;36m[K^~~~~~~~[m[K
In file included from [01m[K/home/wilhem/NTNU_ROV_COM/sup_com/src/sup_com/src/master_for_demo.cpp:13[m[K:
[01m[K/home/wilhem/NTNU_ROV_COM/sup_com/src/sup_com/src/../../../../lib/janusxsdm/janusxsdm.cpp:895:69:[m[K [01;36m[Knote: [m[K  â€˜[01m[Kstd::chrono::time_point<std::chrono::_V2::system_clock, std::chrono::duration<long int, std::ratio<1, 1000000000> > >[m[Kâ€™ is not derived from â€˜[01m[Kconst std::move_iterator<_IteratorL>[m[Kâ€™
  895 |    std::chrono::duration<double> elapsed_seconds = end-[01;36m[Kstart[m[K;
      |                                                        [01;36m[K^~~~~[m[K

[01m[K/usr/include/c++/11/chrono:1042:7:[m[K [01;36m[Knote: [m[K  template argument deduction/substitution failed:
In file included from [01m[K/home/wilhem/NTNU_ROV_COM/sup_com/src/sup_com/src/master_for_demo.cpp:6[m[K:
[01m[K/usr/include/c++/11/chrono:660:7:[m[K [01;36m[Knote: [m[Kcandidate: â€˜[01m[Ktemplate<class _Rep1, class _Period1, class _Rep2, class _Period2> constexpr typename std::common_type<std::chrono::duration<_Rep1, _Period1>, std::chrono::duration<_Rep2, _Period2> >::type std::chrono::operator-(const std::chrono::duration<_Rep1, _Period1>&, const std::chrono::duration<_Rep2, _Period2>&)[m[Kâ€™
  660 |       [01;36m[Koperator[m[K-(const duration<_Rep1, _Period1>& __lhs,
      |       [01;36m[K^~~~~~~~[m[K
In file included from [01m[K/home/wilhem/NTNU_ROV_COM/sup_com/src/sup_com/src/slave_for_demo.cpp:13[m[K:
[01m[K/home/wilhem/NTNU_ROV_COM/sup_com/src/sup_com/src/../../../../lib/janusxsdm/janusxsdm.cpp:860:77:[m[K [01;36m[Knote: [m[K  deduced conflicting types for parameter â€˜[01m[K_Clock[m[Kâ€™ (â€˜[01m[Kstd::chrono::_V2::system_clock[m[Kâ€™ and â€˜[01m[Kstd::chrono::_V2::steady_clock[m[Kâ€™)
  860 |                         std::chrono::duration<double> elapsed_seconds = end-[01;36m[Kstart[m[K;
      |                                                                             [01;36m[K^~~~~[m[K
[01m[K/usr/include/c++/11/chrono:660:7:[m[K [01;36m[Knote: [m[K  template argument deduction/substitution failed:
In file included from [01m[K/home/wilhem/NTNU_ROV_COM/sup_com/src/sup_com/src/master_for_demo.cpp:13[m[K:
[01m[K/home/wilhem/NTNU_ROV_COM/sup_com/src/sup_com/src/../../../../lib/janusxsdm/janusxsdm.cpp:895:69:[m[K [01;36m[Knote: [m[K  â€˜[01m[Kstd::chrono::time_point<std::chrono::_V2::system_clock, std::chrono::duration<long int, std::ratio<1, 1000000000> > >[m[Kâ€™ is not derived from â€˜[01m[Kconst std::chrono::duration<_Rep1, _Period1>[m[Kâ€™
  895 |    std::chrono::duration<double> elapsed_seconds = end-[01;36m[Kstart[m[K;
      |                                                        [01;36m[K^~~~~[m[K

In file included from [01m[K/home/wilhem/NTNU_ROV_COM/sup_com/src/sup_com/src/master_for_demo.cpp:6[m[K:
[01m[K/usr/include/c++/11/chrono:1030:7:[m[K [01;36m[Knote: [m[Kcandidate: â€˜[01m[Ktemplate<class _Clock, class _Dur1, class _Rep2, class _Period2> constexpr std::chrono::time_point<_Clock, typename std::common_type<_Dur1, std::chrono::duration<_Rep2, _Period2> >::type> std::chrono::operator-(const std::chrono::time_point<_Clock, _Duration1>&, const std::chrono::duration<_Rep2, _Period2>&)[m[Kâ€™
 1030 |       [01;36m[Koperator[m[K-(const time_point<_Clock, _Dur1>& __lhs,
      |       [01;36m[K^~~~~~~~[m[K
[01m[K/usr/include/c++/11/chrono:1030:7:[m[K [01;36m[Knote: [m[K  template argument deduction/substitution failed:
In file included from [01m[K/home/wilhem/NTNU_ROV_COM/sup_com/src/sup_com/src/master_for_demo.cpp:13[m[K:
[01m[K/home/wilhem/NTNU_ROV_COM/sup_com/src/sup_com/src/../../../../lib/janusxsdm/janusxsdm.cpp:895:69:[m[K [01;36m[Knote: [m[K  â€˜[01m[Kstd::chrono::_V2::steady_clock::time_point[m[Kâ€™ {aka â€˜[01m[Kstd::chrono::time_point<std::chrono::_V2::steady_clock, std::chrono::duration<long int, std::ratio<1, 1000000000> > >[m[Kâ€™} is not derived from â€˜[01m[Kconst std::chrono::duration<_Rep2, _Period2>[m[Kâ€™
  895 |    std::chrono::duration<double> elapsed_seconds = end-[01;36m[Kstart[m[K;
      |                                                        [01;36m[K^~~~~[m[K

In file included from [01m[K/home/wilhem/NTNU_ROV_COM/sup_com/src/sup_com/src/master_for_demo.cpp:6[m[K:
[01m[K/usr/include/c++/11/chrono:1042:7:[m[K [01;36m[Knote: [m[Kcandidate: â€˜[01m[Ktemplate<class _Clock, class _Dur1, class _Dur2> constexpr typename std::common_type<_Duration1, _Duration2>::type std::chrono::operator-(const std::chrono::time_point<_Clock, _Duration1>&, const std::chrono::time_point<_Clock, _Duration2>&)[m[Kâ€™
 1042 |       [01;36m[Koperator[m[K-(const time_point<_Clock, _Dur1>& __lhs,
      |       [01;36m[K^~~~~~~~[m[K
[01m[K/usr/include/c++/11/chrono:1042:7:[m[K [01;36m[Knote: [m[K  template argument deduction/substitution failed:
In file included from [01m[K/home/wilhem/NTNU_ROV_COM/sup_com/src/sup_com/src/master_for_demo.cpp:13[m[K:
[01m[K/home/wilhem/NTNU_ROV_COM/sup_com/src/sup_com/src/../../../../lib/janusxsdm/janusxsdm.cpp:895:69:[m[K [01;36m[Knote: [m[K  deduced conflicting types for parameter â€˜[01m[K_Clock[m[Kâ€™ (â€˜[01m[Kstd::chrono::_V2::system_clock[m[Kâ€™ and â€˜[01m[Kstd::chrono::_V2::steady_clock[m[Kâ€™)
  895 |    std::chrono::duration<double> elapsed_seconds = end-[01;36m[Kstart[m[K;
      |                                                        [01;36m[K^~~~~[m[K

[01m[K/home/wilhem/NTNU_ROV_COM/sup_com/src/sup_com/src/../../../../lib/janusxsdm/janusxsdm.cpp:916:22:[m[K [01;31m[Kerror: [m[Kconflicting declaration â€˜[01m[Kauto end[m[Kâ€™
  916 |                 auto [01;31m[Kend[m[K = std::chrono::system_clock::now();
      |                      [01;31m[K^~~[m[K
[01m[K/home/wilhem/NTNU_ROV_COM/sup_com/src/sup_com/src/../../../../lib/janusxsdm/janusxsdm.cpp:894:22:[m[K [01;36m[Knote: [m[Kprevious declaration as â€˜[01m[Kstd::chrono::time_point<std::chrono::_V2::system_clock, std::chrono::duration<long int, std::ratio<1, 1000000000> > > end[m[Kâ€™
  894 |                 auto [01;36m[Kend[m[K = std::chrono::system_clock::now();
      |                      [01;36m[K^~~[m[K
[01m[K/home/wilhem/NTNU_ROV_COM/sup_com/src/sup_com/src/../../../../lib/janusxsdm/janusxsdm.cpp:917:47:[m[K [01;31m[Kerror: [m[Kredeclaration of â€˜[01m[Kstd::chrono::duration<double> elapsed_seconds[m[Kâ€™
  917 |                 std::chrono::duration<double> [01;31m[Kelapsed_seconds[m[K = end-start;
      |                                               [01;31m[K^~~~~~~~~~~~~~~[m[K
[01m[K/home/wilhem/NTNU_ROV_COM/sup_com/src/sup_com/src/../../../../lib/janusxsdm/janusxsdm.cpp:895:47:[m[K [01;36m[Knote: [m[Kâ€˜[01m[Kstd::chrono::duration<double> elapsed_seconds[m[Kâ€™ previously declared here
  895 |                 std::chrono::duration<double> [01;36m[Kelapsed_seconds[m[K = end-start;
      |                                               [01;36m[K^~~~~~~~~~~~~~~[m[K
[01m[K/home/wilhem/NTNU_ROV_COM/sup_com/src/sup_com/src/../../../../lib/janusxsdm/janusxsdm.cpp:917:68:[m[K [01;31m[Kerror: [m[Kno match for â€˜[01m[Koperator-[m[Kâ€™ (operand types are â€˜[01m[Kstd::chrono::time_point<std::chrono::_V2::system_clock, std::chrono::duration<long int, std::ratio<1, 1000000000> > >[m[Kâ€™ and â€˜[01m[Kstd::chrono::_V2::steady_clock::time_point[m[Kâ€™ {aka â€˜[01m[Kstd::chrono::time_point<std::chrono::_V2::steady_clock, std::chrono::duration<long int, std::ratio<1, 1000000000> > >[m[Kâ€™})
  917 |    std::chrono::duration<double> elapsed_seconds = [32m[Kend[m[K[01;31m[K-[m[K[34m[Kstart[m[K;
      |                                                    [32m[K~~~[m[K[01;31m[K^[m[K[34m[K~~~~~[m[K
      |                                                    [32m[K|[m[K   [34m[K|[m[K
      |                                                    [32m[K|[m[K   [34m[Ktime_point<std::chrono::_V2::steady_clock,[...]>[m[K
      |                                                    [32m[Ktime_point<std::chrono::_V2::system_clock,[...]>[m[K

In file included from [01m[K/usr/include/c++/11/bits/stl_algobase.h:67[m[K,
                 from [01m[K/usr/include/c++/11/bits/char_traits.h:39[m[K,
                 from [01m[K/usr/include/c++/11/ios:40[m[K,
                 from [01m[K/usr/include/c++/11/ostream:38[m[K,
                 from [01m[K/usr/include/c++/11/iostream:39[m[K,
                 from [01m[K/home/wilhem/NTNU_ROV_COM/sup_com/src/sup_com/src/master_for_demo.cpp:1[m[K:
[01m[K/usr/include/c++/11/bits/stl_iterator.h:560:5:[m[K [01;36m[Knote: [m[Kcandidate: â€˜[01m[Ktemplate<class _IteratorL, class _IteratorR> constexpr decltype ((__y.base() - __x.base())) std::operator-(const std::reverse_iterator<_Iterator>&, const std::reverse_iterator<_IteratorR>&)[m[Kâ€™
  560 |     [01;36m[Koperator[m[K-(const reverse_iterator<_IteratorL>& __x,
      |     [01;36m[K^~~~~~~~[m[K
[01m[K/usr/include/c++/11/bits/stl_iterator.h:560:5:[m[K [01;36m[Knote: [m[K  template argument deduction/substitution failed:
In file included from [01m[K/home/wilhem/NTNU_ROV_COM/sup_com/src/sup_com/src/master_for_demo.cpp:13[m[K:
[01m[K/home/wilhem/NTNU_ROV_COM/sup_com/src/sup_com/src/../../../../lib/janusxsdm/janusxsdm.cpp:917:69:[m[K [01;36m[Knote: [m[K  â€˜[01m[Kstd::chrono::time_point<std::chrono::_V2::system_clock, std::chrono::duration<long int, std::ratio<1, 1000000000> > >[m[Kâ€™ is not derived from â€˜[01m[Kconst std::reverse_iterator<_Iterator>[m[Kâ€™
  917 |    std::chrono::duration<double> elapsed_seconds = end-[01;36m[Kstart[m[K;
      |                                                        [01;36m[K^~~~~[m[K

In file included from [01m[K/usr/include/c++/11/bits/stl_algobase.h:67[m[K,
                 from [01m[K/usr/include/c++/11/bits/char_traits.h:39[m[K,
                 from [01m[K/usr/include/c++/11/ios:40[m[K,
                 from [01m[K/usr/include/c++/11/ostream:38[m[K,
                 from [01m[K/usr/include/c++/11/iostream:39[m[K,
                 from [01m[K/home/wilhem/NTNU_ROV_COM/sup_com/src/sup_com/src/master_for_demo.cpp:1[m[K:
[01m[K/usr/include/c++/11/bits/stl_iterator.h:1639:5:[m[K [01;36m[Knote: [m[Kcandidate: â€˜[01m[Ktemplate<class _IteratorL, class _IteratorR> constexpr decltype ((__x.base() - __y.base())) std::operator-(const std::move_iterator<_IteratorL>&, const std::move_iterator<_IteratorR>&)[m[Kâ€™
 1639 |     [01;36m[Koperator[m[K-(const move_iterator<_IteratorL>& __x,
      |     [01;36m[K^~~~~~~~[m[K
[01m[K/usr/include/c++/11/bits/stl_iterator.h:1639:5:[m[K [01;36m[Knote: [m[K  template argument deduction/substitution failed:
In file included from [01m[K/home/wilhem/NTNU_ROV_COM/sup_com/src/sup_com/src/master_for_demo.cpp:13[m[K:
[01m[K/home/wilhem/NTNU_ROV_COM/sup_com/src/sup_com/src/../../../../lib/janusxsdm/janusxsdm.cpp:917:69:[m[K [01;36m[Knote: [m[K  â€˜[01m[Kstd::chrono::time_point<std::chrono::_V2::system_clock, std::chrono::duration<long int, std::ratio<1, 1000000000> > >[m[Kâ€™ is not derived from â€˜[01m[Kconst std::move_iterator<_IteratorL>[m[Kâ€™
  917 |    std::chrono::duration<double> elapsed_seconds = end-[01;36m[Kstart[m[K;
      |                                                        [01;36m[K^~~~~[m[K

[01m[K/home/wilhem/NTNU_ROV_COM/sup_com/src/sup_com/src/../../../../lib/janusxsdm/janusxsdm.cpp:875:76:[m[K [01;31m[Kerror: [m[Kno match for â€˜[01m[Koperator-[m[Kâ€™ (operand types are â€˜[01m[Kstd::chrono::time_point<std::chrono::_V2::system_clock, std::chrono::duration<long int, std::ratio<1, 1000000000> > >[m[Kâ€™ and â€˜[01m[Kstd::chrono::_V2::steady_clock::time_point[m[Kâ€™ {aka â€˜[01m[Kstd::chrono::time_point<std::chrono::_V2::steady_clock, std::chrono::duration<long int, std::ratio<1, 1000000000> > >[m[Kâ€™})
  875 |                         std::chrono::duration<double> elapsed_seconds = [32m[Kend[m[K[01;31m[K-[m[K[34m[Kstart[m[K;
      |                                                                         [32m[K~~~[m[K[01;31m[K^[m[K[34m[K~~~~~[m[K
      |                                                                         [32m[K|[m[K   [34m[K|[m[K
      |                                                                         [32m[K|[m[K   [34m[Ktime_point<std::chrono::_V2::steady_clock,[...]>[m[K
      |                                                                         [32m[Ktime_point<std::chrono::_V2::system_clock,[...]>[m[K
In file included from [01m[K/home/wilhem/NTNU_ROV_COM/sup_com/src/sup_com/src/master_for_demo.cpp:6[m[K:
[01m[K/usr/include/c++/11/chrono:660:7:[m[K [01;36m[Knote: [m[Kcandidate: â€˜[01m[Ktemplate<class _Rep1, class _Period1, class _Rep2, class _Period2> constexpr typename std::common_type<std::chrono::duration<_Rep1, _Period1>, std::chrono::duration<_Rep2, _Period2> >::type std::chrono::operator-(const std::chrono::duration<_Rep1, _Period1>&, const std::chrono::duration<_Rep2, _Period2>&)[m[Kâ€™
  660 |       [01;36m[Koperator[m[K-(const duration<_Rep1, _Period1>& __lhs,
      |       [01;36m[K^~~~~~~~[m[K
[01m[K/usr/include/c++/11/chrono:660:7:[m[K [01;36m[Knote: [m[K  template argument deduction/substitution failed:
In file included from [01m[K/usr/include/c++/11/bits/stl_algobase.h:67[m[K,
                 from [01m[K/usr/include/c++/11/bits/char_traits.h:39[m[K,
                 from [01m[K/usr/include/c++/11/ios:40[m[K,
                 from [01m[K/usr/include/c++/11/ostream:38[m[K,
                 from [01m[K/usr/include/c++/11/iostream:39[m[K,
                 from [01m[K/home/wilhem/NTNU_ROV_COM/sup_com/src/sup_com/src/slave_for_demo.cpp:1[m[K:
[01m[K/usr/include/c++/11/bits/stl_iterator.h:560:5:[m[K [01;36m[Knote: [m[Kcandidate: â€˜[01m[Ktemplate<class _IteratorL, class _IteratorR> constexpr decltype ((__y.base() - __x.base())) std::operator-(const std::reverse_iterator<_Iterator>&, const std::reverse_iterator<_IteratorR>&)[m[Kâ€™
  560 |     [01;36m[Koperator[m[K-(const reverse_iterator<_IteratorL>& __x,
      |     [01;36m[K^~~~~~~~[m[K
In file included from [01m[K/home/wilhem/NTNU_ROV_COM/sup_com/src/sup_com/src/master_for_demo.cpp:13[m[K:
[01m[K/home/wilhem/NTNU_ROV_COM/sup_com/src/sup_com/src/../../../../lib/janusxsdm/janusxsdm.cpp:917:69:[m[K [01;36m[Knote: [m[K  â€˜[01m[Kstd::chrono::time_point<std::chrono::_V2::system_clock, std::chrono::duration<long int, std::ratio<1, 1000000000> > >[m[Kâ€™ is not derived from â€˜[01m[Kconst std::chrono::duration<_Rep1, _Period1>[m[Kâ€™
  917 |    std::chrono::duration<double> elapsed_seconds = end-[01;36m[Kstart[m[K;
      |                                                        [01;36m[K^~~~~[m[K

[01m[K/usr/include/c++/11/bits/stl_iterator.h:560:5:[m[K [01;36m[Knote: [m[K  template argument deduction/substitution failed:
In file included from [01m[K/home/wilhem/NTNU_ROV_COM/sup_com/src/sup_com/src/slave_for_demo.cpp:13[m[K:
[01m[K/home/wilhem/NTNU_ROV_COM/sup_com/src/sup_com/src/../../../../lib/janusxsdm/janusxsdm.cpp:875:77:[m[K [01;36m[Knote: [m[K  â€˜[01m[Kstd::chrono::time_point<std::chrono::_V2::system_clock, std::chrono::duration<long int, std::ratio<1, 1000000000> > >[m[Kâ€™ is not derived from â€˜[01m[Kconst std::reverse_iterator<_Iterator>[m[Kâ€™
  875 |                         std::chrono::duration<double> elapsed_seconds = end-[01;36m[Kstart[m[K;
      |                                                                             [01;36m[K^~~~~[m[K
In file included from [01m[K/home/wilhem/NTNU_ROV_COM/sup_com/src/sup_com/src/master_for_demo.cpp:6[m[K:
[01m[K/usr/include/c++/11/chrono:1030:7:[m[K [01;36m[Knote: [m[Kcandidate: â€˜[01m[Ktemplate<class _Clock, class _Dur1, class _Rep2, class _Period2> constexpr std::chrono::time_point<_Clock, typename std::common_type<_Dur1, std::chrono::duration<_Rep2, _Period2> >::type> std::chrono::operator-(const std::chrono::time_point<_Clock, _Duration1>&, const std::chrono::duration<_Rep2, _Period2>&)[m[Kâ€™
 1030 |       [01;36m[Koperator[m[K-(const time_point<_Clock, _Dur1>& __lhs,
      |       [01;36m[K^~~~~~~~[m[K
[01m[K/usr/include/c++/11/chrono:1030:7:[m[K [01;36m[Knote: [m[K  template argument deduction/substitution failed:
In file included from [01m[K/home/wilhem/NTNU_ROV_COM/sup_com/src/sup_com/src/master_for_demo.cpp:13[m[K:
[01m[K/home/wilhem/NTNU_ROV_COM/sup_com/src/sup_com/src/../../../../lib/janusxsdm/janusxsdm.cpp:917:69:[m[K [01;36m[Knote: [m[K  â€˜[01m[Kstd::chrono::_V2::steady_clock::time_point[m[Kâ€™ {aka â€˜[01m[Kstd::chrono::time_point<std::chrono::_V2::steady_clock, std::chrono::duration<long int, std::ratio<1, 1000000000> > >[m[Kâ€™} is not derived from â€˜[01m[Kconst std::chrono::duration<_Rep2, _Period2>[m[Kâ€™
  917 |    std::chrono::duration<double> elapsed_seconds = end-[01;36m[Kstart[m[K;
      |                                                        [01;36m[K^~~~~[m[K

In file included from [01m[K/home/wilhem/NTNU_ROV_COM/sup_com/src/sup_com/src/master_for_demo.cpp:6[m[K:
[01m[K/usr/include/c++/11/chrono:1042:7:[m[K [01;36m[Knote: [m[Kcandidate: â€˜[01m[Ktemplate<class _Clock, class _Dur1, class _Dur2> constexpr typename std::common_type<_Duration1, _Duration2>::type std::chrono::operator-(const std::chrono::time_point<_Clock, _Duration1>&, const std::chrono::time_point<_Clock, _Duration2>&)[m[Kâ€™
 1042 |       [01;36m[Koperator[m[K-(const time_point<_Clock, _Dur1>& __lhs,
      |       [01;36m[K^~~~~~~~[m[K
In file included from [01m[K/usr/include/c++/11/bits/stl_algobase.h:67[m[K,
                 from [01m[K/usr/include/c++/11/bits/char_traits.h:39[m[K,
                 from [01m[K/usr/include/c++/11/ios:40[m[K,
                 from [01m[K/usr/include/c++/11/ostream:38[m[K,
                 from [01m[K/usr/include/c++/11/iostream:39[m[K,
                 from [01m[K/home/wilhem/NTNU_ROV_COM/sup_com/src/sup_com/src/slave_for_demo.cpp:1[m[K:
[01m[K/usr/include/c++/11/bits/stl_iterator.h:1639:5:[m[K [01;36m[Knote: [m[Kcandidate: â€˜[01m[Ktemplate<class _IteratorL, class _IteratorR> constexpr decltype ((__x.base() - __y.base())) std::operator-(const std::move_iterator<_IteratorL>&, const std::move_iterator<_IteratorR>&)[m[Kâ€™
 1639 |     [01;36m[Koperator[m[K-(const move_iterator<_IteratorL>& __x,
      |     [01;36m[K^~~~~~~~[m[K
[01m[K/usr/include/c++/11/chrono:1042:7:[m[K [01;36m[Knote: [m[K  template argument deduction/substitution failed:
[01m[K/usr/include/c++/11/bits/stl_iterator.h:1639:5:[m[K [01;36m[Knote: [m[K  template argument deduction/substitution failed:
In file included from [01m[K/home/wilhem/NTNU_ROV_COM/sup_com/src/sup_com/src/master_for_demo.cpp:13[m[K:
[01m[K/home/wilhem/NTNU_ROV_COM/sup_com/src/sup_com/src/../../../../lib/janusxsdm/janusxsdm.cpp:917:69:[m[K [01;36m[Knote: [m[K  deduced conflicting types for parameter â€˜[01m[K_Clock[m[Kâ€™ (â€˜[01m[Kstd::chrono::_V2::system_clock[m[Kâ€™ and â€˜[01m[Kstd::chrono::_V2::steady_clock[m[Kâ€™)
  917 |    std::chrono::duration<double> elapsed_seconds = end-[01;36m[Kstart[m[K;
      |                                                        [01;36m[K^~~~~[m[K

In file included from [01m[K/home/wilhem/NTNU_ROV_COM/sup_com/src/sup_com/src/slave_for_demo.cpp:13[m[K:
[01m[K/home/wilhem/NTNU_ROV_COM/sup_com/src/sup_com/src/../../../../lib/janusxsdm/janusxsdm.cpp:875:77:[m[K [01;36m[Knote: [m[K  â€˜[01m[Kstd::chrono::time_point<std::chrono::_V2::system_clock, std::chrono::duration<long int, std::ratio<1, 1000000000> > >[m[Kâ€™ is not derived from â€˜[01m[Kconst std::move_iterator<_IteratorL>[m[Kâ€™
  875 |                         std::chrono::duration<double> elapsed_seconds = end-[01;36m[Kstart[m[K;
      |                                                                             [01;36m[K^~~~~[m[K
[01m[K/home/wilhem/NTNU_ROV_COM/sup_com/src/sup_com/src/../../../../lib/janusxsdm/janusxsdm.cpp:918:29:[m[K [01;31m[Kerror: [m[Kredeclaration of â€˜[01m[Ktime_t end_time[m[Kâ€™
  918 |                 std::time_t [01;31m[Kend_time[m[K = std::chrono::system_clock::to_time_t(end);
      |                             [01;31m[K^~~~~~~~[m[K
In file included from [01m[K/home/wilhem/NTNU_ROV_COM/sup_com/src/sup_com/src/slave_for_demo.cpp:6[m[K:
[01m[K/usr/include/c++/11/chrono:660:7:[m[K [01;36m[Knote: [m[Kcandidate: â€˜[01m[Ktemplate<class _Rep1, class _Period1, class _Rep2, class _Period2> constexpr typename std::common_type<std::chrono::duration<_Rep1, _Period1>, std::chrono::duration<_Rep2, _Period2> >::type std::chrono::operator-(const std::chrono::duration<_Rep1, _Period1>&, const std::chrono::duration<_Rep2, _Period2>&)[m[Kâ€™
  660 |       [01;36m[Koperator[m[K-(const duration<_Rep1, _Period1>& __lhs,
      |       [01;36m[K^~~~~~~~[m[K
[01m[K/usr/include/c++/11/chrono:660:7:[m[K [01;36m[Knote: [m[K  template argument deduction/substitution failed:
[01m[K/home/wilhem/NTNU_ROV_COM/sup_com/src/sup_com/src/../../../../lib/janusxsdm/janusxsdm.cpp:896:29:[m[K [01;36m[Knote: [m[Kâ€˜[01m[Ktime_t end_time[m[Kâ€™ previously declared here
  896 |                 std::time_t [01;36m[Kend_time[m[K = std::chrono::system_clock::to_time_t(end);
      |                             [01;36m[K^~~~~~~~[m[K
In file included from [01m[K/home/wilhem/NTNU_ROV_COM/sup_com/src/sup_com/src/slave_for_demo.cpp:13[m[K:
[01m[K/home/wilhem/NTNU_ROV_COM/sup_com/src/sup_com/src/../../../../lib/janusxsdm/janusxsdm.cpp:875:77:[m[K [01;36m[Knote: [m[K  â€˜[01m[Kstd::chrono::time_point<std::chrono::_V2::system_clock, std::chrono::duration<long int, std::ratio<1, 1000000000> > >[m[Kâ€™ is not derived from â€˜[01m[Kconst std::chrono::duration<_Rep1, _Period1>[m[Kâ€™
  875 |                         std::chrono::duration<double> elapsed_seconds = end-[01;36m[Kstart[m[K;
      |                                                                             [01;36m[K^~~~~[m[K
In file included from [01m[K/home/wilhem/NTNU_ROV_COM/sup_com/src/sup_com/src/slave_for_demo.cpp:6[m[K:
[01m[K/usr/include/c++/11/chrono:1030:7:[m[K [01;36m[Knote: [m[Kcandidate: â€˜[01m[Ktemplate<class _Clock, class _Dur1, class _Rep2, class _Period2> constexpr std::chrono::time_point<_Clock, typename std::common_type<_Dur1, std::chrono::duration<_Rep2, _Period2> >::type> std::chrono::operator-(const std::chrono::time_point<_Clock, _Duration1>&, const std::chrono::duration<_Rep2, _Period2>&)[m[Kâ€™
 1030 |       [01;36m[Koperator[m[K-(const time_point<_Clock, _Dur1>& __lhs,
      |       [01;36m[K^~~~~~~~[m[K
[01m[K/usr/include/c++/11/chrono:1030:7:[m[K [01;36m[Knote: [m[K  template argument deduction/substitution failed:
In file included from [01m[K/home/wilhem/NTNU_ROV_COM/sup_com/src/sup_com/src/slave_for_demo.cpp:13[m[K:
[01m[K/home/wilhem/NTNU_ROV_COM/sup_com/src/sup_com/src/../../../../lib/janusxsdm/janusxsdm.cpp:875:77:[m[K [01;36m[Knote: [m[K  â€˜[01m[Kstd::chrono::_V2::steady_clock::time_point[m[Kâ€™ {aka â€˜[01m[Kstd::chrono::time_point<std::chrono::_V2::steady_clock, std::chrono::duration<long int, std::ratio<1, 1000000000> > >[m[Kâ€™} is not derived from â€˜[01m[Kconst std::chrono::duration<_Rep2, _Period2>[m[Kâ€™
  875 |                         std::chrono::duration<double> elapsed_seconds = end-[01;36m[Kstart[m[K;
      |                                                                             [01;36m[K^~~~~[m[K
In file included from [01m[K/home/wilhem/NTNU_ROV_COM/sup_com/src/sup_com/src/slave_for_demo.cpp:6[m[K:
[01m[K/usr/include/c++/11/chrono:1042:7:[m[K [01;36m[Knote: [m[Kcandidate: â€˜[01m[Ktemplate<class _Clock, class _Dur1, class _Dur2> constexpr typename std::common_type<_Duration1, _Duration2>::type std::chrono::operator-(const std::chrono::time_point<_Clock, _Duration1>&, const std::chrono::time_point<_Clock, _Duration2>&)[m[Kâ€™
 1042 |       [01;36m[Koperator[m[K-(const time_point<_Clock, _Dur1>& __lhs,
      |       [01;36m[K^~~~~~~~[m[K
[01m[K/usr/include/c++/11/chrono:1042:7:[m[K [01;36m[Knote: [m[K  template argument deduction/substitution failed:
In file included from [01m[K/home/wilhem/NTNU_ROV_COM/sup_com/src/sup_com/src/slave_for_demo.cpp:13[m[K:
[01m[K/home/wilhem/NTNU_ROV_COM/sup_com/src/sup_com/src/../../../../lib/janusxsdm/janusxsdm.cpp:875:77:[m[K [01;36m[Knote: [m[K  deduced conflicting types for parameter â€˜[01m[K_Clock[m[Kâ€™ (â€˜[01m[Kstd::chrono::_V2::system_clock[m[Kâ€™ and â€˜[01m[Kstd::chrono::_V2::steady_clock[m[Kâ€™)
  875 |                         std::chrono::duration<double> elapsed_seconds = end-[01;36m[Kstart[m[K;
      |                                                                             [01;36m[K^~~~~[m[K
[01m[K/home/wilhem/NTNU_ROV_COM/sup_com/src/sup_com/src/../../../../lib/janusxsdm/janusxsdm.cpp:934:72:[m[K [01;31m[Kerror: [m[Kno match for â€˜[01m[Koperator-[m[Kâ€™ (operand types are â€˜[01m[Kstd::chrono::time_point<std::chrono::_V2::system_clock, std::chrono::duration<long int, std::ratio<1, 1000000000> > >[m[Kâ€™ and â€˜[01m[Kstd::chrono::_V2::steady_clock::time_point[m[Kâ€™ {aka â€˜[01m[Kstd::chrono::time_point<std::chrono::_V2::steady_clock, std::chrono::duration<long int, std::ratio<1, 1000000000> > >[m[Kâ€™})
  934 |    std::chrono::duration<double> elapsed_seconds = [32m[Kend[m[K[01;31m[K-[m[K[34m[Kstart[m[K;
      |                                                    [32m[K~~~[m[K[01;31m[K^[m[K[34m[K~~~~~[m[K
      |                                                    [32m[K|[m[K   [34m[K|[m[K
      |                                                    [32m[K|[m[K   [34m[Ktime_point<std::chrono::_V2::steady_clock,[...]>[m[K
      |                                                    [32m[Ktime_point<std::chrono::_V2::system_clock,[...]>[m[K

In file included from [01m[K/usr/include/c++/11/bits/stl_algobase.h:67[m[K,
                 from [01m[K/usr/include/c++/11/bits/char_traits.h:39[m[K,
                 from [01m[K/usr/include/c++/11/ios:40[m[K,
                 from [01m[K/usr/include/c++/11/ostream:38[m[K,
                 from [01m[K/usr/include/c++/11/iostream:39[m[K,
                 from [01m[K/home/wilhem/NTNU_ROV_COM/sup_com/src/sup_com/src/master_for_demo.cpp:1[m[K:
[01m[K/usr/include/c++/11/bits/stl_iterator.h:560:5:[m[K [01;36m[Knote: [m[Kcandidate: â€˜[01m[Ktemplate<class _IteratorL, class _IteratorR> constexpr decltype ((__y.base() - __x.base())) std::operator-(const std::reverse_iterator<_Iterator>&, const std::reverse_iterator<_IteratorR>&)[m[Kâ€™
  560 |     [01;36m[Koperator[m[K-(const reverse_iterator<_IteratorL>& __x,
      |     [01;36m[K^~~~~~~~[m[K
[01m[K/usr/include/c++/11/bits/stl_iterator.h:560:5:[m[K [01;36m[Knote: [m[K  template argument deduction/substitution failed:
In file included from [01m[K/home/wilhem/NTNU_ROV_COM/sup_com/src/sup_com/src/master_for_demo.cpp:13[m[K:
[01m[K/home/wilhem/NTNU_ROV_COM/sup_com/src/sup_com/src/../../../../lib/janusxsdm/janusxsdm.cpp:934:73:[m[K [01;36m[Knote: [m[K  â€˜[01m[Kstd::chrono::time_point<std::chrono::_V2::system_clock, std::chrono::duration<long int, std::ratio<1, 1000000000> > >[m[Kâ€™ is not derived from â€˜[01m[Kconst std::reverse_iterator<_Iterator>[m[Kâ€™
  934 |    std::chrono::duration<double> elapsed_seconds = end-[01;36m[Kstart[m[K;
      |                                                        [01;36m[K^~~~~[m[K

In file included from [01m[K/usr/include/c++/11/bits/stl_algobase.h:67[m[K,
                 from [01m[K/usr/include/c++/11/bits/char_traits.h:39[m[K,
                 from [01m[K/usr/include/c++/11/ios:40[m[K,
                 from [01m[K/usr/include/c++/11/ostream:38[m[K,
                 from [01m[K/usr/include/c++/11/iostream:39[m[K,
                 from [01m[K/home/wilhem/NTNU_ROV_COM/sup_com/src/sup_com/src/master_for_demo.cpp:1[m[K:
[01m[K/usr/include/c++/11/bits/stl_iterator.h:1639:5:[m[K [01;36m[Knote: [m[Kcandidate: â€˜[01m[Ktemplate<class _IteratorL, class _IteratorR> constexpr decltype ((__x.base() - __y.base())) std::operator-(const std::move_iterator<_IteratorL>&, const std::move_iterator<_IteratorR>&)[m[Kâ€™
 1639 |     [01;36m[Koperator[m[K-(const move_iterator<_IteratorL>& __x,
      |     [01;36m[K^~~~~~~~[m[K
[01m[K/home/wilhem/NTNU_ROV_COM/sup_com/src/sup_com/src/../../../../lib/janusxsdm/janusxsdm.cpp:895:68:[m[K [01;31m[Kerror: [m[Kno match for â€˜[01m[Koperator-[m[Kâ€™ (operand types are â€˜[01m[Kstd::chrono::time_point<std::chrono::_V2::system_clock, std::chrono::duration<long int, std::ratio<1, 1000000000> > >[m[Kâ€™ and â€˜[01m[Kstd::chrono::_V2::steady_clock::time_point[m[Kâ€™ {aka â€˜[01m[Kstd::chrono::time_point<std::chrono::_V2::steady_clock, std::chrono::duration<long int, std::ratio<1, 1000000000> > >[m[Kâ€™})
  895 |                 std::chrono::duration<double> elapsed_seconds = [32m[Kend[m[K[01;31m[K-[m[K[34m[Kstart[m[K;
      |                                                                 [32m[K~~~[m[K[01;31m[K^[m[K[34m[K~~~~~[m[K
      |                                                                 [32m[K|[m[K   [34m[K|[m[K
      |                                                                 [32m[K|[m[K   [34m[Ktime_point<std::chrono::_V2::steady_clock,[...]>[m[K
      |                                                                 [32m[Ktime_point<std::chrono::_V2::system_clock,[...]>[m[K
[01m[K/usr/include/c++/11/bits/stl_iterator.h:1639:5:[m[K [01;36m[Knote: [m[K  template argument deduction/substitution failed:
In file included from [01m[K/home/wilhem/NTNU_ROV_COM/sup_com/src/sup_com/src/master_for_demo.cpp:13[m[K:
[01m[K/home/wilhem/NTNU_ROV_COM/sup_com/src/sup_com/src/../../../../lib/janusxsdm/janusxsdm.cpp:934:73:[m[K [01;36m[Knote: [m[K  â€˜[01m[Kstd::chrono::time_point<std::chrono::_V2::system_clock, std::chrono::duration<long int, std::ratio<1, 1000000000> > >[m[Kâ€™ is not derived from â€˜[01m[Kconst std::move_iterator<_IteratorL>[m[Kâ€™
  934 |    std::chrono::duration<double> elapsed_seconds = end-[01;36m[Kstart[m[K;
      |                                                        [01;36m[K^~~~~[m[K

In file included from [01m[K/usr/include/c++/11/bits/stl_algobase.h:67[m[K,
                 from [01m[K/usr/include/c++/11/bits/char_traits.h:39[m[K,
                 from [01m[K/usr/include/c++/11/ios:40[m[K,
                 from [01m[K/usr/include/c++/11/ostream:38[m[K,
                 from [01m[K/usr/include/c++/11/iostream:39[m[K,
                 from [01m[K/home/wilhem/NTNU_ROV_COM/sup_com/src/sup_com/src/slave_for_demo.cpp:1[m[K:
[01m[K/usr/include/c++/11/bits/stl_iterator.h:560:5:[m[K [01;36m[Knote: [m[Kcandidate: â€˜[01m[Ktemplate<class _IteratorL, class _IteratorR> constexpr decltype ((__y.base() - __x.base())) std::operator-(const std::reverse_iterator<_Iterator>&, const std::reverse_iterator<_IteratorR>&)[m[Kâ€™
  560 |     [01;36m[Koperator[m[K-(const reverse_iterator<_IteratorL>& __x,
      |     [01;36m[K^~~~~~~~[m[K
[01m[K/usr/include/c++/11/bits/stl_iterator.h:560:5:[m[K [01;36m[Knote: [m[K  template argument deduction/substitution failed:
In file included from [01m[K/home/wilhem/NTNU_ROV_COM/sup_com/src/sup_com/src/master_for_demo.cpp:6[m[K:
[01m[K/usr/include/c++/11/chrono:660:7:[m[K [01;36m[Knote: [m[Kcandidate: â€˜[01m[Ktemplate<class _Rep1, class _Period1, class _Rep2, class _Period2> constexpr typename std::common_type<std::chrono::duration<_Rep1, _Period1>, std::chrono::duration<_Rep2, _Period2> >::type std::chrono::operator-(const std::chrono::duration<_Rep1, _Period1>&, const std::chrono::duration<_Rep2, _Period2>&)[m[Kâ€™
  660 |       [01;36m[Koperator[m[K-(const duration<_Rep1, _Period1>& __lhs,
      |       [01;36m[K^~~~~~~~[m[K
[01m[K/usr/include/c++/11/chrono:660:7:[m[K [01;36m[Knote: [m[K  template argument deduction/substitution failed:
In file included from [01m[K/home/wilhem/NTNU_ROV_COM/sup_com/src/sup_com/src/slave_for_demo.cpp:13[m[K:
[01m[K/home/wilhem/NTNU_ROV_COM/sup_com/src/sup_com/src/../../../../lib/janusxsdm/janusxsdm.cpp:895:69:[m[K [01;36m[Knote: [m[K  â€˜[01m[Kstd::chrono::time_point<std::chrono::_V2::system_clock, std::chrono::duration<long int, std::ratio<1, 1000000000> > >[m[Kâ€™ is not derived from â€˜[01m[Kconst std::reverse_iterator<_Iterator>[m[Kâ€™
  895 |                 std::chrono::duration<double> elapsed_seconds = end-[01;36m[Kstart[m[K;
      |                                                                     [01;36m[K^~~~~[m[K
In file included from [01m[K/home/wilhem/NTNU_ROV_COM/sup_com/src/sup_com/src/master_for_demo.cpp:13[m[K:
[01m[K/home/wilhem/NTNU_ROV_COM/sup_com/src/sup_com/src/../../../../lib/janusxsdm/janusxsdm.cpp:934:73:[m[K [01;36m[Knote: [m[K  â€˜[01m[Kstd::chrono::time_point<std::chrono::_V2::system_clock, std::chrono::duration<long int, std::ratio<1, 1000000000> > >[m[Kâ€™ is not derived from â€˜[01m[Kconst std::chrono::duration<_Rep1, _Period1>[m[Kâ€™
  934 |    std::chrono::duration<double> elapsed_seconds = end-[01;36m[Kstart[m[K;
      |                                                        [01;36m[K^~~~~[m[K

In file included from [01m[K/home/wilhem/NTNU_ROV_COM/sup_com/src/sup_com/src/master_for_demo.cpp:6[m[K:
[01m[K/usr/include/c++/11/chrono:1030:7:[m[K [01;36m[Knote: [m[Kcandidate: â€˜[01m[Ktemplate<class _Clock, class _Dur1, class _Rep2, class _Period2> constexpr std::chrono::time_point<_Clock, typename std::common_type<_Dur1, std::chrono::duration<_Rep2, _Period2> >::type> std::chrono::operator-(const std::chrono::time_point<_Clock, _Duration1>&, const std::chrono::duration<_Rep2, _Period2>&)[m[Kâ€™
 1030 |       [01;36m[Koperator[m[K-(const time_point<_Clock, _Dur1>& __lhs,
      |       [01;36m[K^~~~~~~~[m[K
In file included from [01m[K/usr/include/c++/11/bits/stl_algobase.h:67[m[K,
                 from [01m[K/usr/include/c++/11/bits/char_traits.h:39[m[K,
                 from [01m[K/usr/include/c++/11/ios:40[m[K,
                 from [01m[K/usr/include/c++/11/ostream:38[m[K,
                 from [01m[K/usr/include/c++/11/iostream:39[m[K,
                 from [01m[K/home/wilhem/NTNU_ROV_COM/sup_com/src/sup_com/src/slave_for_demo.cpp:1[m[K:
[01m[K/usr/include/c++/11/bits/stl_iterator.h:1639:5:[m[K [01;36m[Knote: [m[Kcandidate: â€˜[01m[Ktemplate<class _IteratorL, class _IteratorR> constexpr decltype ((__x.base() - __y.base())) std::operator-(const std::move_iterator<_IteratorL>&, const std::move_iterator<_IteratorR>&)[m[Kâ€™
 1639 |     [01;36m[Koperator[m[K-(const move_iterator<_IteratorL>& __x,
      |     [01;36m[K^~~~~~~~[m[K
[01m[K/usr/include/c++/11/chrono:1030:7:[m[K [01;36m[Knote: [m[K  template argument deduction/substitution failed:
[01m[K/usr/include/c++/11/bits/stl_iterator.h:1639:5:[m[K [01;36m[Knote: [m[K  template argument deduction/substitution failed:
In file included from [01m[K/home/wilhem/NTNU_ROV_COM/sup_com/src/sup_com/src/master_for_demo.cpp:13[m[K:
[01m[K/home/wilhem/NTNU_ROV_COM/sup_com/src/sup_com/src/../../../../lib/janusxsdm/janusxsdm.cpp:934:73:[m[K [01;36m[Knote: [m[K  â€˜[01m[Kstd::chrono::_V2::steady_clock::time_point[m[Kâ€™ {aka â€˜[01m[Kstd::chrono::time_point<std::chrono::_V2::steady_clock, std::chrono::duration<long int, std::ratio<1, 1000000000> > >[m[Kâ€™} is not derived from â€˜[01m[Kconst std::chrono::duration<_Rep2, _Period2>[m[Kâ€™
  934 |    std::chrono::duration<double> elapsed_seconds = end-[01;36m[Kstart[m[K;
      |                                                        [01;36m[K^~~~~[m[K

In file included from [01m[K/home/wilhem/NTNU_ROV_COM/sup_com/src/sup_com/src/slave_for_demo.cpp:13[m[K:
[01m[K/home/wilhem/NTNU_ROV_COM/sup_com/src/sup_com/src/../../../../lib/janusxsdm/janusxsdm.cpp:895:69:[m[K [01;36m[Knote: [m[K  â€˜[01m[Kstd::chrono::time_point<std::chrono::_V2::system_clock, std::chrono::duration<long int, std::ratio<1, 1000000000> > >[m[Kâ€™ is not derived from â€˜[01m[Kconst std::move_iterator<_IteratorL>[m[Kâ€™
  895 |                 std::chrono::duration<double> elapsed_seconds = end-[01;36m[Kstart[m[K;
      |                                                                     [01;36m[K^~~~~[m[K
In file included from [01m[K/home/wilhem/NTNU_ROV_COM/sup_com/src/sup_com/src/master_for_demo.cpp:6[m[K:
[01m[K/usr/include/c++/11/chrono:1042:7:[m[K [01;36m[Knote: [m[Kcandidate: â€˜[01m[Ktemplate<class _Clock, class _Dur1, class _Dur2> constexpr typename std::common_type<_Duration1, _Duration2>::type std::chrono::operator-(const std::chrono::time_point<_Clock, _Duration1>&, const std::chrono::time_point<_Clock, _Duration2>&)[m[Kâ€™
 1042 |       [01;36m[Koperator[m[K-(const time_point<_Clock, _Dur1>& __lhs,
      |       [01;36m[K^~~~~~~~[m[K
In file included from [01m[K/home/wilhem/NTNU_ROV_COM/sup_com/src/sup_com/src/slave_for_demo.cpp:6[m[K:
[01m[K/usr/include/c++/11/chrono:660:7:[m[K [01;36m[Knote: [m[Kcandidate: â€˜[01m[Ktemplate<class _Rep1, class _Period1, class _Rep2, class _Period2> constexpr typename std::common_type<std::chrono::duration<_Rep1, _Period1>, std::chrono::duration<_Rep2, _Period2> >::type std::chrono::operator-(const std::chrono::duration<_Rep1, _Period1>&, const std::chrono::duration<_Rep2, _Period2>&)[m[Kâ€™
  660 |       [01;36m[Koperator[m[K-(const duration<_Rep1, _Period1>& __lhs,
      |       [01;36m[K^~~~~~~~[m[K
[01m[K/usr/include/c++/11/chrono:1042:7:[m[K [01;36m[Knote: [m[K  template argument deduction/substitution failed:
[01m[K/usr/include/c++/11/chrono:660:7:[m[K [01;36m[Knote: [m[K  template argument deduction/substitution failed:
In file included from [01m[K/home/wilhem/NTNU_ROV_COM/sup_com/src/sup_com/src/master_for_demo.cpp:13[m[K:
[01m[K/home/wilhem/NTNU_ROV_COM/sup_com/src/sup_com/src/../../../../lib/janusxsdm/janusxsdm.cpp:934:73:[m[K [01;36m[Knote: [m[K  deduced conflicting types for parameter â€˜[01m[K_Clock[m[Kâ€™ (â€˜[01m[Kstd::chrono::_V2::system_clock[m[Kâ€™ and â€˜[01m[Kstd::chrono::_V2::steady_clock[m[Kâ€™)
  934 |    std::chrono::duration<double> elapsed_seconds = end-[01;36m[Kstart[m[K;
      |                                                        [01;36m[K^~~~~[m[K

In file included from [01m[K/home/wilhem/NTNU_ROV_COM/sup_com/src/sup_com/src/slave_for_demo.cpp:13[m[K:
[01m[K/home/wilhem/NTNU_ROV_COM/sup_com/src/sup_com/src/../../../../lib/janusxsdm/janusxsdm.cpp:895:69:[m[K [01;36m[Knote: [m[K  â€˜[01m[Kstd::chrono::time_point<std::chrono::_V2::system_clock, std::chrono::duration<long int, std::ratio<1, 1000000000> > >[m[Kâ€™ is not derived from â€˜[01m[Kconst std::chrono::duration<_Rep1, _Period1>[m[Kâ€™
  895 |                 std::chrono::duration<double> elapsed_seconds = end-[01;36m[Kstart[m[K;
      |                                                                     [01;36m[K^~~~~[m[K
In file included from [01m[K/home/wilhem/NTNU_ROV_COM/sup_com/src/sup_com/src/slave_for_demo.cpp:6[m[K:
[01m[K/usr/include/c++/11/chrono:1030:7:[m[K [01;36m[Knote: [m[Kcandidate: â€˜[01m[Ktemplate<class _Clock, class _Dur1, class _Rep2, class _Period2> constexpr std::chrono::time_point<_Clock, typename std::common_type<_Dur1, std::chrono::duration<_Rep2, _Period2> >::type> std::chrono::operator-(const std::chrono::time_point<_Clock, _Duration1>&, const std::chrono::duration<_Rep2, _Period2>&)[m[Kâ€™
 1030 |       [01;36m[Koperator[m[K-(const time_point<_Clock, _Dur1>& __lhs,
      |       [01;36m[K^~~~~~~~[m[K
[01m[K/usr/include/c++/11/chrono:1030:7:[m[K [01;36m[Knote: [m[K  template argument deduction/substitution failed:
In file included from [01m[K/home/wilhem/NTNU_ROV_COM/sup_com/src/sup_com/src/slave_for_demo.cpp:13[m[K:
[01m[K/home/wilhem/NTNU_ROV_COM/sup_com/src/sup_com/src/../../../../lib/janusxsdm/janusxsdm.cpp:895:69:[m[K [01;36m[Knote: [m[K  â€˜[01m[Kstd::chrono::_V2::steady_clock::time_point[m[Kâ€™ {aka â€˜[01m[Kstd::chrono::time_point<std::chrono::_V2::steady_clock, std::chrono::duration<long int, std::ratio<1, 1000000000> > >[m[Kâ€™} is not derived from â€˜[01m[Kconst std::chrono::duration<_Rep2, _Period2>[m[Kâ€™
  895 |                 std::chrono::duration<double> elapsed_seconds = end-[01;36m[Kstart[m[K;
      |                                                                     [01;36m[K^~~~~[m[K
In file included from [01m[K/home/wilhem/NTNU_ROV_COM/sup_com/src/sup_com/src/slave_for_demo.cpp:6[m[K:
[01m[K/usr/include/c++/11/chrono:1042:7:[m[K [01;36m[Knote: [m[Kcandidate: â€˜[01m[Ktemplate<class _Clock, class _Dur1, class _Dur2> constexpr typename std::common_type<_Duration1, _Duration2>::type std::chrono::operator-(const std::chrono::time_point<_Clock, _Duration1>&, const std::chrono::time_point<_Clock, _Duration2>&)[m[Kâ€™
 1042 |       [01;36m[Koperator[m[K-(const time_point<_Clock, _Dur1>& __lhs,
      |       [01;36m[K^~~~~~~~[m[K
[01m[K/usr/include/c++/11/chrono:1042:7:[m[K [01;36m[Knote: [m[K  template argument deduction/substitution failed:
In file included from [01m[K/home/wilhem/NTNU_ROV_COM/sup_com/src/sup_com/src/slave_for_demo.cpp:13[m[K:
[01m[K/home/wilhem/NTNU_ROV_COM/sup_com/src/sup_com/src/../../../../lib/janusxsdm/janusxsdm.cpp:895:69:[m[K [01;36m[Knote: [m[K  deduced conflicting types for parameter â€˜[01m[K_Clock[m[Kâ€™ (â€˜[01m[Kstd::chrono::_V2::system_clock[m[Kâ€™ and â€˜[01m[Kstd::chrono::_V2::steady_clock[m[Kâ€™)
  895 |                 std::chrono::duration<double> elapsed_seconds = end-[01;36m[Kstart[m[K;
      |                                                                     [01;36m[K^~~~~[m[K
[01m[K/home/wilhem/NTNU_ROV_COM/sup_com/src/sup_com/src/../../../../lib/janusxsdm/janusxsdm.cpp:947:72:[m[K [01;31m[Kerror: [m[Kno match for â€˜[01m[Koperator-[m[Kâ€™ (operand types are â€˜[01m[Kstd::chrono::time_point<std::chrono::_V2::system_clock, std::chrono::duration<long int, std::ratio<1, 1000000000> > >[m[Kâ€™ and â€˜[01m[Kstd::chrono::_V2::steady_clock::time_point[m[Kâ€™ {aka â€˜[01m[Kstd::chrono::time_point<std::chrono::_V2::steady_clock, std::chrono::duration<long int, std::ratio<1, 1000000000> > >[m[Kâ€™})
  947 |    std::chrono::duration<double> elapsed_seconds = [32m[Kend[m[K[01;31m[K-[m[K[34m[Kstart[m[K;
      |                                                    [32m[K~~~[m[K[01;31m[K^[m[K[34m[K~~~~~[m[K
      |                                                    [32m[K|[m[K   [34m[K|[m[K
      |                                                    [32m[K|[m[K   [34m[Ktime_point<std::chrono::_V2::steady_clock,[...]>[m[K
      |                                                    [32m[Ktime_point<std::chrono::_V2::system_clock,[...]>[m[K

In file included from [01m[K/usr/include/c++/11/bits/stl_algobase.h:67[m[K,
                 from [01m[K/usr/include/c++/11/bits/char_traits.h:39[m[K,
                 from [01m[K/usr/include/c++/11/ios:40[m[K,
                 from [01m[K/usr/include/c++/11/ostream:38[m[K,
                 from [01m[K/usr/include/c++/11/iostream:39[m[K,
                 from [01m[K/home/wilhem/NTNU_ROV_COM/sup_com/src/sup_com/src/master_for_demo.cpp:1[m[K:
[01m[K/usr/include/c++/11/bits/stl_iterator.h:560:5:[m[K [01;36m[Knote: [m[Kcandidate: â€˜[01m[Ktemplate<class _IteratorL, class _IteratorR> constexpr decltype ((__y.base() - __x.base())) std::operator-(const std::reverse_iterator<_Iterator>&, const std::reverse_iterator<_IteratorR>&)[m[Kâ€™
  560 |     [01;36m[Koperator[m[K-(const reverse_iterator<_IteratorL>& __x,
      |     [01;36m[K^~~~~~~~[m[K
[01m[K/usr/include/c++/11/bits/stl_iterator.h:560:5:[m[K [01;36m[Knote: [m[K  template argument deduction/substitution failed:
In file included from [01m[K/home/wilhem/NTNU_ROV_COM/sup_com/src/sup_com/src/master_for_demo.cpp:13[m[K:
[01m[K/home/wilhem/NTNU_ROV_COM/sup_com/src/sup_com/src/../../../../lib/janusxsdm/janusxsdm.cpp:947:73:[m[K [01;36m[Knote: [m[K  â€˜[01m[Kstd::chrono::time_point<std::chrono::_V2::system_clock, std::chrono::duration<long int, std::ratio<1, 1000000000> > >[m[Kâ€™ is not derived from â€˜[01m[Kconst std::reverse_iterator<_Iterator>[m[Kâ€™
  947 |    std::chrono::duration<double> elapsed_seconds = end-[01;36m[Kstart[m[K;
      |                                                        [01;36m[K^~~~~[m[K

In file included from [01m[K/usr/include/c++/11/bits/stl_algobase.h:67[m[K,
                 from [01m[K/usr/include/c++/11/bits/char_traits.h:39[m[K,
                 from [01m[K/usr/include/c++/11/ios:40[m[K,
                 from [01m[K/usr/include/c++/11/ostream:38[m[K,
                 from [01m[K/usr/include/c++/11/iostream:39[m[K,
                 from [01m[K/home/wilhem/NTNU_ROV_COM/sup_com/src/sup_com/src/master_for_demo.cpp:1[m[K:
[01m[K/usr/include/c++/11/bits/stl_iterator.h:1639:5:[m[K [01;36m[Knote: [m[Kcandidate: â€˜[01m[Ktemplate<class _IteratorL, class _IteratorR> constexpr decltype ((__x.base() - __y.base())) std::operator-(const std::move_iterator<_IteratorL>&, const std::move_iterator<_IteratorR>&)[m[Kâ€™
 1639 |     [01;36m[Koperator[m[K-(const move_iterator<_IteratorL>& __x,
      |     [01;36m[K^~~~~~~~[m[K
[01m[K/usr/include/c++/11/bits/stl_iterator.h:1639:5:[m[K [01;36m[Knote: [m[K  template argument deduction/substitution failed:
In file included from [01m[K/home/wilhem/NTNU_ROV_COM/sup_com/src/sup_com/src/master_for_demo.cpp:13[m[K:
[01m[K/home/wilhem/NTNU_ROV_COM/sup_com/src/sup_com/src/../../../../lib/janusxsdm/janusxsdm.cpp:947:73:[m[K [01;36m[Knote: [m[K  â€˜[01m[Kstd::chrono::time_point<std::chrono::_V2::system_clock, std::chrono::duration<long int, std::ratio<1, 1000000000> > >[m[Kâ€™ is not derived from â€˜[01m[Kconst std::move_iterator<_IteratorL>[m[Kâ€™
  947 |    std::chrono::duration<double> elapsed_seconds = end-[01;36m[Kstart[m[K;
      |                                                        [01;36m[K^~~~~[m[K

In file included from [01m[K/home/wilhem/NTNU_ROV_COM/sup_com/src/sup_com/src/master_for_demo.cpp:6[m[K:
[01m[K/usr/include/c++/11/chrono:660:7:[m[K [01;36m[Knote: [m[Kcandidate: â€˜[01m[Ktemplate<class _Rep1, class _Period1, class _Rep2, class _Period2> constexpr typename std::common_type<std::chrono::duration<_Rep1, _Period1>, std::chrono::duration<_Rep2, _Period2> >::type std::chrono::operator-(const std::chrono::duration<_Rep1, _Period1>&, const std::chrono::duration<_Rep2, _Period2>&)[m[Kâ€™
  660 |       [01;36m[Koperator[m[K-(const duration<_Rep1, _Period1>& __lhs,
      |       [01;36m[K^~~~~~~~[m[K
[01m[K/usr/include/c++/11/chrono:660:7:[m[K [01;36m[Knote: [m[K  template argument deduction/substitution failed:
In file included from [01m[K/home/wilhem/NTNU_ROV_COM/sup_com/src/sup_com/src/master_for_demo.cpp:13[m[K:
[01m[K/home/wilhem/NTNU_ROV_COM/sup_com/src/sup_com/src/../../../../lib/janusxsdm/janusxsdm.cpp:947:73:[m[K [01;36m[Knote: [m[K  â€˜[01m[Kstd::chrono::time_point<std::chrono::_V2::system_clock, std::chrono::duration<long int, std::ratio<1, 1000000000> > >[m[Kâ€™ is not derived from â€˜[01m[Kconst std::chrono::duration<_Rep1, _Period1>[m[Kâ€™
  947 |    std::chrono::duration<double> elapsed_seconds = end-[01;36m[Kstart[m[K;
      |                                                        [01;36m[K^~~~~[m[K

In file included from [01m[K/home/wilhem/NTNU_ROV_COM/sup_com/src/sup_com/src/master_for_demo.cpp:6[m[K:
[01m[K/usr/include/c++/11/chrono:1030:7:[m[K [01;36m[Knote: [m[Kcandidate: â€˜[01m[Ktemplate<class _Clock, class _Dur1, class _Rep2, class _Period2> constexpr std::chrono::time_point<_Clock, typename std::common_type<_Dur1, std::chrono::duration<_Rep2, _Period2> >::type> std::chrono::operator-(const std::chrono::time_point<_Clock, _Duration1>&, const std::chrono::duration<_Rep2, _Period2>&)[m[Kâ€™
 1030 |       [01;36m[Koperator[m[K-(const time_point<_Clock, _Dur1>& __lhs,
      |       [01;36m[K^~~~~~~~[m[K
[01m[K/usr/include/c++/11/chrono:1030:7:[m[K [01;36m[Knote: [m[K  template argument deduction/substitution failed:
In file included from [01m[K/home/wilhem/NTNU_ROV_COM/sup_com/src/sup_com/src/master_for_demo.cpp:13[m[K:
[01m[K/home/wilhem/NTNU_ROV_COM/sup_com/src/sup_com/src/../../../../lib/janusxsdm/janusxsdm.cpp:947:73:[m[K [01;36m[Knote: [m[K  â€˜[01m[Kstd::chrono::_V2::steady_clock::time_point[m[Kâ€™ {aka â€˜[01m[Kstd::chrono::time_point<std::chrono::_V2::steady_clock, std::chrono::duration<long int, std::ratio<1, 1000000000> > >[m[Kâ€™} is not derived from â€˜[01m[Kconst std::chrono::duration<_Rep2, _Period2>[m[Kâ€™
  947 |    std::chrono::duration<double> elapsed_seconds = end-[01;36m[Kstart[m[K;
      |                                                        [01;36m[K^~~~~[m[K

[01m[K/home/wilhem/NTNU_ROV_COM/sup_com/src/sup_com/src/../../../../lib/janusxsdm/janusxsdm.cpp:916:22:[m[K [01;31m[Kerror: [m[Kconflicting declaration â€˜[01m[Kauto end[m[Kâ€™
  916 |                 auto [01;31m[Kend[m[K = std::chrono::system_clock::now();
      |                      [01;31m[K^~~[m[K
In file included from [01m[K/home/wilhem/NTNU_ROV_COM/sup_com/src/sup_com/src/master_for_demo.cpp:6[m[K:
[01m[K/usr/include/c++/11/chrono:1042:7:[m[K [01;36m[Knote: [m[Kcandidate: â€˜[01m[Ktemplate<class _Clock, class _Dur1, class _Dur2> constexpr typename std::common_type<_Duration1, _Duration2>::type std::chrono::operator-(const std::chrono::time_point<_Clock, _Duration1>&, const std::chrono::time_point<_Clock, _Duration2>&)[m[Kâ€™
 1042 |       [01;36m[Koperator[m[K-(const time_point<_Clock, _Dur1>& __lhs,
      |       [01;36m[K^~~~~~~~[m[K
[01m[K/usr/include/c++/11/chrono:1042:7:[m[K [01;36m[Knote: [m[K  template argument deduction/substitution failed:
[01m[K/home/wilhem/NTNU_ROV_COM/sup_com/src/sup_com/src/../../../../lib/janusxsdm/janusxsdm.cpp:894:22:[m[K [01;36m[Knote: [m[Kprevious declaration as â€˜[01m[Kstd::chrono::time_point<std::chrono::_V2::system_clock, std::chrono::duration<long int, std::ratio<1, 1000000000> > > end[m[Kâ€™
  894 |                 auto [01;36m[Kend[m[K = std::chrono::system_clock::now();
      |                      [01;36m[K^~~[m[K
In file included from [01m[K/home/wilhem/NTNU_ROV_COM/sup_com/src/sup_com/src/master_for_demo.cpp:13[m[K:
[01m[K/home/wilhem/NTNU_ROV_COM/sup_com/src/sup_com/src/../../../../lib/janusxsdm/janusxsdm.cpp:947:73:[m[K [01;36m[Knote: [m[K  deduced conflicting types for parameter â€˜[01m[K_Clock[m[Kâ€™ (â€˜[01m[Kstd::chrono::_V2::system_clock[m[Kâ€™ and â€˜[01m[Kstd::chrono::_V2::steady_clock[m[Kâ€™)
  947 |    std::chrono::duration<double> elapsed_seconds = end-[01;36m[Kstart[m[K;
      |                                                        [01;36m[K^~~~~[m[K

[01m[K/home/wilhem/NTNU_ROV_COM/sup_com/src/sup_com/src/../../../../lib/janusxsdm/janusxsdm.cpp:917:47:[m[K [01;31m[Kerror: [m[Kredeclaration of â€˜[01m[Kstd::chrono::duration<double> elapsed_seconds[m[Kâ€™
  917 |                 std::chrono::duration<double> [01;31m[Kelapsed_seconds[m[K = end-start;
      |                                               [01;31m[K^~~~~~~~~~~~~~~[m[K
[01m[K/home/wilhem/NTNU_ROV_COM/sup_com/src/sup_com/src/../../../../lib/janusxsdm/janusxsdm.cpp:895:47:[m[K [01;36m[Knote: [m[Kâ€˜[01m[Kstd::chrono::duration<double> elapsed_seconds[m[Kâ€™ previously declared here
  895 |                 std::chrono::duration<double> [01;36m[Kelapsed_seconds[m[K = end-start;
      |                                               [01;36m[K^~~~~~~~~~~~~~~[m[K
[01m[K/home/wilhem/NTNU_ROV_COM/sup_com/src/sup_com/src/../../../../lib/janusxsdm/janusxsdm.cpp:917:68:[m[K [01;31m[Kerror: [m[Kno match for â€˜[01m[Koperator-[m[Kâ€™ (operand types are â€˜[01m[Kstd::chrono::time_point<std::chrono::_V2::system_clock, std::chrono::duration<long int, std::ratio<1, 1000000000> > >[m[Kâ€™ and â€˜[01m[Kstd::chrono::_V2::steady_clock::time_point[m[Kâ€™ {aka â€˜[01m[Kstd::chrono::time_point<std::chrono::_V2::steady_clock, std::chrono::duration<long int, std::ratio<1, 1000000000> > >[m[Kâ€™})
  917 |                 std::chrono::duration<double> elapsed_seconds = [32m[Kend[m[K[01;31m[K-[m[K[34m[Kstart[m[K;
      |                                                                 [32m[K~~~[m[K[01;31m[K^[m[K[34m[K~~~~~[m[K
      |                                                                 [32m[K|[m[K   [34m[K|[m[K
      |                                                                 [32m[K|[m[K   [34m[Ktime_point<std::chrono::_V2::steady_clock,[...]>[m[K
      |                                                                 [32m[Ktime_point<std::chrono::_V2::system_clock,[...]>[m[K
In file included from [01m[K/usr/include/c++/11/bits/stl_algobase.h:67[m[K,
                 from [01m[K/usr/include/c++/11/bits/char_traits.h:39[m[K,
                 from [01m[K/usr/include/c++/11/ios:40[m[K,
                 from [01m[K/usr/include/c++/11/ostream:38[m[K,
                 from [01m[K/usr/include/c++/11/iostream:39[m[K,
                 from [01m[K/home/wilhem/NTNU_ROV_COM/sup_com/src/sup_com/src/slave_for_demo.cpp:1[m[K:
[01m[K/usr/include/c++/11/bits/stl_iterator.h:560:5:[m[K [01;36m[Knote: [m[Kcandidate: â€˜[01m[Ktemplate<class _IteratorL, class _IteratorR> constexpr decltype ((__y.base() - __x.base())) std::operator-(const std::reverse_iterator<_Iterator>&, const std::reverse_iterator<_IteratorR>&)[m[Kâ€™
  560 |     [01;36m[Koperator[m[K-(const reverse_iterator<_IteratorL>& __x,
      |     [01;36m[K^~~~~~~~[m[K
[01m[K/usr/include/c++/11/bits/stl_iterator.h:560:5:[m[K [01;36m[Knote: [m[K  template argument deduction/substitution failed:
In file included from [01m[K/home/wilhem/NTNU_ROV_COM/sup_com/src/sup_com/src/slave_for_demo.cpp:13[m[K:
[01m[K/home/wilhem/NTNU_ROV_COM/sup_com/src/sup_com/src/../../../../lib/janusxsdm/janusxsdm.cpp:917:69:[m[K [01;36m[Knote: [m[K  â€˜[01m[Kstd::chrono::time_point<std::chrono::_V2::system_clock, std::chrono::duration<long int, std::ratio<1, 1000000000> > >[m[Kâ€™ is not derived from â€˜[01m[Kconst std::reverse_iterator<_Iterator>[m[Kâ€™
  917 |                 std::chrono::duration<double> elapsed_seconds = end-[01;36m[Kstart[m[K;
      |                                                                     [01;36m[K^~~~~[m[K
In file included from [01m[K/usr/include/c++/11/bits/stl_algobase.h:67[m[K,
                 from [01m[K/usr/include/c++/11/bits/char_traits.h:39[m[K,
                 from [01m[K/usr/include/c++/11/ios:40[m[K,
                 from [01m[K/usr/include/c++/11/ostream:38[m[K,
                 from [01m[K/usr/include/c++/11/iostream:39[m[K,
                 from [01m[K/home/wilhem/NTNU_ROV_COM/sup_com/src/sup_com/src/slave_for_demo.cpp:1[m[K:
[01m[K/usr/include/c++/11/bits/stl_iterator.h:1639:5:[m[K [01;36m[Knote: [m[Kcandidate: â€˜[01m[Ktemplate<class _IteratorL, class _IteratorR> constexpr decltype ((__x.base() - __y.base())) std::operator-(const std::move_iterator<_IteratorL>&, const std::move_iterator<_IteratorR>&)[m[Kâ€™
 1639 |     [01;36m[Koperator[m[K-(const move_iterator<_IteratorL>& __x,
      |     [01;36m[K^~~~~~~~[m[K
[01m[K/usr/include/c++/11/bits/stl_iterator.h:1639:5:[m[K [01;36m[Knote: [m[K  template argument deduction/substitution failed:
In file included from [01m[K/home/wilhem/NTNU_ROV_COM/sup_com/src/sup_com/src/slave_for_demo.cpp:13[m[K:
[01m[K/home/wilhem/NTNU_ROV_COM/sup_com/src/sup_com/src/../../../../lib/janusxsdm/janusxsdm.cpp:917:69:[m[K [01;36m[Knote: [m[K  â€˜[01m[Kstd::chrono::time_point<std::chrono::_V2::system_clock, std::chrono::duration<long int, std::ratio<1, 1000000000> > >[m[Kâ€™ is not derived from â€˜[01m[Kconst std::move_iterator<_IteratorL>[m[Kâ€™
  917 |                 std::chrono::duration<double> elapsed_seconds = end-[01;36m[Kstart[m[K;
      |                                                                     [01;36m[K^~~~~[m[K
In file included from [01m[K/home/wilhem/NTNU_ROV_COM/sup_com/src/sup_com/src/slave_for_demo.cpp:6[m[K:
[01m[K/usr/include/c++/11/chrono:660:7:[m[K [01;36m[Knote: [m[Kcandidate: â€˜[01m[Ktemplate<class _Rep1, class _Period1, class _Rep2, class _Period2> constexpr typename std::common_type<std::chrono::duration<_Rep1, _Period1>, std::chrono::duration<_Rep2, _Period2> >::type std::chrono::operator-(const std::chrono::duration<_Rep1, _Period1>&, const std::chrono::duration<_Rep2, _Period2>&)[m[Kâ€™
  660 |       [01;36m[Koperator[m[K-(const duration<_Rep1, _Period1>& __lhs,
      |       [01;36m[K^~~~~~~~[m[K
[01m[K/usr/include/c++/11/chrono:660:7:[m[K [01;36m[Knote: [m[K  template argument deduction/substitution failed:
In file included from [01m[K/home/wilhem/NTNU_ROV_COM/sup_com/src/sup_com/src/slave_for_demo.cpp:13[m[K:
[01m[K/home/wilhem/NTNU_ROV_COM/sup_com/src/sup_com/src/../../../../lib/janusxsdm/janusxsdm.cpp:917:69:[m[K [01;36m[Knote: [m[K  â€˜[01m[Kstd::chrono::time_point<std::chrono::_V2::system_clock, std::chrono::duration<long int, std::ratio<1, 1000000000> > >[m[Kâ€™ is not derived from â€˜[01m[Kconst std::chrono::duration<_Rep1, _Period1>[m[Kâ€™
  917 |                 std::chrono::duration<double> elapsed_seconds = end-[01;36m[Kstart[m[K;
      |                                                                     [01;36m[K^~~~~[m[K
In file included from [01m[K/home/wilhem/NTNU_ROV_COM/sup_com/src/sup_com/src/slave_for_demo.cpp:6[m[K:
[01m[K/usr/include/c++/11/chrono:1030:7:[m[K [01;36m[Knote: [m[Kcandidate: â€˜[01m[Ktemplate<class _Clock, class _Dur1, class _Rep2, class _Period2> constexpr std::chrono::time_point<_Clock, typename std::common_type<_Dur1, std::chrono::duration<_Rep2, _Period2> >::type> std::chrono::operator-(const std::chrono::time_point<_Clock, _Duration1>&, const std::chrono::duration<_Rep2, _Period2>&)[m[Kâ€™
 1030 |       [01;36m[Koperator[m[K-(const time_point<_Clock, _Dur1>& __lhs,
      |       [01;36m[K^~~~~~~~[m[K
[01m[K/usr/include/c++/11/chrono:1030:7:[m[K [01;36m[Knote: [m[K  template argument deduction/substitution failed:
In file included from [01m[K/home/wilhem/NTNU_ROV_COM/sup_com/src/sup_com/src/slave_for_demo.cpp:13[m[K:
[01m[K/home/wilhem/NTNU_ROV_COM/sup_com/src/sup_com/src/../../../../lib/janusxsdm/janusxsdm.cpp:917:69:[m[K [01;36m[Knote: [m[K  â€˜[01m[Kstd::chrono::_V2::steady_clock::time_point[m[Kâ€™ {aka â€˜[01m[Kstd::chrono::time_point<std::chrono::_V2::steady_clock, std::chrono::duration<long int, std::ratio<1, 1000000000> > >[m[Kâ€™} is not derived from â€˜[01m[Kconst std::chrono::duration<_Rep2, _Period2>[m[Kâ€™
  917 |                 std::chrono::duration<double> elapsed_seconds = end-[01;36m[Kstart[m[K;
      |                                                                     [01;36m[K^~~~~[m[K
In file included from [01m[K/home/wilhem/NTNU_ROV_COM/sup_com/src/sup_com/src/slave_for_demo.cpp:6[m[K:
[01m[K/usr/include/c++/11/chrono:1042:7:[m[K [01;36m[Knote: [m[Kcandidate: â€˜[01m[Ktemplate<class _Clock, class _Dur1, class _Dur2> constexpr typename std::common_type<_Duration1, _Duration2>::type std::chrono::operator-(const std::chrono::time_point<_Clock, _Duration1>&, const std::chrono::time_point<_Clock, _Duration2>&)[m[Kâ€™
 1042 |       [01;36m[Koperator[m[K-(const time_point<_Clock, _Dur1>& __lhs,
      |       [01;36m[K^~~~~~~~[m[K
[01m[K/usr/include/c++/11/chrono:1042:7:[m[K [01;36m[Knote: [m[K  template argument deduction/substitution failed:
In file included from [01m[K/home/wilhem/NTNU_ROV_COM/sup_com/src/sup_com/src/slave_for_demo.cpp:13[m[K:
[01m[K/home/wilhem/NTNU_ROV_COM/sup_com/src/sup_com/src/../../../../lib/janusxsdm/janusxsdm.cpp:917:69:[m[K [01;36m[Knote: [m[K  deduced conflicting types for parameter â€˜[01m[K_Clock[m[Kâ€™ (â€˜[01m[Kstd::chrono::_V2::system_clock[m[Kâ€™ and â€˜[01m[Kstd::chrono::_V2::steady_clock[m[Kâ€™)
  917 |                 std::chrono::duration<double> elapsed_seconds = end-[01;36m[Kstart[m[K;
      |                                                                     [01;36m[K^~~~~[m[K
[01m[K/home/wilhem/NTNU_ROV_COM/sup_com/src/sup_com/src/../../../../lib/janusxsdm/janusxsdm.cpp:918:29:[m[K [01;31m[Kerror: [m[Kredeclaration of â€˜[01m[Ktime_t end_time[m[Kâ€™
  918 |                 std::time_t [01;31m[Kend_time[m[K = std::chrono::system_clock::to_time_t(end);
      |                             [01;31m[K^~~~~~~~[m[K
[01m[K/home/wilhem/NTNU_ROV_COM/sup_com/src/sup_com/src/../../../../lib/janusxsdm/janusxsdm.cpp:896:29:[m[K [01;36m[Knote: [m[Kâ€˜[01m[Ktime_t end_time[m[Kâ€™ previously declared here
  896 |                 std::time_t [01;36m[Kend_time[m[K = std::chrono::system_clock::to_time_t(end);
      |                             [01;36m[K^~~~~~~~[m[K
[01m[K/home/wilhem/NTNU_ROV_COM/sup_com/src/sup_com/src/../../../../lib/janusxsdm/janusxsdm.cpp:934:72:[m[K [01;31m[Kerror: [m[Kno match for â€˜[01m[Koperator-[m[Kâ€™ (operand types are â€˜[01m[Kstd::chrono::time_point<std::chrono::_V2::system_clock, std::chrono::duration<long int, std::ratio<1, 1000000000> > >[m[Kâ€™ and â€˜[01m[Kstd::chrono::_V2::steady_clock::time_point[m[Kâ€™ {aka â€˜[01m[Kstd::chrono::time_point<std::chrono::_V2::steady_clock, std::chrono::duration<long int, std::ratio<1, 1000000000> > >[m[Kâ€™})
  934 |                     std::chrono::duration<double> elapsed_seconds = [32m[Kend[m[K[01;31m[K-[m[K[34m[Kstart[m[K;
      |                                                                     [32m[K~~~[m[K[01;31m[K^[m[K[34m[K~~~~~[m[K
      |                                                                     [32m[K|[m[K   [34m[K|[m[K
      |                                                                     [32m[K|[m[K   [34m[Ktime_point<std::chrono::_V2::steady_clock,[...]>[m[K
      |                                                                     [32m[Ktime_point<std::chrono::_V2::system_clock,[...]>[m[K
In file included from [01m[K/usr/include/c++/11/bits/stl_algobase.h:67[m[K,
                 from [01m[K/usr/include/c++/11/bits/char_traits.h:39[m[K,
                 from [01m[K/usr/include/c++/11/ios:40[m[K,
                 from [01m[K/usr/include/c++/11/ostream:38[m[K,
                 from [01m[K/usr/include/c++/11/iostream:39[m[K,
                 from [01m[K/home/wilhem/NTNU_ROV_COM/sup_com/src/sup_com/src/slave_for_demo.cpp:1[m[K:
[01m[K/usr/include/c++/11/bits/stl_iterator.h:560:5:[m[K [01;36m[Knote: [m[Kcandidate: â€˜[01m[Ktemplate<class _IteratorL, class _IteratorR> constexpr decltype ((__y.base() - __x.base())) std::operator-(const std::reverse_iterator<_Iterator>&, const std::reverse_iterator<_IteratorR>&)[m[Kâ€™
  560 |     [01;36m[Koperator[m[K-(const reverse_iterator<_IteratorL>& __x,
      |     [01;36m[K^~~~~~~~[m[K
[01m[K/usr/include/c++/11/bits/stl_iterator.h:560:5:[m[K [01;36m[Knote: [m[K  template argument deduction/substitution failed:
In file included from [01m[K/home/wilhem/NTNU_ROV_COM/sup_com/src/sup_com/src/slave_for_demo.cpp:13[m[K:
[01m[K/home/wilhem/NTNU_ROV_COM/sup_com/src/sup_com/src/../../../../lib/janusxsdm/janusxsdm.cpp:934:73:[m[K [01;36m[Knote: [m[K  â€˜[01m[Kstd::chrono::time_point<std::chrono::_V2::system_clock, std::chrono::duration<long int, std::ratio<1, 1000000000> > >[m[Kâ€™ is not derived from â€˜[01m[Kconst std::reverse_iterator<_Iterator>[m[Kâ€™
  934 |                     std::chrono::duration<double> elapsed_seconds = end-[01;36m[Kstart[m[K;
      |                                                                         [01;36m[K^~~~~[m[K
In file included from [01m[K/usr/include/c++/11/bits/stl_algobase.h:67[m[K,
                 from [01m[K/usr/include/c++/11/bits/char_traits.h:39[m[K,
                 from [01m[K/usr/include/c++/11/ios:40[m[K,
                 from [01m[K/usr/include/c++/11/ostream:38[m[K,
                 from [01m[K/usr/include/c++/11/iostream:39[m[K,
                 from [01m[K/home/wilhem/NTNU_ROV_COM/sup_com/src/sup_com/src/slave_for_demo.cpp:1[m[K:
[01m[K/usr/include/c++/11/bits/stl_iterator.h:1639:5:[m[K [01;36m[Knote: [m[Kcandidate: â€˜[01m[Ktemplate<class _IteratorL, class _IteratorR> constexpr decltype ((__x.base() - __y.base())) std::operator-(const std::move_iterator<_IteratorL>&, const std::move_iterator<_IteratorR>&)[m[Kâ€™
 1639 |     [01;36m[Koperator[m[K-(const move_iterator<_IteratorL>& __x,
      |     [01;36m[K^~~~~~~~[m[K
[01m[K/usr/include/c++/11/bits/stl_iterator.h:1639:5:[m[K [01;36m[Knote: [m[K  template argument deduction/substitution failed:
In file included from [01m[K/home/wilhem/NTNU_ROV_COM/sup_com/src/sup_com/src/slave_for_demo.cpp:13[m[K:
[01m[K/home/wilhem/NTNU_ROV_COM/sup_com/src/sup_com/src/../../../../lib/janusxsdm/janusxsdm.cpp:934:73:[m[K [01;36m[Knote: [m[K  â€˜[01m[Kstd::chrono::time_point<std::chrono::_V2::system_clock, std::chrono::duration<long int, std::ratio<1, 1000000000> > >[m[Kâ€™ is not derived from â€˜[01m[Kconst std::move_iterator<_IteratorL>[m[Kâ€™
  934 |                     std::chrono::duration<double> elapsed_seconds = end-[01;36m[Kstart[m[K;
      |                                                                         [01;36m[K^~~~~[m[K
In file included from [01m[K/home/wilhem/NTNU_ROV_COM/sup_com/src/sup_com/src/slave_for_demo.cpp:6[m[K:
[01m[K/usr/include/c++/11/chrono:660:7:[m[K [01;36m[Knote: [m[Kcandidate: â€˜[01m[Ktemplate<class _Rep1, class _Period1, class _Rep2, class _Period2> constexpr typename std::common_type<std::chrono::duration<_Rep1, _Period1>, std::chrono::duration<_Rep2, _Period2> >::type std::chrono::operator-(const std::chrono::duration<_Rep1, _Period1>&, const std::chrono::duration<_Rep2, _Period2>&)[m[Kâ€™
  660 |       [01;36m[Koperator[m[K-(const duration<_Rep1, _Period1>& __lhs,
      |       [01;36m[K^~~~~~~~[m[K
[01m[K/usr/include/c++/11/chrono:660:7:[m[K [01;36m[Knote: [m[K  template argument deduction/substitution failed:
In file included from [01m[K/home/wilhem/NTNU_ROV_COM/sup_com/src/sup_com/src/slave_for_demo.cpp:13[m[K:
[01m[K/home/wilhem/NTNU_ROV_COM/sup_com/src/sup_com/src/../../../../lib/janusxsdm/janusxsdm.cpp:934:73:[m[K [01;36m[Knote: [m[K  â€˜[01m[Kstd::chrono::time_point<std::chrono::_V2::system_clock, std::chrono::duration<long int, std::ratio<1, 1000000000> > >[m[Kâ€™ is not derived from â€˜[01m[Kconst std::chrono::duration<_Rep1, _Period1>[m[Kâ€™
  934 |                     std::chrono::duration<double> elapsed_seconds = end-[01;36m[Kstart[m[K;
      |                                                                         [01;36m[K^~~~~[m[K
In file included from [01m[K/home/wilhem/NTNU_ROV_COM/sup_com/src/sup_com/src/slave_for_demo.cpp:6[m[K:
[01m[K/usr/include/c++/11/chrono:1030:7:[m[K [01;36m[Knote: [m[Kcandidate: â€˜[01m[Ktemplate<class _Clock, class _Dur1, class _Rep2, class _Period2> constexpr std::chrono::time_point<_Clock, typename std::common_type<_Dur1, std::chrono::duration<_Rep2, _Period2> >::type> std::chrono::operator-(const std::chrono::time_point<_Clock, _Duration1>&, const std::chrono::duration<_Rep2, _Period2>&)[m[Kâ€™
 1030 |       [01;36m[Koperator[m[K-(const time_point<_Clock, _Dur1>& __lhs,
      |       [01;36m[K^~~~~~~~[m[K
[01m[K/usr/include/c++/11/chrono:1030:7:[m[K [01;36m[Knote: [m[K  template argument deduction/substitution failed:
In file included from [01m[K/home/wilhem/NTNU_ROV_COM/sup_com/src/sup_com/src/slave_for_demo.cpp:13[m[K:
[01m[K/home/wilhem/NTNU_ROV_COM/sup_com/src/sup_com/src/../../../../lib/janusxsdm/janusxsdm.cpp:934:73:[m[K [01;36m[Knote: [m[K  â€˜[01m[Kstd::chrono::_V2::steady_clock::time_point[m[Kâ€™ {aka â€˜[01m[Kstd::chrono::time_point<std::chrono::_V2::steady_clock, std::chrono::duration<long int, std::ratio<1, 1000000000> > >[m[Kâ€™} is not derived from â€˜[01m[Kconst std::chrono::duration<_Rep2, _Period2>[m[Kâ€™
  934 |                     std::chrono::duration<double> elapsed_seconds = end-[01;36m[Kstart[m[K;
      |                                                                         [01;36m[K^~~~~[m[K
In file included from [01m[K/home/wilhem/NTNU_ROV_COM/sup_com/src/sup_com/src/slave_for_demo.cpp:6[m[K:
[01m[K/usr/include/c++/11/chrono:1042:7:[m[K [01;36m[Knote: [m[Kcandidate: â€˜[01m[Ktemplate<class _Clock, class _Dur1, class _Dur2> constexpr typename std::common_type<_Duration1, _Duration2>::type std::chrono::operator-(const std::chrono::time_point<_Clock, _Duration1>&, const std::chrono::time_point<_Clock, _Duration2>&)[m[Kâ€™
 1042 |       [01;36m[Koperator[m[K-(const time_point<_Clock, _Dur1>& __lhs,
      |       [01;36m[K^~~~~~~~[m[K
[01m[K/usr/include/c++/11/chrono:1042:7:[m[K [01;36m[Knote: [m[K  template argument deduction/substitution failed:
In file included from [01m[K/home/wilhem/NTNU_ROV_COM/sup_com/src/sup_com/src/slave_for_demo.cpp:13[m[K:
[01m[K/home/wilhem/NTNU_ROV_COM/sup_com/src/sup_com/src/../../../../lib/janusxsdm/janusxsdm.cpp:934:73:[m[K [01;36m[Knote: [m[K  deduced conflicting types for parameter â€˜[01m[K_Clock[m[Kâ€™ (â€˜[01m[Kstd::chrono::_V2::system_clock[m[Kâ€™ and â€˜[01m[Kstd::chrono::_V2::steady_clock[m[Kâ€™)
  934 |                     std::chrono::duration<double> elapsed_seconds = end-[01;36m[Kstart[m[K;
      |                                                                         [01;36m[K^~~~~[m[K
[01m[K/home/wilhem/NTNU_ROV_COM/sup_com/src/sup_com/src/../../../../lib/janusxsdm/janusxsdm.cpp:947:72:[m[K [01;31m[Kerror: [m[Kno match for â€˜[01m[Koperator-[m[Kâ€™ (operand types are â€˜[01m[Kstd::chrono::time_point<std::chrono::_V2::system_clock, std::chrono::duration<long int, std::ratio<1, 1000000000> > >[m[Kâ€™ and â€˜[01m[Kstd::chrono::_V2::steady_clock::time_point[m[Kâ€™ {aka â€˜[01m[Kstd::chrono::time_point<std::chrono::_V2::steady_clock, std::chrono::duration<long int, std::ratio<1, 1000000000> > >[m[Kâ€™})
  947 |                     std::chrono::duration<double> elapsed_seconds = [32m[Kend[m[K[01;31m[K-[m[K[34m[Kstart[m[K;
      |                                                                     [32m[K~~~[m[K[01;31m[K^[m[K[34m[K~~~~~[m[K
      |                                                                     [32m[K|[m[K   [34m[K|[m[K
      |                                                                     [32m[K|[m[K   [34m[Ktime_point<std::chrono::_V2::steady_clock,[...]>[m[K
      |                                                                     [32m[Ktime_point<std::chrono::_V2::system_clock,[...]>[m[K
In file included from [01m[K/usr/include/c++/11/bits/stl_algobase.h:67[m[K,
                 from [01m[K/usr/include/c++/11/bits/char_traits.h:39[m[K,
                 from [01m[K/usr/include/c++/11/ios:40[m[K,
                 from [01m[K/usr/include/c++/11/ostream:38[m[K,
                 from [01m[K/usr/include/c++/11/iostream:39[m[K,
                 from [01m[K/home/wilhem/NTNU_ROV_COM/sup_com/src/sup_com/src/slave_for_demo.cpp:1[m[K:
[01m[K/usr/include/c++/11/bits/stl_iterator.h:560:5:[m[K [01;36m[Knote: [m[Kcandidate: â€˜[01m[Ktemplate<class _IteratorL, class _IteratorR> constexpr decltype ((__y.base() - __x.base())) std::operator-(const std::reverse_iterator<_Iterator>&, const std::reverse_iterator<_IteratorR>&)[m[Kâ€™
  560 |     [01;36m[Koperator[m[K-(const reverse_iterator<_IteratorL>& __x,
      |     [01;36m[K^~~~~~~~[m[K
[01m[K/usr/include/c++/11/bits/stl_iterator.h:560:5:[m[K [01;36m[Knote: [m[K  template argument deduction/substitution failed:
In file included from [01m[K/home/wilhem/NTNU_ROV_COM/sup_com/src/sup_com/src/slave_for_demo.cpp:13[m[K:
[01m[K/home/wilhem/NTNU_ROV_COM/sup_com/src/sup_com/src/../../../../lib/janusxsdm/janusxsdm.cpp:947:73:[m[K [01;36m[Knote: [m[K  â€˜[01m[Kstd::chrono::time_point<std::chrono::_V2::system_clock, std::chrono::duration<long int, std::ratio<1, 1000000000> > >[m[Kâ€™ is not derived from â€˜[01m[Kconst std::reverse_iterator<_Iterator>[m[Kâ€™
  947 |                     std::chrono::duration<double> elapsed_seconds = end-[01;36m[Kstart[m[K;
      |                                                                         [01;36m[K^~~~~[m[K
In file included from [01m[K/usr/include/c++/11/bits/stl_algobase.h:67[m[K,
                 from [01m[K/usr/include/c++/11/bits/char_traits.h:39[m[K,
                 from [01m[K/usr/include/c++/11/ios:40[m[K,
                 from [01m[K/usr/include/c++/11/ostream:38[m[K,
                 from [01m[K/usr/include/c++/11/iostream:39[m[K,
                 from [01m[K/home/wilhem/NTNU_ROV_COM/sup_com/src/sup_com/src/slave_for_demo.cpp:1[m[K:
[01m[K/usr/include/c++/11/bits/stl_iterator.h:1639:5:[m[K [01;36m[Knote: [m[Kcandidate: â€˜[01m[Ktemplate<class _IteratorL, class _IteratorR> constexpr decltype ((__x.base() - __y.base())) std::operator-(const std::move_iterator<_IteratorL>&, const std::move_iterator<_IteratorR>&)[m[Kâ€™
 1639 |     [01;36m[Koperator[m[K-(const move_iterator<_IteratorL>& __x,
      |     [01;36m[K^~~~~~~~[m[K
[01m[K/usr/include/c++/11/bits/stl_iterator.h:1639:5:[m[K [01;36m[Knote: [m[K  template argument deduction/substitution failed:
In file included from [01m[K/home/wilhem/NTNU_ROV_COM/sup_com/src/sup_com/src/slave_for_demo.cpp:13[m[K:
[01m[K/home/wilhem/NTNU_ROV_COM/sup_com/src/sup_com/src/../../../../lib/janusxsdm/janusxsdm.cpp:947:73:[m[K [01;36m[Knote: [m[K  â€˜[01m[Kstd::chrono::time_point<std::chrono::_V2::system_clock, std::chrono::duration<long int, std::ratio<1, 1000000000> > >[m[Kâ€™ is not derived from â€˜[01m[Kconst std::move_iterator<_IteratorL>[m[Kâ€™
  947 |                     std::chrono::duration<double> elapsed_seconds = end-[01;36m[Kstart[m[K;
      |                                                                         [01;36m[K^~~~~[m[K
In file included from [01m[K/home/wilhem/NTNU_ROV_COM/sup_com/src/sup_com/src/slave_for_demo.cpp:6[m[K:
[01m[K/usr/include/c++/11/chrono:660:7:[m[K [01;36m[Knote: [m[Kcandidate: â€˜[01m[Ktemplate<class _Rep1, class _Period1, class _Rep2, class _Period2> constexpr typename std::common_type<std::chrono::duration<_Rep1, _Period1>, std::chrono::duration<_Rep2, _Period2> >::type std::chrono::operator-(const std::chrono::duration<_Rep1, _Period1>&, const std::chrono::duration<_Rep2, _Period2>&)[m[Kâ€™
  660 |       [01;36m[Koperator[m[K-(const duration<_Rep1, _Period1>& __lhs,
      |       [01;36m[K^~~~~~~~[m[K
[01m[K/usr/include/c++/11/chrono:660:7:[m[K [01;36m[Knote: [m[K  template argument deduction/substitution failed:
In file included from [01m[K/home/wilhem/NTNU_ROV_COM/sup_com/src/sup_com/src/slave_for_demo.cpp:13[m[K:
[01m[K/home/wilhem/NTNU_ROV_COM/sup_com/src/sup_com/src/../../../../lib/janusxsdm/janusxsdm.cpp:947:73:[m[K [01;36m[Knote: [m[K  â€˜[01m[Kstd::chrono::time_point<std::chrono::_V2::system_clock, std::chrono::duration<long int, std::ratio<1, 1000000000> > >[m[Kâ€™ is not derived from â€˜[01m[Kconst std::chrono::duration<_Rep1, _Period1>[m[Kâ€™
  947 |                     std::chrono::duration<double> elapsed_seconds = end-[01;36m[Kstart[m[K;
      |                                                                         [01;36m[K^~~~~[m[K
In file included from [01m[K/home/wilhem/NTNU_ROV_COM/sup_com/src/sup_com/src/slave_for_demo.cpp:6[m[K:
[01m[K/usr/include/c++/11/chrono:1030:7:[m[K [01;36m[Knote: [m[Kcandidate: â€˜[01m[Ktemplate<class _Clock, class _Dur1, class _Rep2, class _Period2> constexpr std::chrono::time_point<_Clock, typename std::common_type<_Dur1, std::chrono::duration<_Rep2, _Period2> >::type> std::chrono::operator-(const std::chrono::time_point<_Clock, _Duration1>&, const std::chrono::duration<_Rep2, _Period2>&)[m[Kâ€™
 1030 |       [01;36m[Koperator[m[K-(const time_point<_Clock, _Dur1>& __lhs,
      |       [01;36m[K^~~~~~~~[m[K
[01m[K/usr/include/c++/11/chrono:1030:7:[m[K [01;36m[Knote: [m[K  template argument deduction/substitution failed:
In file included from [01m[K/home/wilhem/NTNU_ROV_COM/sup_com/src/sup_com/src/slave_for_demo.cpp:13[m[K:
[01m[K/home/wilhem/NTNU_ROV_COM/sup_com/src/sup_com/src/../../../../lib/janusxsdm/janusxsdm.cpp:947:73:[m[K [01;36m[Knote: [m[K  â€˜[01m[Kstd::chrono::_V2::steady_clock::time_point[m[Kâ€™ {aka â€˜[01m[Kstd::chrono::time_point<std::chrono::_V2::steady_clock, std::chrono::duration<long int, std::ratio<1, 1000000000> > >[m[Kâ€™} is not derived from â€˜[01m[Kconst std::chrono::duration<_Rep2, _Period2>[m[Kâ€™
  947 |                     std::chrono::duration<double> elapsed_seconds = end-[01;36m[Kstart[m[K;
      |                                                                         [01;36m[K^~~~~[m[K
In file included from [01m[K/home/wilhem/NTNU_ROV_COM/sup_com/src/sup_com/src/slave_for_demo.cpp:6[m[K:
[01m[K/usr/include/c++/11/chrono:1042:7:[m[K [01;36m[Knote: [m[Kcandidate: â€˜[01m[Ktemplate<class _Clock, class _Dur1, class _Dur2> constexpr typename std::common_type<_Duration1, _Duration2>::type std::chrono::operator-(const std::chrono::time_point<_Clock, _Duration1>&, const std::chrono::time_point<_Clock, _Duration2>&)[m[Kâ€™
 1042 |       [01;36m[Koperator[m[K-(const time_point<_Clock, _Dur1>& __lhs,
      |       [01;36m[K^~~~~~~~[m[K
[01m[K/usr/include/c++/11/chrono:1042:7:[m[K [01;36m[Knote: [m[K  template argument deduction/substitution failed:
In file included from [01m[K/home/wilhem/NTNU_ROV_COM/sup_com/src/sup_com/src/slave_for_demo.cpp:13[m[K:
[01m[K/home/wilhem/NTNU_ROV_COM/sup_com/src/sup_com/src/../../../../lib/janusxsdm/janusxsdm.cpp:947:73:[m[K [01;36m[Knote: [m[K  deduced conflicting types for parameter â€˜[01m[K_Clock[m[Kâ€™ (â€˜[01m[Kstd::chrono::_V2::system_clock[m[Kâ€™ and â€˜[01m[Kstd::chrono::_V2::steady_clock[m[Kâ€™)
  947 |                     std::chrono::duration<double> elapsed_seconds = end-[01;36m[Kstart[m[K;
      |                                                                         [01;36m[K^~~~~[m[K
gmake[2]: *** [CMakeFiles/talker.dir/build.make:76: CMakeFiles/talker.dir/src/master_for_demo.cpp.o] Error 1
gmake[1]: *** [CMakeFiles/Makefile2:143: CMakeFiles/talker.dir/all] Error 2
gmake[1]: *** Waiting for unfinished jobs....
gmake[2]: *** [CMakeFiles/listener.dir/build.make:76: CMakeFiles/listener.dir/src/slave_for_demo.cpp.o] Error 1
gmake[1]: *** [CMakeFiles/Makefile2:169: CMakeFiles/listener.dir/all] Error 2
gmake: *** [Makefile:146: all] Error 2
