[0.030s] Invoking command in '/home/wilhem/NTNU_ROV_COM/sup_com/src/build/sup_com': CMAKE_PREFIX_PATH=${CMAKE_PREFIX_PATH}:/home/wilhem/ros2_ws/install/my_pkg_test:/opt/ros/humble /usr/bin/cmake --build /home/wilhem/NTNU_ROV_COM/sup_com/src/build/sup_com -- -j4 -l4
[0.086s] [35m[1mConsolidate compiler generated dependencies of target listener[0m
[0.089s] [35m[1mConsolidate compiler generated dependencies of target talker[0m
[0.113s] [ 25%] Built target masterListener
[0.114s] [ 50%] Built target nodeTalker
[0.124s] [ 62%] [32mBuilding CXX object CMakeFiles/listener.dir/src/slave_for_demo.cpp.o[0m
[0.130s] [ 75%] [32mBuilding CXX object CMakeFiles/talker.dir/src/master_for_demo.cpp.o[0m
[1.213s] In file included from [01m[K/home/wilhem/NTNU_ROV_COM/sup_com/src/sup_com/src/slave_for_demo.cpp:13[m[K:
[1.213s] [01m[K/home/wilhem/NTNU_ROV_COM/sup_com/src/sup_com/src/../../../../lib/janusxsdm/janusxsdm.cpp:[m[K In member function â€˜[01m[Kvoid janusxsdm::connection::sendSimple(std::string)[m[Kâ€™:
[1.213s] [01m[K/home/wilhem/NTNU_ROV_COM/sup_com/src/sup_com/src/../../../../lib/janusxsdm/janusxsdm.cpp:262:65:[m[K [01;35m[Kwarning: [m[Kstatement has no effect [[01;35m[K]8;;https://gcc.gnu.org/onlinedocs/gcc/Warning-Options.html#index-Wunused-value-Wunused-value]8;;[m[K]
[1.213s]   262 |                     MyFile1121 << "Buffer: " << buffer << "\n"; [01;35m[Ksizeof(buffer)[m[K;
[1.213s]       |                                                                 [01;35m[K^~~~~~~~~~~~~~[m[K
[1.219s] In file included from [01m[K/home/wilhem/NTNU_ROV_COM/sup_com/src/sup_com/src/master_for_demo.cpp:13[m[K:
[1.220s] [01m[K/home/wilhem/NTNU_ROV_COM/sup_com/src/sup_com/src/../../../../lib/janusxsdm/janusxsdm.cpp:[m[K In member function â€˜[01m[Kvoid janusxsdm::connection::sendSimple(std::string)[m[Kâ€™:
[1.220s] [01m[K/home/wilhem/NTNU_ROV_COM/sup_com/src/sup_com/src/../../../../lib/janusxsdm/janusxsdm.cpp:262:65:[m[K [01;35m[Kwarning: [m[Kstatement has no effect [[01;35m[K]8;;https://gcc.gnu.org/onlinedocs/gcc/Warning-Options.html#index-Wunused-value-Wunused-value]8;;[m[K]
[1.220s]   262 |       MyFile1121 << "Buffer: " << buffer << "\n"; [01;35m[Ksizeof(buffer)[m[K;
[1.220s]       |                                                   [01;35m[K^~~~~~~~~~~~~~[m[K
[1.220s] 
[1.224s] [01m[K/home/wilhem/NTNU_ROV_COM/sup_com/src/sup_com/src/../../../../lib/janusxsdm/janusxsdm.cpp:373:34:[m[K [01;35m[Kwarning: [m[Kcomparison of integer expressions of different signedness: â€˜[01m[Kint[m[Kâ€™ and â€˜[01m[Kconst size_type[m[Kâ€™ {aka â€˜[01m[Kconst long unsigned int[m[Kâ€™} [[01;35m[K]8;;https://gcc.gnu.org/onlinedocs/gcc/Warning-Options.html#index-Wsign-compare-Wsign-compare]8;;[m[K]
[1.224s]   373 |                             if([01;35m[Kj != std::string::npos[m[K)
[1.224s]       |                                [01;35m[K~~^~~~~~~~~~~~~~~~~~~~[m[K
[1.226s] [01m[K/home/wilhem/NTNU_ROV_COM/sup_com/src/sup_com/src/../../../../lib/janusxsdm/janusxsdm.cpp:251:21:[m[K [01;35m[Kwarning: [m[Kunused variable â€˜[01m[Knbytes[m[Kâ€™ [[01;35m[K]8;;https://gcc.gnu.org/onlinedocs/gcc/Warning-Options.html#index-Wunused-variable-Wunused-variable]8;;[m[K]
[1.226s]   251 |                 int [01;35m[Knbytes[m[K;
[1.226s]       |                     [01;35m[K^~~~~~[m[K
[1.228s] [01m[K/home/wilhem/NTNU_ROV_COM/sup_com/src/sup_com/src/../../../../lib/janusxsdm/janusxsdm.cpp:373:34:[m[K [01;35m[Kwarning: [m[Kcomparison of integer expressions of different signedness: â€˜[01m[Kint[m[Kâ€™ and â€˜[01m[Kconst size_type[m[Kâ€™ {aka â€˜[01m[Kconst long unsigned int[m[Kâ€™} [[01;35m[K]8;;https://gcc.gnu.org/onlinedocs/gcc/Warning-Options.html#index-Wsign-compare-Wsign-compare]8;;[m[K]
[1.228s]   373 |                             if([01;35m[Kj != std::string::npos[m[K)
[1.228s]       |                                [01;35m[K~~^~~~~~~~~~~~~~~~~~~~[m[K
[1.228s] [01m[K/home/wilhem/NTNU_ROV_COM/sup_com/src/sup_com/src/../../../../lib/janusxsdm/janusxsdm.cpp:[m[K In member function â€˜[01m[Kint janusxsdm::connection::decode(int16_t*, std::string&)[m[Kâ€™:
[1.228s] [01m[K/home/wilhem/NTNU_ROV_COM/sup_com/src/sup_com/src/../../../../lib/janusxsdm/janusxsdm.cpp:430:36:[m[K [01;35m[Kwarning: [m[Kunused parameter â€˜[01m[Kbuf[m[Kâ€™ [[01;35m[K]8;;https://gcc.gnu.org/onlinedocs/gcc/Warning-Options.html#index-Wunused-parameter-Wunused-parameter]8;;[m[K]
[1.228s]   430 |     int connection::decode([01;35m[Kint16_t buf[][m[K, std::string &message)
[1.228s]       |                            [01;35m[K~~~~~~~~^~~~~[m[K
[1.229s] [01m[K/home/wilhem/NTNU_ROV_COM/sup_com/src/sup_com/src/../../../../lib/janusxsdm/janusxsdm.cpp:251:21:[m[K [01;35m[Kwarning: [m[Kunused variable â€˜[01m[Knbytes[m[Kâ€™ [[01;35m[K]8;;https://gcc.gnu.org/onlinedocs/gcc/Warning-Options.html#index-Wunused-variable-Wunused-variable]8;;[m[K]
[1.229s]   251 |                 int [01;35m[Knbytes[m[K;
[1.229s]       |                     [01;35m[K^~~~~~[m[K
[1.229s] [01m[K/home/wilhem/NTNU_ROV_COM/sup_com/src/sup_com/src/../../../../lib/janusxsdm/janusxsdm.cpp:430:56:[m[K [01;35m[Kwarning: [m[Kunused parameter â€˜[01m[Kmessage[m[Kâ€™ [[01;35m[K]8;;https://gcc.gnu.org/onlinedocs/gcc/Warning-Options.html#index-Wunused-parameter-Wunused-parameter]8;;[m[K]
[1.229s]   430 |     int connection::decode(int16_t buf[], [01;35m[Kstd::string &message[m[K)
[1.229s]       |                                           [01;35m[K~~~~~~~~~~~~~^~~~~~~[m[K
[1.230s] [01m[K/home/wilhem/NTNU_ROV_COM/sup_com/src/sup_com/src/../../../../lib/janusxsdm/janusxsdm.cpp:[m[K In member function â€˜[01m[Kint janusxsdm::connection::decode(int16_t*, std::string&)[m[Kâ€™:
[1.231s] [01m[K/home/wilhem/NTNU_ROV_COM/sup_com/src/sup_com/src/../../../../lib/janusxsdm/janusxsdm.cpp:430:36:[m[K [01;35m[Kwarning: [m[Kunused parameter â€˜[01m[Kbuf[m[Kâ€™ [[01;35m[K]8;;https://gcc.gnu.org/onlinedocs/gcc/Warning-Options.html#index-Wunused-parameter-Wunused-parameter]8;;[m[K]
[1.231s]   430 |     int connection::decode([01;35m[Kint16_t buf[][m[K, std::string &message)
[1.231s]       |                            [01;35m[K~~~~~~~~^~~~~[m[K
[1.231s] [01m[K/home/wilhem/NTNU_ROV_COM/sup_com/src/sup_com/src/../../../../lib/janusxsdm/janusxsdm.cpp:430:56:[m[K [01;35m[Kwarning: [m[Kunused parameter â€˜[01m[Kmessage[m[Kâ€™ [[01;35m[K]8;;https://gcc.gnu.org/onlinedocs/gcc/Warning-Options.html#index-Wunused-parameter-Wunused-parameter]8;;[m[K]
[1.231s]   430 |   int connection::decode(int16_t buf[], [01;35m[Kstd::string &message[m[K)
[1.231s]       |                                         [01;35m[K~~~~~~~~~~~~~^~~~~~~[m[K
[1.231s] 
[1.232s] [01m[K/home/wilhem/NTNU_ROV_COM/sup_com/src/sup_com/src/../../../../lib/janusxsdm/janusxsdm.cpp:[m[K In member function â€˜[01m[Kint janusxsdm::connection::listenSimple(std::string&)[m[Kâ€™:
[1.232s] [01m[K/home/wilhem/NTNU_ROV_COM/sup_com/src/sup_com/src/../../../../lib/janusxsdm/janusxsdm.cpp:528:23:[m[K [01;35m[Kwarning: [m[Kunused variable â€˜[01m[Ksdm_arg[m[Kâ€™ [[01;35m[K]8;;https://gcc.gnu.org/onlinedocs/gcc/Warning-Options.html#index-Wunused-variable-Wunused-variable]8;;[m[K]
[1.232s]   528 |                 char* [01;35m[Ksdm_arg[m[K[] = {arg1, arg2, (char*)scmd.c_str(), NULL};
[1.232s]       |                       [01;35m[K^~~~~~~[m[K
[1.233s] [01m[K/home/wilhem/NTNU_ROV_COM/sup_com/src/sup_com/src/../../../../lib/janusxsdm/janusxsdm.cpp:[m[K In member function â€˜[01m[Kint janusxsdm::connection::listenSimple(std::string&)[m[Kâ€™:
[1.234s] [01m[K/home/wilhem/NTNU_ROV_COM/sup_com/src/sup_com/src/../../../../lib/janusxsdm/janusxsdm.cpp:528:23:[m[K [01;35m[Kwarning: [m[Kunused variable â€˜[01m[Ksdm_arg[m[Kâ€™ [[01;35m[K]8;;https://gcc.gnu.org/onlinedocs/gcc/Warning-Options.html#index-Wunused-variable-Wunused-variable]8;;[m[K]
[1.234s]   528 |                 char* [01;35m[Ksdm_arg[m[K[] = {arg1, arg2, (char*)scmd.c_str(), NULL};
[1.234s]       |                       [01;35m[K^~~~~~~[m[K
[1.234s] [01m[K/home/wilhem/NTNU_ROV_COM/sup_com/src/sup_com/src/../../../../lib/janusxsdm/janusxsdm.cpp:572:30:[m[K [01;35m[Kwarning: [m[Kcomparison of integer expressions of different signedness: â€˜[01m[Kint[m[Kâ€™ and â€˜[01m[Kconst size_type[m[Kâ€™ {aka â€˜[01m[Kconst long unsigned int[m[Kâ€™} [[01;35m[K]8;;https://gcc.gnu.org/onlinedocs/gcc/Warning-Options.html#index-Wsign-compare-Wsign-compare]8;;[m[K]
[1.234s]   572 |                         if([01;35m[Kj != std::string::npos[m[K)
[1.234s]       |                            [01;35m[K~~^~~~~~~~~~~~~~~~~~~~[m[K
[1.237s] [01m[K/home/wilhem/NTNU_ROV_COM/sup_com/src/sup_com/src/../../../../lib/janusxsdm/janusxsdm.cpp:572:30:[m[K [01;35m[Kwarning: [m[Kcomparison of integer expressions of different signedness: â€˜[01m[Kint[m[Kâ€™ and â€˜[01m[Kconst size_type[m[Kâ€™ {aka â€˜[01m[Kconst long unsigned int[m[Kâ€™} [[01;35m[K]8;;https://gcc.gnu.org/onlinedocs/gcc/Warning-Options.html#index-Wsign-compare-Wsign-compare]8;;[m[K]
[1.237s]   572 |                         if([01;35m[Kj != std::string::npos[m[K)
[1.237s]       |                            [01;35m[K~~^~~~~~~~~~~~~~~~~~~~[m[K
[1.245s] [01m[K/home/wilhem/NTNU_ROV_COM/sup_com/src/sup_com/src/../../../../lib/janusxsdm/janusxsdm.cpp:[m[K In member function â€˜[01m[Kint janusxsdm::connection::listen(std::string&, std::chrono::duration<double>)[m[Kâ€™:
[1.246s] [01m[K/home/wilhem/NTNU_ROV_COM/sup_com/src/sup_com/src/../../../../lib/janusxsdm/janusxsdm.cpp:793:72:[m[K [01;31m[Kerror: [m[Kno match for â€˜[01m[Koperator-[m[Kâ€™ (operand types are â€˜[01m[Kstd::chrono::time_point<std::chrono::_V2::system_clock, std::chrono::duration<long int, std::ratio<1, 1000000000> > >[m[Kâ€™ and â€˜[01m[Kstd::chrono::_V2::steady_clock::time_point[m[Kâ€™ {aka â€˜[01m[Kstd::chrono::time_point<std::chrono::_V2::steady_clock, std::chrono::duration<long int, std::ratio<1, 1000000000> > >[m[Kâ€™})
[1.246s]   793 |    std::chrono::duration<double> elapsed_seconds = [32m[Kend[m[K[01;31m[K-[m[K[34m[Kstart[m[K;
[1.246s]       |                                                    [32m[K~~~[m[K[01;31m[K^[m[K[34m[K~~~~~[m[K
[1.246s]       |                                                    [32m[K|[m[K   [34m[K|[m[K
[1.246s]       |                                                    [32m[K|[m[K   [34m[Ktime_point<std::chrono::_V2::steady_clock,[...]>[m[K
[1.246s]       |                                                    [32m[Ktime_point<std::chrono::_V2::system_clock,[...]>[m[K
[1.247s] 
[1.251s] In file included from [01m[K/usr/include/c++/11/bits/stl_algobase.h:67[m[K,
[1.251s]                  from [01m[K/usr/include/c++/11/bits/char_traits.h:39[m[K,
[1.251s]                  from [01m[K/usr/include/c++/11/ios:40[m[K,
[1.251s]                  from [01m[K/usr/include/c++/11/ostream:38[m[K,
[1.251s]                  from [01m[K/usr/include/c++/11/iostream:39[m[K,
[1.251s]                  from [01m[K/home/wilhem/NTNU_ROV_COM/sup_com/src/sup_com/src/master_for_demo.cpp:1[m[K:
[1.251s] [01m[K/usr/include/c++/11/bits/stl_iterator.h:560:5:[m[K [01;36m[Knote: [m[Kcandidate: â€˜[01m[Ktemplate<class _IteratorL, class _IteratorR> constexpr decltype ((__y.base() - __x.base())) std::operator-(const std::reverse_iterator<_Iterator>&, const std::reverse_iterator<_IteratorR>&)[m[Kâ€™
[1.252s]   560 |     [01;36m[Koperator[m[K-(const reverse_iterator<_IteratorL>& __x,
[1.252s]       |     [01;36m[K^~~~~~~~[m[K
[1.252s] [01m[K/usr/include/c++/11/bits/stl_iterator.h:560:5:[m[K [01;36m[Knote: [m[K  template argument deduction/substitution failed:
[1.252s] In file included from [01m[K/home/wilhem/NTNU_ROV_COM/sup_com/src/sup_com/src/master_for_demo.cpp:13[m[K:
[1.252s] [01m[K/home/wilhem/NTNU_ROV_COM/sup_com/src/sup_com/src/../../../../lib/janusxsdm/janusxsdm.cpp:793:73:[m[K [01;36m[Knote: [m[K  â€˜[01m[Kstd::chrono::time_point<std::chrono::_V2::system_clock, std::chrono::duration<long int, std::ratio<1, 1000000000> > >[m[Kâ€™ is not derived from â€˜[01m[Kconst std::reverse_iterator<_Iterator>[m[Kâ€™
[1.252s]   793 |    std::chrono::duration<double> elapsed_seconds = end-[01;36m[Kstart[m[K;
[1.253s]       |                                                        [01;36m[K^~~~~[m[K
[1.253s] 
[1.253s] In file included from [01m[K/usr/include/c++/11/bits/stl_algobase.h:67[m[K,
[1.254s]                  from [01m[K/usr/include/c++/11/bits/char_traits.h:39[m[K,
[1.254s]                  from [01m[K/usr/include/c++/11/ios:40[m[K,
[1.254s]                  from [01m[K/usr/include/c++/11/ostream:38[m[K,
[1.254s]                  from [01m[K/usr/include/c++/11/iostream:39[m[K,
[1.255s]                  from [01m[K/home/wilhem/NTNU_ROV_COM/sup_com/src/sup_com/src/master_for_demo.cpp:1[m[K:
[1.255s] [01m[K/usr/include/c++/11/bits/stl_iterator.h:1639:5:[m[K [01;36m[Knote: [m[Kcandidate: â€˜[01m[Ktemplate<class _IteratorL, class _IteratorR> constexpr decltype ((__x.base() - __y.base())) std::operator-(const std::move_iterator<_IteratorL>&, const std::move_iterator<_IteratorR>&)[m[Kâ€™
[1.255s]  1639 |     [01;36m[Koperator[m[K-(const move_iterator<_IteratorL>& __x,
[1.255s]       |     [01;36m[K^~~~~~~~[m[K
[1.255s] [01m[K/usr/include/c++/11/bits/stl_iterator.h:1639:5:[m[K [01;36m[Knote: [m[K  template argument deduction/substitution failed:
[1.255s] In file included from [01m[K/home/wilhem/NTNU_ROV_COM/sup_com/src/sup_com/src/master_for_demo.cpp:13[m[K:
[1.255s] [01m[K/home/wilhem/NTNU_ROV_COM/sup_com/src/sup_com/src/../../../../lib/janusxsdm/janusxsdm.cpp:793:73:[m[K [01;36m[Knote: [m[K  â€˜[01m[Kstd::chrono::time_point<std::chrono::_V2::system_clock, std::chrono::duration<long int, std::ratio<1, 1000000000> > >[m[Kâ€™ is not derived from â€˜[01m[Kconst std::move_iterator<_IteratorL>[m[Kâ€™
[1.256s]   793 |    std::chrono::duration<double> elapsed_seconds = end-[01;36m[Kstart[m[K;
[1.256s]       |                                                        [01;36m[K^~~~~[m[K
[1.257s] 
[1.258s] In file included from [01m[K/home/wilhem/NTNU_ROV_COM/sup_com/src/sup_com/src/master_for_demo.cpp:6[m[K:
[1.258s] [01m[K/usr/include/c++/11/chrono:660:7:[m[K [01;36m[Knote: [m[Kcandidate: â€˜[01m[Ktemplate<class _Rep1, class _Period1, class _Rep2, class _Period2> constexpr typename std::common_type<std::chrono::duration<_Rep1, _Period1>, std::chrono::duration<_Rep2, _Period2> >::type std::chrono::operator-(const std::chrono::duration<_Rep1, _Period1>&, const std::chrono::duration<_Rep2, _Period2>&)[m[Kâ€™
[1.258s]   660 |       [01;36m[Koperator[m[K-(const duration<_Rep1, _Period1>& __lhs,
[1.258s]       |       [01;36m[K^~~~~~~~[m[K
[1.258s] [01m[K/usr/include/c++/11/chrono:660:7:[m[K [01;36m[Knote: [m[K  template argument deduction/substitution failed:
[1.258s] In file included from [01m[K/home/wilhem/NTNU_ROV_COM/sup_com/src/sup_com/src/master_for_demo.cpp:13[m[K:
[1.258s] [01m[K/home/wilhem/NTNU_ROV_COM/sup_com/src/sup_com/src/../../../../lib/janusxsdm/janusxsdm.cpp:793:73:[m[K [01;36m[Knote: [m[K  â€˜[01m[Kstd::chrono::time_point<std::chrono::_V2::system_clock, std::chrono::duration<long int, std::ratio<1, 1000000000> > >[m[Kâ€™ is not derived from â€˜[01m[Kconst std::chrono::duration<_Rep1, _Period1>[m[Kâ€™
[1.259s]   793 |    std::chrono::duration<double> elapsed_seconds = end-[01;36m[Kstart[m[K;
[1.259s]       |                                                        [01;36m[K^~~~~[m[K
[1.259s] 
[1.259s] In file included from [01m[K/home/wilhem/NTNU_ROV_COM/sup_com/src/sup_com/src/master_for_demo.cpp:6[m[K:
[1.259s] [01m[K/usr/include/c++/11/chrono:1030:7:[m[K [01;36m[Knote: [m[Kcandidate: â€˜[01m[Ktemplate<class _Clock, class _Dur1, class _Rep2, class _Period2> constexpr std::chrono::time_point<_Clock, typename std::common_type<_Dur1, std::chrono::duration<_Rep2, _Period2> >::type> std::chrono::operator-(const std::chrono::time_point<_Clock, _Duration1>&, const std::chrono::duration<_Rep2, _Period2>&)[m[Kâ€™
[1.259s]  1030 |       [01;36m[Koperator[m[K-(const time_point<_Clock, _Dur1>& __lhs,
[1.259s]       |       [01;36m[K^~~~~~~~[m[K
[1.259s] [01m[K/usr/include/c++/11/chrono:1030:7:[m[K [01;36m[Knote: [m[K  template argument deduction/substitution failed:
[1.260s] In file included from [01m[K/home/wilhem/NTNU_ROV_COM/sup_com/src/sup_com/src/master_for_demo.cpp:13[m[K:
[1.260s] [01m[K/home/wilhem/NTNU_ROV_COM/sup_com/src/sup_com/src/../../../../lib/janusxsdm/janusxsdm.cpp:793:73:[m[K [01;36m[Knote: [m[K  â€˜[01m[Kstd::chrono::_V2::steady_clock::time_point[m[Kâ€™ {aka â€˜[01m[Kstd::chrono::time_point<std::chrono::_V2::steady_clock, std::chrono::duration<long int, std::ratio<1, 1000000000> > >[m[Kâ€™} is not derived from â€˜[01m[Kconst std::chrono::duration<_Rep2, _Period2>[m[Kâ€™
[1.260s]   793 |    std::chrono::duration<double> elapsed_seconds = end-[01;36m[Kstart[m[K;
[1.260s]       |                                                        [01;36m[K^~~~~[m[K
[1.260s] 
[1.260s] In file included from [01m[K/home/wilhem/NTNU_ROV_COM/sup_com/src/sup_com/src/master_for_demo.cpp:6[m[K:
[1.260s] [01m[K/usr/include/c++/11/chrono:1042:7:[m[K [01;36m[Knote: [m[Kcandidate: â€˜[01m[Ktemplate<class _Clock, class _Dur1, class _Dur2> constexpr typename std::common_type<_Duration1, _Duration2>::type std::chrono::operator-(const std::chrono::time_point<_Clock, _Duration1>&, const std::chrono::time_point<_Clock, _Duration2>&)[m[Kâ€™
[1.260s]  1042 |       [01;36m[Koperator[m[K-(const time_point<_Clock, _Dur1>& __lhs,
[1.261s]       |       [01;36m[K^~~~~~~~[m[K
[1.261s] [01m[K/usr/include/c++/11/chrono:1042:7:[m[K [01;36m[Knote: [m[K  template argument deduction/substitution failed:
[1.261s] In file included from [01m[K/home/wilhem/NTNU_ROV_COM/sup_com/src/sup_com/src/master_for_demo.cpp:13[m[K:
[1.261s] [01m[K/home/wilhem/NTNU_ROV_COM/sup_com/src/sup_com/src/../../../../lib/janusxsdm/janusxsdm.cpp:793:73:[m[K [01;36m[Knote: [m[K  deduced conflicting types for parameter â€˜[01m[K_Clock[m[Kâ€™ (â€˜[01m[Kstd::chrono::_V2::system_clock[m[Kâ€™ and â€˜[01m[Kstd::chrono::_V2::steady_clock[m[Kâ€™)
[1.261s]   793 |    std::chrono::duration<double> elapsed_seconds = end-[01;36m[Kstart[m[K;
[1.261s]       |                                                        [01;36m[K^~~~~[m[K
[1.261s] 
[1.261s] [01m[K/home/wilhem/NTNU_ROV_COM/sup_com/src/sup_com/src/../../../../lib/janusxsdm/janusxsdm.cpp:802:26:[m[K [01;31m[Kerror: [m[Kconflicting declaration â€˜[01m[Kauto end[m[Kâ€™
[1.261s]   802 |                     auto [01;31m[Kend[m[K = std::chrono::system_clock::now();
[1.262s]       |                          [01;31m[K^~~[m[K
[1.262s] [01m[K/home/wilhem/NTNU_ROV_COM/sup_com/src/sup_com/src/../../../../lib/janusxsdm/janusxsdm.cpp:792:26:[m[K [01;36m[Knote: [m[Kprevious declaration as â€˜[01m[Kstd::chrono::time_point<std::chrono::_V2::system_clock, std::chrono::duration<long int, std::ratio<1, 1000000000> > > end[m[Kâ€™
[1.262s]   792 |                     auto [01;36m[Kend[m[K = std::chrono::system_clock::now();
[1.262s]       |                          [01;36m[K^~~[m[K
[1.262s] [01m[K/home/wilhem/NTNU_ROV_COM/sup_com/src/sup_com/src/../../../../lib/janusxsdm/janusxsdm.cpp:803:51:[m[K [01;31m[Kerror: [m[Kredeclaration of â€˜[01m[Kstd::chrono::duration<double> elapsed_seconds[m[Kâ€™
[1.262s]   803 |                     std::chrono::duration<double> [01;31m[Kelapsed_seconds[m[K = end-start;
[1.262s]       |                                                   [01;31m[K^~~~~~~~~~~~~~~[m[K
[1.262s] [01m[K/home/wilhem/NTNU_ROV_COM/sup_com/src/sup_com/src/../../../../lib/janusxsdm/janusxsdm.cpp:793:51:[m[K [01;36m[Knote: [m[Kâ€˜[01m[Kstd::chrono::duration<double> elapsed_seconds[m[Kâ€™ previously declared here
[1.263s]   793 |                     std::chrono::duration<double> [01;36m[Kelapsed_seconds[m[K = end-start;
[1.263s]       |                                                   [01;36m[K^~~~~~~~~~~~~~~[m[K
[1.263s] [01m[K/home/wilhem/NTNU_ROV_COM/sup_com/src/sup_com/src/../../../../lib/janusxsdm/janusxsdm.cpp:803:72:[m[K [01;31m[Kerror: [m[Kno match for â€˜[01m[Koperator-[m[Kâ€™ (operand types are â€˜[01m[Kstd::chrono::time_point<std::chrono::_V2::system_clock, std::chrono::duration<long int, std::ratio<1, 1000000000> > >[m[Kâ€™ and â€˜[01m[Kstd::chrono::_V2::steady_clock::time_point[m[Kâ€™ {aka â€˜[01m[Kstd::chrono::time_point<std::chrono::_V2::steady_clock, std::chrono::duration<long int, std::ratio<1, 1000000000> > >[m[Kâ€™})
[1.263s]   803 |    std::chrono::duration<double> elapsed_seconds = [32m[Kend[m[K[01;31m[K-[m[K[34m[Kstart[m[K;
[1.267s]       |                                                    [32m[K~~~[m[K[01;31m[K^[m[K[34m[K~~~~~[m[K
[1.267s]       |                                                    [32m[K|[m[K   [34m[K|[m[K
[1.267s]       |                                                    [32m[K|[m[K   [34m[Ktime_point<std::chrono::_V2::steady_clock,[...]>[m[K
[1.267s]       |                                                    [32m[Ktime_point<std::chrono::_V2::system_clock,[...]>[m[K
[1.267s] 
[1.267s] In file included from [01m[K/usr/include/c++/11/bits/stl_algobase.h:67[m[K,
[1.268s]                  from [01m[K/usr/include/c++/11/bits/char_traits.h:39[m[K,
[1.268s]                  from [01m[K/usr/include/c++/11/ios:40[m[K,
[1.268s]                  from [01m[K/usr/include/c++/11/ostream:38[m[K,
[1.268s]                  from [01m[K/usr/include/c++/11/iostream:39[m[K,
[1.268s]                  from [01m[K/home/wilhem/NTNU_ROV_COM/sup_com/src/sup_com/src/master_for_demo.cpp:1[m[K:
[1.268s] [01m[K/usr/include/c++/11/bits/stl_iterator.h:560:5:[m[K [01;36m[Knote: [m[Kcandidate: â€˜[01m[Ktemplate<class _IteratorL, class _IteratorR> constexpr decltype ((__y.base() - __x.base())) std::operator-(const std::reverse_iterator<_Iterator>&, const std::reverse_iterator<_IteratorR>&)[m[Kâ€™
[1.268s]   560 |     [01;36m[Koperator[m[K-(const reverse_iterator<_IteratorL>& __x,
[1.268s]       |     [01;36m[K^~~~~~~~[m[K
[1.269s] [01m[K/usr/include/c++/11/bits/stl_iterator.h:560:5:[m[K [01;36m[Knote: [m[K  template argument deduction/substitution failed:
[1.269s] In file included from [01m[K/home/wilhem/NTNU_ROV_COM/sup_com/src/sup_com/src/master_for_demo.cpp:13[m[K:
[1.269s] [01m[K/home/wilhem/NTNU_ROV_COM/sup_com/src/sup_com/src/../../../../lib/janusxsdm/janusxsdm.cpp:803:73:[m[K [01;36m[Knote: [m[K  â€˜[01m[Kstd::chrono::time_point<std::chrono::_V2::system_clock, std::chrono::duration<long int, std::ratio<1, 1000000000> > >[m[Kâ€™ is not derived from â€˜[01m[Kconst std::reverse_iterator<_Iterator>[m[Kâ€™
[1.269s]   803 |    std::chrono::duration<double> elapsed_seconds = end-[01;36m[Kstart[m[K;
[1.269s]       |                                                        [01;36m[K^~~~~[m[K
[1.269s] 
[1.269s] In file included from [01m[K/usr/include/c++/11/bits/stl_algobase.h:67[m[K,
[1.269s]                  from [01m[K/usr/include/c++/11/bits/char_traits.h:39[m[K,
[1.270s]                  from [01m[K/usr/include/c++/11/ios:40[m[K,
[1.270s]                  from [01m[K/usr/include/c++/11/ostream:38[m[K,
[1.270s]                  from [01m[K/usr/include/c++/11/iostream:39[m[K,
[1.270s]                  from [01m[K/home/wilhem/NTNU_ROV_COM/sup_com/src/sup_com/src/master_for_demo.cpp:1[m[K:
[1.270s] [01m[K/usr/include/c++/11/bits/stl_iterator.h:1639:5:[m[K [01;36m[Knote: [m[Kcandidate: â€˜[01m[Ktemplate<class _IteratorL, class _IteratorR> constexpr decltype ((__x.base() - __y.base())) std::operator-(const std::move_iterator<_IteratorL>&, const std::move_iterator<_IteratorR>&)[m[Kâ€™
[1.270s]  1639 |     [01;36m[Koperator[m[K-(const move_iterator<_IteratorL>& __x,
[1.271s]       |     [01;36m[K^~~~~~~~[m[K
[1.271s] [01m[K/usr/include/c++/11/bits/stl_iterator.h:1639:5:[m[K [01;36m[Knote: [m[K  template argument deduction/substitution failed:
[1.271s] In file included from [01m[K/home/wilhem/NTNU_ROV_COM/sup_com/src/sup_com/src/master_for_demo.cpp:13[m[K:
[1.271s] [01m[K/home/wilhem/NTNU_ROV_COM/sup_com/src/sup_com/src/../../../../lib/janusxsdm/janusxsdm.cpp:803:73:[m[K [01;36m[Knote: [m[K  â€˜[01m[Kstd::chrono::time_point<std::chrono::_V2::system_clock, std::chrono::duration<long int, std::ratio<1, 1000000000> > >[m[Kâ€™ is not derived from â€˜[01m[Kconst std::move_iterator<_IteratorL>[m[Kâ€™
[1.271s]   803 |    std::chrono::duration<double> elapsed_seconds = end-[01;36m[Kstart[m[K;
[1.271s]       |                                                        [01;36m[K^~~~~[m[K
[1.271s] 
[1.272s] In file included from [01m[K/home/wilhem/NTNU_ROV_COM/sup_com/src/sup_com/src/master_for_demo.cpp:6[m[K:
[1.272s] [01m[K/usr/include/c++/11/chrono:660:7:[m[K [01;36m[Knote: [m[Kcandidate: â€˜[01m[Ktemplate<class _Rep1, class _Period1, class _Rep2, class _Period2> constexpr typename std::common_type<std::chrono::duration<_Rep1, _Period1>, std::chrono::duration<_Rep2, _Period2> >::type std::chrono::operator-(const std::chrono::duration<_Rep1, _Period1>&, const std::chrono::duration<_Rep2, _Period2>&)[m[Kâ€™
[1.272s]   660 |       [01;36m[Koperator[m[K-(const duration<_Rep1, _Period1>& __lhs,
[1.272s]       |       [01;36m[K^~~~~~~~[m[K
[1.272s] [01m[K/usr/include/c++/11/chrono:660:7:[m[K [01;36m[Knote: [m[K  template argument deduction/substitution failed:
[1.272s] In file included from [01m[K/home/wilhem/NTNU_ROV_COM/sup_com/src/sup_com/src/master_for_demo.cpp:13[m[K:
[1.273s] [01m[K/home/wilhem/NTNU_ROV_COM/sup_com/src/sup_com/src/../../../../lib/janusxsdm/janusxsdm.cpp:803:73:[m[K [01;36m[Knote: [m[K  â€˜[01m[Kstd::chrono::time_point<std::chrono::_V2::system_clock, std::chrono::duration<long int, std::ratio<1, 1000000000> > >[m[Kâ€™ is not derived from â€˜[01m[Kconst std::chrono::duration<_Rep1, _Period1>[m[Kâ€™
[1.273s]   803 |    std::chrono::duration<double> elapsed_seconds = end-[01;36m[Kstart[m[K;
[1.273s]       |                                                        [01;36m[K^~~~~[m[K
[1.273s] 
[1.273s] In file included from [01m[K/home/wilhem/NTNU_ROV_COM/sup_com/src/sup_com/src/master_for_demo.cpp:6[m[K:
[1.273s] [01m[K/usr/include/c++/11/chrono:1030:7:[m[K [01;36m[Knote: [m[Kcandidate: â€˜[01m[Ktemplate<class _Clock, class _Dur1, class _Rep2, class _Period2> constexpr std::chrono::time_point<_Clock, typename std::common_type<_Dur1, std::chrono::duration<_Rep2, _Period2> >::type> std::chrono::operator-(const std::chrono::time_point<_Clock, _Duration1>&, const std::chrono::duration<_Rep2, _Period2>&)[m[Kâ€™
[1.273s]  1030 |       [01;36m[Koperator[m[K-(const time_point<_Clock, _Dur1>& __lhs,
[1.273s]       |       [01;36m[K^~~~~~~~[m[K
[1.274s] [01m[K/usr/include/c++/11/chrono:1030:7:[m[K [01;36m[Knote: [m[K  template argument deduction/substitution failed:
[1.274s] In file included from [01m[K/home/wilhem/NTNU_ROV_COM/sup_com/src/sup_com/src/master_for_demo.cpp:13[m[K:
[1.274s] [01m[K/home/wilhem/NTNU_ROV_COM/sup_com/src/sup_com/src/../../../../lib/janusxsdm/janusxsdm.cpp:803:73:[m[K [01;36m[Knote: [m[K  â€˜[01m[Kstd::chrono::_V2::steady_clock::time_point[m[Kâ€™ {aka â€˜[01m[Kstd::chrono::time_point<std::chrono::_V2::steady_clock, std::chrono::duration<long int, std::ratio<1, 1000000000> > >[m[Kâ€™} is not derived from â€˜[01m[Kconst std::chrono::duration<_Rep2, _Period2>[m[Kâ€™
[1.274s]   803 |    std::chrono::duration<double> elapsed_seconds = end-[01;36m[Kstart[m[K;
[1.274s]       |                                                        [01;36m[K^~~~~[m[K
[1.274s] 
[1.274s] In file included from [01m[K/home/wilhem/NTNU_ROV_COM/sup_com/src/sup_com/src/master_for_demo.cpp:6[m[K:
[1.274s] [01m[K/usr/include/c++/11/chrono:1042:7:[m[K [01;36m[Knote: [m[Kcandidate: â€˜[01m[Ktemplate<class _Clock, class _Dur1, class _Dur2> constexpr typename std::common_type<_Duration1, _Duration2>::type std::chrono::operator-(const std::chrono::time_point<_Clock, _Duration1>&, const std::chrono::time_point<_Clock, _Duration2>&)[m[Kâ€™
[1.275s]  1042 |       [01;36m[Koperator[m[K-(const time_point<_Clock, _Dur1>& __lhs,
[1.275s]       |       [01;36m[K^~~~~~~~[m[K
[1.275s] [01m[K/usr/include/c++/11/chrono:1042:7:[m[K [01;36m[Knote: [m[K  template argument deduction/substitution failed:
[1.275s] In file included from [01m[K/home/wilhem/NTNU_ROV_COM/sup_com/src/sup_com/src/master_for_demo.cpp:13[m[K:
[1.275s] [01m[K/home/wilhem/NTNU_ROV_COM/sup_com/src/sup_com/src/../../../../lib/janusxsdm/janusxsdm.cpp:803:73:[m[K [01;36m[Knote: [m[K  deduced conflicting types for parameter â€˜[01m[K_Clock[m[Kâ€™ (â€˜[01m[Kstd::chrono::_V2::system_clock[m[Kâ€™ and â€˜[01m[Kstd::chrono::_V2::steady_clock[m[Kâ€™)
[1.275s]   803 |    std::chrono::duration<double> elapsed_seconds = end-[01;36m[Kstart[m[K;
[1.275s]       |                                                        [01;36m[K^~~~~[m[K
[1.276s] 
[1.276s] [01m[K/home/wilhem/NTNU_ROV_COM/sup_com/src/sup_com/src/../../../../lib/janusxsdm/janusxsdm.cpp:804:33:[m[K [01;31m[Kerror: [m[Kredeclaration of â€˜[01m[Ktime_t end_time[m[Kâ€™
[1.276s]   804 |                     std::time_t [01;31m[Kend_time[m[K = std::chrono::system_clock::to_time_t(end);
[1.276s]       |                                 [01;31m[K^~~~~~~~[m[K
[1.276s] [01m[K/home/wilhem/NTNU_ROV_COM/sup_com/src/sup_com/src/../../../../lib/janusxsdm/janusxsdm.cpp:794:33:[m[K [01;36m[Knote: [m[Kâ€˜[01m[Ktime_t end_time[m[Kâ€™ previously declared here
[1.276s]   794 |                     std::time_t [01;36m[Kend_time[m[K = std::chrono::system_clock::to_time_t(end);
[1.276s]       |                                 [01;36m[K^~~~~~~~[m[K
[1.280s] [01m[K/home/wilhem/NTNU_ROV_COM/sup_com/src/sup_com/src/../../../../lib/janusxsdm/janusxsdm.cpp:[m[K In member function â€˜[01m[Kint janusxsdm::connection::listen(std::string&, std::chrono::duration<double>)[m[Kâ€™:
[1.280s] [01m[K/home/wilhem/NTNU_ROV_COM/sup_com/src/sup_com/src/../../../../lib/janusxsdm/janusxsdm.cpp:793:72:[m[K [01;31m[Kerror: [m[Kno match for â€˜[01m[Koperator-[m[Kâ€™ (operand types are â€˜[01m[Kstd::chrono::time_point<std::chrono::_V2::system_clock, std::chrono::duration<long int, std::ratio<1, 1000000000> > >[m[Kâ€™ and â€˜[01m[Kstd::chrono::_V2::steady_clock::time_point[m[Kâ€™ {aka â€˜[01m[Kstd::chrono::time_point<std::chrono::_V2::steady_clock, std::chrono::duration<long int, std::ratio<1, 1000000000> > >[m[Kâ€™})
[1.280s]   793 |                     std::chrono::duration<double> elapsed_seconds = [32m[Kend[m[K[01;31m[K-[m[K[34m[Kstart[m[K;
[1.280s]       |                                                                     [32m[K~~~[m[K[01;31m[K^[m[K[34m[K~~~~~[m[K
[1.281s]       |                                                                     [32m[K|[m[K   [34m[K|[m[K
[1.281s]       |                                                                     [32m[K|[m[K   [34m[Ktime_point<std::chrono::_V2::steady_clock,[...]>[m[K
[1.281s]       |                                                                     [32m[Ktime_point<std::chrono::_V2::system_clock,[...]>[m[K
[1.281s] In file included from [01m[K/usr/include/c++/11/bits/stl_algobase.h:67[m[K,
[1.281s]                  from [01m[K/usr/include/c++/11/bits/char_traits.h:39[m[K,
[1.281s]                  from [01m[K/usr/include/c++/11/ios:40[m[K,
[1.281s]                  from [01m[K/usr/include/c++/11/ostream:38[m[K,
[1.281s]                  from [01m[K/usr/include/c++/11/iostream:39[m[K,
[1.282s]                  from [01m[K/home/wilhem/NTNU_ROV_COM/sup_com/src/sup_com/src/slave_for_demo.cpp:1[m[K:
[1.282s] [01m[K/usr/include/c++/11/bits/stl_iterator.h:560:5:[m[K [01;36m[Knote: [m[Kcandidate: â€˜[01m[Ktemplate<class _IteratorL, class _IteratorR> constexpr decltype ((__y.base() - __x.base())) std::operator-(const std::reverse_iterator<_Iterator>&, const std::reverse_iterator<_IteratorR>&)[m[Kâ€™
[1.282s]   560 |     [01;36m[Koperator[m[K-(const reverse_iterator<_IteratorL>& __x,
[1.282s]       |     [01;36m[K^~~~~~~~[m[K
[1.284s] [01m[K/usr/include/c++/11/bits/stl_iterator.h:560:5:[m[K [01;36m[Knote: [m[K  template argument deduction/substitution failed:
[1.284s] In file included from [01m[K/home/wilhem/NTNU_ROV_COM/sup_com/src/sup_com/src/slave_for_demo.cpp:13[m[K:
[1.284s] [01m[K/home/wilhem/NTNU_ROV_COM/sup_com/src/sup_com/src/../../../../lib/janusxsdm/janusxsdm.cpp:793:73:[m[K [01;36m[Knote: [m[K  â€˜[01m[Kstd::chrono::time_point<std::chrono::_V2::system_clock, std::chrono::duration<long int, std::ratio<1, 1000000000> > >[m[Kâ€™ is not derived from â€˜[01m[Kconst std::reverse_iterator<_Iterator>[m[Kâ€™
[1.284s]   793 |                     std::chrono::duration<double> elapsed_seconds = end-[01;36m[Kstart[m[K;
[1.284s]       |                                                                         [01;36m[K^~~~~[m[K
[1.284s] In file included from [01m[K/usr/include/c++/11/bits/stl_algobase.h:67[m[K,
[1.284s]                  from [01m[K/usr/include/c++/11/bits/char_traits.h:39[m[K,
[1.285s]                  from [01m[K/usr/include/c++/11/ios:40[m[K,
[1.285s]                  from [01m[K/usr/include/c++/11/ostream:38[m[K,
[1.285s]                  from [01m[K/usr/include/c++/11/iostream:39[m[K,
[1.285s]                  from [01m[K/home/wilhem/NTNU_ROV_COM/sup_com/src/sup_com/src/slave_for_demo.cpp:1[m[K:
[1.285s] [01m[K/usr/include/c++/11/bits/stl_iterator.h:1639:5:[m[K [01;36m[Knote: [m[Kcandidate: â€˜[01m[Ktemplate<class _IteratorL, class _IteratorR> constexpr decltype ((__x.base() - __y.base())) std::operator-(const std::move_iterator<_IteratorL>&, const std::move_iterator<_IteratorR>&)[m[Kâ€™
[1.285s]  1639 |     [01;36m[Koperator[m[K-(const move_iterator<_IteratorL>& __x,
[1.285s]       |     [01;36m[K^~~~~~~~[m[K
[1.285s] [01m[K/home/wilhem/NTNU_ROV_COM/sup_com/src/sup_com/src/../../../../lib/janusxsdm/janusxsdm.cpp:820:80:[m[K [01;31m[Kerror: [m[Kno match for â€˜[01m[Koperator-[m[Kâ€™ (operand types are â€˜[01m[Kstd::chrono::time_point<std::chrono::_V2::system_clock, std::chrono::duration<long int, std::ratio<1, 1000000000> > >[m[Kâ€™ and â€˜[01m[Kstd::chrono::_V2::steady_clock::time_point[m[Kâ€™ {aka â€˜[01m[Kstd::chrono::time_point<std::chrono::_V2::steady_clock, std::chrono::duration<long int, std::ratio<1, 1000000000> > >[m[Kâ€™})
[1.285s]   820 |    std::chrono::duration<double> elapsed_seconds = [32m[Kend[m[K[01;31m[K-[m[K[34m[Kstart[m[K;
[1.286s]       |                                                    [32m[K~~~[m[K[01;31m[K^[m[K[34m[K~~~~~[m[K
[1.286s]       |                                                    [32m[K|[m[K   [34m[K|[m[K
[1.286s]       |                                                    [32m[K|[m[K   [34m[Ktime_point<std::chrono::_V2::steady_clock,[...]>[m[K
[1.286s]       |                                                    [32m[Ktime_point<std::chrono::_V2::system_clock,[...]>[m[K
[1.286s] 
[1.286s] [01m[K/usr/include/c++/11/bits/stl_iterator.h:1639:5:[m[K [01;36m[Knote: [m[K  template argument deduction/substitution failed:
[1.287s] In file included from [01m[K/home/wilhem/NTNU_ROV_COM/sup_com/src/sup_com/src/slave_for_demo.cpp:13[m[K:
[1.287s] [01m[K/home/wilhem/NTNU_ROV_COM/sup_com/src/sup_com/src/../../../../lib/janusxsdm/janusxsdm.cpp:793:73:[m[K [01;36m[Knote: [m[K  â€˜[01m[Kstd::chrono::time_point<std::chrono::_V2::system_clock, std::chrono::duration<long int, std::ratio<1, 1000000000> > >[m[Kâ€™ is not derived from â€˜[01m[Kconst std::move_iterator<_IteratorL>[m[Kâ€™
[1.287s]   793 |                     std::chrono::duration<double> elapsed_seconds = end-[01;36m[Kstart[m[K;
[1.287s]       |                                                                         [01;36m[K^~~~~[m[K
[1.287s] In file included from [01m[K/usr/include/c++/11/bits/stl_algobase.h:67[m[K,
[1.287s]                  from [01m[K/usr/include/c++/11/bits/char_traits.h:39[m[K,
[1.287s]                  from [01m[K/usr/include/c++/11/ios:40[m[K,
[1.287s]                  from [01m[K/usr/include/c++/11/ostream:38[m[K,
[1.287s]                  from [01m[K/usr/include/c++/11/iostream:39[m[K,
[1.288s]                  from [01m[K/home/wilhem/NTNU_ROV_COM/sup_com/src/sup_com/src/master_for_demo.cpp:1[m[K:
[1.288s] [01m[K/usr/include/c++/11/bits/stl_iterator.h:560:5:[m[K [01;36m[Knote: [m[Kcandidate: â€˜[01m[Ktemplate<class _IteratorL, class _IteratorR> constexpr decltype ((__y.base() - __x.base())) std::operator-(const std::reverse_iterator<_Iterator>&, const std::reverse_iterator<_IteratorR>&)[m[Kâ€™
[1.288s]   560 |     [01;36m[Koperator[m[K-(const reverse_iterator<_IteratorL>& __x,
[1.288s]       |     [01;36m[K^~~~~~~~[m[K
[1.288s] [01m[K/usr/include/c++/11/bits/stl_iterator.h:560:5:[m[K [01;36m[Knote: [m[K  template argument deduction/substitution failed:
[1.289s] In file included from [01m[K/home/wilhem/NTNU_ROV_COM/sup_com/src/sup_com/src/master_for_demo.cpp:13[m[K:
[1.289s] [01m[K/home/wilhem/NTNU_ROV_COM/sup_com/src/sup_com/src/../../../../lib/janusxsdm/janusxsdm.cpp:820:81:[m[K [01;36m[Knote: [m[K  â€˜[01m[Kstd::chrono::time_point<std::chrono::_V2::system_clock, std::chrono::duration<long int, std::ratio<1, 1000000000> > >[m[Kâ€™ is not derived from â€˜[01m[Kconst std::reverse_iterator<_Iterator>[m[Kâ€™
[1.289s]   820 |    std::chrono::duration<double> elapsed_seconds = end-[01;36m[Kstart[m[K;
[1.289s]       |                                                        [01;36m[K^~~~~[m[K
[1.289s] 
[1.289s] In file included from [01m[K/usr/include/c++/11/bits/stl_algobase.h:67[m[K,
[1.289s]                  from [01m[K/usr/include/c++/11/bits/char_traits.h:39[m[K,
[1.289s]                  from [01m[K/usr/include/c++/11/ios:40[m[K,
[1.290s]                  from [01m[K/usr/include/c++/11/ostream:38[m[K,
[1.290s]                  from [01m[K/usr/include/c++/11/iostream:39[m[K,
[1.290s]                  from [01m[K/home/wilhem/NTNU_ROV_COM/sup_com/src/sup_com/src/master_for_demo.cpp:1[m[K:
[1.290s] [01m[K/usr/include/c++/11/bits/stl_iterator.h:1639:5:[m[K [01;36m[Knote: [m[Kcandidate: â€˜[01m[Ktemplate<class _IteratorL, class _IteratorR> constexpr decltype ((__x.base() - __y.base())) std::operator-(const std::move_iterator<_IteratorL>&, const std::move_iterator<_IteratorR>&)[m[Kâ€™
[1.290s]  1639 |     [01;36m[Koperator[m[K-(const move_iterator<_IteratorL>& __x,
[1.290s]       |     [01;36m[K^~~~~~~~[m[K
[1.295s] [01m[K/usr/include/c++/11/bits/stl_iterator.h:1639:5:[m[K [01;36m[Knote: [m[K  template argument deduction/substitution failed:
[1.296s] In file included from [01m[K/home/wilhem/NTNU_ROV_COM/sup_com/src/sup_com/src/slave_for_demo.cpp:6[m[K:
[1.296s] [01m[K/usr/include/c++/11/chrono:660:7:[m[K [01;36m[Knote: [m[Kcandidate: â€˜[01m[Ktemplate<class _Rep1, class _Period1, class _Rep2, class _Period2> constexpr typename std::common_type<std::chrono::duration<_Rep1, _Period1>, std::chrono::duration<_Rep2, _Period2> >::type std::chrono::operator-(const std::chrono::duration<_Rep1, _Period1>&, const std::chrono::duration<_Rep2, _Period2>&)[m[Kâ€™
[1.296s]   660 |       [01;36m[Koperator[m[K-(const duration<_Rep1, _Period1>& __lhs,
[1.296s]       |       [01;36m[K^~~~~~~~[m[K
[1.296s] In file included from [01m[K/home/wilhem/NTNU_ROV_COM/sup_com/src/sup_com/src/master_for_demo.cpp:13[m[K:
[1.296s] [01m[K/home/wilhem/NTNU_ROV_COM/sup_com/src/sup_com/src/../../../../lib/janusxsdm/janusxsdm.cpp:820:81:[m[K [01;36m[Knote: [m[K  â€˜[01m[Kstd::chrono::time_point<std::chrono::_V2::system_clock, std::chrono::duration<long int, std::ratio<1, 1000000000> > >[m[Kâ€™ is not derived from â€˜[01m[Kconst std::move_iterator<_IteratorL>[m[Kâ€™
[1.296s]   820 |    std::chrono::duration<double> elapsed_seconds = end-[01;36m[Kstart[m[K;
[1.296s]       |                                                        [01;36m[K^~~~~[m[K
[1.297s] 
[1.297s] [01m[K/usr/include/c++/11/chrono:660:7:[m[K [01;36m[Knote: [m[K  template argument deduction/substitution failed:
[1.297s] In file included from [01m[K/home/wilhem/NTNU_ROV_COM/sup_com/src/sup_com/src/master_for_demo.cpp:6[m[K:
[1.297s] [01m[K/usr/include/c++/11/chrono:660:7:[m[K [01;36m[Knote: [m[Kcandidate: â€˜[01m[Ktemplate<class _Rep1, class _Period1, class _Rep2, class _Period2> constexpr typename std::common_type<std::chrono::duration<_Rep1, _Period1>, std::chrono::duration<_Rep2, _Period2> >::type std::chrono::operator-(const std::chrono::duration<_Rep1, _Period1>&, const std::chrono::duration<_Rep2, _Period2>&)[m[Kâ€™
[1.297s]   660 |       [01;36m[Koperator[m[K-(const duration<_Rep1, _Period1>& __lhs,
[1.297s]       |       [01;36m[K^~~~~~~~[m[K
[1.297s] In file included from [01m[K/home/wilhem/NTNU_ROV_COM/sup_com/src/sup_com/src/slave_for_demo.cpp:13[m[K:
[1.297s] [01m[K/home/wilhem/NTNU_ROV_COM/sup_com/src/sup_com/src/../../../../lib/janusxsdm/janusxsdm.cpp:793:73:[m[K [01;36m[Knote: [m[K  â€˜[01m[Kstd::chrono::time_point<std::chrono::_V2::system_clock, std::chrono::duration<long int, std::ratio<1, 1000000000> > >[m[Kâ€™ is not derived from â€˜[01m[Kconst std::chrono::duration<_Rep1, _Period1>[m[Kâ€™
[1.298s]   793 |                     std::chrono::duration<double> elapsed_seconds = end-[01;36m[Kstart[m[K;
[1.298s]       |                                                                         [01;36m[K^~~~~[m[K
[1.298s] [01m[K/usr/include/c++/11/chrono:660:7:[m[K [01;36m[Knote: [m[K  template argument deduction/substitution failed:
[1.298s] In file included from [01m[K/home/wilhem/NTNU_ROV_COM/sup_com/src/sup_com/src/master_for_demo.cpp:13[m[K:
[1.299s] [01m[K/home/wilhem/NTNU_ROV_COM/sup_com/src/sup_com/src/../../../../lib/janusxsdm/janusxsdm.cpp:820:81:[m[K [01;36m[Knote: [m[K  â€˜[01m[Kstd::chrono::time_point<std::chrono::_V2::system_clock, std::chrono::duration<long int, std::ratio<1, 1000000000> > >[m[Kâ€™ is not derived from â€˜[01m[Kconst std::chrono::duration<_Rep1, _Period1>[m[Kâ€™
[1.299s]   820 |    std::chrono::duration<double> elapsed_seconds = end-[01;36m[Kstart[m[K;
[1.299s]       |                                                        [01;36m[K^~~~~[m[K
[1.299s] 
[1.299s] In file included from [01m[K/home/wilhem/NTNU_ROV_COM/sup_com/src/sup_com/src/slave_for_demo.cpp:6[m[K:
[1.299s] [01m[K/usr/include/c++/11/chrono:1030:7:[m[K [01;36m[Knote: [m[Kcandidate: â€˜[01m[Ktemplate<class _Clock, class _Dur1, class _Rep2, class _Period2> constexpr std::chrono::time_point<_Clock, typename std::common_type<_Dur1, std::chrono::duration<_Rep2, _Period2> >::type> std::chrono::operator-(const std::chrono::time_point<_Clock, _Duration1>&, const std::chrono::duration<_Rep2, _Period2>&)[m[Kâ€™
[1.299s]  1030 |       [01;36m[Koperator[m[K-(const time_point<_Clock, _Dur1>& __lhs,
[1.300s]       |       [01;36m[K^~~~~~~~[m[K
[1.300s] [01m[K/usr/include/c++/11/chrono:1030:7:[m[K [01;36m[Knote: [m[K  template argument deduction/substitution failed:
[1.300s] In file included from [01m[K/home/wilhem/NTNU_ROV_COM/sup_com/src/sup_com/src/master_for_demo.cpp:6[m[K:
[1.300s] [01m[K/usr/include/c++/11/chrono:1030:7:[m[K [01;36m[Knote: [m[Kcandidate: â€˜[01m[Ktemplate<class _Clock, class _Dur1, class _Rep2, class _Period2> constexpr std::chrono::time_point<_Clock, typename std::common_type<_Dur1, std::chrono::duration<_Rep2, _Period2> >::type> std::chrono::operator-(const std::chrono::time_point<_Clock, _Duration1>&, const std::chrono::duration<_Rep2, _Period2>&)[m[Kâ€™
[1.300s]  1030 |       [01;36m[Koperator[m[K-(const time_point<_Clock, _Dur1>& __lhs,
[1.300s]       |       [01;36m[K^~~~~~~~[m[K
[1.300s] In file included from [01m[K/home/wilhem/NTNU_ROV_COM/sup_com/src/sup_com/src/slave_for_demo.cpp:13[m[K:
[1.300s] [01m[K/home/wilhem/NTNU_ROV_COM/sup_com/src/sup_com/src/../../../../lib/janusxsdm/janusxsdm.cpp:793:73:[m[K [01;36m[Knote: [m[K  â€˜[01m[Kstd::chrono::_V2::steady_clock::time_point[m[Kâ€™ {aka â€˜[01m[Kstd::chrono::time_point<std::chrono::_V2::steady_clock, std::chrono::duration<long int, std::ratio<1, 1000000000> > >[m[Kâ€™} is not derived from â€˜[01m[Kconst std::chrono::duration<_Rep2, _Period2>[m[Kâ€™
[1.301s]   793 |                     std::chrono::duration<double> elapsed_seconds = end-[01;36m[Kstart[m[K;
[1.301s]       |                                                                         [01;36m[K^~~~~[m[K
[1.301s] [01m[K/usr/include/c++/11/chrono:1030:7:[m[K [01;36m[Knote: [m[K  template argument deduction/substitution failed:
[1.301s] In file included from [01m[K/home/wilhem/NTNU_ROV_COM/sup_com/src/sup_com/src/slave_for_demo.cpp:6[m[K:
[1.301s] [01m[K/usr/include/c++/11/chrono:1042:7:[m[K [01;36m[Knote: [m[Kcandidate: â€˜[01m[Ktemplate<class _Clock, class _Dur1, class _Dur2> constexpr typename std::common_type<_Duration1, _Duration2>::type std::chrono::operator-(const std::chrono::time_point<_Clock, _Duration1>&, const std::chrono::time_point<_Clock, _Duration2>&)[m[Kâ€™
[1.301s]  1042 |       [01;36m[Koperator[m[K-(const time_point<_Clock, _Dur1>& __lhs,
[1.301s]       |       [01;36m[K^~~~~~~~[m[K
[1.301s] In file included from [01m[K/home/wilhem/NTNU_ROV_COM/sup_com/src/sup_com/src/master_for_demo.cpp:13[m[K:
[1.302s] [01m[K/home/wilhem/NTNU_ROV_COM/sup_com/src/sup_com/src/../../../../lib/janusxsdm/janusxsdm.cpp:820:81:[m[K [01;36m[Knote: [m[K  â€˜[01m[Kstd::chrono::_V2::steady_clock::time_point[m[Kâ€™ {aka â€˜[01m[Kstd::chrono::time_point<std::chrono::_V2::steady_clock, std::chrono::duration<long int, std::ratio<1, 1000000000> > >[m[Kâ€™} is not derived from â€˜[01m[Kconst std::chrono::duration<_Rep2, _Period2>[m[Kâ€™
[1.302s]   820 |    std::chrono::duration<double> elapsed_seconds = end-[01;36m[Kstart[m[K;
[1.302s]       |                                                        [01;36m[K^~~~~[m[K
[1.302s] 
[1.302s] [01m[K/usr/include/c++/11/chrono:1042:7:[m[K [01;36m[Knote: [m[K  template argument deduction/substitution failed:
[1.302s] In file included from [01m[K/home/wilhem/NTNU_ROV_COM/sup_com/src/sup_com/src/master_for_demo.cpp:6[m[K:
[1.302s] [01m[K/usr/include/c++/11/chrono:1042:7:[m[K [01;36m[Knote: [m[Kcandidate: â€˜[01m[Ktemplate<class _Clock, class _Dur1, class _Dur2> constexpr typename std::common_type<_Duration1, _Duration2>::type std::chrono::operator-(const std::chrono::time_point<_Clock, _Duration1>&, const std::chrono::time_point<_Clock, _Duration2>&)[m[Kâ€™
[1.302s]  1042 |       [01;36m[Koperator[m[K-(const time_point<_Clock, _Dur1>& __lhs,
[1.303s]       |       [01;36m[K^~~~~~~~[m[K
[1.303s] In file included from [01m[K/home/wilhem/NTNU_ROV_COM/sup_com/src/sup_com/src/slave_for_demo.cpp:13[m[K:
[1.303s] [01m[K/home/wilhem/NTNU_ROV_COM/sup_com/src/sup_com/src/../../../../lib/janusxsdm/janusxsdm.cpp:793:73:[m[K [01;36m[Knote: [m[K  deduced conflicting types for parameter â€˜[01m[K_Clock[m[Kâ€™ (â€˜[01m[Kstd::chrono::_V2::system_clock[m[Kâ€™ and â€˜[01m[Kstd::chrono::_V2::steady_clock[m[Kâ€™)
[1.303s]   793 |                     std::chrono::duration<double> elapsed_seconds = end-[01;36m[Kstart[m[K;
[1.303s]       |                                                                         [01;36m[K^~~~~[m[K
[1.303s] [01m[K/usr/include/c++/11/chrono:1042:7:[m[K [01;36m[Knote: [m[K  template argument deduction/substitution failed:
[1.304s] In file included from [01m[K/home/wilhem/NTNU_ROV_COM/sup_com/src/sup_com/src/master_for_demo.cpp:13[m[K:
[1.304s] [01m[K/home/wilhem/NTNU_ROV_COM/sup_com/src/sup_com/src/../../../../lib/janusxsdm/janusxsdm.cpp:820:81:[m[K [01;36m[Knote: [m[K  deduced conflicting types for parameter â€˜[01m[K_Clock[m[Kâ€™ (â€˜[01m[Kstd::chrono::_V2::system_clock[m[Kâ€™ and â€˜[01m[Kstd::chrono::_V2::steady_clock[m[Kâ€™)
[1.304s]   820 |    std::chrono::duration<double> elapsed_seconds = end-[01;36m[Kstart[m[K;
[1.304s]       |                                                        [01;36m[K^~~~~[m[K
[1.304s] 
[1.304s] [01m[K/home/wilhem/NTNU_ROV_COM/sup_com/src/sup_com/src/../../../../lib/janusxsdm/janusxsdm.cpp:833:80:[m[K [01;31m[Kerror: [m[Kno match for â€˜[01m[Koperator-[m[Kâ€™ (operand types are â€˜[01m[Kstd::chrono::time_point<std::chrono::_V2::system_clock, std::chrono::duration<long int, std::ratio<1, 1000000000> > >[m[Kâ€™ and â€˜[01m[Kstd::chrono::_V2::steady_clock::time_point[m[Kâ€™ {aka â€˜[01m[Kstd::chrono::time_point<std::chrono::_V2::steady_clock, std::chrono::duration<long int, std::ratio<1, 1000000000> > >[m[Kâ€™})
[1.304s]   833 |    std::chrono::duration<double> elapsed_seconds = [32m[Kend[m[K[01;31m[K-[m[K[34m[Kstart[m[K;
[1.304s]       |                                                    [32m[K~~~[m[K[01;31m[K^[m[K[34m[K~~~~~[m[K
[1.305s]       |                                                    [32m[K|[m[K   [34m[K|[m[K
[1.305s]       |                                                    [32m[K|[m[K   [34m[Ktime_point<std::chrono::_V2::steady_clock,[...]>[m[K
[1.305s]       |                                                    [32m[Ktime_point<std::chrono::_V2::system_clock,[...]>[m[K
[1.305s] 
[1.305s] In file included from [01m[K/usr/include/c++/11/bits/stl_algobase.h:67[m[K,
[1.305s]                  from [01m[K/usr/include/c++/11/bits/char_traits.h:39[m[K,
[1.305s]                  from [01m[K/usr/include/c++/11/ios:40[m[K,
[1.305s]                  from [01m[K/usr/include/c++/11/ostream:38[m[K,
[1.305s]                  from [01m[K/usr/include/c++/11/iostream:39[m[K,
[1.306s]                  from [01m[K/home/wilhem/NTNU_ROV_COM/sup_com/src/sup_com/src/master_for_demo.cpp:1[m[K:
[1.306s] [01m[K/usr/include/c++/11/bits/stl_iterator.h:560:5:[m[K [01;36m[Knote: [m[Kcandidate: â€˜[01m[Ktemplate<class _IteratorL, class _IteratorR> constexpr decltype ((__y.base() - __x.base())) std::operator-(const std::reverse_iterator<_Iterator>&, const std::reverse_iterator<_IteratorR>&)[m[Kâ€™
[1.306s]   560 |     [01;36m[Koperator[m[K-(const reverse_iterator<_IteratorL>& __x,
[1.306s]       |     [01;36m[K^~~~~~~~[m[K
[1.306s] [01m[K/usr/include/c++/11/bits/stl_iterator.h:560:5:[m[K [01;36m[Knote: [m[K  template argument deduction/substitution failed:
[1.310s] In file included from [01m[K/home/wilhem/NTNU_ROV_COM/sup_com/src/sup_com/src/master_for_demo.cpp:13[m[K:
[1.310s] [01m[K/home/wilhem/NTNU_ROV_COM/sup_com/src/sup_com/src/../../../../lib/janusxsdm/janusxsdm.cpp:833:81:[m[K [01;36m[Knote: [m[K  â€˜[01m[Kstd::chrono::time_point<std::chrono::_V2::system_clock, std::chrono::duration<long int, std::ratio<1, 1000000000> > >[m[Kâ€™ is not derived from â€˜[01m[Kconst std::reverse_iterator<_Iterator>[m[Kâ€™
[1.310s]   833 |    std::chrono::duration<double> elapsed_seconds = end-[01;36m[Kstart[m[K;
[1.322s]       |                                                        [01;36m[K^~~~~[m[K
[1.323s] 
[1.323s] In file included from [01m[K/usr/include/c++/11/bits/stl_algobase.h:67[m[K,
[1.323s]                  from [01m[K/usr/include/c++/11/bits/char_traits.h:39[m[K,
[1.323s]                  from [01m[K/usr/include/c++/11/ios:40[m[K,
[1.323s]                  from [01m[K/usr/include/c++/11/ostream:38[m[K,
[1.323s]                  from [01m[K/usr/include/c++/11/iostream:39[m[K,
[1.323s]                  from [01m[K/home/wilhem/NTNU_ROV_COM/sup_com/src/sup_com/src/master_for_demo.cpp:1[m[K:
[1.324s] [01m[K/usr/include/c++/11/bits/stl_iterator.h:1639:5:[m[K [01;36m[Knote: [m[Kcandidate: â€˜[01m[Ktemplate<class _IteratorL, class _IteratorR> constexpr decltype ((__x.base() - __y.base())) std::operator-(const std::move_iterator<_IteratorL>&, const std::move_iterator<_IteratorR>&)[m[Kâ€™
[1.324s]  1639 |     [01;36m[Koperator[m[K-(const move_iterator<_IteratorL>& __x,
[1.324s]       |     [01;36m[K^~~~~~~~[m[K
[1.324s] [01m[K/home/wilhem/NTNU_ROV_COM/sup_com/src/sup_com/src/../../../../lib/janusxsdm/janusxsdm.cpp:802:26:[m[K [01;31m[Kerror: [m[Kconflicting declaration â€˜[01m[Kauto end[m[Kâ€™
[1.324s]   802 |                     auto [01;31m[Kend[m[K = std::chrono::system_clock::now();
[1.324s]       |                          [01;31m[K^~~[m[K
[1.324s] [01m[K/usr/include/c++/11/bits/stl_iterator.h:1639:5:[m[K [01;36m[Knote: [m[K  template argument deduction/substitution failed:
[1.324s] [01m[K/home/wilhem/NTNU_ROV_COM/sup_com/src/sup_com/src/../../../../lib/janusxsdm/janusxsdm.cpp:792:26:[m[K [01;36m[Knote: [m[Kprevious declaration as â€˜[01m[Kstd::chrono::time_point<std::chrono::_V2::system_clock, std::chrono::duration<long int, std::ratio<1, 1000000000> > > end[m[Kâ€™
[1.325s]   792 |                     auto [01;36m[Kend[m[K = std::chrono::system_clock::now();
[1.325s]       |                          [01;36m[K^~~[m[K
[1.325s] In file included from [01m[K/home/wilhem/NTNU_ROV_COM/sup_com/src/sup_com/src/master_for_demo.cpp:13[m[K:
[1.325s] [01m[K/home/wilhem/NTNU_ROV_COM/sup_com/src/sup_com/src/../../../../lib/janusxsdm/janusxsdm.cpp:833:81:[m[K [01;36m[Knote: [m[K  â€˜[01m[Kstd::chrono::time_point<std::chrono::_V2::system_clock, std::chrono::duration<long int, std::ratio<1, 1000000000> > >[m[Kâ€™ is not derived from â€˜[01m[Kconst std::move_iterator<_IteratorL>[m[Kâ€™
[1.325s]   833 |    std::chrono::duration<double> elapsed_seconds = end-[01;36m[Kstart[m[K;
[1.325s]       |                                                        [01;36m[K^~~~~[m[K
[1.325s] 
[1.325s] In file included from [01m[K/home/wilhem/NTNU_ROV_COM/sup_com/src/sup_com/src/master_for_demo.cpp:6[m[K:
[1.326s] [01m[K/usr/include/c++/11/chrono:660:7:[m[K [01;36m[Knote: [m[Kcandidate: â€˜[01m[Ktemplate<class _Rep1, class _Period1, class _Rep2, class _Period2> constexpr typename std::common_type<std::chrono::duration<_Rep1, _Period1>, std::chrono::duration<_Rep2, _Period2> >::type std::chrono::operator-(const std::chrono::duration<_Rep1, _Period1>&, const std::chrono::duration<_Rep2, _Period2>&)[m[Kâ€™
[1.326s]   660 |       [01;36m[Koperator[m[K-(const duration<_Rep1, _Period1>& __lhs,
[1.326s]       |       [01;36m[K^~~~~~~~[m[K
[1.326s] [01m[K/usr/include/c++/11/chrono:660:7:[m[K [01;36m[Knote: [m[K  template argument deduction/substitution failed:
[1.326s] In file included from [01m[K/home/wilhem/NTNU_ROV_COM/sup_com/src/sup_com/src/master_for_demo.cpp:13[m[K:
[1.326s] [01m[K/home/wilhem/NTNU_ROV_COM/sup_com/src/sup_com/src/../../../../lib/janusxsdm/janusxsdm.cpp:833:81:[m[K [01;36m[Knote: [m[K  â€˜[01m[Kstd::chrono::time_point<std::chrono::_V2::system_clock, std::chrono::duration<long int, std::ratio<1, 1000000000> > >[m[Kâ€™ is not derived from â€˜[01m[Kconst std::chrono::duration<_Rep1, _Period1>[m[Kâ€™
[1.326s]   833 |    std::chrono::duration<double> elapsed_seconds = end-[01;36m[Kstart[m[K;
[1.327s]       |                                                        [01;36m[K^~~~~[m[K
[1.327s] 
[1.327s] [01m[K/home/wilhem/NTNU_ROV_COM/sup_com/src/sup_com/src/../../../../lib/janusxsdm/janusxsdm.cpp:803:51:[m[K [01;31m[Kerror: [m[Kredeclaration of â€˜[01m[Kstd::chrono::duration<double> elapsed_seconds[m[Kâ€™
[1.327s]   803 |                     std::chrono::duration<double> [01;31m[Kelapsed_seconds[m[K = end-start;
[1.327s]       |                                                   [01;31m[K^~~~~~~~~~~~~~~[m[K
[1.327s] In file included from [01m[K/home/wilhem/NTNU_ROV_COM/sup_com/src/sup_com/src/master_for_demo.cpp:6[m[K:
[1.327s] [01m[K/usr/include/c++/11/chrono:1030:7:[m[K [01;36m[Knote: [m[Kcandidate: â€˜[01m[Ktemplate<class _Clock, class _Dur1, class _Rep2, class _Period2> constexpr std::chrono::time_point<_Clock, typename std::common_type<_Dur1, std::chrono::duration<_Rep2, _Period2> >::type> std::chrono::operator-(const std::chrono::time_point<_Clock, _Duration1>&, const std::chrono::duration<_Rep2, _Period2>&)[m[Kâ€™
[1.327s]  1030 |       [01;36m[Koperator[m[K-(const time_point<_Clock, _Dur1>& __lhs,
[1.327s]       |       [01;36m[K^~~~~~~~[m[K
[1.328s] [01m[K/usr/include/c++/11/chrono:1030:7:[m[K [01;36m[Knote: [m[K  template argument deduction/substitution failed:
[1.328s] [01m[K/home/wilhem/NTNU_ROV_COM/sup_com/src/sup_com/src/../../../../lib/janusxsdm/janusxsdm.cpp:793:51:[m[K [01;36m[Knote: [m[Kâ€˜[01m[Kstd::chrono::duration<double> elapsed_seconds[m[Kâ€™ previously declared here
[1.328s]   793 |                     std::chrono::duration<double> [01;36m[Kelapsed_seconds[m[K = end-start;
[1.328s]       |                                                   [01;36m[K^~~~~~~~~~~~~~~[m[K
[1.328s] In file included from [01m[K/home/wilhem/NTNU_ROV_COM/sup_com/src/sup_com/src/master_for_demo.cpp:13[m[K:
[1.328s] [01m[K/home/wilhem/NTNU_ROV_COM/sup_com/src/sup_com/src/../../../../lib/janusxsdm/janusxsdm.cpp:833:81:[m[K [01;36m[Knote: [m[K  â€˜[01m[Kstd::chrono::_V2::steady_clock::time_point[m[Kâ€™ {aka â€˜[01m[Kstd::chrono::time_point<std::chrono::_V2::steady_clock, std::chrono::duration<long int, std::ratio<1, 1000000000> > >[m[Kâ€™} is not derived from â€˜[01m[Kconst std::chrono::duration<_Rep2, _Period2>[m[Kâ€™
[1.328s]   833 |    std::chrono::duration<double> elapsed_seconds = end-[01;36m[Kstart[m[K;
[1.328s]       |                                                        [01;36m[K^~~~~[m[K
[1.329s] 
[1.329s] In file included from [01m[K/home/wilhem/NTNU_ROV_COM/sup_com/src/sup_com/src/master_for_demo.cpp:6[m[K:
[1.329s] [01m[K/usr/include/c++/11/chrono:1042:7:[m[K [01;36m[Knote: [m[Kcandidate: â€˜[01m[Ktemplate<class _Clock, class _Dur1, class _Dur2> constexpr typename std::common_type<_Duration1, _Duration2>::type std::chrono::operator-(const std::chrono::time_point<_Clock, _Duration1>&, const std::chrono::time_point<_Clock, _Duration2>&)[m[Kâ€™
[1.329s]  1042 |       [01;36m[Koperator[m[K-(const time_point<_Clock, _Dur1>& __lhs,
[1.329s]       |       [01;36m[K^~~~~~~~[m[K
[1.329s] [01m[K/usr/include/c++/11/chrono:1042:7:[m[K [01;36m[Knote: [m[K  template argument deduction/substitution failed:
[1.329s] [01m[K/home/wilhem/NTNU_ROV_COM/sup_com/src/sup_com/src/../../../../lib/janusxsdm/janusxsdm.cpp:803:72:[m[K [01;31m[Kerror: [m[Kno match for â€˜[01m[Koperator-[m[Kâ€™ (operand types are â€˜[01m[Kstd::chrono::time_point<std::chrono::_V2::system_clock, std::chrono::duration<long int, std::ratio<1, 1000000000> > >[m[Kâ€™ and â€˜[01m[Kstd::chrono::_V2::steady_clock::time_point[m[Kâ€™ {aka â€˜[01m[Kstd::chrono::time_point<std::chrono::_V2::steady_clock, std::chrono::duration<long int, std::ratio<1, 1000000000> > >[m[Kâ€™})
[1.329s]   803 |                     std::chrono::duration<double> elapsed_seconds = [32m[Kend[m[K[01;31m[K-[m[K[34m[Kstart[m[K;
[1.330s]       |                                                                     [32m[K~~~[m[K[01;31m[K^[m[K[34m[K~~~~~[m[K
[1.330s]       |                                                                     [32m[K|[m[K   [34m[K|[m[K
[1.330s]       |                                                                     [32m[K|[m[K   [34m[Ktime_point<std::chrono::_V2::steady_clock,[...]>[m[K
[1.330s]       |                                                                     [32m[Ktime_point<std::chrono::_V2::system_clock,[...]>[m[K
[1.330s] In file included from [01m[K/home/wilhem/NTNU_ROV_COM/sup_com/src/sup_com/src/master_for_demo.cpp:13[m[K:
[1.330s] [01m[K/home/wilhem/NTNU_ROV_COM/sup_com/src/sup_com/src/../../../../lib/janusxsdm/janusxsdm.cpp:833:81:[m[K [01;36m[Knote: [m[K  deduced conflicting types for parameter â€˜[01m[K_Clock[m[Kâ€™ (â€˜[01m[Kstd::chrono::_V2::system_clock[m[Kâ€™ and â€˜[01m[Kstd::chrono::_V2::steady_clock[m[Kâ€™)
[1.330s]   833 |    std::chrono::duration<double> elapsed_seconds = end-[01;36m[Kstart[m[K;
[1.331s]       |                                                        [01;36m[K^~~~~[m[K
[1.331s] 
[1.331s] In file included from [01m[K/usr/include/c++/11/bits/stl_algobase.h:67[m[K,
[1.331s]                  from [01m[K/usr/include/c++/11/bits/char_traits.h:39[m[K,
[1.331s]                  from [01m[K/usr/include/c++/11/ios:40[m[K,
[1.331s]                  from [01m[K/usr/include/c++/11/ostream:38[m[K,
[1.331s]                  from [01m[K/usr/include/c++/11/iostream:39[m[K,
[1.331s]                  from [01m[K/home/wilhem/NTNU_ROV_COM/sup_com/src/sup_com/src/slave_for_demo.cpp:1[m[K:
[1.332s] [01m[K/usr/include/c++/11/bits/stl_iterator.h:560:5:[m[K [01;36m[Knote: [m[Kcandidate: â€˜[01m[Ktemplate<class _IteratorL, class _IteratorR> constexpr decltype ((__y.base() - __x.base())) std::operator-(const std::reverse_iterator<_Iterator>&, const std::reverse_iterator<_IteratorR>&)[m[Kâ€™
[1.332s]   560 |     [01;36m[Koperator[m[K-(const reverse_iterator<_IteratorL>& __x,
[1.332s]       |     [01;36m[K^~~~~~~~[m[K
[1.332s] [01m[K/usr/include/c++/11/bits/stl_iterator.h:560:5:[m[K [01;36m[Knote: [m[K  template argument deduction/substitution failed:
[1.332s] In file included from [01m[K/home/wilhem/NTNU_ROV_COM/sup_com/src/sup_com/src/slave_for_demo.cpp:13[m[K:
[1.332s] [01m[K/home/wilhem/NTNU_ROV_COM/sup_com/src/sup_com/src/../../../../lib/janusxsdm/janusxsdm.cpp:803:73:[m[K [01;36m[Knote: [m[K  â€˜[01m[Kstd::chrono::time_point<std::chrono::_V2::system_clock, std::chrono::duration<long int, std::ratio<1, 1000000000> > >[m[Kâ€™ is not derived from â€˜[01m[Kconst std::reverse_iterator<_Iterator>[m[Kâ€™
[1.332s]   803 |                     std::chrono::duration<double> elapsed_seconds = end-[01;36m[Kstart[m[K;
[1.332s]       |                                                                         [01;36m[K^~~~~[m[K
[1.332s] In file included from [01m[K/usr/include/c++/11/bits/stl_algobase.h:67[m[K,
[1.333s]                  from [01m[K/usr/include/c++/11/bits/char_traits.h:39[m[K,
[1.333s]                  from [01m[K/usr/include/c++/11/ios:40[m[K,
[1.333s]                  from [01m[K/usr/include/c++/11/ostream:38[m[K,
[1.333s]                  from [01m[K/usr/include/c++/11/iostream:39[m[K,
[1.333s]                  from [01m[K/home/wilhem/NTNU_ROV_COM/sup_com/src/sup_com/src/slave_for_demo.cpp:1[m[K:
[1.333s] [01m[K/usr/include/c++/11/bits/stl_iterator.h:1639:5:[m[K [01;36m[Knote: [m[Kcandidate: â€˜[01m[Ktemplate<class _IteratorL, class _IteratorR> constexpr decltype ((__x.base() - __y.base())) std::operator-(const std::move_iterator<_IteratorL>&, const std::move_iterator<_IteratorR>&)[m[Kâ€™
[1.333s]  1639 |     [01;36m[Koperator[m[K-(const move_iterator<_IteratorL>& __x,
[1.334s]       |     [01;36m[K^~~~~~~~[m[K
[1.334s] [01m[K/usr/include/c++/11/bits/stl_iterator.h:1639:5:[m[K [01;36m[Knote: [m[K  template argument deduction/substitution failed:
[1.334s] In file included from [01m[K/home/wilhem/NTNU_ROV_COM/sup_com/src/sup_com/src/slave_for_demo.cpp:13[m[K:
[1.334s] [01m[K/home/wilhem/NTNU_ROV_COM/sup_com/src/sup_com/src/../../../../lib/janusxsdm/janusxsdm.cpp:803:73:[m[K [01;36m[Knote: [m[K  â€˜[01m[Kstd::chrono::time_point<std::chrono::_V2::system_clock, std::chrono::duration<long int, std::ratio<1, 1000000000> > >[m[Kâ€™ is not derived from â€˜[01m[Kconst std::move_iterator<_IteratorL>[m[Kâ€™
[1.334s]   803 |                     std::chrono::duration<double> elapsed_seconds = end-[01;36m[Kstart[m[K;
[1.334s]       |                                                                         [01;36m[K^~~~~[m[K
[1.346s] In file included from [01m[K/home/wilhem/NTNU_ROV_COM/sup_com/src/sup_com/src/slave_for_demo.cpp:6[m[K:
[1.347s] [01m[K/usr/include/c++/11/chrono:660:7:[m[K [01;36m[Knote: [m[Kcandidate: â€˜[01m[Ktemplate<class _Rep1, class _Period1, class _Rep2, class _Period2> constexpr typename std::common_type<std::chrono::duration<_Rep1, _Period1>, std::chrono::duration<_Rep2, _Period2> >::type std::chrono::operator-(const std::chrono::duration<_Rep1, _Period1>&, const std::chrono::duration<_Rep2, _Period2>&)[m[Kâ€™
[1.347s]   660 |       [01;36m[Koperator[m[K-(const duration<_Rep1, _Period1>& __lhs,
[1.347s]       |       [01;36m[K^~~~~~~~[m[K
[1.347s] [01m[K/usr/include/c++/11/chrono:660:7:[m[K [01;36m[Knote: [m[K  template argument deduction/substitution failed:
[1.347s] In file included from [01m[K/home/wilhem/NTNU_ROV_COM/sup_com/src/sup_com/src/slave_for_demo.cpp:13[m[K:
[1.347s] [01m[K/home/wilhem/NTNU_ROV_COM/sup_com/src/sup_com/src/../../../../lib/janusxsdm/janusxsdm.cpp:803:73:[m[K [01;36m[Knote: [m[K  â€˜[01m[Kstd::chrono::time_point<std::chrono::_V2::system_clock, std::chrono::duration<long int, std::ratio<1, 1000000000> > >[m[Kâ€™ is not derived from â€˜[01m[Kconst std::chrono::duration<_Rep1, _Period1>[m[Kâ€™
[1.347s]   803 |                     std::chrono::duration<double> elapsed_seconds = end-[01;36m[Kstart[m[K;
[1.347s]       |                                                                         [01;36m[K^~~~~[m[K
[1.348s] In file included from [01m[K/home/wilhem/NTNU_ROV_COM/sup_com/src/sup_com/src/slave_for_demo.cpp:6[m[K:
[1.348s] [01m[K/usr/include/c++/11/chrono:1030:7:[m[K [01;36m[Knote: [m[Kcandidate: â€˜[01m[Ktemplate<class _Clock, class _Dur1, class _Rep2, class _Period2> constexpr std::chrono::time_point<_Clock, typename std::common_type<_Dur1, std::chrono::duration<_Rep2, _Period2> >::type> std::chrono::operator-(const std::chrono::time_point<_Clock, _Duration1>&, const std::chrono::duration<_Rep2, _Period2>&)[m[Kâ€™
[1.348s]  1030 |       [01;36m[Koperator[m[K-(const time_point<_Clock, _Dur1>& __lhs,
[1.348s]       |       [01;36m[K^~~~~~~~[m[K
[1.348s] [01m[K/usr/include/c++/11/chrono:1030:7:[m[K [01;36m[Knote: [m[K  template argument deduction/substitution failed:
[1.348s] In file included from [01m[K/home/wilhem/NTNU_ROV_COM/sup_com/src/sup_com/src/slave_for_demo.cpp:13[m[K:
[1.348s] [01m[K/home/wilhem/NTNU_ROV_COM/sup_com/src/sup_com/src/../../../../lib/janusxsdm/janusxsdm.cpp:803:73:[m[K [01;36m[Knote: [m[K  â€˜[01m[Kstd::chrono::_V2::steady_clock::time_point[m[Kâ€™ {aka â€˜[01m[Kstd::chrono::time_point<std::chrono::_V2::steady_clock, std::chrono::duration<long int, std::ratio<1, 1000000000> > >[m[Kâ€™} is not derived from â€˜[01m[Kconst std::chrono::duration<_Rep2, _Period2>[m[Kâ€™
[1.348s]   803 |                     std::chrono::duration<double> elapsed_seconds = end-[01;36m[Kstart[m[K;
[1.349s]       |                                                                         [01;36m[K^~~~~[m[K
[1.349s] In file included from [01m[K/home/wilhem/NTNU_ROV_COM/sup_com/src/sup_com/src/slave_for_demo.cpp:6[m[K:
[1.349s] [01m[K/usr/include/c++/11/chrono:1042:7:[m[K [01;36m[Knote: [m[Kcandidate: â€˜[01m[Ktemplate<class _Clock, class _Dur1, class _Dur2> constexpr typename std::common_type<_Duration1, _Duration2>::type std::chrono::operator-(const std::chrono::time_point<_Clock, _Duration1>&, const std::chrono::time_point<_Clock, _Duration2>&)[m[Kâ€™
[1.349s]  1042 |       [01;36m[Koperator[m[K-(const time_point<_Clock, _Dur1>& __lhs,
[1.349s]       |       [01;36m[K^~~~~~~~[m[K
[1.349s] [01m[K/usr/include/c++/11/chrono:1042:7:[m[K [01;36m[Knote: [m[K  template argument deduction/substitution failed:
[1.349s] In file included from [01m[K/home/wilhem/NTNU_ROV_COM/sup_com/src/sup_com/src/slave_for_demo.cpp:13[m[K:
[1.349s] [01m[K/home/wilhem/NTNU_ROV_COM/sup_com/src/sup_com/src/../../../../lib/janusxsdm/janusxsdm.cpp:803:73:[m[K [01;36m[Knote: [m[K  deduced conflicting types for parameter â€˜[01m[K_Clock[m[Kâ€™ (â€˜[01m[Kstd::chrono::_V2::system_clock[m[Kâ€™ and â€˜[01m[Kstd::chrono::_V2::steady_clock[m[Kâ€™)
[1.350s]   803 |                     std::chrono::duration<double> elapsed_seconds = end-[01;36m[Kstart[m[K;
[1.350s]       |                                                                         [01;36m[K^~~~~[m[K
[1.350s] [01m[K/home/wilhem/NTNU_ROV_COM/sup_com/src/sup_com/src/../../../../lib/janusxsdm/janusxsdm.cpp:804:33:[m[K [01;31m[Kerror: [m[Kredeclaration of â€˜[01m[Ktime_t end_time[m[Kâ€™
[1.350s]   804 |                     std::time_t [01;31m[Kend_time[m[K = std::chrono::system_clock::to_time_t(end);
[1.350s]       |                                 [01;31m[K^~~~~~~~[m[K
[1.350s] [01m[K/home/wilhem/NTNU_ROV_COM/sup_com/src/sup_com/src/../../../../lib/janusxsdm/janusxsdm.cpp:794:33:[m[K [01;36m[Knote: [m[Kâ€˜[01m[Ktime_t end_time[m[Kâ€™ previously declared here
[1.350s]   794 |                     std::time_t [01;36m[Kend_time[m[K = std::chrono::system_clock::to_time_t(end);
[1.351s]       |                                 [01;36m[K^~~~~~~~[m[K
[1.351s] [01m[K/home/wilhem/NTNU_ROV_COM/sup_com/src/sup_com/src/../../../../lib/janusxsdm/janusxsdm.cpp:846:76:[m[K [01;31m[Kerror: [m[Kno match for â€˜[01m[Koperator-[m[Kâ€™ (operand types are â€˜[01m[Kstd::chrono::time_point<std::chrono::_V2::system_clock, std::chrono::duration<long int, std::ratio<1, 1000000000> > >[m[Kâ€™ and â€˜[01m[Kstd::chrono::_V2::steady_clock::time_point[m[Kâ€™ {aka â€˜[01m[Kstd::chrono::time_point<std::chrono::_V2::steady_clock, std::chrono::duration<long int, std::ratio<1, 1000000000> > >[m[Kâ€™})
[1.351s]   846 |    std::chrono::duration<double> elapsed_seconds = [32m[Kend[m[K[01;31m[K-[m[K[34m[Kstart[m[K;
[1.351s]       |                                                    [32m[K~~~[m[K[01;31m[K^[m[K[34m[K~~~~~[m[K
[1.351s]       |                                                    [32m[K|[m[K   [34m[K|[m[K
[1.351s]       |                                                    [32m[K|[m[K   [34m[Ktime_point<std::chrono::_V2::steady_clock,[...]>[m[K
[1.351s]       |                                                    [32m[Ktime_point<std::chrono::_V2::system_clock,[...]>[m[K
[1.351s] 
[1.351s] In file included from [01m[K/usr/include/c++/11/bits/stl_algobase.h:67[m[K,
[1.352s]                  from [01m[K/usr/include/c++/11/bits/char_traits.h:39[m[K,
[1.352s]                  from [01m[K/usr/include/c++/11/ios:40[m[K,
[1.352s]                  from [01m[K/usr/include/c++/11/ostream:38[m[K,
[1.352s]                  from [01m[K/usr/include/c++/11/iostream:39[m[K,
[1.352s]                  from [01m[K/home/wilhem/NTNU_ROV_COM/sup_com/src/sup_com/src/master_for_demo.cpp:1[m[K:
[1.352s] [01m[K/usr/include/c++/11/bits/stl_iterator.h:560:5:[m[K [01;36m[Knote: [m[Kcandidate: â€˜[01m[Ktemplate<class _IteratorL, class _IteratorR> constexpr decltype ((__y.base() - __x.base())) std::operator-(const std::reverse_iterator<_Iterator>&, const std::reverse_iterator<_IteratorR>&)[m[Kâ€™
[1.352s]   560 |     [01;36m[Koperator[m[K-(const reverse_iterator<_IteratorL>& __x,
[1.352s]       |     [01;36m[K^~~~~~~~[m[K
[1.353s] [01m[K/usr/include/c++/11/bits/stl_iterator.h:560:5:[m[K [01;36m[Knote: [m[K  template argument deduction/substitution failed:
[1.353s] In file included from [01m[K/home/wilhem/NTNU_ROV_COM/sup_com/src/sup_com/src/master_for_demo.cpp:13[m[K:
[1.353s] [01m[K/home/wilhem/NTNU_ROV_COM/sup_com/src/sup_com/src/../../../../lib/janusxsdm/janusxsdm.cpp:846:77:[m[K [01;36m[Knote: [m[K  â€˜[01m[Kstd::chrono::time_point<std::chrono::_V2::system_clock, std::chrono::duration<long int, std::ratio<1, 1000000000> > >[m[Kâ€™ is not derived from â€˜[01m[Kconst std::reverse_iterator<_Iterator>[m[Kâ€™
[1.353s]   846 |    std::chrono::duration<double> elapsed_seconds = end-[01;36m[Kstart[m[K;
[1.353s]       |                                                        [01;36m[K^~~~~[m[K
[1.353s] 
[1.353s] In file included from [01m[K/usr/include/c++/11/bits/stl_algobase.h:67[m[K,
[1.353s]                  from [01m[K/usr/include/c++/11/bits/char_traits.h:39[m[K,
[1.354s]                  from [01m[K/usr/include/c++/11/ios:40[m[K,
[1.354s]                  from [01m[K/usr/include/c++/11/ostream:38[m[K,
[1.354s]                  from [01m[K/usr/include/c++/11/iostream:39[m[K,
[1.366s]                  from [01m[K/home/wilhem/NTNU_ROV_COM/sup_com/src/sup_com/src/master_for_demo.cpp:1[m[K:
[1.366s] [01m[K/usr/include/c++/11/bits/stl_iterator.h:1639:5:[m[K [01;36m[Knote: [m[Kcandidate: â€˜[01m[Ktemplate<class _IteratorL, class _IteratorR> constexpr decltype ((__x.base() - __y.base())) std::operator-(const std::move_iterator<_IteratorL>&, const std::move_iterator<_IteratorR>&)[m[Kâ€™
[1.367s]  1639 |     [01;36m[Koperator[m[K-(const move_iterator<_IteratorL>& __x,
[1.367s]       |     [01;36m[K^~~~~~~~[m[K
[1.367s] [01m[K/usr/include/c++/11/bits/stl_iterator.h:1639:5:[m[K [01;36m[Knote: [m[K  template argument deduction/substitution failed:
[1.367s] In file included from [01m[K/home/wilhem/NTNU_ROV_COM/sup_com/src/sup_com/src/master_for_demo.cpp:13[m[K:
[1.367s] [01m[K/home/wilhem/NTNU_ROV_COM/sup_com/src/sup_com/src/../../../../lib/janusxsdm/janusxsdm.cpp:846:77:[m[K [01;36m[Knote: [m[K  â€˜[01m[Kstd::chrono::time_point<std::chrono::_V2::system_clock, std::chrono::duration<long int, std::ratio<1, 1000000000> > >[m[Kâ€™ is not derived from â€˜[01m[Kconst std::move_iterator<_IteratorL>[m[Kâ€™
[1.367s]   846 |    std::chrono::duration<double> elapsed_seconds = end-[01;36m[Kstart[m[K;
[1.367s]       |                                                        [01;36m[K^~~~~[m[K
[1.368s] 
[1.368s] In file included from [01m[K/home/wilhem/NTNU_ROV_COM/sup_com/src/sup_com/src/master_for_demo.cpp:6[m[K:
[1.368s] [01m[K/usr/include/c++/11/chrono:660:7:[m[K [01;36m[Knote: [m[Kcandidate: â€˜[01m[Ktemplate<class _Rep1, class _Period1, class _Rep2, class _Period2> constexpr typename std::common_type<std::chrono::duration<_Rep1, _Period1>, std::chrono::duration<_Rep2, _Period2> >::type std::chrono::operator-(const std::chrono::duration<_Rep1, _Period1>&, const std::chrono::duration<_Rep2, _Period2>&)[m[Kâ€™
[1.368s]   660 |       [01;36m[Koperator[m[K-(const duration<_Rep1, _Period1>& __lhs,
[1.368s]       |       [01;36m[K^~~~~~~~[m[K
[1.368s] [01m[K/usr/include/c++/11/chrono:660:7:[m[K [01;36m[Knote: [m[K  template argument deduction/substitution failed:
[1.368s] In file included from [01m[K/home/wilhem/NTNU_ROV_COM/sup_com/src/sup_com/src/master_for_demo.cpp:13[m[K:
[1.368s] [01m[K/home/wilhem/NTNU_ROV_COM/sup_com/src/sup_com/src/../../../../lib/janusxsdm/janusxsdm.cpp:846:77:[m[K [01;36m[Knote: [m[K  â€˜[01m[Kstd::chrono::time_point<std::chrono::_V2::system_clock, std::chrono::duration<long int, std::ratio<1, 1000000000> > >[m[Kâ€™ is not derived from â€˜[01m[Kconst std::chrono::duration<_Rep1, _Period1>[m[Kâ€™
[1.368s]   846 |    std::chrono::duration<double> elapsed_seconds = end-[01;36m[Kstart[m[K;
[1.369s]       |                                                        [01;36m[K^~~~~[m[K
[1.369s] 
[1.369s] In file included from [01m[K/home/wilhem/NTNU_ROV_COM/sup_com/src/sup_com/src/master_for_demo.cpp:6[m[K:
[1.369s] [01m[K/usr/include/c++/11/chrono:1030:7:[m[K [01;36m[Knote: [m[Kcandidate: â€˜[01m[Ktemplate<class _Clock, class _Dur1, class _Rep2, class _Period2> constexpr std::chrono::time_point<_Clock, typename std::common_type<_Dur1, std::chrono::duration<_Rep2, _Period2> >::type> std::chrono::operator-(const std::chrono::time_point<_Clock, _Duration1>&, const std::chrono::duration<_Rep2, _Period2>&)[m[Kâ€™
[1.369s]  1030 |       [01;36m[Koperator[m[K-(const time_point<_Clock, _Dur1>& __lhs,
[1.369s]       |       [01;36m[K^~~~~~~~[m[K
[1.369s] [01m[K/usr/include/c++/11/chrono:1030:7:[m[K [01;36m[Knote: [m[K  template argument deduction/substitution failed:
[1.369s] In file included from [01m[K/home/wilhem/NTNU_ROV_COM/sup_com/src/sup_com/src/master_for_demo.cpp:13[m[K:
[1.370s] [01m[K/home/wilhem/NTNU_ROV_COM/sup_com/src/sup_com/src/../../../../lib/janusxsdm/janusxsdm.cpp:846:77:[m[K [01;36m[Knote: [m[K  â€˜[01m[Kstd::chrono::_V2::steady_clock::time_point[m[Kâ€™ {aka â€˜[01m[Kstd::chrono::time_point<std::chrono::_V2::steady_clock, std::chrono::duration<long int, std::ratio<1, 1000000000> > >[m[Kâ€™} is not derived from â€˜[01m[Kconst std::chrono::duration<_Rep2, _Period2>[m[Kâ€™
[1.370s]   846 |    std::chrono::duration<double> elapsed_seconds = end-[01;36m[Kstart[m[K;
[1.370s]       |                                                        [01;36m[K^~~~~[m[K
[1.370s] 
[1.370s] In file included from [01m[K/home/wilhem/NTNU_ROV_COM/sup_com/src/sup_com/src/master_for_demo.cpp:6[m[K:
[1.370s] [01m[K/usr/include/c++/11/chrono:1042:7:[m[K [01;36m[Knote: [m[Kcandidate: â€˜[01m[Ktemplate<class _Clock, class _Dur1, class _Dur2> constexpr typename std::common_type<_Duration1, _Duration2>::type std::chrono::operator-(const std::chrono::time_point<_Clock, _Duration1>&, const std::chrono::time_point<_Clock, _Duration2>&)[m[Kâ€™
[1.371s]  1042 |       [01;36m[Koperator[m[K-(const time_point<_Clock, _Dur1>& __lhs,
[1.371s]       |       [01;36m[K^~~~~~~~[m[K
[1.371s] [01m[K/usr/include/c++/11/chrono:1042:7:[m[K [01;36m[Knote: [m[K  template argument deduction/substitution failed:
[1.371s] In file included from [01m[K/home/wilhem/NTNU_ROV_COM/sup_com/src/sup_com/src/master_for_demo.cpp:13[m[K:
[1.372s] [01m[K/home/wilhem/NTNU_ROV_COM/sup_com/src/sup_com/src/../../../../lib/janusxsdm/janusxsdm.cpp:846:77:[m[K [01;36m[Knote: [m[K  deduced conflicting types for parameter â€˜[01m[K_Clock[m[Kâ€™ (â€˜[01m[Kstd::chrono::_V2::system_clock[m[Kâ€™ and â€˜[01m[Kstd::chrono::_V2::steady_clock[m[Kâ€™)
[1.372s]   846 |    std::chrono::duration<double> elapsed_seconds = end-[01;36m[Kstart[m[K;
[1.372s]       |                                                        [01;36m[K^~~~~[m[K
[1.372s] 
[1.372s] [01m[K/home/wilhem/NTNU_ROV_COM/sup_com/src/sup_com/src/../../../../lib/janusxsdm/janusxsdm.cpp:820:80:[m[K [01;31m[Kerror: [m[Kno match for â€˜[01m[Koperator-[m[Kâ€™ (operand types are â€˜[01m[Kstd::chrono::time_point<std::chrono::_V2::system_clock, std::chrono::duration<long int, std::ratio<1, 1000000000> > >[m[Kâ€™ and â€˜[01m[Kstd::chrono::_V2::steady_clock::time_point[m[Kâ€™ {aka â€˜[01m[Kstd::chrono::time_point<std::chrono::_V2::steady_clock, std::chrono::duration<long int, std::ratio<1, 1000000000> > >[m[Kâ€™})
[1.372s]   820 |                             std::chrono::duration<double> elapsed_seconds = [32m[Kend[m[K[01;31m[K-[m[K[34m[Kstart[m[K;
[1.372s]       |                                                                             [32m[K~~~[m[K[01;31m[K^[m[K[34m[K~~~~~[m[K
[1.372s]       |                                                                             [32m[K|[m[K   [34m[K|[m[K
[1.373s]       |                                                                             [32m[K|[m[K   [34m[Ktime_point<std::chrono::_V2::steady_clock,[...]>[m[K
[1.373s]       |                                                                             [32m[Ktime_point<std::chrono::_V2::system_clock,[...]>[m[K
[1.373s] In file included from [01m[K/usr/include/c++/11/bits/stl_algobase.h:67[m[K,
[1.373s]                  from [01m[K/usr/include/c++/11/bits/char_traits.h:39[m[K,
[1.373s]                  from [01m[K/usr/include/c++/11/ios:40[m[K,
[1.373s]                  from [01m[K/usr/include/c++/11/ostream:38[m[K,
[1.373s]                  from [01m[K/usr/include/c++/11/iostream:39[m[K,
[1.373s]                  from [01m[K/home/wilhem/NTNU_ROV_COM/sup_com/src/sup_com/src/slave_for_demo.cpp:1[m[K:
[1.374s] [01m[K/usr/include/c++/11/bits/stl_iterator.h:560:5:[m[K [01;36m[Knote: [m[Kcandidate: â€˜[01m[Ktemplate<class _IteratorL, class _IteratorR> constexpr decltype ((__y.base() - __x.base())) std::operator-(const std::reverse_iterator<_Iterator>&, const std::reverse_iterator<_IteratorR>&)[m[Kâ€™
[1.374s]   560 |     [01;36m[Koperator[m[K-(const reverse_iterator<_IteratorL>& __x,
[1.374s]       |     [01;36m[K^~~~~~~~[m[K
[1.374s] [01m[K/usr/include/c++/11/bits/stl_iterator.h:560:5:[m[K [01;36m[Knote: [m[K  template argument deduction/substitution failed:
[1.374s] In file included from [01m[K/home/wilhem/NTNU_ROV_COM/sup_com/src/sup_com/src/slave_for_demo.cpp:13[m[K:
[1.374s] [01m[K/home/wilhem/NTNU_ROV_COM/sup_com/src/sup_com/src/../../../../lib/janusxsdm/janusxsdm.cpp:820:81:[m[K [01;36m[Knote: [m[K  â€˜[01m[Kstd::chrono::time_point<std::chrono::_V2::system_clock, std::chrono::duration<long int, std::ratio<1, 1000000000> > >[m[Kâ€™ is not derived from â€˜[01m[Kconst std::reverse_iterator<_Iterator>[m[Kâ€™
[1.374s]   820 |                             std::chrono::duration<double> elapsed_seconds = end-[01;36m[Kstart[m[K;
[1.374s]       |                                                                                 [01;36m[K^~~~~[m[K
[1.375s] In file included from [01m[K/usr/include/c++/11/bits/stl_algobase.h:67[m[K,
[1.375s]                  from [01m[K/usr/include/c++/11/bits/char_traits.h:39[m[K,
[1.375s]                  from [01m[K/usr/include/c++/11/ios:40[m[K,
[1.375s]                  from [01m[K/usr/include/c++/11/ostream:38[m[K,
[1.375s]                  from [01m[K/usr/include/c++/11/iostream:39[m[K,
[1.375s]                  from [01m[K/home/wilhem/NTNU_ROV_COM/sup_com/src/sup_com/src/slave_for_demo.cpp:1[m[K:
[1.375s] [01m[K/usr/include/c++/11/bits/stl_iterator.h:1639:5:[m[K [01;36m[Knote: [m[Kcandidate: â€˜[01m[Ktemplate<class _IteratorL, class _IteratorR> constexpr decltype ((__x.base() - __y.base())) std::operator-(const std::move_iterator<_IteratorL>&, const std::move_iterator<_IteratorR>&)[m[Kâ€™
[1.375s]  1639 |     [01;36m[Koperator[m[K-(const move_iterator<_IteratorL>& __x,
[1.376s]       |     [01;36m[K^~~~~~~~[m[K
[1.376s] [01m[K/usr/include/c++/11/bits/stl_iterator.h:1639:5:[m[K [01;36m[Knote: [m[K  template argument deduction/substitution failed:
[1.376s] In file included from [01m[K/home/wilhem/NTNU_ROV_COM/sup_com/src/sup_com/src/slave_for_demo.cpp:13[m[K:
[1.376s] [01m[K/home/wilhem/NTNU_ROV_COM/sup_com/src/sup_com/src/../../../../lib/janusxsdm/janusxsdm.cpp:820:81:[m[K [01;36m[Knote: [m[K  â€˜[01m[Kstd::chrono::time_point<std::chrono::_V2::system_clock, std::chrono::duration<long int, std::ratio<1, 1000000000> > >[m[Kâ€™ is not derived from â€˜[01m[Kconst std::move_iterator<_IteratorL>[m[Kâ€™
[1.376s]   820 |                             std::chrono::duration<double> elapsed_seconds = end-[01;36m[Kstart[m[K;
[1.376s]       |                                                                                 [01;36m[K^~~~~[m[K
[1.376s] In file included from [01m[K/home/wilhem/NTNU_ROV_COM/sup_com/src/sup_com/src/slave_for_demo.cpp:6[m[K:
[1.376s] [01m[K/usr/include/c++/11/chrono:660:7:[m[K [01;36m[Knote: [m[Kcandidate: â€˜[01m[Ktemplate<class _Rep1, class _Period1, class _Rep2, class _Period2> constexpr typename std::common_type<std::chrono::duration<_Rep1, _Period1>, std::chrono::duration<_Rep2, _Period2> >::type std::chrono::operator-(const std::chrono::duration<_Rep1, _Period1>&, const std::chrono::duration<_Rep2, _Period2>&)[m[Kâ€™
[1.376s]   660 |       [01;36m[Koperator[m[K-(const duration<_Rep1, _Period1>& __lhs,
[1.377s]       |       [01;36m[K^~~~~~~~[m[K
[1.377s] [01m[K/usr/include/c++/11/chrono:660:7:[m[K [01;36m[Knote: [m[K  template argument deduction/substitution failed:
[1.377s] In file included from [01m[K/home/wilhem/NTNU_ROV_COM/sup_com/src/sup_com/src/slave_for_demo.cpp:13[m[K:
[1.377s] [01m[K/home/wilhem/NTNU_ROV_COM/sup_com/src/sup_com/src/../../../../lib/janusxsdm/janusxsdm.cpp:820:81:[m[K [01;36m[Knote: [m[K  â€˜[01m[Kstd::chrono::time_point<std::chrono::_V2::system_clock, std::chrono::duration<long int, std::ratio<1, 1000000000> > >[m[Kâ€™ is not derived from â€˜[01m[Kconst std::chrono::duration<_Rep1, _Period1>[m[Kâ€™
[1.377s]   820 |                             std::chrono::duration<double> elapsed_seconds = end-[01;36m[Kstart[m[K;
[1.377s]       |                                                                                 [01;36m[K^~~~~[m[K
[1.377s] In file included from [01m[K/home/wilhem/NTNU_ROV_COM/sup_com/src/sup_com/src/slave_for_demo.cpp:6[m[K:
[1.377s] [01m[K/usr/include/c++/11/chrono:1030:7:[m[K [01;36m[Knote: [m[Kcandidate: â€˜[01m[Ktemplate<class _Clock, class _Dur1, class _Rep2, class _Period2> constexpr std::chrono::time_point<_Clock, typename std::common_type<_Dur1, std::chrono::duration<_Rep2, _Period2> >::type> std::chrono::operator-(const std::chrono::time_point<_Clock, _Duration1>&, const std::chrono::duration<_Rep2, _Period2>&)[m[Kâ€™
[1.378s]  1030 |       [01;36m[Koperator[m[K-(const time_point<_Clock, _Dur1>& __lhs,
[1.378s]       |       [01;36m[K^~~~~~~~[m[K
[1.378s] [01m[K/usr/include/c++/11/chrono:1030:7:[m[K [01;36m[Knote: [m[K  template argument deduction/substitution failed:
[1.378s] In file included from [01m[K/home/wilhem/NTNU_ROV_COM/sup_com/src/sup_com/src/slave_for_demo.cpp:13[m[K:
[1.378s] [01m[K/home/wilhem/NTNU_ROV_COM/sup_com/src/sup_com/src/../../../../lib/janusxsdm/janusxsdm.cpp:820:81:[m[K [01;36m[Knote: [m[K  â€˜[01m[Kstd::chrono::_V2::steady_clock::time_point[m[Kâ€™ {aka â€˜[01m[Kstd::chrono::time_point<std::chrono::_V2::steady_clock, std::chrono::duration<long int, std::ratio<1, 1000000000> > >[m[Kâ€™} is not derived from â€˜[01m[Kconst std::chrono::duration<_Rep2, _Period2>[m[Kâ€™
[1.391s]   820 |                             std::chrono::duration<double> elapsed_seconds = end-[01;36m[Kstart[m[K;
[1.391s]       |                                                                                 [01;36m[K^~~~~[m[K
[1.392s] In file included from [01m[K/home/wilhem/NTNU_ROV_COM/sup_com/src/sup_com/src/slave_for_demo.cpp:6[m[K:
[1.392s] [01m[K/usr/include/c++/11/chrono:1042:7:[m[K [01;36m[Knote: [m[Kcandidate: â€˜[01m[Ktemplate<class _Clock, class _Dur1, class _Dur2> constexpr typename std::common_type<_Duration1, _Duration2>::type std::chrono::operator-(const std::chrono::time_point<_Clock, _Duration1>&, const std::chrono::time_point<_Clock, _Duration2>&)[m[Kâ€™
[1.392s]  1042 |       [01;36m[Koperator[m[K-(const time_point<_Clock, _Dur1>& __lhs,
[1.392s]       |       [01;36m[K^~~~~~~~[m[K
[1.392s] [01m[K/usr/include/c++/11/chrono:1042:7:[m[K [01;36m[Knote: [m[K  template argument deduction/substitution failed:
[1.392s] In file included from [01m[K/home/wilhem/NTNU_ROV_COM/sup_com/src/sup_com/src/slave_for_demo.cpp:13[m[K:
[1.392s] [01m[K/home/wilhem/NTNU_ROV_COM/sup_com/src/sup_com/src/../../../../lib/janusxsdm/janusxsdm.cpp:820:81:[m[K [01;36m[Knote: [m[K  deduced conflicting types for parameter â€˜[01m[K_Clock[m[Kâ€™ (â€˜[01m[Kstd::chrono::_V2::system_clock[m[Kâ€™ and â€˜[01m[Kstd::chrono::_V2::steady_clock[m[Kâ€™)
[1.392s]   820 |                             std::chrono::duration<double> elapsed_seconds = end-[01;36m[Kstart[m[K;
[1.392s]       |                                                                                 [01;36m[K^~~~~[m[K
[1.393s] [01m[K/home/wilhem/NTNU_ROV_COM/sup_com/src/sup_com/src/../../../../lib/janusxsdm/janusxsdm.cpp:860:76:[m[K [01;31m[Kerror: [m[Kno match for â€˜[01m[Koperator-[m[Kâ€™ (operand types are â€˜[01m[Kstd::chrono::time_point<std::chrono::_V2::system_clock, std::chrono::duration<long int, std::ratio<1, 1000000000> > >[m[Kâ€™ and â€˜[01m[Kstd::chrono::_V2::steady_clock::time_point[m[Kâ€™ {aka â€˜[01m[Kstd::chrono::time_point<std::chrono::_V2::steady_clock, std::chrono::duration<long int, std::ratio<1, 1000000000> > >[m[Kâ€™})
[1.393s]   860 |    std::chrono::duration<double> elapsed_seconds = [32m[Kend[m[K[01;31m[K-[m[K[34m[Kstart[m[K;
[1.393s]       |                                                    [32m[K~~~[m[K[01;31m[K^[m[K[34m[K~~~~~[m[K
[1.393s]       |                                                    [32m[K|[m[K   [34m[K|[m[K
[1.393s]       |                                                    [32m[K|[m[K   [34m[Ktime_point<std::chrono::_V2::steady_clock,[...]>[m[K
[1.393s]       |                                                    [32m[Ktime_point<std::chrono::_V2::system_clock,[...]>[m[K
[1.393s] 
[1.393s] In file included from [01m[K/usr/include/c++/11/bits/stl_algobase.h:67[m[K,
[1.393s]                  from [01m[K/usr/include/c++/11/bits/char_traits.h:39[m[K,
[1.394s]                  from [01m[K/usr/include/c++/11/ios:40[m[K,
[1.394s]                  from [01m[K/usr/include/c++/11/ostream:38[m[K,
[1.394s]                  from [01m[K/usr/include/c++/11/iostream:39[m[K,
[1.394s]                  from [01m[K/home/wilhem/NTNU_ROV_COM/sup_com/src/sup_com/src/master_for_demo.cpp:1[m[K:
[1.394s] [01m[K/usr/include/c++/11/bits/stl_iterator.h:560:5:[m[K [01;36m[Knote: [m[Kcandidate: â€˜[01m[Ktemplate<class _IteratorL, class _IteratorR> constexpr decltype ((__y.base() - __x.base())) std::operator-(const std::reverse_iterator<_Iterator>&, const std::reverse_iterator<_IteratorR>&)[m[Kâ€™
[1.394s]   560 |     [01;36m[Koperator[m[K-(const reverse_iterator<_IteratorL>& __x,
[1.394s]       |     [01;36m[K^~~~~~~~[m[K
[1.394s] [01m[K/usr/include/c++/11/bits/stl_iterator.h:560:5:[m[K [01;36m[Knote: [m[K  template argument deduction/substitution failed:
[1.394s] In file included from [01m[K/home/wilhem/NTNU_ROV_COM/sup_com/src/sup_com/src/master_for_demo.cpp:13[m[K:
[1.395s] [01m[K/home/wilhem/NTNU_ROV_COM/sup_com/src/sup_com/src/../../../../lib/janusxsdm/janusxsdm.cpp:860:77:[m[K [01;36m[Knote: [m[K  â€˜[01m[Kstd::chrono::time_point<std::chrono::_V2::system_clock, std::chrono::duration<long int, std::ratio<1, 1000000000> > >[m[Kâ€™ is not derived from â€˜[01m[Kconst std::reverse_iterator<_Iterator>[m[Kâ€™
[1.395s]   860 |    std::chrono::duration<double> elapsed_seconds = end-[01;36m[Kstart[m[K;
[1.395s]       |                                                        [01;36m[K^~~~~[m[K
[1.395s] 
[1.395s] [01m[K/home/wilhem/NTNU_ROV_COM/sup_com/src/sup_com/src/../../../../lib/janusxsdm/janusxsdm.cpp:833:80:[m[K [01;31m[Kerror: [m[Kno match for â€˜[01m[Koperator-[m[Kâ€™ (operand types are â€˜[01m[Kstd::chrono::time_point<std::chrono::_V2::system_clock, std::chrono::duration<long int, std::ratio<1, 1000000000> > >[m[Kâ€™ and â€˜[01m[Kstd::chrono::_V2::steady_clock::time_point[m[Kâ€™ {aka â€˜[01m[Kstd::chrono::time_point<std::chrono::_V2::steady_clock, std::chrono::duration<long int, std::ratio<1, 1000000000> > >[m[Kâ€™})
[1.395s]   833 |                             std::chrono::duration<double> elapsed_seconds = [32m[Kend[m[K[01;31m[K-[m[K[34m[Kstart[m[K;
[1.395s]       |                                                                             [32m[K~~~[m[K[01;31m[K^[m[K[34m[K~~~~~[m[K
[1.395s]       |                                                                             [32m[K|[m[K   [34m[K|[m[K
[1.396s]       |                                                                             [32m[K|[m[K   [34m[Ktime_point<std::chrono::_V2::steady_clock,[...]>[m[K
[1.396s]       |                                                                             [32m[Ktime_point<std::chrono::_V2::system_clock,[...]>[m[K
[1.396s] In file included from [01m[K/usr/include/c++/11/bits/stl_algobase.h:67[m[K,
[1.396s]                  from [01m[K/usr/include/c++/11/bits/char_traits.h:39[m[K,
[1.396s]                  from [01m[K/usr/include/c++/11/ios:40[m[K,
[1.396s]                  from [01m[K/usr/include/c++/11/ostream:38[m[K,
[1.396s]                  from [01m[K/usr/include/c++/11/iostream:39[m[K,
[1.396s]                  from [01m[K/home/wilhem/NTNU_ROV_COM/sup_com/src/sup_com/src/slave_for_demo.cpp:1[m[K:
[1.397s] [01m[K/usr/include/c++/11/bits/stl_iterator.h:560:5:[m[K [01;36m[Knote: [m[Kcandidate: â€˜[01m[Ktemplate<class _IteratorL, class _IteratorR> constexpr decltype ((__y.base() - __x.base())) std::operator-(const std::reverse_iterator<_Iterator>&, const std::reverse_iterator<_IteratorR>&)[m[Kâ€™
[1.397s]   560 |     [01;36m[Koperator[m[K-(const reverse_iterator<_IteratorL>& __x,
[1.397s]       |     [01;36m[K^~~~~~~~[m[K
[1.397s] In file included from [01m[K/usr/include/c++/11/bits/stl_algobase.h:67[m[K,
[1.397s]                  from [01m[K/usr/include/c++/11/bits/char_traits.h:39[m[K,
[1.397s]                  from [01m[K/usr/include/c++/11/ios:40[m[K,
[1.397s]                  from [01m[K/usr/include/c++/11/ostream:38[m[K,
[1.397s]                  from [01m[K/usr/include/c++/11/iostream:39[m[K,
[1.397s]                  from [01m[K/home/wilhem/NTNU_ROV_COM/sup_com/src/sup_com/src/master_for_demo.cpp:1[m[K:
[1.398s] [01m[K/usr/include/c++/11/bits/stl_iterator.h:1639:5:[m[K [01;36m[Knote: [m[Kcandidate: â€˜[01m[Ktemplate<class _IteratorL, class _IteratorR> constexpr decltype ((__x.base() - __y.base())) std::operator-(const std::move_iterator<_IteratorL>&, const std::move_iterator<_IteratorR>&)[m[Kâ€™
[1.398s]  1639 |     [01;36m[Koperator[m[K-(const move_iterator<_IteratorL>& __x,
[1.398s]       |     [01;36m[K^~~~~~~~[m[K
[1.398s] [01m[K/usr/include/c++/11/bits/stl_iterator.h:1639:5:[m[K [01;36m[Knote: [m[K  template argument deduction/substitution failed:
[1.398s] [01m[K/usr/include/c++/11/bits/stl_iterator.h:560:5:[m[K [01;36m[Knote: [m[K  template argument deduction/substitution failed:
[1.398s] In file included from [01m[K/home/wilhem/NTNU_ROV_COM/sup_com/src/sup_com/src/master_for_demo.cpp:13[m[K:
[1.398s] [01m[K/home/wilhem/NTNU_ROV_COM/sup_com/src/sup_com/src/../../../../lib/janusxsdm/janusxsdm.cpp:860:77:[m[K [01;36m[Knote: [m[K  â€˜[01m[Kstd::chrono::time_point<std::chrono::_V2::system_clock, std::chrono::duration<long int, std::ratio<1, 1000000000> > >[m[Kâ€™ is not derived from â€˜[01m[Kconst std::move_iterator<_IteratorL>[m[Kâ€™
[1.399s]   860 |    std::chrono::duration<double> elapsed_seconds = end-[01;36m[Kstart[m[K;
[1.399s]       |                                                        [01;36m[K^~~~~[m[K
[1.399s] 
[1.399s] In file included from [01m[K/home/wilhem/NTNU_ROV_COM/sup_com/src/sup_com/src/slave_for_demo.cpp:13[m[K:
[1.399s] [01m[K/home/wilhem/NTNU_ROV_COM/sup_com/src/sup_com/src/../../../../lib/janusxsdm/janusxsdm.cpp:833:81:[m[K [01;36m[Knote: [m[K  â€˜[01m[Kstd::chrono::time_point<std::chrono::_V2::system_clock, std::chrono::duration<long int, std::ratio<1, 1000000000> > >[m[Kâ€™ is not derived from â€˜[01m[Kconst std::reverse_iterator<_Iterator>[m[Kâ€™
[1.399s]   833 |                             std::chrono::duration<double> elapsed_seconds = end-[01;36m[Kstart[m[K;
[1.399s]       |                                                                                 [01;36m[K^~~~~[m[K
[1.399s] In file included from [01m[K/home/wilhem/NTNU_ROV_COM/sup_com/src/sup_com/src/master_for_demo.cpp:6[m[K:
[1.399s] [01m[K/usr/include/c++/11/chrono:660:7:[m[K [01;36m[Knote: [m[Kcandidate: â€˜[01m[Ktemplate<class _Rep1, class _Period1, class _Rep2, class _Period2> constexpr typename std::common_type<std::chrono::duration<_Rep1, _Period1>, std::chrono::duration<_Rep2, _Period2> >::type std::chrono::operator-(const std::chrono::duration<_Rep1, _Period1>&, const std::chrono::duration<_Rep2, _Period2>&)[m[Kâ€™
[1.400s]   660 |       [01;36m[Koperator[m[K-(const duration<_Rep1, _Period1>& __lhs,
[1.400s]       |       [01;36m[K^~~~~~~~[m[K
[1.400s] [01m[K/usr/include/c++/11/chrono:660:7:[m[K [01;36m[Knote: [m[K  template argument deduction/substitution failed:
[1.400s] In file included from [01m[K/home/wilhem/NTNU_ROV_COM/sup_com/src/sup_com/src/master_for_demo.cpp:13[m[K:
[1.400s] [01m[K/home/wilhem/NTNU_ROV_COM/sup_com/src/sup_com/src/../../../../lib/janusxsdm/janusxsdm.cpp:860:77:[m[K [01;36m[Knote: [m[K  â€˜[01m[Kstd::chrono::time_point<std::chrono::_V2::system_clock, std::chrono::duration<long int, std::ratio<1, 1000000000> > >[m[Kâ€™ is not derived from â€˜[01m[Kconst std::chrono::duration<_Rep1, _Period1>[m[Kâ€™
[1.400s]   860 |    std::chrono::duration<double> elapsed_seconds = end-[01;36m[Kstart[m[K;
[1.400s]       |                                                        [01;36m[K^~~~~[m[K
[1.400s] 
[1.401s] In file included from [01m[K/usr/include/c++/11/bits/stl_algobase.h:67[m[K,
[1.401s]                  from [01m[K/usr/include/c++/11/bits/char_traits.h:39[m[K,
[1.401s]                  from [01m[K/usr/include/c++/11/ios:40[m[K,
[1.401s]                  from [01m[K/usr/include/c++/11/ostream:38[m[K,
[1.401s]                  from [01m[K/usr/include/c++/11/iostream:39[m[K,
[1.401s]                  from [01m[K/home/wilhem/NTNU_ROV_COM/sup_com/src/sup_com/src/slave_for_demo.cpp:1[m[K:
[1.401s] [01m[K/usr/include/c++/11/bits/stl_iterator.h:1639:5:[m[K [01;36m[Knote: [m[Kcandidate: â€˜[01m[Ktemplate<class _IteratorL, class _IteratorR> constexpr decltype ((__x.base() - __y.base())) std::operator-(const std::move_iterator<_IteratorL>&, const std::move_iterator<_IteratorR>&)[m[Kâ€™
[1.401s]  1639 |     [01;36m[Koperator[m[K-(const move_iterator<_IteratorL>& __x,
[1.401s]       |     [01;36m[K^~~~~~~~[m[K
[1.402s] [01m[K/usr/include/c++/11/bits/stl_iterator.h:1639:5:[m[K [01;36m[Knote: [m[K  template argument deduction/substitution failed:
[1.402s] In file included from [01m[K/home/wilhem/NTNU_ROV_COM/sup_com/src/sup_com/src/master_for_demo.cpp:6[m[K:
[1.402s] [01m[K/usr/include/c++/11/chrono:1030:7:[m[K [01;36m[Knote: [m[Kcandidate: â€˜[01m[Ktemplate<class _Clock, class _Dur1, class _Rep2, class _Period2> constexpr std::chrono::time_point<_Clock, typename std::common_type<_Dur1, std::chrono::duration<_Rep2, _Period2> >::type> std::chrono::operator-(const std::chrono::time_point<_Clock, _Duration1>&, const std::chrono::duration<_Rep2, _Period2>&)[m[Kâ€™
[1.414s]  1030 |       [01;36m[Koperator[m[K-(const time_point<_Clock, _Dur1>& __lhs,
[1.415s]       |       [01;36m[K^~~~~~~~[m[K
[1.415s] In file included from [01m[K/home/wilhem/NTNU_ROV_COM/sup_com/src/sup_com/src/slave_for_demo.cpp:13[m[K:
[1.415s] [01m[K/home/wilhem/NTNU_ROV_COM/sup_com/src/sup_com/src/../../../../lib/janusxsdm/janusxsdm.cpp:833:81:[m[K [01;36m[Knote: [m[K  â€˜[01m[Kstd::chrono::time_point<std::chrono::_V2::system_clock, std::chrono::duration<long int, std::ratio<1, 1000000000> > >[m[Kâ€™ is not derived from â€˜[01m[Kconst std::move_iterator<_IteratorL>[m[Kâ€™
[1.415s]   833 |                             std::chrono::duration<double> elapsed_seconds = end-[01;36m[Kstart[m[K;
[1.415s]       |                                                                                 [01;36m[K^~~~~[m[K
[1.415s] [01m[K/usr/include/c++/11/chrono:1030:7:[m[K [01;36m[Knote: [m[K  template argument deduction/substitution failed:
[1.415s] In file included from [01m[K/home/wilhem/NTNU_ROV_COM/sup_com/src/sup_com/src/slave_for_demo.cpp:6[m[K:
[1.416s] [01m[K/usr/include/c++/11/chrono:660:7:[m[K [01;36m[Knote: [m[Kcandidate: â€˜[01m[Ktemplate<class _Rep1, class _Period1, class _Rep2, class _Period2> constexpr typename std::common_type<std::chrono::duration<_Rep1, _Period1>, std::chrono::duration<_Rep2, _Period2> >::type std::chrono::operator-(const std::chrono::duration<_Rep1, _Period1>&, const std::chrono::duration<_Rep2, _Period2>&)[m[Kâ€™
[1.416s]   660 |       [01;36m[Koperator[m[K-(const duration<_Rep1, _Period1>& __lhs,
[1.416s]       |       [01;36m[K^~~~~~~~[m[K
[1.416s] In file included from [01m[K/home/wilhem/NTNU_ROV_COM/sup_com/src/sup_com/src/master_for_demo.cpp:13[m[K:
[1.416s] [01m[K/home/wilhem/NTNU_ROV_COM/sup_com/src/sup_com/src/../../../../lib/janusxsdm/janusxsdm.cpp:860:77:[m[K [01;36m[Knote: [m[K  â€˜[01m[Kstd::chrono::_V2::steady_clock::time_point[m[Kâ€™ {aka â€˜[01m[Kstd::chrono::time_point<std::chrono::_V2::steady_clock, std::chrono::duration<long int, std::ratio<1, 1000000000> > >[m[Kâ€™} is not derived from â€˜[01m[Kconst std::chrono::duration<_Rep2, _Period2>[m[Kâ€™
[1.416s]   860 |    std::chrono::duration<double> elapsed_seconds = end-[01;36m[Kstart[m[K;
[1.417s]       |                                                        [01;36m[K^~~~~[m[K
[1.417s] 
[1.417s] [01m[K/usr/include/c++/11/chrono:660:7:[m[K [01;36m[Knote: [m[K  template argument deduction/substitution failed:
[1.417s] In file included from [01m[K/home/wilhem/NTNU_ROV_COM/sup_com/src/sup_com/src/master_for_demo.cpp:6[m[K:
[1.417s] [01m[K/usr/include/c++/11/chrono:1042:7:[m[K [01;36m[Knote: [m[Kcandidate: â€˜[01m[Ktemplate<class _Clock, class _Dur1, class _Dur2> constexpr typename std::common_type<_Duration1, _Duration2>::type std::chrono::operator-(const std::chrono::time_point<_Clock, _Duration1>&, const std::chrono::time_point<_Clock, _Duration2>&)[m[Kâ€™
[1.418s]  1042 |       [01;36m[Koperator[m[K-(const time_point<_Clock, _Dur1>& __lhs,
[1.418s]       |       [01;36m[K^~~~~~~~[m[K
[1.418s] In file included from [01m[K/home/wilhem/NTNU_ROV_COM/sup_com/src/sup_com/src/slave_for_demo.cpp:13[m[K:
[1.418s] [01m[K/home/wilhem/NTNU_ROV_COM/sup_com/src/sup_com/src/../../../../lib/janusxsdm/janusxsdm.cpp:833:81:[m[K [01;36m[Knote: [m[K  â€˜[01m[Kstd::chrono::time_point<std::chrono::_V2::system_clock, std::chrono::duration<long int, std::ratio<1, 1000000000> > >[m[Kâ€™ is not derived from â€˜[01m[Kconst std::chrono::duration<_Rep1, _Period1>[m[Kâ€™
[1.418s]   833 |                             std::chrono::duration<double> elapsed_seconds = end-[01;36m[Kstart[m[K;
[1.418s]       |                                                                                 [01;36m[K^~~~~[m[K
[1.419s] [01m[K/usr/include/c++/11/chrono:1042:7:[m[K [01;36m[Knote: [m[K  template argument deduction/substitution failed:
[1.419s] In file included from [01m[K/home/wilhem/NTNU_ROV_COM/sup_com/src/sup_com/src/master_for_demo.cpp:13[m[K:
[1.419s] [01m[K/home/wilhem/NTNU_ROV_COM/sup_com/src/sup_com/src/../../../../lib/janusxsdm/janusxsdm.cpp:860:77:[m[K [01;36m[Knote: [m[K  deduced conflicting types for parameter â€˜[01m[K_Clock[m[Kâ€™ (â€˜[01m[Kstd::chrono::_V2::system_clock[m[Kâ€™ and â€˜[01m[Kstd::chrono::_V2::steady_clock[m[Kâ€™)
[1.419s]   860 |    std::chrono::duration<double> elapsed_seconds = end-[01;36m[Kstart[m[K;
[1.419s]       |                                                        [01;36m[K^~~~~[m[K
[1.419s] 
[1.419s] In file included from [01m[K/home/wilhem/NTNU_ROV_COM/sup_com/src/sup_com/src/slave_for_demo.cpp:6[m[K:
[1.419s] [01m[K/usr/include/c++/11/chrono:1030:7:[m[K [01;36m[Knote: [m[Kcandidate: â€˜[01m[Ktemplate<class _Clock, class _Dur1, class _Rep2, class _Period2> constexpr std::chrono::time_point<_Clock, typename std::common_type<_Dur1, std::chrono::duration<_Rep2, _Period2> >::type> std::chrono::operator-(const std::chrono::time_point<_Clock, _Duration1>&, const std::chrono::duration<_Rep2, _Period2>&)[m[Kâ€™
[1.419s]  1030 |       [01;36m[Koperator[m[K-(const time_point<_Clock, _Dur1>& __lhs,
[1.420s]       |       [01;36m[K^~~~~~~~[m[K
[1.420s] [01m[K/usr/include/c++/11/chrono:1030:7:[m[K [01;36m[Knote: [m[K  template argument deduction/substitution failed:
[1.420s] In file included from [01m[K/home/wilhem/NTNU_ROV_COM/sup_com/src/sup_com/src/slave_for_demo.cpp:13[m[K:
[1.420s] [01m[K/home/wilhem/NTNU_ROV_COM/sup_com/src/sup_com/src/../../../../lib/janusxsdm/janusxsdm.cpp:833:81:[m[K [01;36m[Knote: [m[K  â€˜[01m[Kstd::chrono::_V2::steady_clock::time_point[m[Kâ€™ {aka â€˜[01m[Kstd::chrono::time_point<std::chrono::_V2::steady_clock, std::chrono::duration<long int, std::ratio<1, 1000000000> > >[m[Kâ€™} is not derived from â€˜[01m[Kconst std::chrono::duration<_Rep2, _Period2>[m[Kâ€™
[1.420s]   833 |                             std::chrono::duration<double> elapsed_seconds = end-[01;36m[Kstart[m[K;
[1.420s]       |                                                                                 [01;36m[K^~~~~[m[K
[1.420s] In file included from [01m[K/home/wilhem/NTNU_ROV_COM/sup_com/src/sup_com/src/slave_for_demo.cpp:6[m[K:
[1.420s] [01m[K/usr/include/c++/11/chrono:1042:7:[m[K [01;36m[Knote: [m[Kcandidate: â€˜[01m[Ktemplate<class _Clock, class _Dur1, class _Dur2> constexpr typename std::common_type<_Duration1, _Duration2>::type std::chrono::operator-(const std::chrono::time_point<_Clock, _Duration1>&, const std::chrono::time_point<_Clock, _Duration2>&)[m[Kâ€™
[1.421s]  1042 |       [01;36m[Koperator[m[K-(const time_point<_Clock, _Dur1>& __lhs,
[1.421s]       |       [01;36m[K^~~~~~~~[m[K
[1.421s] [01m[K/usr/include/c++/11/chrono:1042:7:[m[K [01;36m[Knote: [m[K  template argument deduction/substitution failed:
[1.421s] In file included from [01m[K/home/wilhem/NTNU_ROV_COM/sup_com/src/sup_com/src/slave_for_demo.cpp:13[m[K:
[1.421s] [01m[K/home/wilhem/NTNU_ROV_COM/sup_com/src/sup_com/src/../../../../lib/janusxsdm/janusxsdm.cpp:833:81:[m[K [01;36m[Knote: [m[K  deduced conflicting types for parameter â€˜[01m[K_Clock[m[Kâ€™ (â€˜[01m[Kstd::chrono::_V2::system_clock[m[Kâ€™ and â€˜[01m[Kstd::chrono::_V2::steady_clock[m[Kâ€™)
[1.421s]   833 |                             std::chrono::duration<double> elapsed_seconds = end-[01;36m[Kstart[m[K;
[1.421s]       |                                                                                 [01;36m[K^~~~~[m[K
[1.421s] [01m[K/home/wilhem/NTNU_ROV_COM/sup_com/src/sup_com/src/../../../../lib/janusxsdm/janusxsdm.cpp:846:76:[m[K [01;31m[Kerror: [m[Kno match for â€˜[01m[Koperator-[m[Kâ€™ (operand types are â€˜[01m[Kstd::chrono::time_point<std::chrono::_V2::system_clock, std::chrono::duration<long int, std::ratio<1, 1000000000> > >[m[Kâ€™ and â€˜[01m[Kstd::chrono::_V2::steady_clock::time_point[m[Kâ€™ {aka â€˜[01m[Kstd::chrono::time_point<std::chrono::_V2::steady_clock, std::chrono::duration<long int, std::ratio<1, 1000000000> > >[m[Kâ€™})
[1.422s]   846 |                         std::chrono::duration<double> elapsed_seconds = [32m[Kend[m[K[01;31m[K-[m[K[34m[Kstart[m[K;
[1.422s]       |                                                                         [32m[K~~~[m[K[01;31m[K^[m[K[34m[K~~~~~[m[K
[1.422s]       |                                                                         [32m[K|[m[K   [34m[K|[m[K
[1.422s]       |                                                                         [32m[K|[m[K   [34m[Ktime_point<std::chrono::_V2::steady_clock,[...]>[m[K
[1.422s]       |                                                                         [32m[Ktime_point<std::chrono::_V2::system_clock,[...]>[m[K
[1.422s] In file included from [01m[K/usr/include/c++/11/bits/stl_algobase.h:67[m[K,
[1.422s]                  from [01m[K/usr/include/c++/11/bits/char_traits.h:39[m[K,
[1.422s]                  from [01m[K/usr/include/c++/11/ios:40[m[K,
[1.422s]                  from [01m[K/usr/include/c++/11/ostream:38[m[K,
[1.423s]                  from [01m[K/usr/include/c++/11/iostream:39[m[K,
[1.423s]                  from [01m[K/home/wilhem/NTNU_ROV_COM/sup_com/src/sup_com/src/slave_for_demo.cpp:1[m[K:
[1.423s] [01m[K/usr/include/c++/11/bits/stl_iterator.h:560:5:[m[K [01;36m[Knote: [m[Kcandidate: â€˜[01m[Ktemplate<class _IteratorL, class _IteratorR> constexpr decltype ((__y.base() - __x.base())) std::operator-(const std::reverse_iterator<_Iterator>&, const std::reverse_iterator<_IteratorR>&)[m[Kâ€™
[1.423s]   560 |     [01;36m[Koperator[m[K-(const reverse_iterator<_IteratorL>& __x,
[1.423s]       |     [01;36m[K^~~~~~~~[m[K
[1.423s] [01m[K/usr/include/c++/11/bits/stl_iterator.h:560:5:[m[K [01;36m[Knote: [m[K  template argument deduction/substitution failed:
[1.423s] In file included from [01m[K/home/wilhem/NTNU_ROV_COM/sup_com/src/sup_com/src/slave_for_demo.cpp:13[m[K:
[1.423s] [01m[K/home/wilhem/NTNU_ROV_COM/sup_com/src/sup_com/src/../../../../lib/janusxsdm/janusxsdm.cpp:846:77:[m[K [01;36m[Knote: [m[K  â€˜[01m[Kstd::chrono::time_point<std::chrono::_V2::system_clock, std::chrono::duration<long int, std::ratio<1, 1000000000> > >[m[Kâ€™ is not derived from â€˜[01m[Kconst std::reverse_iterator<_Iterator>[m[Kâ€™
[1.424s]   846 |                         std::chrono::duration<double> elapsed_seconds = end-[01;36m[Kstart[m[K;
[1.424s]       |                                                                             [01;36m[K^~~~~[m[K
[1.424s] In file included from [01m[K/usr/include/c++/11/bits/stl_algobase.h:67[m[K,
[1.424s]                  from [01m[K/usr/include/c++/11/bits/char_traits.h:39[m[K,
[1.424s]                  from [01m[K/usr/include/c++/11/ios:40[m[K,
[1.424s]                  from [01m[K/usr/include/c++/11/ostream:38[m[K,
[1.424s]                  from [01m[K/usr/include/c++/11/iostream:39[m[K,
[1.424s]                  from [01m[K/home/wilhem/NTNU_ROV_COM/sup_com/src/sup_com/src/slave_for_demo.cpp:1[m[K:
[1.424s] [01m[K/usr/include/c++/11/bits/stl_iterator.h:1639:5:[m[K [01;36m[Knote: [m[Kcandidate: â€˜[01m[Ktemplate<class _IteratorL, class _IteratorR> constexpr decltype ((__x.base() - __y.base())) std::operator-(const std::move_iterator<_IteratorL>&, const std::move_iterator<_IteratorR>&)[m[Kâ€™
[1.425s]  1639 |     [01;36m[Koperator[m[K-(const move_iterator<_IteratorL>& __x,
[1.425s]       |     [01;36m[K^~~~~~~~[m[K
[1.425s] [01m[K/usr/include/c++/11/bits/stl_iterator.h:1639:5:[m[K [01;36m[Knote: [m[K  template argument deduction/substitution failed:
[1.425s] In file included from [01m[K/home/wilhem/NTNU_ROV_COM/sup_com/src/sup_com/src/slave_for_demo.cpp:13[m[K:
[1.425s] [01m[K/home/wilhem/NTNU_ROV_COM/sup_com/src/sup_com/src/../../../../lib/janusxsdm/janusxsdm.cpp:846:77:[m[K [01;36m[Knote: [m[K  â€˜[01m[Kstd::chrono::time_point<std::chrono::_V2::system_clock, std::chrono::duration<long int, std::ratio<1, 1000000000> > >[m[Kâ€™ is not derived from â€˜[01m[Kconst std::move_iterator<_IteratorL>[m[Kâ€™
[1.425s]   846 |                         std::chrono::duration<double> elapsed_seconds = end-[01;36m[Kstart[m[K;
[1.425s]       |                                                                             [01;36m[K^~~~~[m[K
[1.425s] In file included from [01m[K/home/wilhem/NTNU_ROV_COM/sup_com/src/sup_com/src/slave_for_demo.cpp:6[m[K:
[1.425s] [01m[K/usr/include/c++/11/chrono:660:7:[m[K [01;36m[Knote: [m[Kcandidate: â€˜[01m[Ktemplate<class _Rep1, class _Period1, class _Rep2, class _Period2> constexpr typename std::common_type<std::chrono::duration<_Rep1, _Period1>, std::chrono::duration<_Rep2, _Period2> >::type std::chrono::operator-(const std::chrono::duration<_Rep1, _Period1>&, const std::chrono::duration<_Rep2, _Period2>&)[m[Kâ€™
[1.426s]   660 |       [01;36m[Koperator[m[K-(const duration<_Rep1, _Period1>& __lhs,
[1.426s]       |       [01;36m[K^~~~~~~~[m[K
[1.426s] [01m[K/usr/include/c++/11/chrono:660:7:[m[K [01;36m[Knote: [m[K  template argument deduction/substitution failed:
[1.426s] In file included from [01m[K/home/wilhem/NTNU_ROV_COM/sup_com/src/sup_com/src/slave_for_demo.cpp:13[m[K:
[1.426s] [01m[K/home/wilhem/NTNU_ROV_COM/sup_com/src/sup_com/src/../../../../lib/janusxsdm/janusxsdm.cpp:846:77:[m[K [01;36m[Knote: [m[K  â€˜[01m[Kstd::chrono::time_point<std::chrono::_V2::system_clock, std::chrono::duration<long int, std::ratio<1, 1000000000> > >[m[Kâ€™ is not derived from â€˜[01m[Kconst std::chrono::duration<_Rep1, _Period1>[m[Kâ€™
[1.426s]   846 |                         std::chrono::duration<double> elapsed_seconds = end-[01;36m[Kstart[m[K;
[1.426s]       |                                                                             [01;36m[K^~~~~[m[K
[1.426s] In file included from [01m[K/home/wilhem/NTNU_ROV_COM/sup_com/src/sup_com/src/slave_for_demo.cpp:6[m[K:
[1.426s] [01m[K/usr/include/c++/11/chrono:1030:7:[m[K [01;36m[Knote: [m[Kcandidate: â€˜[01m[Ktemplate<class _Clock, class _Dur1, class _Rep2, class _Period2> constexpr std::chrono::time_point<_Clock, typename std::common_type<_Dur1, std::chrono::duration<_Rep2, _Period2> >::type> std::chrono::operator-(const std::chrono::time_point<_Clock, _Duration1>&, const std::chrono::duration<_Rep2, _Period2>&)[m[Kâ€™
[1.427s]  1030 |       [01;36m[Koperator[m[K-(const time_point<_Clock, _Dur1>& __lhs,
[1.427s]       |       [01;36m[K^~~~~~~~[m[K
[1.427s] [01m[K/usr/include/c++/11/chrono:1030:7:[m[K [01;36m[Knote: [m[K  template argument deduction/substitution failed:
[1.427s] In file included from [01m[K/home/wilhem/NTNU_ROV_COM/sup_com/src/sup_com/src/slave_for_demo.cpp:13[m[K:
[1.439s] [01m[K/home/wilhem/NTNU_ROV_COM/sup_com/src/sup_com/src/../../../../lib/janusxsdm/janusxsdm.cpp:846:77:[m[K [01;36m[Knote: [m[K  â€˜[01m[Kstd::chrono::_V2::steady_clock::time_point[m[Kâ€™ {aka â€˜[01m[Kstd::chrono::time_point<std::chrono::_V2::steady_clock, std::chrono::duration<long int, std::ratio<1, 1000000000> > >[m[Kâ€™} is not derived from â€˜[01m[Kconst std::chrono::duration<_Rep2, _Period2>[m[Kâ€™
[1.439s]   846 |                         std::chrono::duration<double> elapsed_seconds = end-[01;36m[Kstart[m[K;
[1.439s]       |                                                                             [01;36m[K^~~~~[m[K
[1.439s] In file included from [01m[K/home/wilhem/NTNU_ROV_COM/sup_com/src/sup_com/src/slave_for_demo.cpp:6[m[K:
[1.439s] [01m[K/usr/include/c++/11/chrono:1042:7:[m[K [01;36m[Knote: [m[Kcandidate: â€˜[01m[Ktemplate<class _Clock, class _Dur1, class _Dur2> constexpr typename std::common_type<_Duration1, _Duration2>::type std::chrono::operator-(const std::chrono::time_point<_Clock, _Duration1>&, const std::chrono::time_point<_Clock, _Duration2>&)[m[Kâ€™
[1.440s]  1042 |       [01;36m[Koperator[m[K-(const time_point<_Clock, _Dur1>& __lhs,
[1.440s]       |       [01;36m[K^~~~~~~~[m[K
[1.440s] [01m[K/usr/include/c++/11/chrono:1042:7:[m[K [01;36m[Knote: [m[K  template argument deduction/substitution failed:
[1.440s] In file included from [01m[K/home/wilhem/NTNU_ROV_COM/sup_com/src/sup_com/src/slave_for_demo.cpp:13[m[K:
[1.440s] [01m[K/home/wilhem/NTNU_ROV_COM/sup_com/src/sup_com/src/../../../../lib/janusxsdm/janusxsdm.cpp:846:77:[m[K [01;36m[Knote: [m[K  deduced conflicting types for parameter â€˜[01m[K_Clock[m[Kâ€™ (â€˜[01m[Kstd::chrono::_V2::system_clock[m[Kâ€™ and â€˜[01m[Kstd::chrono::_V2::steady_clock[m[Kâ€™)
[1.440s]   846 |                         std::chrono::duration<double> elapsed_seconds = end-[01;36m[Kstart[m[K;
[1.440s]       |                                                                             [01;36m[K^~~~~[m[K
[1.440s] [01m[K/home/wilhem/NTNU_ROV_COM/sup_com/src/sup_com/src/../../../../lib/janusxsdm/janusxsdm.cpp:875:76:[m[K [01;31m[Kerror: [m[Kno match for â€˜[01m[Koperator-[m[Kâ€™ (operand types are â€˜[01m[Kstd::chrono::time_point<std::chrono::_V2::system_clock, std::chrono::duration<long int, std::ratio<1, 1000000000> > >[m[Kâ€™ and â€˜[01m[Kstd::chrono::_V2::steady_clock::time_point[m[Kâ€™ {aka â€˜[01m[Kstd::chrono::time_point<std::chrono::_V2::steady_clock, std::chrono::duration<long int, std::ratio<1, 1000000000> > >[m[Kâ€™})
[1.441s]   875 |    std::chrono::duration<double> elapsed_seconds = [32m[Kend[m[K[01;31m[K-[m[K[34m[Kstart[m[K;
[1.441s]       |                                                    [32m[K~~~[m[K[01;31m[K^[m[K[34m[K~~~~~[m[K
[1.441s]       |                                                    [32m[K|[m[K   [34m[K|[m[K
[1.441s]       |                                                    [32m[K|[m[K   [34m[Ktime_point<std::chrono::_V2::steady_clock,[...]>[m[K
[1.441s]       |                                                    [32m[Ktime_point<std::chrono::_V2::system_clock,[...]>[m[K
[1.441s] 
[1.442s] In file included from [01m[K/usr/include/c++/11/bits/stl_algobase.h:67[m[K,
[1.442s]                  from [01m[K/usr/include/c++/11/bits/char_traits.h:39[m[K,
[1.442s]                  from [01m[K/usr/include/c++/11/ios:40[m[K,
[1.442s]                  from [01m[K/usr/include/c++/11/ostream:38[m[K,
[1.442s]                  from [01m[K/usr/include/c++/11/iostream:39[m[K,
[1.442s]                  from [01m[K/home/wilhem/NTNU_ROV_COM/sup_com/src/sup_com/src/master_for_demo.cpp:1[m[K:
[1.442s] [01m[K/usr/include/c++/11/bits/stl_iterator.h:560:5:[m[K [01;36m[Knote: [m[Kcandidate: â€˜[01m[Ktemplate<class _IteratorL, class _IteratorR> constexpr decltype ((__y.base() - __x.base())) std::operator-(const std::reverse_iterator<_Iterator>&, const std::reverse_iterator<_IteratorR>&)[m[Kâ€™
[1.443s]   560 |     [01;36m[Koperator[m[K-(const reverse_iterator<_IteratorL>& __x,
[1.443s]       |     [01;36m[K^~~~~~~~[m[K
[1.443s] [01m[K/usr/include/c++/11/bits/stl_iterator.h:560:5:[m[K [01;36m[Knote: [m[K  template argument deduction/substitution failed:
[1.443s] In file included from [01m[K/home/wilhem/NTNU_ROV_COM/sup_com/src/sup_com/src/master_for_demo.cpp:13[m[K:
[1.443s] [01m[K/home/wilhem/NTNU_ROV_COM/sup_com/src/sup_com/src/../../../../lib/janusxsdm/janusxsdm.cpp:875:77:[m[K [01;36m[Knote: [m[K  â€˜[01m[Kstd::chrono::time_point<std::chrono::_V2::system_clock, std::chrono::duration<long int, std::ratio<1, 1000000000> > >[m[Kâ€™ is not derived from â€˜[01m[Kconst std::reverse_iterator<_Iterator>[m[Kâ€™
[1.443s]   875 |    std::chrono::duration<double> elapsed_seconds = end-[01;36m[Kstart[m[K;
[1.443s]       |                                                        [01;36m[K^~~~~[m[K
[1.443s] 
[1.443s] In file included from [01m[K/usr/include/c++/11/bits/stl_algobase.h:67[m[K,
[1.444s]                  from [01m[K/usr/include/c++/11/bits/char_traits.h:39[m[K,
[1.444s]                  from [01m[K/usr/include/c++/11/ios:40[m[K,
[1.444s]                  from [01m[K/usr/include/c++/11/ostream:38[m[K,
[1.444s]                  from [01m[K/usr/include/c++/11/iostream:39[m[K,
[1.444s]                  from [01m[K/home/wilhem/NTNU_ROV_COM/sup_com/src/sup_com/src/master_for_demo.cpp:1[m[K:
[1.444s] [01m[K/usr/include/c++/11/bits/stl_iterator.h:1639:5:[m[K [01;36m[Knote: [m[Kcandidate: â€˜[01m[Ktemplate<class _IteratorL, class _IteratorR> constexpr decltype ((__x.base() - __y.base())) std::operator-(const std::move_iterator<_IteratorL>&, const std::move_iterator<_IteratorR>&)[m[Kâ€™
[1.444s]  1639 |     [01;36m[Koperator[m[K-(const move_iterator<_IteratorL>& __x,
[1.444s]       |     [01;36m[K^~~~~~~~[m[K
[1.445s] [01m[K/usr/include/c++/11/bits/stl_iterator.h:1639:5:[m[K [01;36m[Knote: [m[K  template argument deduction/substitution failed:
[1.445s] In file included from [01m[K/home/wilhem/NTNU_ROV_COM/sup_com/src/sup_com/src/master_for_demo.cpp:13[m[K:
[1.445s] [01m[K/home/wilhem/NTNU_ROV_COM/sup_com/src/sup_com/src/../../../../lib/janusxsdm/janusxsdm.cpp:875:77:[m[K [01;36m[Knote: [m[K  â€˜[01m[Kstd::chrono::time_point<std::chrono::_V2::system_clock, std::chrono::duration<long int, std::ratio<1, 1000000000> > >[m[Kâ€™ is not derived from â€˜[01m[Kconst std::move_iterator<_IteratorL>[m[Kâ€™
[1.445s]   875 |    std::chrono::duration<double> elapsed_seconds = end-[01;36m[Kstart[m[K;
[1.445s]       |                                                        [01;36m[K^~~~~[m[K
[1.445s] 
[1.445s] In file included from [01m[K/home/wilhem/NTNU_ROV_COM/sup_com/src/sup_com/src/master_for_demo.cpp:6[m[K:
[1.446s] [01m[K/usr/include/c++/11/chrono:660:7:[m[K [01;36m[Knote: [m[Kcandidate: â€˜[01m[Ktemplate<class _Rep1, class _Period1, class _Rep2, class _Period2> constexpr typename std::common_type<std::chrono::duration<_Rep1, _Period1>, std::chrono::duration<_Rep2, _Period2> >::type std::chrono::operator-(const std::chrono::duration<_Rep1, _Period1>&, const std::chrono::duration<_Rep2, _Period2>&)[m[Kâ€™
[1.446s]   660 |       [01;36m[Koperator[m[K-(const duration<_Rep1, _Period1>& __lhs,
[1.446s]       |       [01;36m[K^~~~~~~~[m[K
[1.446s] [01m[K/usr/include/c++/11/chrono:660:7:[m[K [01;36m[Knote: [m[K  template argument deduction/substitution failed:
[1.446s] In file included from [01m[K/home/wilhem/NTNU_ROV_COM/sup_com/src/sup_com/src/master_for_demo.cpp:13[m[K:
[1.446s] [01m[K/home/wilhem/NTNU_ROV_COM/sup_com/src/sup_com/src/../../../../lib/janusxsdm/janusxsdm.cpp:875:77:[m[K [01;36m[Knote: [m[K  â€˜[01m[Kstd::chrono::time_point<std::chrono::_V2::system_clock, std::chrono::duration<long int, std::ratio<1, 1000000000> > >[m[Kâ€™ is not derived from â€˜[01m[Kconst std::chrono::duration<_Rep1, _Period1>[m[Kâ€™
[1.446s]   875 |    std::chrono::duration<double> elapsed_seconds = end-[01;36m[Kstart[m[K;
[1.446s]       |                                                        [01;36m[K^~~~~[m[K
[1.447s] 
[1.447s] In file included from [01m[K/home/wilhem/NTNU_ROV_COM/sup_com/src/sup_com/src/master_for_demo.cpp:6[m[K:
[1.447s] [01m[K/usr/include/c++/11/chrono:1030:7:[m[K [01;36m[Knote: [m[Kcandidate: â€˜[01m[Ktemplate<class _Clock, class _Dur1, class _Rep2, class _Period2> constexpr std::chrono::time_point<_Clock, typename std::common_type<_Dur1, std::chrono::duration<_Rep2, _Period2> >::type> std::chrono::operator-(const std::chrono::time_point<_Clock, _Duration1>&, const std::chrono::duration<_Rep2, _Period2>&)[m[Kâ€™
[1.447s]  1030 |       [01;36m[Koperator[m[K-(const time_point<_Clock, _Dur1>& __lhs,
[1.447s]       |       [01;36m[K^~~~~~~~[m[K
[1.447s] [01m[K/usr/include/c++/11/chrono:1030:7:[m[K [01;36m[Knote: [m[K  template argument deduction/substitution failed:
[1.447s] In file included from [01m[K/home/wilhem/NTNU_ROV_COM/sup_com/src/sup_com/src/master_for_demo.cpp:13[m[K:
[1.447s] [01m[K/home/wilhem/NTNU_ROV_COM/sup_com/src/sup_com/src/../../../../lib/janusxsdm/janusxsdm.cpp:875:77:[m[K [01;36m[Knote: [m[K  â€˜[01m[Kstd::chrono::_V2::steady_clock::time_point[m[Kâ€™ {aka â€˜[01m[Kstd::chrono::time_point<std::chrono::_V2::steady_clock, std::chrono::duration<long int, std::ratio<1, 1000000000> > >[m[Kâ€™} is not derived from â€˜[01m[Kconst std::chrono::duration<_Rep2, _Period2>[m[Kâ€™
[1.448s]   875 |    std::chrono::duration<double> elapsed_seconds = end-[01;36m[Kstart[m[K;
[1.448s]       |                                                        [01;36m[K^~~~~[m[K
[1.448s] 
[1.448s] In file included from [01m[K/home/wilhem/NTNU_ROV_COM/sup_com/src/sup_com/src/master_for_demo.cpp:6[m[K:
[1.448s] [01m[K/usr/include/c++/11/chrono:1042:7:[m[K [01;36m[Knote: [m[Kcandidate: â€˜[01m[Ktemplate<class _Clock, class _Dur1, class _Dur2> constexpr typename std::common_type<_Duration1, _Duration2>::type std::chrono::operator-(const std::chrono::time_point<_Clock, _Duration1>&, const std::chrono::time_point<_Clock, _Duration2>&)[m[Kâ€™
[1.448s]  1042 |       [01;36m[Koperator[m[K-(const time_point<_Clock, _Dur1>& __lhs,
[1.448s]       |       [01;36m[K^~~~~~~~[m[K
[1.449s] [01m[K/usr/include/c++/11/chrono:1042:7:[m[K [01;36m[Knote: [m[K  template argument deduction/substitution failed:
[1.449s] In file included from [01m[K/home/wilhem/NTNU_ROV_COM/sup_com/src/sup_com/src/master_for_demo.cpp:13[m[K:
[1.449s] [01m[K/home/wilhem/NTNU_ROV_COM/sup_com/src/sup_com/src/../../../../lib/janusxsdm/janusxsdm.cpp:875:77:[m[K [01;36m[Knote: [m[K  deduced conflicting types for parameter â€˜[01m[K_Clock[m[Kâ€™ (â€˜[01m[Kstd::chrono::_V2::system_clock[m[Kâ€™ and â€˜[01m[Kstd::chrono::_V2::steady_clock[m[Kâ€™)
[1.449s]   875 |    std::chrono::duration<double> elapsed_seconds = end-[01;36m[Kstart[m[K;
[1.449s]       |                                                        [01;36m[K^~~~~[m[K
[1.449s] 
[1.450s] [01m[K/home/wilhem/NTNU_ROV_COM/sup_com/src/sup_com/src/../../../../lib/janusxsdm/janusxsdm.cpp:860:76:[m[K [01;31m[Kerror: [m[Kno match for â€˜[01m[Koperator-[m[Kâ€™ (operand types are â€˜[01m[Kstd::chrono::time_point<std::chrono::_V2::system_clock, std::chrono::duration<long int, std::ratio<1, 1000000000> > >[m[Kâ€™ and â€˜[01m[Kstd::chrono::_V2::steady_clock::time_point[m[Kâ€™ {aka â€˜[01m[Kstd::chrono::time_point<std::chrono::_V2::steady_clock, std::chrono::duration<long int, std::ratio<1, 1000000000> > >[m[Kâ€™})
[1.450s]   860 |                         std::chrono::duration<double> elapsed_seconds = [32m[Kend[m[K[01;31m[K-[m[K[34m[Kstart[m[K;
[1.450s]       |                                                                         [32m[K~~~[m[K[01;31m[K^[m[K[34m[K~~~~~[m[K
[1.450s]       |                                                                         [32m[K|[m[K   [34m[K|[m[K
[1.455s]       |                                                                         [32m[K|[m[K   [34m[Ktime_point<std::chrono::_V2::steady_clock,[...]>[m[K
[1.455s]       |                                                                         [32m[Ktime_point<std::chrono::_V2::system_clock,[...]>[m[K
[1.455s] In file included from [01m[K/usr/include/c++/11/bits/stl_algobase.h:67[m[K,
[1.455s]                  from [01m[K/usr/include/c++/11/bits/char_traits.h:39[m[K,
[1.455s]                  from [01m[K/usr/include/c++/11/ios:40[m[K,
[1.455s]                  from [01m[K/usr/include/c++/11/ostream:38[m[K,
[1.456s]                  from [01m[K/usr/include/c++/11/iostream:39[m[K,
[1.456s]                  from [01m[K/home/wilhem/NTNU_ROV_COM/sup_com/src/sup_com/src/slave_for_demo.cpp:1[m[K:
[1.456s] [01m[K/usr/include/c++/11/bits/stl_iterator.h:560:5:[m[K [01;36m[Knote: [m[Kcandidate: â€˜[01m[Ktemplate<class _IteratorL, class _IteratorR> constexpr decltype ((__y.base() - __x.base())) std::operator-(const std::reverse_iterator<_Iterator>&, const std::reverse_iterator<_IteratorR>&)[m[Kâ€™
[1.456s]   560 |     [01;36m[Koperator[m[K-(const reverse_iterator<_IteratorL>& __x,
[1.456s]       |     [01;36m[K^~~~~~~~[m[K
[1.456s] [01m[K/usr/include/c++/11/bits/stl_iterator.h:560:5:[m[K [01;36m[Knote: [m[K  template argument deduction/substitution failed:
[1.456s] In file included from [01m[K/home/wilhem/NTNU_ROV_COM/sup_com/src/sup_com/src/slave_for_demo.cpp:13[m[K:
[1.456s] [01m[K/home/wilhem/NTNU_ROV_COM/sup_com/src/sup_com/src/../../../../lib/janusxsdm/janusxsdm.cpp:860:77:[m[K [01;36m[Knote: [m[K  â€˜[01m[Kstd::chrono::time_point<std::chrono::_V2::system_clock, std::chrono::duration<long int, std::ratio<1, 1000000000> > >[m[Kâ€™ is not derived from â€˜[01m[Kconst std::reverse_iterator<_Iterator>[m[Kâ€™
[1.457s]   860 |                         std::chrono::duration<double> elapsed_seconds = end-[01;36m[Kstart[m[K;
[1.457s]       |                                                                             [01;36m[K^~~~~[m[K
[1.457s] In file included from [01m[K/usr/include/c++/11/bits/stl_algobase.h:67[m[K,
[1.457s]                  from [01m[K/usr/include/c++/11/bits/char_traits.h:39[m[K,
[1.457s]                  from [01m[K/usr/include/c++/11/ios:40[m[K,
[1.457s]                  from [01m[K/usr/include/c++/11/ostream:38[m[K,
[1.457s]                  from [01m[K/usr/include/c++/11/iostream:39[m[K,
[1.457s]                  from [01m[K/home/wilhem/NTNU_ROV_COM/sup_com/src/sup_com/src/slave_for_demo.cpp:1[m[K:
[1.457s] [01m[K/usr/include/c++/11/bits/stl_iterator.h:1639:5:[m[K [01;36m[Knote: [m[Kcandidate: â€˜[01m[Ktemplate<class _IteratorL, class _IteratorR> constexpr decltype ((__x.base() - __y.base())) std::operator-(const std::move_iterator<_IteratorL>&, const std::move_iterator<_IteratorR>&)[m[Kâ€™
[1.458s]  1639 |     [01;36m[Koperator[m[K-(const move_iterator<_IteratorL>& __x,
[1.458s]       |     [01;36m[K^~~~~~~~[m[K
[1.458s] [01m[K/usr/include/c++/11/bits/stl_iterator.h:1639:5:[m[K [01;36m[Knote: [m[K  template argument deduction/substitution failed:
[1.458s] In file included from [01m[K/home/wilhem/NTNU_ROV_COM/sup_com/src/sup_com/src/slave_for_demo.cpp:13[m[K:
[1.458s] [01m[K/home/wilhem/NTNU_ROV_COM/sup_com/src/sup_com/src/../../../../lib/janusxsdm/janusxsdm.cpp:860:77:[m[K [01;36m[Knote: [m[K  â€˜[01m[Kstd::chrono::time_point<std::chrono::_V2::system_clock, std::chrono::duration<long int, std::ratio<1, 1000000000> > >[m[Kâ€™ is not derived from â€˜[01m[Kconst std::move_iterator<_IteratorL>[m[Kâ€™
[1.458s]   860 |                         std::chrono::duration<double> elapsed_seconds = end-[01;36m[Kstart[m[K;
[1.458s]       |                                                                             [01;36m[K^~~~~[m[K
[1.459s] [01m[K/home/wilhem/NTNU_ROV_COM/sup_com/src/sup_com/src/../../../../lib/janusxsdm/janusxsdm.cpp:895:68:[m[K [01;31m[Kerror: [m[Kno match for â€˜[01m[Koperator-[m[Kâ€™ (operand types are â€˜[01m[Kstd::chrono::time_point<std::chrono::_V2::system_clock, std::chrono::duration<long int, std::ratio<1, 1000000000> > >[m[Kâ€™ and â€˜[01m[Kstd::chrono::_V2::steady_clock::time_point[m[Kâ€™ {aka â€˜[01m[Kstd::chrono::time_point<std::chrono::_V2::steady_clock, std::chrono::duration<long int, std::ratio<1, 1000000000> > >[m[Kâ€™})
[1.459s]   895 |    std::chrono::duration<double> elapsed_seconds = [32m[Kend[m[K[01;31m[K-[m[K[34m[Kstart[m[K;
[1.459s]       |                                                    [32m[K~~~[m[K[01;31m[K^[m[K[34m[K~~~~~[m[K
[1.459s]       |                                                    [32m[K|[m[K   [34m[K|[m[K
[1.459s]       |                                                    [32m[K|[m[K   [34m[Ktime_point<std::chrono::_V2::steady_clock,[...]>[m[K
[1.459s]       |                                                    [32m[Ktime_point<std::chrono::_V2::system_clock,[...]>[m[K
[1.459s] 
[1.459s] In file included from [01m[K/home/wilhem/NTNU_ROV_COM/sup_com/src/sup_com/src/slave_for_demo.cpp:6[m[K:
[1.459s] [01m[K/usr/include/c++/11/chrono:660:7:[m[K [01;36m[Knote: [m[Kcandidate: â€˜[01m[Ktemplate<class _Rep1, class _Period1, class _Rep2, class _Period2> constexpr typename std::common_type<std::chrono::duration<_Rep1, _Period1>, std::chrono::duration<_Rep2, _Period2> >::type std::chrono::operator-(const std::chrono::duration<_Rep1, _Period1>&, const std::chrono::duration<_Rep2, _Period2>&)[m[Kâ€™
[1.459s]   660 |       [01;36m[Koperator[m[K-(const duration<_Rep1, _Period1>& __lhs,
[1.460s]       |       [01;36m[K^~~~~~~~[m[K
[1.460s] [01m[K/usr/include/c++/11/chrono:660:7:[m[K [01;36m[Knote: [m[K  template argument deduction/substitution failed:
[1.460s] In file included from [01m[K/usr/include/c++/11/bits/stl_algobase.h:67[m[K,
[1.460s]                  from [01m[K/usr/include/c++/11/bits/char_traits.h:39[m[K,
[1.460s]                  from [01m[K/usr/include/c++/11/ios:40[m[K,
[1.460s]                  from [01m[K/usr/include/c++/11/ostream:38[m[K,
[1.460s]                  from [01m[K/usr/include/c++/11/iostream:39[m[K,
[1.460s]                  from [01m[K/home/wilhem/NTNU_ROV_COM/sup_com/src/sup_com/src/master_for_demo.cpp:1[m[K:
[1.460s] [01m[K/usr/include/c++/11/bits/stl_iterator.h:560:5:[m[K [01;36m[Knote: [m[Kcandidate: â€˜[01m[Ktemplate<class _IteratorL, class _IteratorR> constexpr decltype ((__y.base() - __x.base())) std::operator-(const std::reverse_iterator<_Iterator>&, const std::reverse_iterator<_IteratorR>&)[m[Kâ€™
[1.461s]   560 |     [01;36m[Koperator[m[K-(const reverse_iterator<_IteratorL>& __x,
[1.461s]       |     [01;36m[K^~~~~~~~[m[K
[1.461s] [01m[K/usr/include/c++/11/bits/stl_iterator.h:560:5:[m[K [01;36m[Knote: [m[K  template argument deduction/substitution failed:
[1.461s] In file included from [01m[K/home/wilhem/NTNU_ROV_COM/sup_com/src/sup_com/src/slave_for_demo.cpp:13[m[K:
[1.461s] [01m[K/home/wilhem/NTNU_ROV_COM/sup_com/src/sup_com/src/../../../../lib/janusxsdm/janusxsdm.cpp:860:77:[m[K [01;36m[Knote: [m[K  â€˜[01m[Kstd::chrono::time_point<std::chrono::_V2::system_clock, std::chrono::duration<long int, std::ratio<1, 1000000000> > >[m[Kâ€™ is not derived from â€˜[01m[Kconst std::chrono::duration<_Rep1, _Period1>[m[Kâ€™
[1.461s]   860 |                         std::chrono::duration<double> elapsed_seconds = end-[01;36m[Kstart[m[K;
[1.461s]       |                                                                             [01;36m[K^~~~~[m[K
[1.461s] In file included from [01m[K/home/wilhem/NTNU_ROV_COM/sup_com/src/sup_com/src/master_for_demo.cpp:13[m[K:
[1.462s] [01m[K/home/wilhem/NTNU_ROV_COM/sup_com/src/sup_com/src/../../../../lib/janusxsdm/janusxsdm.cpp:895:69:[m[K [01;36m[Knote: [m[K  â€˜[01m[Kstd::chrono::time_point<std::chrono::_V2::system_clock, std::chrono::duration<long int, std::ratio<1, 1000000000> > >[m[Kâ€™ is not derived from â€˜[01m[Kconst std::reverse_iterator<_Iterator>[m[Kâ€™
[1.462s]   895 |    std::chrono::duration<double> elapsed_seconds = end-[01;36m[Kstart[m[K;
[1.462s]       |                                                        [01;36m[K^~~~~[m[K
[1.462s] 
[1.462s] In file included from [01m[K/home/wilhem/NTNU_ROV_COM/sup_com/src/sup_com/src/slave_for_demo.cpp:6[m[K:
[1.462s] [01m[K/usr/include/c++/11/chrono:1030:7:[m[K [01;36m[Knote: [m[Kcandidate: â€˜[01m[Ktemplate<class _Clock, class _Dur1, class _Rep2, class _Period2> constexpr std::chrono::time_point<_Clock, typename std::common_type<_Dur1, std::chrono::duration<_Rep2, _Period2> >::type> std::chrono::operator-(const std::chrono::time_point<_Clock, _Duration1>&, const std::chrono::duration<_Rep2, _Period2>&)[m[Kâ€™
[1.462s]  1030 |       [01;36m[Koperator[m[K-(const time_point<_Clock, _Dur1>& __lhs,
[1.463s]       |       [01;36m[K^~~~~~~~[m[K
[1.463s] [01m[K/usr/include/c++/11/chrono:1030:7:[m[K [01;36m[Knote: [m[K  template argument deduction/substitution failed:
[1.463s] In file included from [01m[K/home/wilhem/NTNU_ROV_COM/sup_com/src/sup_com/src/slave_for_demo.cpp:13[m[K:
[1.463s] [01m[K/home/wilhem/NTNU_ROV_COM/sup_com/src/sup_com/src/../../../../lib/janusxsdm/janusxsdm.cpp:860:77:[m[K [01;36m[Knote: [m[K  â€˜[01m[Kstd::chrono::_V2::steady_clock::time_point[m[Kâ€™ {aka â€˜[01m[Kstd::chrono::time_point<std::chrono::_V2::steady_clock, std::chrono::duration<long int, std::ratio<1, 1000000000> > >[m[Kâ€™} is not derived from â€˜[01m[Kconst std::chrono::duration<_Rep2, _Period2>[m[Kâ€™
[1.463s]   860 |                         std::chrono::duration<double> elapsed_seconds = end-[01;36m[Kstart[m[K;
[1.463s]       |                                                                             [01;36m[K^~~~~[m[K
[1.463s] In file included from [01m[K/usr/include/c++/11/bits/stl_algobase.h:67[m[K,
[1.463s]                  from [01m[K/usr/include/c++/11/bits/char_traits.h:39[m[K,
[1.463s]                  from [01m[K/usr/include/c++/11/ios:40[m[K,
[1.464s]                  from [01m[K/usr/include/c++/11/ostream:38[m[K,
[1.464s]                  from [01m[K/usr/include/c++/11/iostream:39[m[K,
[1.464s]                  from [01m[K/home/wilhem/NTNU_ROV_COM/sup_com/src/sup_com/src/master_for_demo.cpp:1[m[K:
[1.464s] [01m[K/usr/include/c++/11/bits/stl_iterator.h:1639:5:[m[K [01;36m[Knote: [m[Kcandidate: â€˜[01m[Ktemplate<class _IteratorL, class _IteratorR> constexpr decltype ((__x.base() - __y.base())) std::operator-(const std::move_iterator<_IteratorL>&, const std::move_iterator<_IteratorR>&)[m[Kâ€™
[1.464s]  1639 |     [01;36m[Koperator[m[K-(const move_iterator<_IteratorL>& __x,
[1.464s]       |     [01;36m[K^~~~~~~~[m[K
[1.464s] [01m[K/usr/include/c++/11/bits/stl_iterator.h:1639:5:[m[K [01;36m[Knote: [m[K  template argument deduction/substitution failed:
[1.464s] In file included from [01m[K/home/wilhem/NTNU_ROV_COM/sup_com/src/sup_com/src/slave_for_demo.cpp:6[m[K:
[1.465s] [01m[K/usr/include/c++/11/chrono:1042:7:[m[K [01;36m[Knote: [m[Kcandidate: â€˜[01m[Ktemplate<class _Clock, class _Dur1, class _Dur2> constexpr typename std::common_type<_Duration1, _Duration2>::type std::chrono::operator-(const std::chrono::time_point<_Clock, _Duration1>&, const std::chrono::time_point<_Clock, _Duration2>&)[m[Kâ€™
[1.465s]  1042 |       [01;36m[Koperator[m[K-(const time_point<_Clock, _Dur1>& __lhs,
[1.465s]       |       [01;36m[K^~~~~~~~[m[K
[1.465s] In file included from [01m[K/home/wilhem/NTNU_ROV_COM/sup_com/src/sup_com/src/master_for_demo.cpp:13[m[K:
[1.465s] [01m[K/home/wilhem/NTNU_ROV_COM/sup_com/src/sup_com/src/../../../../lib/janusxsdm/janusxsdm.cpp:895:69:[m[K [01;36m[Knote: [m[K  â€˜[01m[Kstd::chrono::time_point<std::chrono::_V2::system_clock, std::chrono::duration<long int, std::ratio<1, 1000000000> > >[m[Kâ€™ is not derived from â€˜[01m[Kconst std::move_iterator<_IteratorL>[m[Kâ€™
[1.465s]   895 |    std::chrono::duration<double> elapsed_seconds = end-[01;36m[Kstart[m[K;
[1.465s]       |                                                        [01;36m[K^~~~~[m[K
[1.465s] 
[1.466s] [01m[K/usr/include/c++/11/chrono:1042:7:[m[K [01;36m[Knote: [m[K  template argument deduction/substitution failed:
[1.466s] In file included from [01m[K/home/wilhem/NTNU_ROV_COM/sup_com/src/sup_com/src/master_for_demo.cpp:6[m[K:
[1.466s] [01m[K/usr/include/c++/11/chrono:660:7:[m[K [01;36m[Knote: [m[Kcandidate: â€˜[01m[Ktemplate<class _Rep1, class _Period1, class _Rep2, class _Period2> constexpr typename std::common_type<std::chrono::duration<_Rep1, _Period1>, std::chrono::duration<_Rep2, _Period2> >::type std::chrono::operator-(const std::chrono::duration<_Rep1, _Period1>&, const std::chrono::duration<_Rep2, _Period2>&)[m[Kâ€™
[1.466s]   660 |       [01;36m[Koperator[m[K-(const duration<_Rep1, _Period1>& __lhs,
[1.466s]       |       [01;36m[K^~~~~~~~[m[K
[1.466s] In file included from [01m[K/home/wilhem/NTNU_ROV_COM/sup_com/src/sup_com/src/slave_for_demo.cpp:13[m[K:
[1.466s] [01m[K/home/wilhem/NTNU_ROV_COM/sup_com/src/sup_com/src/../../../../lib/janusxsdm/janusxsdm.cpp:860:77:[m[K [01;36m[Knote: [m[K  deduced conflicting types for parameter â€˜[01m[K_Clock[m[Kâ€™ (â€˜[01m[Kstd::chrono::_V2::system_clock[m[Kâ€™ and â€˜[01m[Kstd::chrono::_V2::steady_clock[m[Kâ€™)
[1.467s]   860 |                         std::chrono::duration<double> elapsed_seconds = end-[01;36m[Kstart[m[K;
[1.467s]       |                                                                             [01;36m[K^~~~~[m[K
[1.467s] [01m[K/usr/include/c++/11/chrono:660:7:[m[K [01;36m[Knote: [m[K  template argument deduction/substitution failed:
[1.467s] In file included from [01m[K/home/wilhem/NTNU_ROV_COM/sup_com/src/sup_com/src/master_for_demo.cpp:13[m[K:
[1.467s] [01m[K/home/wilhem/NTNU_ROV_COM/sup_com/src/sup_com/src/../../../../lib/janusxsdm/janusxsdm.cpp:895:69:[m[K [01;36m[Knote: [m[K  â€˜[01m[Kstd::chrono::time_point<std::chrono::_V2::system_clock, std::chrono::duration<long int, std::ratio<1, 1000000000> > >[m[Kâ€™ is not derived from â€˜[01m[Kconst std::chrono::duration<_Rep1, _Period1>[m[Kâ€™
[1.467s]   895 |    std::chrono::duration<double> elapsed_seconds = end-[01;36m[Kstart[m[K;
[1.467s]       |                                                        [01;36m[K^~~~~[m[K
[1.467s] 
[1.467s] In file included from [01m[K/home/wilhem/NTNU_ROV_COM/sup_com/src/sup_com/src/master_for_demo.cpp:6[m[K:
[1.468s] [01m[K/usr/include/c++/11/chrono:1030:7:[m[K [01;36m[Knote: [m[Kcandidate: â€˜[01m[Ktemplate<class _Clock, class _Dur1, class _Rep2, class _Period2> constexpr std::chrono::time_point<_Clock, typename std::common_type<_Dur1, std::chrono::duration<_Rep2, _Period2> >::type> std::chrono::operator-(const std::chrono::time_point<_Clock, _Duration1>&, const std::chrono::duration<_Rep2, _Period2>&)[m[Kâ€™
[1.468s]  1030 |       [01;36m[Koperator[m[K-(const time_point<_Clock, _Dur1>& __lhs,
[1.468s]       |       [01;36m[K^~~~~~~~[m[K
[1.468s] [01m[K/usr/include/c++/11/chrono:1030:7:[m[K [01;36m[Knote: [m[K  template argument deduction/substitution failed:
[1.468s] In file included from [01m[K/home/wilhem/NTNU_ROV_COM/sup_com/src/sup_com/src/master_for_demo.cpp:13[m[K:
[1.468s] [01m[K/home/wilhem/NTNU_ROV_COM/sup_com/src/sup_com/src/../../../../lib/janusxsdm/janusxsdm.cpp:895:69:[m[K [01;36m[Knote: [m[K  â€˜[01m[Kstd::chrono::_V2::steady_clock::time_point[m[Kâ€™ {aka â€˜[01m[Kstd::chrono::time_point<std::chrono::_V2::steady_clock, std::chrono::duration<long int, std::ratio<1, 1000000000> > >[m[Kâ€™} is not derived from â€˜[01m[Kconst std::chrono::duration<_Rep2, _Period2>[m[Kâ€™
[1.468s]   895 |    std::chrono::duration<double> elapsed_seconds = end-[01;36m[Kstart[m[K;
[1.469s]       |                                                        [01;36m[K^~~~~[m[K
[1.469s] 
[1.469s] In file included from [01m[K/home/wilhem/NTNU_ROV_COM/sup_com/src/sup_com/src/master_for_demo.cpp:6[m[K:
[1.469s] [01m[K/usr/include/c++/11/chrono:1042:7:[m[K [01;36m[Knote: [m[Kcandidate: â€˜[01m[Ktemplate<class _Clock, class _Dur1, class _Dur2> constexpr typename std::common_type<_Duration1, _Duration2>::type std::chrono::operator-(const std::chrono::time_point<_Clock, _Duration1>&, const std::chrono::time_point<_Clock, _Duration2>&)[m[Kâ€™
[1.469s]  1042 |       [01;36m[Koperator[m[K-(const time_point<_Clock, _Dur1>& __lhs,
[1.469s]       |       [01;36m[K^~~~~~~~[m[K
[1.469s] [01m[K/usr/include/c++/11/chrono:1042:7:[m[K [01;36m[Knote: [m[K  template argument deduction/substitution failed:
[1.469s] In file included from [01m[K/home/wilhem/NTNU_ROV_COM/sup_com/src/sup_com/src/master_for_demo.cpp:13[m[K:
[1.469s] [01m[K/home/wilhem/NTNU_ROV_COM/sup_com/src/sup_com/src/../../../../lib/janusxsdm/janusxsdm.cpp:895:69:[m[K [01;36m[Knote: [m[K  deduced conflicting types for parameter â€˜[01m[K_Clock[m[Kâ€™ (â€˜[01m[Kstd::chrono::_V2::system_clock[m[Kâ€™ and â€˜[01m[Kstd::chrono::_V2::steady_clock[m[Kâ€™)
[1.470s]   895 |    std::chrono::duration<double> elapsed_seconds = end-[01;36m[Kstart[m[K;
[1.470s]       |                                                        [01;36m[K^~~~~[m[K
[1.470s] 
[1.473s] [01m[K/home/wilhem/NTNU_ROV_COM/sup_com/src/sup_com/src/../../../../lib/janusxsdm/janusxsdm.cpp:916:22:[m[K [01;31m[Kerror: [m[Kconflicting declaration â€˜[01m[Kauto end[m[Kâ€™
[1.473s]   916 |                 auto [01;31m[Kend[m[K = std::chrono::system_clock::now();
[1.473s]       |                      [01;31m[K^~~[m[K
[1.473s] [01m[K/home/wilhem/NTNU_ROV_COM/sup_com/src/sup_com/src/../../../../lib/janusxsdm/janusxsdm.cpp:894:22:[m[K [01;36m[Knote: [m[Kprevious declaration as â€˜[01m[Kstd::chrono::time_point<std::chrono::_V2::system_clock, std::chrono::duration<long int, std::ratio<1, 1000000000> > > end[m[Kâ€™
[1.473s]   894 |                 auto [01;36m[Kend[m[K = std::chrono::system_clock::now();
[1.474s]       |                      [01;36m[K^~~[m[K
[1.474s] [01m[K/home/wilhem/NTNU_ROV_COM/sup_com/src/sup_com/src/../../../../lib/janusxsdm/janusxsdm.cpp:917:47:[m[K [01;31m[Kerror: [m[Kredeclaration of â€˜[01m[Kstd::chrono::duration<double> elapsed_seconds[m[Kâ€™
[1.474s]   917 |                 std::chrono::duration<double> [01;31m[Kelapsed_seconds[m[K = end-start;
[1.474s]       |                                               [01;31m[K^~~~~~~~~~~~~~~[m[K
[1.474s] [01m[K/home/wilhem/NTNU_ROV_COM/sup_com/src/sup_com/src/../../../../lib/janusxsdm/janusxsdm.cpp:895:47:[m[K [01;36m[Knote: [m[Kâ€˜[01m[Kstd::chrono::duration<double> elapsed_seconds[m[Kâ€™ previously declared here
[1.474s]   895 |                 std::chrono::duration<double> [01;36m[Kelapsed_seconds[m[K = end-start;
[1.474s]       |                                               [01;36m[K^~~~~~~~~~~~~~~[m[K
[1.475s] [01m[K/home/wilhem/NTNU_ROV_COM/sup_com/src/sup_com/src/../../../../lib/janusxsdm/janusxsdm.cpp:917:68:[m[K [01;31m[Kerror: [m[Kno match for â€˜[01m[Koperator-[m[Kâ€™ (operand types are â€˜[01m[Kstd::chrono::time_point<std::chrono::_V2::system_clock, std::chrono::duration<long int, std::ratio<1, 1000000000> > >[m[Kâ€™ and â€˜[01m[Kstd::chrono::_V2::steady_clock::time_point[m[Kâ€™ {aka â€˜[01m[Kstd::chrono::time_point<std::chrono::_V2::steady_clock, std::chrono::duration<long int, std::ratio<1, 1000000000> > >[m[Kâ€™})
[1.475s]   917 |    std::chrono::duration<double> elapsed_seconds = [32m[Kend[m[K[01;31m[K-[m[K[34m[Kstart[m[K;
[1.475s]       |                                                    [32m[K~~~[m[K[01;31m[K^[m[K[34m[K~~~~~[m[K
[1.475s]       |                                                    [32m[K|[m[K   [34m[K|[m[K
[1.475s]       |                                                    [32m[K|[m[K   [34m[Ktime_point<std::chrono::_V2::steady_clock,[...]>[m[K
[1.475s]       |                                                    [32m[Ktime_point<std::chrono::_V2::system_clock,[...]>[m[K
[1.475s] 
[1.475s] In file included from [01m[K/usr/include/c++/11/bits/stl_algobase.h:67[m[K,
[1.476s]                  from [01m[K/usr/include/c++/11/bits/char_traits.h:39[m[K,
[1.476s]                  from [01m[K/usr/include/c++/11/ios:40[m[K,
[1.476s]                  from [01m[K/usr/include/c++/11/ostream:38[m[K,
[1.476s]                  from [01m[K/usr/include/c++/11/iostream:39[m[K,
[1.476s]                  from [01m[K/home/wilhem/NTNU_ROV_COM/sup_com/src/sup_com/src/master_for_demo.cpp:1[m[K:
[1.476s] [01m[K/usr/include/c++/11/bits/stl_iterator.h:560:5:[m[K [01;36m[Knote: [m[Kcandidate: â€˜[01m[Ktemplate<class _IteratorL, class _IteratorR> constexpr decltype ((__y.base() - __x.base())) std::operator-(const std::reverse_iterator<_Iterator>&, const std::reverse_iterator<_IteratorR>&)[m[Kâ€™
[1.476s]   560 |     [01;36m[Koperator[m[K-(const reverse_iterator<_IteratorL>& __x,
[1.476s]       |     [01;36m[K^~~~~~~~[m[K
[1.477s] [01m[K/usr/include/c++/11/bits/stl_iterator.h:560:5:[m[K [01;36m[Knote: [m[K  template argument deduction/substitution failed:
[1.477s] In file included from [01m[K/home/wilhem/NTNU_ROV_COM/sup_com/src/sup_com/src/master_for_demo.cpp:13[m[K:
[1.479s] [01m[K/home/wilhem/NTNU_ROV_COM/sup_com/src/sup_com/src/../../../../lib/janusxsdm/janusxsdm.cpp:917:69:[m[K [01;36m[Knote: [m[K  â€˜[01m[Kstd::chrono::time_point<std::chrono::_V2::system_clock, std::chrono::duration<long int, std::ratio<1, 1000000000> > >[m[Kâ€™ is not derived from â€˜[01m[Kconst std::reverse_iterator<_Iterator>[m[Kâ€™
[1.479s]   917 |    std::chrono::duration<double> elapsed_seconds = end-[01;36m[Kstart[m[K;
[1.480s]       |                                                        [01;36m[K^~~~~[m[K
[1.480s] 
[1.480s] In file included from [01m[K/usr/include/c++/11/bits/stl_algobase.h:67[m[K,
[1.480s]                  from [01m[K/usr/include/c++/11/bits/char_traits.h:39[m[K,
[1.480s]                  from [01m[K/usr/include/c++/11/ios:40[m[K,
[1.481s]                  from [01m[K/usr/include/c++/11/ostream:38[m[K,
[1.481s]                  from [01m[K/usr/include/c++/11/iostream:39[m[K,
[1.481s]                  from [01m[K/home/wilhem/NTNU_ROV_COM/sup_com/src/sup_com/src/master_for_demo.cpp:1[m[K:
[1.481s] [01m[K/usr/include/c++/11/bits/stl_iterator.h:1639:5:[m[K [01;36m[Knote: [m[Kcandidate: â€˜[01m[Ktemplate<class _IteratorL, class _IteratorR> constexpr decltype ((__x.base() - __y.base())) std::operator-(const std::move_iterator<_IteratorL>&, const std::move_iterator<_IteratorR>&)[m[Kâ€™
[1.481s]  1639 |     [01;36m[Koperator[m[K-(const move_iterator<_IteratorL>& __x,
[1.481s]       |     [01;36m[K^~~~~~~~[m[K
[1.481s] [01m[K/usr/include/c++/11/bits/stl_iterator.h:1639:5:[m[K [01;36m[Knote: [m[K  template argument deduction/substitution failed:
[1.482s] In file included from [01m[K/home/wilhem/NTNU_ROV_COM/sup_com/src/sup_com/src/master_for_demo.cpp:13[m[K:
[1.482s] [01m[K/home/wilhem/NTNU_ROV_COM/sup_com/src/sup_com/src/../../../../lib/janusxsdm/janusxsdm.cpp:917:69:[m[K [01;36m[Knote: [m[K  â€˜[01m[Kstd::chrono::time_point<std::chrono::_V2::system_clock, std::chrono::duration<long int, std::ratio<1, 1000000000> > >[m[Kâ€™ is not derived from â€˜[01m[Kconst std::move_iterator<_IteratorL>[m[Kâ€™
[1.482s]   917 |    std::chrono::duration<double> elapsed_seconds = end-[01;36m[Kstart[m[K;
[1.482s]       |                                                        [01;36m[K^~~~~[m[K
[1.483s] 
[1.483s] [01m[K/home/wilhem/NTNU_ROV_COM/sup_com/src/sup_com/src/../../../../lib/janusxsdm/janusxsdm.cpp:875:76:[m[K [01;31m[Kerror: [m[Kno match for â€˜[01m[Koperator-[m[Kâ€™ (operand types are â€˜[01m[Kstd::chrono::time_point<std::chrono::_V2::system_clock, std::chrono::duration<long int, std::ratio<1, 1000000000> > >[m[Kâ€™ and â€˜[01m[Kstd::chrono::_V2::steady_clock::time_point[m[Kâ€™ {aka â€˜[01m[Kstd::chrono::time_point<std::chrono::_V2::steady_clock, std::chrono::duration<long int, std::ratio<1, 1000000000> > >[m[Kâ€™})
[1.483s]   875 |                         std::chrono::duration<double> elapsed_seconds = [32m[Kend[m[K[01;31m[K-[m[K[34m[Kstart[m[K;
[1.483s]       |                                                                         [32m[K~~~[m[K[01;31m[K^[m[K[34m[K~~~~~[m[K
[1.484s]       |                                                                         [32m[K|[m[K   [34m[K|[m[K
[1.484s]       |                                                                         [32m[K|[m[K   [34m[Ktime_point<std::chrono::_V2::steady_clock,[...]>[m[K
[1.484s]       |                                                                         [32m[Ktime_point<std::chrono::_V2::system_clock,[...]>[m[K
[1.484s] In file included from [01m[K/home/wilhem/NTNU_ROV_COM/sup_com/src/sup_com/src/master_for_demo.cpp:6[m[K:
[1.484s] [01m[K/usr/include/c++/11/chrono:660:7:[m[K [01;36m[Knote: [m[Kcandidate: â€˜[01m[Ktemplate<class _Rep1, class _Period1, class _Rep2, class _Period2> constexpr typename std::common_type<std::chrono::duration<_Rep1, _Period1>, std::chrono::duration<_Rep2, _Period2> >::type std::chrono::operator-(const std::chrono::duration<_Rep1, _Period1>&, const std::chrono::duration<_Rep2, _Period2>&)[m[Kâ€™
[1.485s]   660 |       [01;36m[Koperator[m[K-(const duration<_Rep1, _Period1>& __lhs,
[1.485s]       |       [01;36m[K^~~~~~~~[m[K
[1.485s] [01m[K/usr/include/c++/11/chrono:660:7:[m[K [01;36m[Knote: [m[K  template argument deduction/substitution failed:
[1.485s] In file included from [01m[K/usr/include/c++/11/bits/stl_algobase.h:67[m[K,
[1.485s]                  from [01m[K/usr/include/c++/11/bits/char_traits.h:39[m[K,
[1.485s]                  from [01m[K/usr/include/c++/11/ios:40[m[K,
[1.485s]                  from [01m[K/usr/include/c++/11/ostream:38[m[K,
[1.485s]                  from [01m[K/usr/include/c++/11/iostream:39[m[K,
[1.486s]                  from [01m[K/home/wilhem/NTNU_ROV_COM/sup_com/src/sup_com/src/slave_for_demo.cpp:1[m[K:
[1.486s] [01m[K/usr/include/c++/11/bits/stl_iterator.h:560:5:[m[K [01;36m[Knote: [m[Kcandidate: â€˜[01m[Ktemplate<class _IteratorL, class _IteratorR> constexpr decltype ((__y.base() - __x.base())) std::operator-(const std::reverse_iterator<_Iterator>&, const std::reverse_iterator<_IteratorR>&)[m[Kâ€™
[1.486s]   560 |     [01;36m[Koperator[m[K-(const reverse_iterator<_IteratorL>& __x,
[1.486s]       |     [01;36m[K^~~~~~~~[m[K
[1.486s] In file included from [01m[K/home/wilhem/NTNU_ROV_COM/sup_com/src/sup_com/src/master_for_demo.cpp:13[m[K:
[1.486s] [01m[K/home/wilhem/NTNU_ROV_COM/sup_com/src/sup_com/src/../../../../lib/janusxsdm/janusxsdm.cpp:917:69:[m[K [01;36m[Knote: [m[K  â€˜[01m[Kstd::chrono::time_point<std::chrono::_V2::system_clock, std::chrono::duration<long int, std::ratio<1, 1000000000> > >[m[Kâ€™ is not derived from â€˜[01m[Kconst std::chrono::duration<_Rep1, _Period1>[m[Kâ€™
[1.487s]   917 |    std::chrono::duration<double> elapsed_seconds = end-[01;36m[Kstart[m[K;
[1.487s]       |                                                        [01;36m[K^~~~~[m[K
[1.487s] 
[1.487s] [01m[K/usr/include/c++/11/bits/stl_iterator.h:560:5:[m[K [01;36m[Knote: [m[K  template argument deduction/substitution failed:
[1.487s] In file included from [01m[K/home/wilhem/NTNU_ROV_COM/sup_com/src/sup_com/src/slave_for_demo.cpp:13[m[K:
[1.487s] [01m[K/home/wilhem/NTNU_ROV_COM/sup_com/src/sup_com/src/../../../../lib/janusxsdm/janusxsdm.cpp:875:77:[m[K [01;36m[Knote: [m[K  â€˜[01m[Kstd::chrono::time_point<std::chrono::_V2::system_clock, std::chrono::duration<long int, std::ratio<1, 1000000000> > >[m[Kâ€™ is not derived from â€˜[01m[Kconst std::reverse_iterator<_Iterator>[m[Kâ€™
[1.487s]   875 |                         std::chrono::duration<double> elapsed_seconds = end-[01;36m[Kstart[m[K;
[1.488s]       |                                                                             [01;36m[K^~~~~[m[K
[1.488s] In file included from [01m[K/home/wilhem/NTNU_ROV_COM/sup_com/src/sup_com/src/master_for_demo.cpp:6[m[K:
[1.488s] [01m[K/usr/include/c++/11/chrono:1030:7:[m[K [01;36m[Knote: [m[Kcandidate: â€˜[01m[Ktemplate<class _Clock, class _Dur1, class _Rep2, class _Period2> constexpr std::chrono::time_point<_Clock, typename std::common_type<_Dur1, std::chrono::duration<_Rep2, _Period2> >::type> std::chrono::operator-(const std::chrono::time_point<_Clock, _Duration1>&, const std::chrono::duration<_Rep2, _Period2>&)[m[Kâ€™
[1.488s]  1030 |       [01;36m[Koperator[m[K-(const time_point<_Clock, _Dur1>& __lhs,
[1.488s]       |       [01;36m[K^~~~~~~~[m[K
[1.488s] [01m[K/usr/include/c++/11/chrono:1030:7:[m[K [01;36m[Knote: [m[K  template argument deduction/substitution failed:
[1.488s] In file included from [01m[K/home/wilhem/NTNU_ROV_COM/sup_com/src/sup_com/src/master_for_demo.cpp:13[m[K:
[1.489s] [01m[K/home/wilhem/NTNU_ROV_COM/sup_com/src/sup_com/src/../../../../lib/janusxsdm/janusxsdm.cpp:917:69:[m[K [01;36m[Knote: [m[K  â€˜[01m[Kstd::chrono::_V2::steady_clock::time_point[m[Kâ€™ {aka â€˜[01m[Kstd::chrono::time_point<std::chrono::_V2::steady_clock, std::chrono::duration<long int, std::ratio<1, 1000000000> > >[m[Kâ€™} is not derived from â€˜[01m[Kconst std::chrono::duration<_Rep2, _Period2>[m[Kâ€™
[1.489s]   917 |    std::chrono::duration<double> elapsed_seconds = end-[01;36m[Kstart[m[K;
[1.489s]       |                                                        [01;36m[K^~~~~[m[K
[1.489s] 
[1.489s] In file included from [01m[K/home/wilhem/NTNU_ROV_COM/sup_com/src/sup_com/src/master_for_demo.cpp:6[m[K:
[1.490s] [01m[K/usr/include/c++/11/chrono:1042:7:[m[K [01;36m[Knote: [m[Kcandidate: â€˜[01m[Ktemplate<class _Clock, class _Dur1, class _Dur2> constexpr typename std::common_type<_Duration1, _Duration2>::type std::chrono::operator-(const std::chrono::time_point<_Clock, _Duration1>&, const std::chrono::time_point<_Clock, _Duration2>&)[m[Kâ€™
[1.490s]  1042 |       [01;36m[Koperator[m[K-(const time_point<_Clock, _Dur1>& __lhs,
[1.490s]       |       [01;36m[K^~~~~~~~[m[K
[1.490s] In file included from [01m[K/usr/include/c++/11/bits/stl_algobase.h:67[m[K,
[1.490s]                  from [01m[K/usr/include/c++/11/bits/char_traits.h:39[m[K,
[1.490s]                  from [01m[K/usr/include/c++/11/ios:40[m[K,
[1.490s]                  from [01m[K/usr/include/c++/11/ostream:38[m[K,
[1.490s]                  from [01m[K/usr/include/c++/11/iostream:39[m[K,
[1.491s]                  from [01m[K/home/wilhem/NTNU_ROV_COM/sup_com/src/sup_com/src/slave_for_demo.cpp:1[m[K:
[1.491s] [01m[K/usr/include/c++/11/bits/stl_iterator.h:1639:5:[m[K [01;36m[Knote: [m[Kcandidate: â€˜[01m[Ktemplate<class _IteratorL, class _IteratorR> constexpr decltype ((__x.base() - __y.base())) std::operator-(const std::move_iterator<_IteratorL>&, const std::move_iterator<_IteratorR>&)[m[Kâ€™
[1.491s]  1639 |     [01;36m[Koperator[m[K-(const move_iterator<_IteratorL>& __x,
[1.491s]       |     [01;36m[K^~~~~~~~[m[K
[1.491s] [01m[K/usr/include/c++/11/chrono:1042:7:[m[K [01;36m[Knote: [m[K  template argument deduction/substitution failed:
[1.491s] [01m[K/usr/include/c++/11/bits/stl_iterator.h:1639:5:[m[K [01;36m[Knote: [m[K  template argument deduction/substitution failed:
[1.491s] In file included from [01m[K/home/wilhem/NTNU_ROV_COM/sup_com/src/sup_com/src/master_for_demo.cpp:13[m[K:
[1.491s] [01m[K/home/wilhem/NTNU_ROV_COM/sup_com/src/sup_com/src/../../../../lib/janusxsdm/janusxsdm.cpp:917:69:[m[K [01;36m[Knote: [m[K  deduced conflicting types for parameter â€˜[01m[K_Clock[m[Kâ€™ (â€˜[01m[Kstd::chrono::_V2::system_clock[m[Kâ€™ and â€˜[01m[Kstd::chrono::_V2::steady_clock[m[Kâ€™)
[1.491s]   917 |    std::chrono::duration<double> elapsed_seconds = end-[01;36m[Kstart[m[K;
[1.492s]       |                                                        [01;36m[K^~~~~[m[K
[1.492s] 
[1.492s] In file included from [01m[K/home/wilhem/NTNU_ROV_COM/sup_com/src/sup_com/src/slave_for_demo.cpp:13[m[K:
[1.492s] [01m[K/home/wilhem/NTNU_ROV_COM/sup_com/src/sup_com/src/../../../../lib/janusxsdm/janusxsdm.cpp:875:77:[m[K [01;36m[Knote: [m[K  â€˜[01m[Kstd::chrono::time_point<std::chrono::_V2::system_clock, std::chrono::duration<long int, std::ratio<1, 1000000000> > >[m[Kâ€™ is not derived from â€˜[01m[Kconst std::move_iterator<_IteratorL>[m[Kâ€™
[1.492s]   875 |                         std::chrono::duration<double> elapsed_seconds = end-[01;36m[Kstart[m[K;
[1.492s]       |                                                                             [01;36m[K^~~~~[m[K
[1.492s] [01m[K/home/wilhem/NTNU_ROV_COM/sup_com/src/sup_com/src/../../../../lib/janusxsdm/janusxsdm.cpp:918:29:[m[K [01;31m[Kerror: [m[Kredeclaration of â€˜[01m[Ktime_t end_time[m[Kâ€™
[1.492s]   918 |                 std::time_t [01;31m[Kend_time[m[K = std::chrono::system_clock::to_time_t(end);
[1.492s]       |                             [01;31m[K^~~~~~~~[m[K
[1.493s] In file included from [01m[K/home/wilhem/NTNU_ROV_COM/sup_com/src/sup_com/src/slave_for_demo.cpp:6[m[K:
[1.493s] [01m[K/usr/include/c++/11/chrono:660:7:[m[K [01;36m[Knote: [m[Kcandidate: â€˜[01m[Ktemplate<class _Rep1, class _Period1, class _Rep2, class _Period2> constexpr typename std::common_type<std::chrono::duration<_Rep1, _Period1>, std::chrono::duration<_Rep2, _Period2> >::type std::chrono::operator-(const std::chrono::duration<_Rep1, _Period1>&, const std::chrono::duration<_Rep2, _Period2>&)[m[Kâ€™
[1.493s]   660 |       [01;36m[Koperator[m[K-(const duration<_Rep1, _Period1>& __lhs,
[1.493s]       |       [01;36m[K^~~~~~~~[m[K
[1.493s] [01m[K/usr/include/c++/11/chrono:660:7:[m[K [01;36m[Knote: [m[K  template argument deduction/substitution failed:
[1.493s] [01m[K/home/wilhem/NTNU_ROV_COM/sup_com/src/sup_com/src/../../../../lib/janusxsdm/janusxsdm.cpp:896:29:[m[K [01;36m[Knote: [m[Kâ€˜[01m[Ktime_t end_time[m[Kâ€™ previously declared here
[1.493s]   896 |                 std::time_t [01;36m[Kend_time[m[K = std::chrono::system_clock::to_time_t(end);
[1.493s]       |                             [01;36m[K^~~~~~~~[m[K
[1.493s] In file included from [01m[K/home/wilhem/NTNU_ROV_COM/sup_com/src/sup_com/src/slave_for_demo.cpp:13[m[K:
[1.494s] [01m[K/home/wilhem/NTNU_ROV_COM/sup_com/src/sup_com/src/../../../../lib/janusxsdm/janusxsdm.cpp:875:77:[m[K [01;36m[Knote: [m[K  â€˜[01m[Kstd::chrono::time_point<std::chrono::_V2::system_clock, std::chrono::duration<long int, std::ratio<1, 1000000000> > >[m[Kâ€™ is not derived from â€˜[01m[Kconst std::chrono::duration<_Rep1, _Period1>[m[Kâ€™
[1.494s]   875 |                         std::chrono::duration<double> elapsed_seconds = end-[01;36m[Kstart[m[K;
[1.494s]       |                                                                             [01;36m[K^~~~~[m[K
[1.494s] In file included from [01m[K/home/wilhem/NTNU_ROV_COM/sup_com/src/sup_com/src/slave_for_demo.cpp:6[m[K:
[1.494s] [01m[K/usr/include/c++/11/chrono:1030:7:[m[K [01;36m[Knote: [m[Kcandidate: â€˜[01m[Ktemplate<class _Clock, class _Dur1, class _Rep2, class _Period2> constexpr std::chrono::time_point<_Clock, typename std::common_type<_Dur1, std::chrono::duration<_Rep2, _Period2> >::type> std::chrono::operator-(const std::chrono::time_point<_Clock, _Duration1>&, const std::chrono::duration<_Rep2, _Period2>&)[m[Kâ€™
[1.494s]  1030 |       [01;36m[Koperator[m[K-(const time_point<_Clock, _Dur1>& __lhs,
[1.494s]       |       [01;36m[K^~~~~~~~[m[K
[1.494s] [01m[K/usr/include/c++/11/chrono:1030:7:[m[K [01;36m[Knote: [m[K  template argument deduction/substitution failed:
[1.494s] In file included from [01m[K/home/wilhem/NTNU_ROV_COM/sup_com/src/sup_com/src/slave_for_demo.cpp:13[m[K:
[1.495s] [01m[K/home/wilhem/NTNU_ROV_COM/sup_com/src/sup_com/src/../../../../lib/janusxsdm/janusxsdm.cpp:875:77:[m[K [01;36m[Knote: [m[K  â€˜[01m[Kstd::chrono::_V2::steady_clock::time_point[m[Kâ€™ {aka â€˜[01m[Kstd::chrono::time_point<std::chrono::_V2::steady_clock, std::chrono::duration<long int, std::ratio<1, 1000000000> > >[m[Kâ€™} is not derived from â€˜[01m[Kconst std::chrono::duration<_Rep2, _Period2>[m[Kâ€™
[1.495s]   875 |                         std::chrono::duration<double> elapsed_seconds = end-[01;36m[Kstart[m[K;
[1.495s]       |                                                                             [01;36m[K^~~~~[m[K
[1.495s] In file included from [01m[K/home/wilhem/NTNU_ROV_COM/sup_com/src/sup_com/src/slave_for_demo.cpp:6[m[K:
[1.495s] [01m[K/usr/include/c++/11/chrono:1042:7:[m[K [01;36m[Knote: [m[Kcandidate: â€˜[01m[Ktemplate<class _Clock, class _Dur1, class _Dur2> constexpr typename std::common_type<_Duration1, _Duration2>::type std::chrono::operator-(const std::chrono::time_point<_Clock, _Duration1>&, const std::chrono::time_point<_Clock, _Duration2>&)[m[Kâ€™
[1.495s]  1042 |       [01;36m[Koperator[m[K-(const time_point<_Clock, _Dur1>& __lhs,
[1.495s]       |       [01;36m[K^~~~~~~~[m[K
[1.495s] [01m[K/usr/include/c++/11/chrono:1042:7:[m[K [01;36m[Knote: [m[K  template argument deduction/substitution failed:
[1.495s] In file included from [01m[K/home/wilhem/NTNU_ROV_COM/sup_com/src/sup_com/src/slave_for_demo.cpp:13[m[K:
[1.496s] [01m[K/home/wilhem/NTNU_ROV_COM/sup_com/src/sup_com/src/../../../../lib/janusxsdm/janusxsdm.cpp:875:77:[m[K [01;36m[Knote: [m[K  deduced conflicting types for parameter â€˜[01m[K_Clock[m[Kâ€™ (â€˜[01m[Kstd::chrono::_V2::system_clock[m[Kâ€™ and â€˜[01m[Kstd::chrono::_V2::steady_clock[m[Kâ€™)
[1.496s]   875 |                         std::chrono::duration<double> elapsed_seconds = end-[01;36m[Kstart[m[K;
[1.496s]       |                                                                             [01;36m[K^~~~~[m[K
[1.496s] [01m[K/home/wilhem/NTNU_ROV_COM/sup_com/src/sup_com/src/../../../../lib/janusxsdm/janusxsdm.cpp:934:72:[m[K [01;31m[Kerror: [m[Kno match for â€˜[01m[Koperator-[m[Kâ€™ (operand types are â€˜[01m[Kstd::chrono::time_point<std::chrono::_V2::system_clock, std::chrono::duration<long int, std::ratio<1, 1000000000> > >[m[Kâ€™ and â€˜[01m[Kstd::chrono::_V2::steady_clock::time_point[m[Kâ€™ {aka â€˜[01m[Kstd::chrono::time_point<std::chrono::_V2::steady_clock, std::chrono::duration<long int, std::ratio<1, 1000000000> > >[m[Kâ€™})
[1.496s]   934 |    std::chrono::duration<double> elapsed_seconds = [32m[Kend[m[K[01;31m[K-[m[K[34m[Kstart[m[K;
[1.496s]       |                                                    [32m[K~~~[m[K[01;31m[K^[m[K[34m[K~~~~~[m[K
[1.496s]       |                                                    [32m[K|[m[K   [34m[K|[m[K
[1.496s]       |                                                    [32m[K|[m[K   [34m[Ktime_point<std::chrono::_V2::steady_clock,[...]>[m[K
[1.496s]       |                                                    [32m[Ktime_point<std::chrono::_V2::system_clock,[...]>[m[K
[1.497s] 
[1.497s] In file included from [01m[K/usr/include/c++/11/bits/stl_algobase.h:67[m[K,
[1.497s]                  from [01m[K/usr/include/c++/11/bits/char_traits.h:39[m[K,
[1.497s]                  from [01m[K/usr/include/c++/11/ios:40[m[K,
[1.497s]                  from [01m[K/usr/include/c++/11/ostream:38[m[K,
[1.497s]                  from [01m[K/usr/include/c++/11/iostream:39[m[K,
[1.497s]                  from [01m[K/home/wilhem/NTNU_ROV_COM/sup_com/src/sup_com/src/master_for_demo.cpp:1[m[K:
[1.497s] [01m[K/usr/include/c++/11/bits/stl_iterator.h:560:5:[m[K [01;36m[Knote: [m[Kcandidate: â€˜[01m[Ktemplate<class _IteratorL, class _IteratorR> constexpr decltype ((__y.base() - __x.base())) std::operator-(const std::reverse_iterator<_Iterator>&, const std::reverse_iterator<_IteratorR>&)[m[Kâ€™
[1.497s]   560 |     [01;36m[Koperator[m[K-(const reverse_iterator<_IteratorL>& __x,
[1.497s]       |     [01;36m[K^~~~~~~~[m[K
[1.498s] [01m[K/usr/include/c++/11/bits/stl_iterator.h:560:5:[m[K [01;36m[Knote: [m[K  template argument deduction/substitution failed:
[1.498s] In file included from [01m[K/home/wilhem/NTNU_ROV_COM/sup_com/src/sup_com/src/master_for_demo.cpp:13[m[K:
[1.498s] [01m[K/home/wilhem/NTNU_ROV_COM/sup_com/src/sup_com/src/../../../../lib/janusxsdm/janusxsdm.cpp:934:73:[m[K [01;36m[Knote: [m[K  â€˜[01m[Kstd::chrono::time_point<std::chrono::_V2::system_clock, std::chrono::duration<long int, std::ratio<1, 1000000000> > >[m[Kâ€™ is not derived from â€˜[01m[Kconst std::reverse_iterator<_Iterator>[m[Kâ€™
[1.498s]   934 |    std::chrono::duration<double> elapsed_seconds = end-[01;36m[Kstart[m[K;
[1.498s]       |                                                        [01;36m[K^~~~~[m[K
[1.498s] 
[1.498s] In file included from [01m[K/usr/include/c++/11/bits/stl_algobase.h:67[m[K,
[1.498s]                  from [01m[K/usr/include/c++/11/bits/char_traits.h:39[m[K,
[1.499s]                  from [01m[K/usr/include/c++/11/ios:40[m[K,
[1.499s]                  from [01m[K/usr/include/c++/11/ostream:38[m[K,
[1.499s]                  from [01m[K/usr/include/c++/11/iostream:39[m[K,
[1.499s]                  from [01m[K/home/wilhem/NTNU_ROV_COM/sup_com/src/sup_com/src/master_for_demo.cpp:1[m[K:
[1.499s] [01m[K/usr/include/c++/11/bits/stl_iterator.h:1639:5:[m[K [01;36m[Knote: [m[Kcandidate: â€˜[01m[Ktemplate<class _IteratorL, class _IteratorR> constexpr decltype ((__x.base() - __y.base())) std::operator-(const std::move_iterator<_IteratorL>&, const std::move_iterator<_IteratorR>&)[m[Kâ€™
[1.499s]  1639 |     [01;36m[Koperator[m[K-(const move_iterator<_IteratorL>& __x,
[1.499s]       |     [01;36m[K^~~~~~~~[m[K
[1.499s] [01m[K/home/wilhem/NTNU_ROV_COM/sup_com/src/sup_com/src/../../../../lib/janusxsdm/janusxsdm.cpp:895:68:[m[K [01;31m[Kerror: [m[Kno match for â€˜[01m[Koperator-[m[Kâ€™ (operand types are â€˜[01m[Kstd::chrono::time_point<std::chrono::_V2::system_clock, std::chrono::duration<long int, std::ratio<1, 1000000000> > >[m[Kâ€™ and â€˜[01m[Kstd::chrono::_V2::steady_clock::time_point[m[Kâ€™ {aka â€˜[01m[Kstd::chrono::time_point<std::chrono::_V2::steady_clock, std::chrono::duration<long int, std::ratio<1, 1000000000> > >[m[Kâ€™})
[1.499s]   895 |                 std::chrono::duration<double> elapsed_seconds = [32m[Kend[m[K[01;31m[K-[m[K[34m[Kstart[m[K;
[1.500s]       |                                                                 [32m[K~~~[m[K[01;31m[K^[m[K[34m[K~~~~~[m[K
[1.500s]       |                                                                 [32m[K|[m[K   [34m[K|[m[K
[1.500s]       |                                                                 [32m[K|[m[K   [34m[Ktime_point<std::chrono::_V2::steady_clock,[...]>[m[K
[1.500s]       |                                                                 [32m[Ktime_point<std::chrono::_V2::system_clock,[...]>[m[K
[1.500s] [01m[K/usr/include/c++/11/bits/stl_iterator.h:1639:5:[m[K [01;36m[Knote: [m[K  template argument deduction/substitution failed:
[1.500s] In file included from [01m[K/home/wilhem/NTNU_ROV_COM/sup_com/src/sup_com/src/master_for_demo.cpp:13[m[K:
[1.500s] [01m[K/home/wilhem/NTNU_ROV_COM/sup_com/src/sup_com/src/../../../../lib/janusxsdm/janusxsdm.cpp:934:73:[m[K [01;36m[Knote: [m[K  â€˜[01m[Kstd::chrono::time_point<std::chrono::_V2::system_clock, std::chrono::duration<long int, std::ratio<1, 1000000000> > >[m[Kâ€™ is not derived from â€˜[01m[Kconst std::move_iterator<_IteratorL>[m[Kâ€™
[1.500s]   934 |    std::chrono::duration<double> elapsed_seconds = end-[01;36m[Kstart[m[K;
[1.500s]       |                                                        [01;36m[K^~~~~[m[K
[1.501s] 
[1.501s] In file included from [01m[K/usr/include/c++/11/bits/stl_algobase.h:67[m[K,
[1.501s]                  from [01m[K/usr/include/c++/11/bits/char_traits.h:39[m[K,
[1.501s]                  from [01m[K/usr/include/c++/11/ios:40[m[K,
[1.501s]                  from [01m[K/usr/include/c++/11/ostream:38[m[K,
[1.501s]                  from [01m[K/usr/include/c++/11/iostream:39[m[K,
[1.501s]                  from [01m[K/home/wilhem/NTNU_ROV_COM/sup_com/src/sup_com/src/slave_for_demo.cpp:1[m[K:
[1.501s] [01m[K/usr/include/c++/11/bits/stl_iterator.h:560:5:[m[K [01;36m[Knote: [m[Kcandidate: â€˜[01m[Ktemplate<class _IteratorL, class _IteratorR> constexpr decltype ((__y.base() - __x.base())) std::operator-(const std::reverse_iterator<_Iterator>&, const std::reverse_iterator<_IteratorR>&)[m[Kâ€™
[1.502s]   560 |     [01;36m[Koperator[m[K-(const reverse_iterator<_IteratorL>& __x,
[1.502s]       |     [01;36m[K^~~~~~~~[m[K
[1.502s] [01m[K/usr/include/c++/11/bits/stl_iterator.h:560:5:[m[K [01;36m[Knote: [m[K  template argument deduction/substitution failed:
[1.502s] In file included from [01m[K/home/wilhem/NTNU_ROV_COM/sup_com/src/sup_com/src/master_for_demo.cpp:6[m[K:
[1.502s] [01m[K/usr/include/c++/11/chrono:660:7:[m[K [01;36m[Knote: [m[Kcandidate: â€˜[01m[Ktemplate<class _Rep1, class _Period1, class _Rep2, class _Period2> constexpr typename std::common_type<std::chrono::duration<_Rep1, _Period1>, std::chrono::duration<_Rep2, _Period2> >::type std::chrono::operator-(const std::chrono::duration<_Rep1, _Period1>&, const std::chrono::duration<_Rep2, _Period2>&)[m[Kâ€™
[1.502s]   660 |       [01;36m[Koperator[m[K-(const duration<_Rep1, _Period1>& __lhs,
[1.502s]       |       [01;36m[K^~~~~~~~[m[K
[1.502s] [01m[K/usr/include/c++/11/chrono:660:7:[m[K [01;36m[Knote: [m[K  template argument deduction/substitution failed:
[1.503s] In file included from [01m[K/home/wilhem/NTNU_ROV_COM/sup_com/src/sup_com/src/slave_for_demo.cpp:13[m[K:
[1.503s] [01m[K/home/wilhem/NTNU_ROV_COM/sup_com/src/sup_com/src/../../../../lib/janusxsdm/janusxsdm.cpp:895:69:[m[K [01;36m[Knote: [m[K  â€˜[01m[Kstd::chrono::time_point<std::chrono::_V2::system_clock, std::chrono::duration<long int, std::ratio<1, 1000000000> > >[m[Kâ€™ is not derived from â€˜[01m[Kconst std::reverse_iterator<_Iterator>[m[Kâ€™
[1.503s]   895 |                 std::chrono::duration<double> elapsed_seconds = end-[01;36m[Kstart[m[K;
[1.503s]       |                                                                     [01;36m[K^~~~~[m[K
[1.503s] In file included from [01m[K/home/wilhem/NTNU_ROV_COM/sup_com/src/sup_com/src/master_for_demo.cpp:13[m[K:
[1.503s] [01m[K/home/wilhem/NTNU_ROV_COM/sup_com/src/sup_com/src/../../../../lib/janusxsdm/janusxsdm.cpp:934:73:[m[K [01;36m[Knote: [m[K  â€˜[01m[Kstd::chrono::time_point<std::chrono::_V2::system_clock, std::chrono::duration<long int, std::ratio<1, 1000000000> > >[m[Kâ€™ is not derived from â€˜[01m[Kconst std::chrono::duration<_Rep1, _Period1>[m[Kâ€™
[1.503s]   934 |    std::chrono::duration<double> elapsed_seconds = end-[01;36m[Kstart[m[K;
[1.503s]       |                                                        [01;36m[K^~~~~[m[K
[1.503s] 
[1.504s] In file included from [01m[K/home/wilhem/NTNU_ROV_COM/sup_com/src/sup_com/src/master_for_demo.cpp:6[m[K:
[1.504s] [01m[K/usr/include/c++/11/chrono:1030:7:[m[K [01;36m[Knote: [m[Kcandidate: â€˜[01m[Ktemplate<class _Clock, class _Dur1, class _Rep2, class _Period2> constexpr std::chrono::time_point<_Clock, typename std::common_type<_Dur1, std::chrono::duration<_Rep2, _Period2> >::type> std::chrono::operator-(const std::chrono::time_point<_Clock, _Duration1>&, const std::chrono::duration<_Rep2, _Period2>&)[m[Kâ€™
[1.504s]  1030 |       [01;36m[Koperator[m[K-(const time_point<_Clock, _Dur1>& __lhs,
[1.504s]       |       [01;36m[K^~~~~~~~[m[K
[1.504s] In file included from [01m[K/usr/include/c++/11/bits/stl_algobase.h:67[m[K,
[1.504s]                  from [01m[K/usr/include/c++/11/bits/char_traits.h:39[m[K,
[1.504s]                  from [01m[K/usr/include/c++/11/ios:40[m[K,
[1.505s]                  from [01m[K/usr/include/c++/11/ostream:38[m[K,
[1.505s]                  from [01m[K/usr/include/c++/11/iostream:39[m[K,
[1.505s]                  from [01m[K/home/wilhem/NTNU_ROV_COM/sup_com/src/sup_com/src/slave_for_demo.cpp:1[m[K:
[1.505s] [01m[K/usr/include/c++/11/bits/stl_iterator.h:1639:5:[m[K [01;36m[Knote: [m[Kcandidate: â€˜[01m[Ktemplate<class _IteratorL, class _IteratorR> constexpr decltype ((__x.base() - __y.base())) std::operator-(const std::move_iterator<_IteratorL>&, const std::move_iterator<_IteratorR>&)[m[Kâ€™
[1.505s]  1639 |     [01;36m[Koperator[m[K-(const move_iterator<_IteratorL>& __x,
[1.505s]       |     [01;36m[K^~~~~~~~[m[K
[1.506s] [01m[K/usr/include/c++/11/chrono:1030:7:[m[K [01;36m[Knote: [m[K  template argument deduction/substitution failed:
[1.506s] [01m[K/usr/include/c++/11/bits/stl_iterator.h:1639:5:[m[K [01;36m[Knote: [m[K  template argument deduction/substitution failed:
[1.506s] In file included from [01m[K/home/wilhem/NTNU_ROV_COM/sup_com/src/sup_com/src/master_for_demo.cpp:13[m[K:
[1.506s] [01m[K/home/wilhem/NTNU_ROV_COM/sup_com/src/sup_com/src/../../../../lib/janusxsdm/janusxsdm.cpp:934:73:[m[K [01;36m[Knote: [m[K  â€˜[01m[Kstd::chrono::_V2::steady_clock::time_point[m[Kâ€™ {aka â€˜[01m[Kstd::chrono::time_point<std::chrono::_V2::steady_clock, std::chrono::duration<long int, std::ratio<1, 1000000000> > >[m[Kâ€™} is not derived from â€˜[01m[Kconst std::chrono::duration<_Rep2, _Period2>[m[Kâ€™
[1.506s]   934 |    std::chrono::duration<double> elapsed_seconds = end-[01;36m[Kstart[m[K;
[1.506s]       |                                                        [01;36m[K^~~~~[m[K
[1.506s] 
[1.506s] In file included from [01m[K/home/wilhem/NTNU_ROV_COM/sup_com/src/sup_com/src/slave_for_demo.cpp:13[m[K:
[1.507s] [01m[K/home/wilhem/NTNU_ROV_COM/sup_com/src/sup_com/src/../../../../lib/janusxsdm/janusxsdm.cpp:895:69:[m[K [01;36m[Knote: [m[K  â€˜[01m[Kstd::chrono::time_point<std::chrono::_V2::system_clock, std::chrono::duration<long int, std::ratio<1, 1000000000> > >[m[Kâ€™ is not derived from â€˜[01m[Kconst std::move_iterator<_IteratorL>[m[Kâ€™
[1.507s]   895 |                 std::chrono::duration<double> elapsed_seconds = end-[01;36m[Kstart[m[K;
[1.507s]       |                                                                     [01;36m[K^~~~~[m[K
[1.507s] In file included from [01m[K/home/wilhem/NTNU_ROV_COM/sup_com/src/sup_com/src/master_for_demo.cpp:6[m[K:
[1.507s] [01m[K/usr/include/c++/11/chrono:1042:7:[m[K [01;36m[Knote: [m[Kcandidate: â€˜[01m[Ktemplate<class _Clock, class _Dur1, class _Dur2> constexpr typename std::common_type<_Duration1, _Duration2>::type std::chrono::operator-(const std::chrono::time_point<_Clock, _Duration1>&, const std::chrono::time_point<_Clock, _Duration2>&)[m[Kâ€™
[1.507s]  1042 |       [01;36m[Koperator[m[K-(const time_point<_Clock, _Dur1>& __lhs,
[1.507s]       |       [01;36m[K^~~~~~~~[m[K
[1.507s] In file included from [01m[K/home/wilhem/NTNU_ROV_COM/sup_com/src/sup_com/src/slave_for_demo.cpp:6[m[K:
[1.508s] [01m[K/usr/include/c++/11/chrono:660:7:[m[K [01;36m[Knote: [m[Kcandidate: â€˜[01m[Ktemplate<class _Rep1, class _Period1, class _Rep2, class _Period2> constexpr typename std::common_type<std::chrono::duration<_Rep1, _Period1>, std::chrono::duration<_Rep2, _Period2> >::type std::chrono::operator-(const std::chrono::duration<_Rep1, _Period1>&, const std::chrono::duration<_Rep2, _Period2>&)[m[Kâ€™
[1.508s]   660 |       [01;36m[Koperator[m[K-(const duration<_Rep1, _Period1>& __lhs,
[1.508s]       |       [01;36m[K^~~~~~~~[m[K
[1.508s] [01m[K/usr/include/c++/11/chrono:1042:7:[m[K [01;36m[Knote: [m[K  template argument deduction/substitution failed:
[1.508s] [01m[K/usr/include/c++/11/chrono:660:7:[m[K [01;36m[Knote: [m[K  template argument deduction/substitution failed:
[1.508s] In file included from [01m[K/home/wilhem/NTNU_ROV_COM/sup_com/src/sup_com/src/master_for_demo.cpp:13[m[K:
[1.508s] [01m[K/home/wilhem/NTNU_ROV_COM/sup_com/src/sup_com/src/../../../../lib/janusxsdm/janusxsdm.cpp:934:73:[m[K [01;36m[Knote: [m[K  deduced conflicting types for parameter â€˜[01m[K_Clock[m[Kâ€™ (â€˜[01m[Kstd::chrono::_V2::system_clock[m[Kâ€™ and â€˜[01m[Kstd::chrono::_V2::steady_clock[m[Kâ€™)
[1.508s]   934 |    std::chrono::duration<double> elapsed_seconds = end-[01;36m[Kstart[m[K;
[1.508s]       |                                                        [01;36m[K^~~~~[m[K
[1.509s] 
[1.509s] In file included from [01m[K/home/wilhem/NTNU_ROV_COM/sup_com/src/sup_com/src/slave_for_demo.cpp:13[m[K:
[1.509s] [01m[K/home/wilhem/NTNU_ROV_COM/sup_com/src/sup_com/src/../../../../lib/janusxsdm/janusxsdm.cpp:895:69:[m[K [01;36m[Knote: [m[K  â€˜[01m[Kstd::chrono::time_point<std::chrono::_V2::system_clock, std::chrono::duration<long int, std::ratio<1, 1000000000> > >[m[Kâ€™ is not derived from â€˜[01m[Kconst std::chrono::duration<_Rep1, _Period1>[m[Kâ€™
[1.509s]   895 |                 std::chrono::duration<double> elapsed_seconds = end-[01;36m[Kstart[m[K;
[1.509s]       |                                                                     [01;36m[K^~~~~[m[K
[1.509s] In file included from [01m[K/home/wilhem/NTNU_ROV_COM/sup_com/src/sup_com/src/slave_for_demo.cpp:6[m[K:
[1.509s] [01m[K/usr/include/c++/11/chrono:1030:7:[m[K [01;36m[Knote: [m[Kcandidate: â€˜[01m[Ktemplate<class _Clock, class _Dur1, class _Rep2, class _Period2> constexpr std::chrono::time_point<_Clock, typename std::common_type<_Dur1, std::chrono::duration<_Rep2, _Period2> >::type> std::chrono::operator-(const std::chrono::time_point<_Clock, _Duration1>&, const std::chrono::duration<_Rep2, _Period2>&)[m[Kâ€™
[1.509s]  1030 |       [01;36m[Koperator[m[K-(const time_point<_Clock, _Dur1>& __lhs,
[1.509s]       |       [01;36m[K^~~~~~~~[m[K
[1.510s] [01m[K/usr/include/c++/11/chrono:1030:7:[m[K [01;36m[Knote: [m[K  template argument deduction/substitution failed:
[1.510s] In file included from [01m[K/home/wilhem/NTNU_ROV_COM/sup_com/src/sup_com/src/slave_for_demo.cpp:13[m[K:
[1.510s] [01m[K/home/wilhem/NTNU_ROV_COM/sup_com/src/sup_com/src/../../../../lib/janusxsdm/janusxsdm.cpp:895:69:[m[K [01;36m[Knote: [m[K  â€˜[01m[Kstd::chrono::_V2::steady_clock::time_point[m[Kâ€™ {aka â€˜[01m[Kstd::chrono::time_point<std::chrono::_V2::steady_clock, std::chrono::duration<long int, std::ratio<1, 1000000000> > >[m[Kâ€™} is not derived from â€˜[01m[Kconst std::chrono::duration<_Rep2, _Period2>[m[Kâ€™
[1.510s]   895 |                 std::chrono::duration<double> elapsed_seconds = end-[01;36m[Kstart[m[K;
[1.510s]       |                                                                     [01;36m[K^~~~~[m[K
[1.510s] In file included from [01m[K/home/wilhem/NTNU_ROV_COM/sup_com/src/sup_com/src/slave_for_demo.cpp:6[m[K:
[1.510s] [01m[K/usr/include/c++/11/chrono:1042:7:[m[K [01;36m[Knote: [m[Kcandidate: â€˜[01m[Ktemplate<class _Clock, class _Dur1, class _Dur2> constexpr typename std::common_type<_Duration1, _Duration2>::type std::chrono::operator-(const std::chrono::time_point<_Clock, _Duration1>&, const std::chrono::time_point<_Clock, _Duration2>&)[m[Kâ€™
[1.511s]  1042 |       [01;36m[Koperator[m[K-(const time_point<_Clock, _Dur1>& __lhs,
[1.511s]       |       [01;36m[K^~~~~~~~[m[K
[1.511s] [01m[K/usr/include/c++/11/chrono:1042:7:[m[K [01;36m[Knote: [m[K  template argument deduction/substitution failed:
[1.511s] In file included from [01m[K/home/wilhem/NTNU_ROV_COM/sup_com/src/sup_com/src/slave_for_demo.cpp:13[m[K:
[1.511s] [01m[K/home/wilhem/NTNU_ROV_COM/sup_com/src/sup_com/src/../../../../lib/janusxsdm/janusxsdm.cpp:895:69:[m[K [01;36m[Knote: [m[K  deduced conflicting types for parameter â€˜[01m[K_Clock[m[Kâ€™ (â€˜[01m[Kstd::chrono::_V2::system_clock[m[Kâ€™ and â€˜[01m[Kstd::chrono::_V2::steady_clock[m[Kâ€™)
[1.511s]   895 |                 std::chrono::duration<double> elapsed_seconds = end-[01;36m[Kstart[m[K;
[1.511s]       |                                                                     [01;36m[K^~~~~[m[K
[1.511s] [01m[K/home/wilhem/NTNU_ROV_COM/sup_com/src/sup_com/src/../../../../lib/janusxsdm/janusxsdm.cpp:947:72:[m[K [01;31m[Kerror: [m[Kno match for â€˜[01m[Koperator-[m[Kâ€™ (operand types are â€˜[01m[Kstd::chrono::time_point<std::chrono::_V2::system_clock, std::chrono::duration<long int, std::ratio<1, 1000000000> > >[m[Kâ€™ and â€˜[01m[Kstd::chrono::_V2::steady_clock::time_point[m[Kâ€™ {aka â€˜[01m[Kstd::chrono::time_point<std::chrono::_V2::steady_clock, std::chrono::duration<long int, std::ratio<1, 1000000000> > >[m[Kâ€™})
[1.511s]   947 |    std::chrono::duration<double> elapsed_seconds = [32m[Kend[m[K[01;31m[K-[m[K[34m[Kstart[m[K;
[1.512s]       |                                                    [32m[K~~~[m[K[01;31m[K^[m[K[34m[K~~~~~[m[K
[1.512s]       |                                                    [32m[K|[m[K   [34m[K|[m[K
[1.512s]       |                                                    [32m[K|[m[K   [34m[Ktime_point<std::chrono::_V2::steady_clock,[...]>[m[K
[1.512s]       |                                                    [32m[Ktime_point<std::chrono::_V2::system_clock,[...]>[m[K
[1.512s] 
[1.512s] In file included from [01m[K/usr/include/c++/11/bits/stl_algobase.h:67[m[K,
[1.512s]                  from [01m[K/usr/include/c++/11/bits/char_traits.h:39[m[K,
[1.512s]                  from [01m[K/usr/include/c++/11/ios:40[m[K,
[1.512s]                  from [01m[K/usr/include/c++/11/ostream:38[m[K,
[1.513s]                  from [01m[K/usr/include/c++/11/iostream:39[m[K,
[1.513s]                  from [01m[K/home/wilhem/NTNU_ROV_COM/sup_com/src/sup_com/src/master_for_demo.cpp:1[m[K:
[1.513s] [01m[K/usr/include/c++/11/bits/stl_iterator.h:560:5:[m[K [01;36m[Knote: [m[Kcandidate: â€˜[01m[Ktemplate<class _IteratorL, class _IteratorR> constexpr decltype ((__y.base() - __x.base())) std::operator-(const std::reverse_iterator<_Iterator>&, const std::reverse_iterator<_IteratorR>&)[m[Kâ€™
[1.513s]   560 |     [01;36m[Koperator[m[K-(const reverse_iterator<_IteratorL>& __x,
[1.513s]       |     [01;36m[K^~~~~~~~[m[K
[1.513s] [01m[K/usr/include/c++/11/bits/stl_iterator.h:560:5:[m[K [01;36m[Knote: [m[K  template argument deduction/substitution failed:
[1.513s] In file included from [01m[K/home/wilhem/NTNU_ROV_COM/sup_com/src/sup_com/src/master_for_demo.cpp:13[m[K:
[1.513s] [01m[K/home/wilhem/NTNU_ROV_COM/sup_com/src/sup_com/src/../../../../lib/janusxsdm/janusxsdm.cpp:947:73:[m[K [01;36m[Knote: [m[K  â€˜[01m[Kstd::chrono::time_point<std::chrono::_V2::system_clock, std::chrono::duration<long int, std::ratio<1, 1000000000> > >[m[Kâ€™ is not derived from â€˜[01m[Kconst std::reverse_iterator<_Iterator>[m[Kâ€™
[1.513s]   947 |    std::chrono::duration<double> elapsed_seconds = end-[01;36m[Kstart[m[K;
[1.514s]       |                                                        [01;36m[K^~~~~[m[K
[1.514s] 
[1.514s] In file included from [01m[K/usr/include/c++/11/bits/stl_algobase.h:67[m[K,
[1.514s]                  from [01m[K/usr/include/c++/11/bits/char_traits.h:39[m[K,
[1.514s]                  from [01m[K/usr/include/c++/11/ios:40[m[K,
[1.514s]                  from [01m[K/usr/include/c++/11/ostream:38[m[K,
[1.515s]                  from [01m[K/usr/include/c++/11/iostream:39[m[K,
[1.515s]                  from [01m[K/home/wilhem/NTNU_ROV_COM/sup_com/src/sup_com/src/master_for_demo.cpp:1[m[K:
[1.515s] [01m[K/usr/include/c++/11/bits/stl_iterator.h:1639:5:[m[K [01;36m[Knote: [m[Kcandidate: â€˜[01m[Ktemplate<class _IteratorL, class _IteratorR> constexpr decltype ((__x.base() - __y.base())) std::operator-(const std::move_iterator<_IteratorL>&, const std::move_iterator<_IteratorR>&)[m[Kâ€™
[1.515s]  1639 |     [01;36m[Koperator[m[K-(const move_iterator<_IteratorL>& __x,
[1.515s]       |     [01;36m[K^~~~~~~~[m[K
[1.515s] [01m[K/usr/include/c++/11/bits/stl_iterator.h:1639:5:[m[K [01;36m[Knote: [m[K  template argument deduction/substitution failed:
[1.515s] In file included from [01m[K/home/wilhem/NTNU_ROV_COM/sup_com/src/sup_com/src/master_for_demo.cpp:13[m[K:
[1.515s] [01m[K/home/wilhem/NTNU_ROV_COM/sup_com/src/sup_com/src/../../../../lib/janusxsdm/janusxsdm.cpp:947:73:[m[K [01;36m[Knote: [m[K  â€˜[01m[Kstd::chrono::time_point<std::chrono::_V2::system_clock, std::chrono::duration<long int, std::ratio<1, 1000000000> > >[m[Kâ€™ is not derived from â€˜[01m[Kconst std::move_iterator<_IteratorL>[m[Kâ€™
[1.515s]   947 |    std::chrono::duration<double> elapsed_seconds = end-[01;36m[Kstart[m[K;
[1.516s]       |                                                        [01;36m[K^~~~~[m[K
[1.516s] 
[1.516s] In file included from [01m[K/home/wilhem/NTNU_ROV_COM/sup_com/src/sup_com/src/master_for_demo.cpp:6[m[K:
[1.516s] [01m[K/usr/include/c++/11/chrono:660:7:[m[K [01;36m[Knote: [m[Kcandidate: â€˜[01m[Ktemplate<class _Rep1, class _Period1, class _Rep2, class _Period2> constexpr typename std::common_type<std::chrono::duration<_Rep1, _Period1>, std::chrono::duration<_Rep2, _Period2> >::type std::chrono::operator-(const std::chrono::duration<_Rep1, _Period1>&, const std::chrono::duration<_Rep2, _Period2>&)[m[Kâ€™
[1.516s]   660 |       [01;36m[Koperator[m[K-(const duration<_Rep1, _Period1>& __lhs,
[1.516s]       |       [01;36m[K^~~~~~~~[m[K
[1.516s] [01m[K/usr/include/c++/11/chrono:660:7:[m[K [01;36m[Knote: [m[K  template argument deduction/substitution failed:
[1.516s] In file included from [01m[K/home/wilhem/NTNU_ROV_COM/sup_com/src/sup_com/src/master_for_demo.cpp:13[m[K:
[1.516s] [01m[K/home/wilhem/NTNU_ROV_COM/sup_com/src/sup_com/src/../../../../lib/janusxsdm/janusxsdm.cpp:947:73:[m[K [01;36m[Knote: [m[K  â€˜[01m[Kstd::chrono::time_point<std::chrono::_V2::system_clock, std::chrono::duration<long int, std::ratio<1, 1000000000> > >[m[Kâ€™ is not derived from â€˜[01m[Kconst std::chrono::duration<_Rep1, _Period1>[m[Kâ€™
[1.517s]   947 |    std::chrono::duration<double> elapsed_seconds = end-[01;36m[Kstart[m[K;
[1.517s]       |                                                        [01;36m[K^~~~~[m[K
[1.517s] 
[1.517s] In file included from [01m[K/home/wilhem/NTNU_ROV_COM/sup_com/src/sup_com/src/master_for_demo.cpp:6[m[K:
[1.517s] [01m[K/usr/include/c++/11/chrono:1030:7:[m[K [01;36m[Knote: [m[Kcandidate: â€˜[01m[Ktemplate<class _Clock, class _Dur1, class _Rep2, class _Period2> constexpr std::chrono::time_point<_Clock, typename std::common_type<_Dur1, std::chrono::duration<_Rep2, _Period2> >::type> std::chrono::operator-(const std::chrono::time_point<_Clock, _Duration1>&, const std::chrono::duration<_Rep2, _Period2>&)[m[Kâ€™
[1.517s]  1030 |       [01;36m[Koperator[m[K-(const time_point<_Clock, _Dur1>& __lhs,
[1.517s]       |       [01;36m[K^~~~~~~~[m[K
[1.517s] [01m[K/usr/include/c++/11/chrono:1030:7:[m[K [01;36m[Knote: [m[K  template argument deduction/substitution failed:
[1.518s] In file included from [01m[K/home/wilhem/NTNU_ROV_COM/sup_com/src/sup_com/src/master_for_demo.cpp:13[m[K:
[1.518s] [01m[K/home/wilhem/NTNU_ROV_COM/sup_com/src/sup_com/src/../../../../lib/janusxsdm/janusxsdm.cpp:947:73:[m[K [01;36m[Knote: [m[K  â€˜[01m[Kstd::chrono::_V2::steady_clock::time_point[m[Kâ€™ {aka â€˜[01m[Kstd::chrono::time_point<std::chrono::_V2::steady_clock, std::chrono::duration<long int, std::ratio<1, 1000000000> > >[m[Kâ€™} is not derived from â€˜[01m[Kconst std::chrono::duration<_Rep2, _Period2>[m[Kâ€™
[1.518s]   947 |    std::chrono::duration<double> elapsed_seconds = end-[01;36m[Kstart[m[K;
[1.518s]       |                                                        [01;36m[K^~~~~[m[K
[1.518s] 
[1.518s] [01m[K/home/wilhem/NTNU_ROV_COM/sup_com/src/sup_com/src/../../../../lib/janusxsdm/janusxsdm.cpp:916:22:[m[K [01;31m[Kerror: [m[Kconflicting declaration â€˜[01m[Kauto end[m[Kâ€™
[1.518s]   916 |                 auto [01;31m[Kend[m[K = std::chrono::system_clock::now();
[1.518s]       |                      [01;31m[K^~~[m[K
[1.519s] In file included from [01m[K/home/wilhem/NTNU_ROV_COM/sup_com/src/sup_com/src/master_for_demo.cpp:6[m[K:
[1.519s] [01m[K/usr/include/c++/11/chrono:1042:7:[m[K [01;36m[Knote: [m[Kcandidate: â€˜[01m[Ktemplate<class _Clock, class _Dur1, class _Dur2> constexpr typename std::common_type<_Duration1, _Duration2>::type std::chrono::operator-(const std::chrono::time_point<_Clock, _Duration1>&, const std::chrono::time_point<_Clock, _Duration2>&)[m[Kâ€™
[1.519s]  1042 |       [01;36m[Koperator[m[K-(const time_point<_Clock, _Dur1>& __lhs,
[1.519s]       |       [01;36m[K^~~~~~~~[m[K
[1.519s] [01m[K/usr/include/c++/11/chrono:1042:7:[m[K [01;36m[Knote: [m[K  template argument deduction/substitution failed:
[1.519s] [01m[K/home/wilhem/NTNU_ROV_COM/sup_com/src/sup_com/src/../../../../lib/janusxsdm/janusxsdm.cpp:894:22:[m[K [01;36m[Knote: [m[Kprevious declaration as â€˜[01m[Kstd::chrono::time_point<std::chrono::_V2::system_clock, std::chrono::duration<long int, std::ratio<1, 1000000000> > > end[m[Kâ€™
[1.519s]   894 |                 auto [01;36m[Kend[m[K = std::chrono::system_clock::now();
[1.519s]       |                      [01;36m[K^~~[m[K
[1.519s] In file included from [01m[K/home/wilhem/NTNU_ROV_COM/sup_com/src/sup_com/src/master_for_demo.cpp:13[m[K:
[1.520s] [01m[K/home/wilhem/NTNU_ROV_COM/sup_com/src/sup_com/src/../../../../lib/janusxsdm/janusxsdm.cpp:947:73:[m[K [01;36m[Knote: [m[K  deduced conflicting types for parameter â€˜[01m[K_Clock[m[Kâ€™ (â€˜[01m[Kstd::chrono::_V2::system_clock[m[Kâ€™ and â€˜[01m[Kstd::chrono::_V2::steady_clock[m[Kâ€™)
[1.520s]   947 |    std::chrono::duration<double> elapsed_seconds = end-[01;36m[Kstart[m[K;
[1.520s]       |                                                        [01;36m[K^~~~~[m[K
[1.520s] 
[1.520s] [01m[K/home/wilhem/NTNU_ROV_COM/sup_com/src/sup_com/src/../../../../lib/janusxsdm/janusxsdm.cpp:917:47:[m[K [01;31m[Kerror: [m[Kredeclaration of â€˜[01m[Kstd::chrono::duration<double> elapsed_seconds[m[Kâ€™
[1.520s]   917 |                 std::chrono::duration<double> [01;31m[Kelapsed_seconds[m[K = end-start;
[1.520s]       |                                               [01;31m[K^~~~~~~~~~~~~~~[m[K
[1.520s] [01m[K/home/wilhem/NTNU_ROV_COM/sup_com/src/sup_com/src/../../../../lib/janusxsdm/janusxsdm.cpp:895:47:[m[K [01;36m[Knote: [m[Kâ€˜[01m[Kstd::chrono::duration<double> elapsed_seconds[m[Kâ€™ previously declared here
[1.521s]   895 |                 std::chrono::duration<double> [01;36m[Kelapsed_seconds[m[K = end-start;
[1.521s]       |                                               [01;36m[K^~~~~~~~~~~~~~~[m[K
[1.521s] [01m[K/home/wilhem/NTNU_ROV_COM/sup_com/src/sup_com/src/../../../../lib/janusxsdm/janusxsdm.cpp:917:68:[m[K [01;31m[Kerror: [m[Kno match for â€˜[01m[Koperator-[m[Kâ€™ (operand types are â€˜[01m[Kstd::chrono::time_point<std::chrono::_V2::system_clock, std::chrono::duration<long int, std::ratio<1, 1000000000> > >[m[Kâ€™ and â€˜[01m[Kstd::chrono::_V2::steady_clock::time_point[m[Kâ€™ {aka â€˜[01m[Kstd::chrono::time_point<std::chrono::_V2::steady_clock, std::chrono::duration<long int, std::ratio<1, 1000000000> > >[m[Kâ€™})
[1.521s]   917 |                 std::chrono::duration<double> elapsed_seconds = [32m[Kend[m[K[01;31m[K-[m[K[34m[Kstart[m[K;
[1.521s]       |                                                                 [32m[K~~~[m[K[01;31m[K^[m[K[34m[K~~~~~[m[K
[1.521s]       |                                                                 [32m[K|[m[K   [34m[K|[m[K
[1.521s]       |                                                                 [32m[K|[m[K   [34m[Ktime_point<std::chrono::_V2::steady_clock,[...]>[m[K
[1.521s]       |                                                                 [32m[Ktime_point<std::chrono::_V2::system_clock,[...]>[m[K
[1.521s] In file included from [01m[K/usr/include/c++/11/bits/stl_algobase.h:67[m[K,
[1.522s]                  from [01m[K/usr/include/c++/11/bits/char_traits.h:39[m[K,
[1.522s]                  from [01m[K/usr/include/c++/11/ios:40[m[K,
[1.522s]                  from [01m[K/usr/include/c++/11/ostream:38[m[K,
[1.522s]                  from [01m[K/usr/include/c++/11/iostream:39[m[K,
[1.522s]                  from [01m[K/home/wilhem/NTNU_ROV_COM/sup_com/src/sup_com/src/slave_for_demo.cpp:1[m[K:
[1.522s] [01m[K/usr/include/c++/11/bits/stl_iterator.h:560:5:[m[K [01;36m[Knote: [m[Kcandidate: â€˜[01m[Ktemplate<class _IteratorL, class _IteratorR> constexpr decltype ((__y.base() - __x.base())) std::operator-(const std::reverse_iterator<_Iterator>&, const std::reverse_iterator<_IteratorR>&)[m[Kâ€™
[1.522s]   560 |     [01;36m[Koperator[m[K-(const reverse_iterator<_IteratorL>& __x,
[1.523s]       |     [01;36m[K^~~~~~~~[m[K
[1.523s] [01m[K/usr/include/c++/11/bits/stl_iterator.h:560:5:[m[K [01;36m[Knote: [m[K  template argument deduction/substitution failed:
[1.523s] In file included from [01m[K/home/wilhem/NTNU_ROV_COM/sup_com/src/sup_com/src/slave_for_demo.cpp:13[m[K:
[1.523s] [01m[K/home/wilhem/NTNU_ROV_COM/sup_com/src/sup_com/src/../../../../lib/janusxsdm/janusxsdm.cpp:917:69:[m[K [01;36m[Knote: [m[K  â€˜[01m[Kstd::chrono::time_point<std::chrono::_V2::system_clock, std::chrono::duration<long int, std::ratio<1, 1000000000> > >[m[Kâ€™ is not derived from â€˜[01m[Kconst std::reverse_iterator<_Iterator>[m[Kâ€™
[1.523s]   917 |                 std::chrono::duration<double> elapsed_seconds = end-[01;36m[Kstart[m[K;
[1.523s]       |                                                                     [01;36m[K^~~~~[m[K
[1.523s] In file included from [01m[K/usr/include/c++/11/bits/stl_algobase.h:67[m[K,
[1.523s]                  from [01m[K/usr/include/c++/11/bits/char_traits.h:39[m[K,
[1.524s]                  from [01m[K/usr/include/c++/11/ios:40[m[K,
[1.524s]                  from [01m[K/usr/include/c++/11/ostream:38[m[K,
[1.524s]                  from [01m[K/usr/include/c++/11/iostream:39[m[K,
[1.524s]                  from [01m[K/home/wilhem/NTNU_ROV_COM/sup_com/src/sup_com/src/slave_for_demo.cpp:1[m[K:
[1.524s] [01m[K/usr/include/c++/11/bits/stl_iterator.h:1639:5:[m[K [01;36m[Knote: [m[Kcandidate: â€˜[01m[Ktemplate<class _IteratorL, class _IteratorR> constexpr decltype ((__x.base() - __y.base())) std::operator-(const std::move_iterator<_IteratorL>&, const std::move_iterator<_IteratorR>&)[m[Kâ€™
[1.524s]  1639 |     [01;36m[Koperator[m[K-(const move_iterator<_IteratorL>& __x,
[1.524s]       |     [01;36m[K^~~~~~~~[m[K
[1.524s] [01m[K/usr/include/c++/11/bits/stl_iterator.h:1639:5:[m[K [01;36m[Knote: [m[K  template argument deduction/substitution failed:
[1.525s] In file included from [01m[K/home/wilhem/NTNU_ROV_COM/sup_com/src/sup_com/src/slave_for_demo.cpp:13[m[K:
[1.525s] [01m[K/home/wilhem/NTNU_ROV_COM/sup_com/src/sup_com/src/../../../../lib/janusxsdm/janusxsdm.cpp:917:69:[m[K [01;36m[Knote: [m[K  â€˜[01m[Kstd::chrono::time_point<std::chrono::_V2::system_clock, std::chrono::duration<long int, std::ratio<1, 1000000000> > >[m[Kâ€™ is not derived from â€˜[01m[Kconst std::move_iterator<_IteratorL>[m[Kâ€™
[1.525s]   917 |                 std::chrono::duration<double> elapsed_seconds = end-[01;36m[Kstart[m[K;
[1.525s]       |                                                                     [01;36m[K^~~~~[m[K
[1.525s] In file included from [01m[K/home/wilhem/NTNU_ROV_COM/sup_com/src/sup_com/src/slave_for_demo.cpp:6[m[K:
[1.525s] [01m[K/usr/include/c++/11/chrono:660:7:[m[K [01;36m[Knote: [m[Kcandidate: â€˜[01m[Ktemplate<class _Rep1, class _Period1, class _Rep2, class _Period2> constexpr typename std::common_type<std::chrono::duration<_Rep1, _Period1>, std::chrono::duration<_Rep2, _Period2> >::type std::chrono::operator-(const std::chrono::duration<_Rep1, _Period1>&, const std::chrono::duration<_Rep2, _Period2>&)[m[Kâ€™
[1.525s]   660 |       [01;36m[Koperator[m[K-(const duration<_Rep1, _Period1>& __lhs,
[1.525s]       |       [01;36m[K^~~~~~~~[m[K
[1.525s] [01m[K/usr/include/c++/11/chrono:660:7:[m[K [01;36m[Knote: [m[K  template argument deduction/substitution failed:
[1.526s] In file included from [01m[K/home/wilhem/NTNU_ROV_COM/sup_com/src/sup_com/src/slave_for_demo.cpp:13[m[K:
[1.526s] [01m[K/home/wilhem/NTNU_ROV_COM/sup_com/src/sup_com/src/../../../../lib/janusxsdm/janusxsdm.cpp:917:69:[m[K [01;36m[Knote: [m[K  â€˜[01m[Kstd::chrono::time_point<std::chrono::_V2::system_clock, std::chrono::duration<long int, std::ratio<1, 1000000000> > >[m[Kâ€™ is not derived from â€˜[01m[Kconst std::chrono::duration<_Rep1, _Period1>[m[Kâ€™
[1.526s]   917 |                 std::chrono::duration<double> elapsed_seconds = end-[01;36m[Kstart[m[K;
[1.526s]       |                                                                     [01;36m[K^~~~~[m[K
[1.526s] In file included from [01m[K/home/wilhem/NTNU_ROV_COM/sup_com/src/sup_com/src/slave_for_demo.cpp:6[m[K:
[1.526s] [01m[K/usr/include/c++/11/chrono:1030:7:[m[K [01;36m[Knote: [m[Kcandidate: â€˜[01m[Ktemplate<class _Clock, class _Dur1, class _Rep2, class _Period2> constexpr std::chrono::time_point<_Clock, typename std::common_type<_Dur1, std::chrono::duration<_Rep2, _Period2> >::type> std::chrono::operator-(const std::chrono::time_point<_Clock, _Duration1>&, const std::chrono::duration<_Rep2, _Period2>&)[m[Kâ€™
[1.526s]  1030 |       [01;36m[Koperator[m[K-(const time_point<_Clock, _Dur1>& __lhs,
[1.526s]       |       [01;36m[K^~~~~~~~[m[K
[1.527s] [01m[K/usr/include/c++/11/chrono:1030:7:[m[K [01;36m[Knote: [m[K  template argument deduction/substitution failed:
[1.527s] In file included from [01m[K/home/wilhem/NTNU_ROV_COM/sup_com/src/sup_com/src/slave_for_demo.cpp:13[m[K:
[1.527s] [01m[K/home/wilhem/NTNU_ROV_COM/sup_com/src/sup_com/src/../../../../lib/janusxsdm/janusxsdm.cpp:917:69:[m[K [01;36m[Knote: [m[K  â€˜[01m[Kstd::chrono::_V2::steady_clock::time_point[m[Kâ€™ {aka â€˜[01m[Kstd::chrono::time_point<std::chrono::_V2::steady_clock, std::chrono::duration<long int, std::ratio<1, 1000000000> > >[m[Kâ€™} is not derived from â€˜[01m[Kconst std::chrono::duration<_Rep2, _Period2>[m[Kâ€™
[1.527s]   917 |                 std::chrono::duration<double> elapsed_seconds = end-[01;36m[Kstart[m[K;
[1.527s]       |                                                                     [01;36m[K^~~~~[m[K
[1.527s] In file included from [01m[K/home/wilhem/NTNU_ROV_COM/sup_com/src/sup_com/src/slave_for_demo.cpp:6[m[K:
[1.527s] [01m[K/usr/include/c++/11/chrono:1042:7:[m[K [01;36m[Knote: [m[Kcandidate: â€˜[01m[Ktemplate<class _Clock, class _Dur1, class _Dur2> constexpr typename std::common_type<_Duration1, _Duration2>::type std::chrono::operator-(const std::chrono::time_point<_Clock, _Duration1>&, const std::chrono::time_point<_Clock, _Duration2>&)[m[Kâ€™
[1.527s]  1042 |       [01;36m[Koperator[m[K-(const time_point<_Clock, _Dur1>& __lhs,
[1.527s]       |       [01;36m[K^~~~~~~~[m[K
[1.528s] [01m[K/usr/include/c++/11/chrono:1042:7:[m[K [01;36m[Knote: [m[K  template argument deduction/substitution failed:
[1.528s] In file included from [01m[K/home/wilhem/NTNU_ROV_COM/sup_com/src/sup_com/src/slave_for_demo.cpp:13[m[K:
[1.528s] [01m[K/home/wilhem/NTNU_ROV_COM/sup_com/src/sup_com/src/../../../../lib/janusxsdm/janusxsdm.cpp:917:69:[m[K [01;36m[Knote: [m[K  deduced conflicting types for parameter â€˜[01m[K_Clock[m[Kâ€™ (â€˜[01m[Kstd::chrono::_V2::system_clock[m[Kâ€™ and â€˜[01m[Kstd::chrono::_V2::steady_clock[m[Kâ€™)
[1.528s]   917 |                 std::chrono::duration<double> elapsed_seconds = end-[01;36m[Kstart[m[K;
[1.528s]       |                                                                     [01;36m[K^~~~~[m[K
[1.528s] [01m[K/home/wilhem/NTNU_ROV_COM/sup_com/src/sup_com/src/../../../../lib/janusxsdm/janusxsdm.cpp:918:29:[m[K [01;31m[Kerror: [m[Kredeclaration of â€˜[01m[Ktime_t end_time[m[Kâ€™
[1.528s]   918 |                 std::time_t [01;31m[Kend_time[m[K = std::chrono::system_clock::to_time_t(end);
[1.528s]       |                             [01;31m[K^~~~~~~~[m[K
[1.529s] [01m[K/home/wilhem/NTNU_ROV_COM/sup_com/src/sup_com/src/../../../../lib/janusxsdm/janusxsdm.cpp:896:29:[m[K [01;36m[Knote: [m[Kâ€˜[01m[Ktime_t end_time[m[Kâ€™ previously declared here
[1.529s]   896 |                 std::time_t [01;36m[Kend_time[m[K = std::chrono::system_clock::to_time_t(end);
[1.529s]       |                             [01;36m[K^~~~~~~~[m[K
[1.529s] [01m[K/home/wilhem/NTNU_ROV_COM/sup_com/src/sup_com/src/../../../../lib/janusxsdm/janusxsdm.cpp:934:72:[m[K [01;31m[Kerror: [m[Kno match for â€˜[01m[Koperator-[m[Kâ€™ (operand types are â€˜[01m[Kstd::chrono::time_point<std::chrono::_V2::system_clock, std::chrono::duration<long int, std::ratio<1, 1000000000> > >[m[Kâ€™ and â€˜[01m[Kstd::chrono::_V2::steady_clock::time_point[m[Kâ€™ {aka â€˜[01m[Kstd::chrono::time_point<std::chrono::_V2::steady_clock, std::chrono::duration<long int, std::ratio<1, 1000000000> > >[m[Kâ€™})
[1.529s]   934 |                     std::chrono::duration<double> elapsed_seconds = [32m[Kend[m[K[01;31m[K-[m[K[34m[Kstart[m[K;
[1.529s]       |                                                                     [32m[K~~~[m[K[01;31m[K^[m[K[34m[K~~~~~[m[K
[1.529s]       |                                                                     [32m[K|[m[K   [34m[K|[m[K
[1.529s]       |                                                                     [32m[K|[m[K   [34m[Ktime_point<std::chrono::_V2::steady_clock,[...]>[m[K
[1.529s]       |                                                                     [32m[Ktime_point<std::chrono::_V2::system_clock,[...]>[m[K
[1.530s] In file included from [01m[K/usr/include/c++/11/bits/stl_algobase.h:67[m[K,
[1.530s]                  from [01m[K/usr/include/c++/11/bits/char_traits.h:39[m[K,
[1.530s]                  from [01m[K/usr/include/c++/11/ios:40[m[K,
[1.530s]                  from [01m[K/usr/include/c++/11/ostream:38[m[K,
[1.530s]                  from [01m[K/usr/include/c++/11/iostream:39[m[K,
[1.530s]                  from [01m[K/home/wilhem/NTNU_ROV_COM/sup_com/src/sup_com/src/slave_for_demo.cpp:1[m[K:
[1.530s] [01m[K/usr/include/c++/11/bits/stl_iterator.h:560:5:[m[K [01;36m[Knote: [m[Kcandidate: â€˜[01m[Ktemplate<class _IteratorL, class _IteratorR> constexpr decltype ((__y.base() - __x.base())) std::operator-(const std::reverse_iterator<_Iterator>&, const std::reverse_iterator<_IteratorR>&)[m[Kâ€™
[1.530s]   560 |     [01;36m[Koperator[m[K-(const reverse_iterator<_IteratorL>& __x,
[1.531s]       |     [01;36m[K^~~~~~~~[m[K
[1.531s] [01m[K/usr/include/c++/11/bits/stl_iterator.h:560:5:[m[K [01;36m[Knote: [m[K  template argument deduction/substitution failed:
[1.531s] In file included from [01m[K/home/wilhem/NTNU_ROV_COM/sup_com/src/sup_com/src/slave_for_demo.cpp:13[m[K:
[1.531s] [01m[K/home/wilhem/NTNU_ROV_COM/sup_com/src/sup_com/src/../../../../lib/janusxsdm/janusxsdm.cpp:934:73:[m[K [01;36m[Knote: [m[K  â€˜[01m[Kstd::chrono::time_point<std::chrono::_V2::system_clock, std::chrono::duration<long int, std::ratio<1, 1000000000> > >[m[Kâ€™ is not derived from â€˜[01m[Kconst std::reverse_iterator<_Iterator>[m[Kâ€™
[1.531s]   934 |                     std::chrono::duration<double> elapsed_seconds = end-[01;36m[Kstart[m[K;
[1.531s]       |                                                                         [01;36m[K^~~~~[m[K
[1.531s] In file included from [01m[K/usr/include/c++/11/bits/stl_algobase.h:67[m[K,
[1.531s]                  from [01m[K/usr/include/c++/11/bits/char_traits.h:39[m[K,
[1.531s]                  from [01m[K/usr/include/c++/11/ios:40[m[K,
[1.532s]                  from [01m[K/usr/include/c++/11/ostream:38[m[K,
[1.532s]                  from [01m[K/usr/include/c++/11/iostream:39[m[K,
[1.532s]                  from [01m[K/home/wilhem/NTNU_ROV_COM/sup_com/src/sup_com/src/slave_for_demo.cpp:1[m[K:
[1.532s] [01m[K/usr/include/c++/11/bits/stl_iterator.h:1639:5:[m[K [01;36m[Knote: [m[Kcandidate: â€˜[01m[Ktemplate<class _IteratorL, class _IteratorR> constexpr decltype ((__x.base() - __y.base())) std::operator-(const std::move_iterator<_IteratorL>&, const std::move_iterator<_IteratorR>&)[m[Kâ€™
[1.532s]  1639 |     [01;36m[Koperator[m[K-(const move_iterator<_IteratorL>& __x,
[1.532s]       |     [01;36m[K^~~~~~~~[m[K
[1.532s] [01m[K/usr/include/c++/11/bits/stl_iterator.h:1639:5:[m[K [01;36m[Knote: [m[K  template argument deduction/substitution failed:
[1.532s] In file included from [01m[K/home/wilhem/NTNU_ROV_COM/sup_com/src/sup_com/src/slave_for_demo.cpp:13[m[K:
[1.532s] [01m[K/home/wilhem/NTNU_ROV_COM/sup_com/src/sup_com/src/../../../../lib/janusxsdm/janusxsdm.cpp:934:73:[m[K [01;36m[Knote: [m[K  â€˜[01m[Kstd::chrono::time_point<std::chrono::_V2::system_clock, std::chrono::duration<long int, std::ratio<1, 1000000000> > >[m[Kâ€™ is not derived from â€˜[01m[Kconst std::move_iterator<_IteratorL>[m[Kâ€™
[1.533s]   934 |                     std::chrono::duration<double> elapsed_seconds = end-[01;36m[Kstart[m[K;
[1.533s]       |                                                                         [01;36m[K^~~~~[m[K
[1.533s] In file included from [01m[K/home/wilhem/NTNU_ROV_COM/sup_com/src/sup_com/src/slave_for_demo.cpp:6[m[K:
[1.533s] [01m[K/usr/include/c++/11/chrono:660:7:[m[K [01;36m[Knote: [m[Kcandidate: â€˜[01m[Ktemplate<class _Rep1, class _Period1, class _Rep2, class _Period2> constexpr typename std::common_type<std::chrono::duration<_Rep1, _Period1>, std::chrono::duration<_Rep2, _Period2> >::type std::chrono::operator-(const std::chrono::duration<_Rep1, _Period1>&, const std::chrono::duration<_Rep2, _Period2>&)[m[Kâ€™
[1.533s]   660 |       [01;36m[Koperator[m[K-(const duration<_Rep1, _Period1>& __lhs,
[1.533s]       |       [01;36m[K^~~~~~~~[m[K
[1.533s] [01m[K/usr/include/c++/11/chrono:660:7:[m[K [01;36m[Knote: [m[K  template argument deduction/substitution failed:
[1.533s] In file included from [01m[K/home/wilhem/NTNU_ROV_COM/sup_com/src/sup_com/src/slave_for_demo.cpp:13[m[K:
[1.533s] [01m[K/home/wilhem/NTNU_ROV_COM/sup_com/src/sup_com/src/../../../../lib/janusxsdm/janusxsdm.cpp:934:73:[m[K [01;36m[Knote: [m[K  â€˜[01m[Kstd::chrono::time_point<std::chrono::_V2::system_clock, std::chrono::duration<long int, std::ratio<1, 1000000000> > >[m[Kâ€™ is not derived from â€˜[01m[Kconst std::chrono::duration<_Rep1, _Period1>[m[Kâ€™
[1.534s]   934 |                     std::chrono::duration<double> elapsed_seconds = end-[01;36m[Kstart[m[K;
[1.534s]       |                                                                         [01;36m[K^~~~~[m[K
[1.534s] In file included from [01m[K/home/wilhem/NTNU_ROV_COM/sup_com/src/sup_com/src/slave_for_demo.cpp:6[m[K:
[1.534s] [01m[K/usr/include/c++/11/chrono:1030:7:[m[K [01;36m[Knote: [m[Kcandidate: â€˜[01m[Ktemplate<class _Clock, class _Dur1, class _Rep2, class _Period2> constexpr std::chrono::time_point<_Clock, typename std::common_type<_Dur1, std::chrono::duration<_Rep2, _Period2> >::type> std::chrono::operator-(const std::chrono::time_point<_Clock, _Duration1>&, const std::chrono::duration<_Rep2, _Period2>&)[m[Kâ€™
[1.534s]  1030 |       [01;36m[Koperator[m[K-(const time_point<_Clock, _Dur1>& __lhs,
[1.534s]       |       [01;36m[K^~~~~~~~[m[K
[1.534s] [01m[K/usr/include/c++/11/chrono:1030:7:[m[K [01;36m[Knote: [m[K  template argument deduction/substitution failed:
[1.534s] In file included from [01m[K/home/wilhem/NTNU_ROV_COM/sup_com/src/sup_com/src/slave_for_demo.cpp:13[m[K:
[1.535s] [01m[K/home/wilhem/NTNU_ROV_COM/sup_com/src/sup_com/src/../../../../lib/janusxsdm/janusxsdm.cpp:934:73:[m[K [01;36m[Knote: [m[K  â€˜[01m[Kstd::chrono::_V2::steady_clock::time_point[m[Kâ€™ {aka â€˜[01m[Kstd::chrono::time_point<std::chrono::_V2::steady_clock, std::chrono::duration<long int, std::ratio<1, 1000000000> > >[m[Kâ€™} is not derived from â€˜[01m[Kconst std::chrono::duration<_Rep2, _Period2>[m[Kâ€™
[1.535s]   934 |                     std::chrono::duration<double> elapsed_seconds = end-[01;36m[Kstart[m[K;
[1.535s]       |                                                                         [01;36m[K^~~~~[m[K
[1.535s] In file included from [01m[K/home/wilhem/NTNU_ROV_COM/sup_com/src/sup_com/src/slave_for_demo.cpp:6[m[K:
[1.535s] [01m[K/usr/include/c++/11/chrono:1042:7:[m[K [01;36m[Knote: [m[Kcandidate: â€˜[01m[Ktemplate<class _Clock, class _Dur1, class _Dur2> constexpr typename std::common_type<_Duration1, _Duration2>::type std::chrono::operator-(const std::chrono::time_point<_Clock, _Duration1>&, const std::chrono::time_point<_Clock, _Duration2>&)[m[Kâ€™
[1.535s]  1042 |       [01;36m[Koperator[m[K-(const time_point<_Clock, _Dur1>& __lhs,
[1.535s]       |       [01;36m[K^~~~~~~~[m[K
[1.535s] [01m[K/usr/include/c++/11/chrono:1042:7:[m[K [01;36m[Knote: [m[K  template argument deduction/substitution failed:
[1.535s] In file included from [01m[K/home/wilhem/NTNU_ROV_COM/sup_com/src/sup_com/src/slave_for_demo.cpp:13[m[K:
[1.536s] [01m[K/home/wilhem/NTNU_ROV_COM/sup_com/src/sup_com/src/../../../../lib/janusxsdm/janusxsdm.cpp:934:73:[m[K [01;36m[Knote: [m[K  deduced conflicting types for parameter â€˜[01m[K_Clock[m[Kâ€™ (â€˜[01m[Kstd::chrono::_V2::system_clock[m[Kâ€™ and â€˜[01m[Kstd::chrono::_V2::steady_clock[m[Kâ€™)
[1.536s]   934 |                     std::chrono::duration<double> elapsed_seconds = end-[01;36m[Kstart[m[K;
[1.536s]       |                                                                         [01;36m[K^~~~~[m[K
[1.536s] [01m[K/home/wilhem/NTNU_ROV_COM/sup_com/src/sup_com/src/../../../../lib/janusxsdm/janusxsdm.cpp:947:72:[m[K [01;31m[Kerror: [m[Kno match for â€˜[01m[Koperator-[m[Kâ€™ (operand types are â€˜[01m[Kstd::chrono::time_point<std::chrono::_V2::system_clock, std::chrono::duration<long int, std::ratio<1, 1000000000> > >[m[Kâ€™ and â€˜[01m[Kstd::chrono::_V2::steady_clock::time_point[m[Kâ€™ {aka â€˜[01m[Kstd::chrono::time_point<std::chrono::_V2::steady_clock, std::chrono::duration<long int, std::ratio<1, 1000000000> > >[m[Kâ€™})
[1.536s]   947 |                     std::chrono::duration<double> elapsed_seconds = [32m[Kend[m[K[01;31m[K-[m[K[34m[Kstart[m[K;
[1.536s]       |                                                                     [32m[K~~~[m[K[01;31m[K^[m[K[34m[K~~~~~[m[K
[1.536s]       |                                                                     [32m[K|[m[K   [34m[K|[m[K
[1.536s]       |                                                                     [32m[K|[m[K   [34m[Ktime_point<std::chrono::_V2::steady_clock,[...]>[m[K
[1.537s]       |                                                                     [32m[Ktime_point<std::chrono::_V2::system_clock,[...]>[m[K
[1.537s] In file included from [01m[K/usr/include/c++/11/bits/stl_algobase.h:67[m[K,
[1.537s]                  from [01m[K/usr/include/c++/11/bits/char_traits.h:39[m[K,
[1.537s]                  from [01m[K/usr/include/c++/11/ios:40[m[K,
[1.537s]                  from [01m[K/usr/include/c++/11/ostream:38[m[K,
[1.537s]                  from [01m[K/usr/include/c++/11/iostream:39[m[K,
[1.537s]                  from [01m[K/home/wilhem/NTNU_ROV_COM/sup_com/src/sup_com/src/slave_for_demo.cpp:1[m[K:
[1.537s] [01m[K/usr/include/c++/11/bits/stl_iterator.h:560:5:[m[K [01;36m[Knote: [m[Kcandidate: â€˜[01m[Ktemplate<class _IteratorL, class _IteratorR> constexpr decltype ((__y.base() - __x.base())) std::operator-(const std::reverse_iterator<_Iterator>&, const std::reverse_iterator<_IteratorR>&)[m[Kâ€™
[1.537s]   560 |     [01;36m[Koperator[m[K-(const reverse_iterator<_IteratorL>& __x,
[1.538s]       |     [01;36m[K^~~~~~~~[m[K
[1.538s] [01m[K/usr/include/c++/11/bits/stl_iterator.h:560:5:[m[K [01;36m[Knote: [m[K  template argument deduction/substitution failed:
[1.538s] In file included from [01m[K/home/wilhem/NTNU_ROV_COM/sup_com/src/sup_com/src/slave_for_demo.cpp:13[m[K:
[1.538s] [01m[K/home/wilhem/NTNU_ROV_COM/sup_com/src/sup_com/src/../../../../lib/janusxsdm/janusxsdm.cpp:947:73:[m[K [01;36m[Knote: [m[K  â€˜[01m[Kstd::chrono::time_point<std::chrono::_V2::system_clock, std::chrono::duration<long int, std::ratio<1, 1000000000> > >[m[Kâ€™ is not derived from â€˜[01m[Kconst std::reverse_iterator<_Iterator>[m[Kâ€™
[1.538s]   947 |                     std::chrono::duration<double> elapsed_seconds = end-[01;36m[Kstart[m[K;
[1.538s]       |                                                                         [01;36m[K^~~~~[m[K
[1.538s] In file included from [01m[K/usr/include/c++/11/bits/stl_algobase.h:67[m[K,
[1.538s]                  from [01m[K/usr/include/c++/11/bits/char_traits.h:39[m[K,
[1.539s]                  from [01m[K/usr/include/c++/11/ios:40[m[K,
[1.539s]                  from [01m[K/usr/include/c++/11/ostream:38[m[K,
[1.539s]                  from [01m[K/usr/include/c++/11/iostream:39[m[K,
[1.539s]                  from [01m[K/home/wilhem/NTNU_ROV_COM/sup_com/src/sup_com/src/slave_for_demo.cpp:1[m[K:
[1.539s] [01m[K/usr/include/c++/11/bits/stl_iterator.h:1639:5:[m[K [01;36m[Knote: [m[Kcandidate: â€˜[01m[Ktemplate<class _IteratorL, class _IteratorR> constexpr decltype ((__x.base() - __y.base())) std::operator-(const std::move_iterator<_IteratorL>&, const std::move_iterator<_IteratorR>&)[m[Kâ€™
[1.539s]  1639 |     [01;36m[Koperator[m[K-(const move_iterator<_IteratorL>& __x,
[1.539s]       |     [01;36m[K^~~~~~~~[m[K
[1.539s] [01m[K/usr/include/c++/11/bits/stl_iterator.h:1639:5:[m[K [01;36m[Knote: [m[K  template argument deduction/substitution failed:
[1.539s] In file included from [01m[K/home/wilhem/NTNU_ROV_COM/sup_com/src/sup_com/src/slave_for_demo.cpp:13[m[K:
[1.540s] [01m[K/home/wilhem/NTNU_ROV_COM/sup_com/src/sup_com/src/../../../../lib/janusxsdm/janusxsdm.cpp:947:73:[m[K [01;36m[Knote: [m[K  â€˜[01m[Kstd::chrono::time_point<std::chrono::_V2::system_clock, std::chrono::duration<long int, std::ratio<1, 1000000000> > >[m[Kâ€™ is not derived from â€˜[01m[Kconst std::move_iterator<_IteratorL>[m[Kâ€™
[1.540s]   947 |                     std::chrono::duration<double> elapsed_seconds = end-[01;36m[Kstart[m[K;
[1.540s]       |                                                                         [01;36m[K^~~~~[m[K
[1.540s] In file included from [01m[K/home/wilhem/NTNU_ROV_COM/sup_com/src/sup_com/src/slave_for_demo.cpp:6[m[K:
[1.540s] [01m[K/usr/include/c++/11/chrono:660:7:[m[K [01;36m[Knote: [m[Kcandidate: â€˜[01m[Ktemplate<class _Rep1, class _Period1, class _Rep2, class _Period2> constexpr typename std::common_type<std::chrono::duration<_Rep1, _Period1>, std::chrono::duration<_Rep2, _Period2> >::type std::chrono::operator-(const std::chrono::duration<_Rep1, _Period1>&, const std::chrono::duration<_Rep2, _Period2>&)[m[Kâ€™
[1.540s]   660 |       [01;36m[Koperator[m[K-(const duration<_Rep1, _Period1>& __lhs,
[1.540s]       |       [01;36m[K^~~~~~~~[m[K
[1.540s] [01m[K/usr/include/c++/11/chrono:660:7:[m[K [01;36m[Knote: [m[K  template argument deduction/substitution failed:
[1.540s] In file included from [01m[K/home/wilhem/NTNU_ROV_COM/sup_com/src/sup_com/src/slave_for_demo.cpp:13[m[K:
[1.541s] [01m[K/home/wilhem/NTNU_ROV_COM/sup_com/src/sup_com/src/../../../../lib/janusxsdm/janusxsdm.cpp:947:73:[m[K [01;36m[Knote: [m[K  â€˜[01m[Kstd::chrono::time_point<std::chrono::_V2::system_clock, std::chrono::duration<long int, std::ratio<1, 1000000000> > >[m[Kâ€™ is not derived from â€˜[01m[Kconst std::chrono::duration<_Rep1, _Period1>[m[Kâ€™
[1.541s]   947 |                     std::chrono::duration<double> elapsed_seconds = end-[01;36m[Kstart[m[K;
[1.541s]       |                                                                         [01;36m[K^~~~~[m[K
[1.541s] In file included from [01m[K/home/wilhem/NTNU_ROV_COM/sup_com/src/sup_com/src/slave_for_demo.cpp:6[m[K:
[1.541s] [01m[K/usr/include/c++/11/chrono:1030:7:[m[K [01;36m[Knote: [m[Kcandidate: â€˜[01m[Ktemplate<class _Clock, class _Dur1, class _Rep2, class _Period2> constexpr std::chrono::time_point<_Clock, typename std::common_type<_Dur1, std::chrono::duration<_Rep2, _Period2> >::type> std::chrono::operator-(const std::chrono::time_point<_Clock, _Duration1>&, const std::chrono::duration<_Rep2, _Period2>&)[m[Kâ€™
[1.541s]  1030 |       [01;36m[Koperator[m[K-(const time_point<_Clock, _Dur1>& __lhs,
[1.541s]       |       [01;36m[K^~~~~~~~[m[K
[1.541s] [01m[K/usr/include/c++/11/chrono:1030:7:[m[K [01;36m[Knote: [m[K  template argument deduction/substitution failed:
[1.542s] In file included from [01m[K/home/wilhem/NTNU_ROV_COM/sup_com/src/sup_com/src/slave_for_demo.cpp:13[m[K:
[1.542s] [01m[K/home/wilhem/NTNU_ROV_COM/sup_com/src/sup_com/src/../../../../lib/janusxsdm/janusxsdm.cpp:947:73:[m[K [01;36m[Knote: [m[K  â€˜[01m[Kstd::chrono::_V2::steady_clock::time_point[m[Kâ€™ {aka â€˜[01m[Kstd::chrono::time_point<std::chrono::_V2::steady_clock, std::chrono::duration<long int, std::ratio<1, 1000000000> > >[m[Kâ€™} is not derived from â€˜[01m[Kconst std::chrono::duration<_Rep2, _Period2>[m[Kâ€™
[1.542s]   947 |                     std::chrono::duration<double> elapsed_seconds = end-[01;36m[Kstart[m[K;
[1.542s]       |                                                                         [01;36m[K^~~~~[m[K
[1.542s] In file included from [01m[K/home/wilhem/NTNU_ROV_COM/sup_com/src/sup_com/src/slave_for_demo.cpp:6[m[K:
[1.542s] [01m[K/usr/include/c++/11/chrono:1042:7:[m[K [01;36m[Knote: [m[Kcandidate: â€˜[01m[Ktemplate<class _Clock, class _Dur1, class _Dur2> constexpr typename std::common_type<_Duration1, _Duration2>::type std::chrono::operator-(const std::chrono::time_point<_Clock, _Duration1>&, const std::chrono::time_point<_Clock, _Duration2>&)[m[Kâ€™
[1.542s]  1042 |       [01;36m[Koperator[m[K-(const time_point<_Clock, _Dur1>& __lhs,
[1.542s]       |       [01;36m[K^~~~~~~~[m[K
[1.543s] [01m[K/usr/include/c++/11/chrono:1042:7:[m[K [01;36m[Knote: [m[K  template argument deduction/substitution failed:
[1.543s] In file included from [01m[K/home/wilhem/NTNU_ROV_COM/sup_com/src/sup_com/src/slave_for_demo.cpp:13[m[K:
[1.543s] [01m[K/home/wilhem/NTNU_ROV_COM/sup_com/src/sup_com/src/../../../../lib/janusxsdm/janusxsdm.cpp:947:73:[m[K [01;36m[Knote: [m[K  deduced conflicting types for parameter â€˜[01m[K_Clock[m[Kâ€™ (â€˜[01m[Kstd::chrono::_V2::system_clock[m[Kâ€™ and â€˜[01m[Kstd::chrono::_V2::steady_clock[m[Kâ€™)
[1.543s]   947 |                     std::chrono::duration<double> elapsed_seconds = end-[01;36m[Kstart[m[K;
[1.543s]       |                                                                         [01;36m[K^~~~~[m[K
[6.035s] gmake[2]: *** [CMakeFiles/talker.dir/build.make:76: CMakeFiles/talker.dir/src/master_for_demo.cpp.o] Error 1
[6.035s] gmake[1]: *** [CMakeFiles/Makefile2:143: CMakeFiles/talker.dir/all] Error 2
[6.035s] gmake[1]: *** Waiting for unfinished jobs....
[9.054s] gmake[2]: *** [CMakeFiles/listener.dir/build.make:76: CMakeFiles/listener.dir/src/slave_for_demo.cpp.o] Error 1
[9.055s] gmake[1]: *** [CMakeFiles/Makefile2:169: CMakeFiles/listener.dir/all] Error 2
[9.057s] gmake: *** [Makefile:146: all] Error 2
[9.058s] Invoked command in '/home/wilhem/NTNU_ROV_COM/sup_com/src/build/sup_com' returned '2': CMAKE_PREFIX_PATH=${CMAKE_PREFIX_PATH}:/home/wilhem/ros2_ws/install/my_pkg_test:/opt/ros/humble /usr/bin/cmake --build /home/wilhem/NTNU_ROV_COM/sup_com/src/build/sup_com -- -j4 -l4
