[0.026s] Invoking command in '/home/wilhem/NTNU_ROV_COM/sup_com/src/build/sup_com': CMAKE_PREFIX_PATH=${CMAKE_PREFIX_PATH}:/home/wilhem/ros2_ws/install/my_pkg_test:/opt/ros/humble /usr/bin/cmake --build /home/wilhem/NTNU_ROV_COM/sup_com/src/build/sup_com -- -j4 -l4
[0.085s] [35m[1mConsolidate compiler generated dependencies of target listener[0m
[0.085s] [35m[1mConsolidate compiler generated dependencies of target talker[0m
[0.102s] [ 25%] Built target masterListener
[0.113s] [ 50%] Built target nodeTalker
[0.116s] [ 62%] [32mBuilding CXX object CMakeFiles/talker.dir/src/master_for_demo.cpp.o[0m
[0.129s] [ 75%] [32mBuilding CXX object CMakeFiles/listener.dir/src/slave_for_demo.cpp.o[0m
[1.145s] In file included from [01m[K/home/wilhem/NTNU_ROV_COM/sup_com/src/sup_com/src/master_for_demo.cpp:13[m[K:
[1.146s] [01m[K/home/wilhem/NTNU_ROV_COM/sup_com/src/sup_com/src/../../../../lib/janusxsdm/janusxsdm.cpp:[m[K In member function â€˜[01m[Kvoid janusxsdm::connection::sendSimple(std::string)[m[Kâ€™:
[1.146s] [01m[K/home/wilhem/NTNU_ROV_COM/sup_com/src/sup_com/src/../../../../lib/janusxsdm/janusxsdm.cpp:255:65:[m[K [01;35m[Kwarning: [m[Kstatement has no effect [[01;35m[K]8;;https://gcc.gnu.org/onlinedocs/gcc/Warning-Options.html#index-Wunused-value-Wunused-value]8;;[m[K]
[1.146s]   255 |                     MyFile1121 << "Buffer: " << buffer << "\n"; [01;35m[Ksizeof(buffer)[m[K;
[1.146s]       |                                                                 [01;35m[K^~~~~~~~~~~~~~[m[K
[1.154s] [01m[K/home/wilhem/NTNU_ROV_COM/sup_com/src/sup_com/src/../../../../lib/janusxsdm/janusxsdm.cpp:258:21:[m[K [01;31m[Kerror: [m[Kâ€˜[01m[KMyFile111[m[Kâ€™ was not declared in this scope; did you mean â€˜[01m[KMyFile1121[m[Kâ€™?
[1.154s]   258 |                     [01;31m[KMyFile111[m[K.close();
[1.154s]       |                     [01;31m[K^~~~~~~~~[m[K
[1.154s]       |                     [32m[KMyFile1121[m[K
[1.154s] In file included from [01m[K/home/wilhem/NTNU_ROV_COM/sup_com/src/sup_com/src/slave_for_demo.cpp:13[m[K:
[1.154s] [01m[K/home/wilhem/NTNU_ROV_COM/sup_com/src/sup_com/src/../../../../lib/janusxsdm/janusxsdm.cpp:[m[K In member function â€˜[01m[Kvoid janusxsdm::connection::sendSimple(std::string)[m[Kâ€™:
[1.155s] [01m[K/home/wilhem/NTNU_ROV_COM/sup_com/src/sup_com/src/../../../../lib/janusxsdm/janusxsdm.cpp:255:65:[m[K [01;35m[Kwarning: [m[Kstatement has no effect [[01;35m[K]8;;https://gcc.gnu.org/onlinedocs/gcc/Warning-Options.html#index-Wunused-value-Wunused-value]8;;[m[K]
[1.155s]   255 |                     MyFile1121 << "Buffer: " << buffer << "\n"; [01;35m[Ksizeof(buffer)[m[K;
[1.155s]       |                                                                 [01;35m[K^~~~~~~~~~~~~~[m[K
[1.163s] [01m[K/home/wilhem/NTNU_ROV_COM/sup_com/src/sup_com/src/../../../../lib/janusxsdm/janusxsdm.cpp:258:21:[m[K [01;31m[Kerror: [m[Kâ€˜[01m[KMyFile111[m[Kâ€™ was not declared in this scope; did you mean â€˜[01m[KMyFile1121[m[Kâ€™?
[1.164s]   258 |                     [01;31m[KMyFile111[m[K.close();
[1.164s]       |                     [01;31m[K^~~~~~~~~[m[K
[1.164s]       |                     [32m[KMyFile1121[m[K
[1.164s] [01m[K/home/wilhem/NTNU_ROV_COM/sup_com/src/sup_com/src/../../../../lib/janusxsdm/janusxsdm.cpp:324:30:[m[K [01;35m[Kwarning: [m[Kcomparison of integer expressions of different signedness: â€˜[01m[Kint[m[Kâ€™ and â€˜[01m[Kconst size_type[m[Kâ€™ {aka â€˜[01m[Kconst long unsigned int[m[Kâ€™} [[01;35m[K]8;;https://gcc.gnu.org/onlinedocs/gcc/Warning-Options.html#index-Wsign-compare-Wsign-compare]8;;[m[K]
[1.164s]   324 |                         if([01;35m[Kj != std::string::npos[m[K)
[1.164s]       |                            [01;35m[K~~^~~~~~~~~~~~~~~~~~~~[m[K
[1.164s] [01m[K/home/wilhem/NTNU_ROV_COM/sup_com/src/sup_com/src/../../../../lib/janusxsdm/janusxsdm.cpp:[m[K In member function â€˜[01m[Kint janusxsdm::connection::decode(int16_t*, std::string&)[m[Kâ€™:
[1.164s] [01m[K/home/wilhem/NTNU_ROV_COM/sup_com/src/sup_com/src/../../../../lib/janusxsdm/janusxsdm.cpp:380:36:[m[K [01;35m[Kwarning: [m[Kunused parameter â€˜[01m[Kbuf[m[Kâ€™ [[01;35m[K]8;;https://gcc.gnu.org/onlinedocs/gcc/Warning-Options.html#index-Wunused-parameter-Wunused-parameter]8;;[m[K]
[1.165s]   380 |     int connection::decode([01;35m[Kint16_t buf[][m[K, std::string &message)
[1.165s]       |                            [01;35m[K~~~~~~~~^~~~~[m[K
[1.165s] [01m[K/home/wilhem/NTNU_ROV_COM/sup_com/src/sup_com/src/../../../../lib/janusxsdm/janusxsdm.cpp:380:56:[m[K [01;35m[Kwarning: [m[Kunused parameter â€˜[01m[Kmessage[m[Kâ€™ [[01;35m[K]8;;https://gcc.gnu.org/onlinedocs/gcc/Warning-Options.html#index-Wunused-parameter-Wunused-parameter]8;;[m[K]
[1.165s]   380 |     int connection::decode(int16_t buf[], [01;35m[Kstd::string &message[m[K)
[1.165s]       |                                           [01;35m[K~~~~~~~~~~~~~^~~~~~~[m[K
[1.165s] [01m[K/home/wilhem/NTNU_ROV_COM/sup_com/src/sup_com/src/../../../../lib/janusxsdm/janusxsdm.cpp:[m[K In member function â€˜[01m[Kint janusxsdm::connection::listenSimple(std::string&)[m[Kâ€™:
[1.165s] [01m[K/home/wilhem/NTNU_ROV_COM/sup_com/src/sup_com/src/../../../../lib/janusxsdm/janusxsdm.cpp:478:23:[m[K [01;35m[Kwarning: [m[Kunused variable â€˜[01m[Ksdm_arg[m[Kâ€™ [[01;35m[K]8;;https://gcc.gnu.org/onlinedocs/gcc/Warning-Options.html#index-Wunused-variable-Wunused-variable]8;;[m[K]
[1.165s]   478 |                 char* [01;35m[Ksdm_arg[m[K[] = {arg1, arg2, (char*)scmd.c_str(), NULL};
[1.165s]       |                       [01;35m[K^~~~~~~[m[K
[1.169s] [01m[K/home/wilhem/NTNU_ROV_COM/sup_com/src/sup_com/src/../../../../lib/janusxsdm/janusxsdm.cpp:522:30:[m[K [01;35m[Kwarning: [m[Kcomparison of integer expressions of different signedness: â€˜[01m[Kint[m[Kâ€™ and â€˜[01m[Kconst size_type[m[Kâ€™ {aka â€˜[01m[Kconst long unsigned int[m[Kâ€™} [[01;35m[K]8;;https://gcc.gnu.org/onlinedocs/gcc/Warning-Options.html#index-Wsign-compare-Wsign-compare]8;;[m[K]
[1.169s]   522 |                         if([01;35m[Kj != std::string::npos[m[K)
[1.170s]       |                            [01;35m[K~~^~~~~~~~~~~~~~~~~~~~[m[K
[1.170s] [01m[K/home/wilhem/NTNU_ROV_COM/sup_com/src/sup_com/src/../../../../lib/janusxsdm/janusxsdm.cpp:324:30:[m[K [01;35m[Kwarning: [m[Kcomparison of integer expressions of different signedness: â€˜[01m[Kint[m[Kâ€™ and â€˜[01m[Kconst size_type[m[Kâ€™ {aka â€˜[01m[Kconst long unsigned int[m[Kâ€™} [[01;35m[K]8;;https://gcc.gnu.org/onlinedocs/gcc/Warning-Options.html#index-Wsign-compare-Wsign-compare]8;;[m[K]
[1.170s]   324 |                         if([01;35m[Kj != std::string::npos[m[K)
[1.170s]       |                            [01;35m[K~~^~~~~~~~~~~~~~~~~~~~[m[K
[1.170s] [01m[K/home/wilhem/NTNU_ROV_COM/sup_com/src/sup_com/src/../../../../lib/janusxsdm/janusxsdm.cpp:[m[K In member function â€˜[01m[Kint janusxsdm::connection::decode(int16_t*, std::string&)[m[Kâ€™:
[1.170s] [01m[K/home/wilhem/NTNU_ROV_COM/sup_com/src/sup_com/src/../../../../lib/janusxsdm/janusxsdm.cpp:380:36:[m[K [01;35m[Kwarning: [m[Kunused parameter â€˜[01m[Kbuf[m[Kâ€™ [[01;35m[K]8;;https://gcc.gnu.org/onlinedocs/gcc/Warning-Options.html#index-Wunused-parameter-Wunused-parameter]8;;[m[K]
[1.170s]   380 |     int connection::decode([01;35m[Kint16_t buf[][m[K, std::string &message)
[1.170s]       |                            [01;35m[K~~~~~~~~^~~~~[m[K
[1.171s] [01m[K/home/wilhem/NTNU_ROV_COM/sup_com/src/sup_com/src/../../../../lib/janusxsdm/janusxsdm.cpp:380:56:[m[K [01;35m[Kwarning: [m[Kunused parameter â€˜[01m[Kmessage[m[Kâ€™ [[01;35m[K]8;;https://gcc.gnu.org/onlinedocs/gcc/Warning-Options.html#index-Wunused-parameter-Wunused-parameter]8;;[m[K]
[1.171s]   380 |     int connection::decode(int16_t buf[], [01;35m[Kstd::string &message[m[K)
[1.171s]       |                                           [01;35m[K~~~~~~~~~~~~~^~~~~~~[m[K
[1.171s] [01m[K/home/wilhem/NTNU_ROV_COM/sup_com/src/sup_com/src/../../../../lib/janusxsdm/janusxsdm.cpp:[m[K In member function â€˜[01m[Kint janusxsdm::connection::listenSimple(std::string&)[m[Kâ€™:
[1.171s] [01m[K/home/wilhem/NTNU_ROV_COM/sup_com/src/sup_com/src/../../../../lib/janusxsdm/janusxsdm.cpp:478:23:[m[K [01;35m[Kwarning: [m[Kunused variable â€˜[01m[Ksdm_arg[m[Kâ€™ [[01;35m[K]8;;https://gcc.gnu.org/onlinedocs/gcc/Warning-Options.html#index-Wunused-variable-Wunused-variable]8;;[m[K]
[1.171s]   478 |                 char* [01;35m[Ksdm_arg[m[K[] = {arg1, arg2, (char*)scmd.c_str(), NULL};
[1.171s]       |                       [01;35m[K^~~~~~~[m[K
[1.175s] [01m[K/home/wilhem/NTNU_ROV_COM/sup_com/src/sup_com/src/../../../../lib/janusxsdm/janusxsdm.cpp:522:30:[m[K [01;35m[Kwarning: [m[Kcomparison of integer expressions of different signedness: â€˜[01m[Kint[m[Kâ€™ and â€˜[01m[Kconst size_type[m[Kâ€™ {aka â€˜[01m[Kconst long unsigned int[m[Kâ€™} [[01;35m[K]8;;https://gcc.gnu.org/onlinedocs/gcc/Warning-Options.html#index-Wsign-compare-Wsign-compare]8;;[m[K]
[1.176s]   522 |                         if([01;35m[Kj != std::string::npos[m[K)
[1.176s]       |                            [01;35m[K~~^~~~~~~~~~~~~~~~~~~~[m[K
[5.498s] gmake[2]: *** [CMakeFiles/talker.dir/build.make:76: CMakeFiles/talker.dir/src/master_for_demo.cpp.o] Error 1
[5.498s] gmake[1]: *** [CMakeFiles/Makefile2:143: CMakeFiles/talker.dir/all] Error 2
[5.498s] gmake[1]: *** Waiting for unfinished jobs....
[8.313s] gmake[2]: *** [CMakeFiles/listener.dir/build.make:76: CMakeFiles/listener.dir/src/slave_for_demo.cpp.o] Error 1
[8.313s] gmake[1]: *** [CMakeFiles/Makefile2:169: CMakeFiles/listener.dir/all] Error 2
[8.313s] gmake: *** [Makefile:146: all] Error 2
[8.320s] Invoked command in '/home/wilhem/NTNU_ROV_COM/sup_com/src/build/sup_com' returned '2': CMAKE_PREFIX_PATH=${CMAKE_PREFIX_PATH}:/home/wilhem/ros2_ws/install/my_pkg_test:/opt/ros/humble /usr/bin/cmake --build /home/wilhem/NTNU_ROV_COM/sup_com/src/build/sup_com -- -j4 -l4
