[0.043s] Invoking command in '/home/wilhem/NTNU_ROV_COM/sup_com/src/build/sup_com': CMAKE_PREFIX_PATH=/home/wilhem/ros2_ws/install/my_pkg_test:/opt/ros/humble /usr/bin/cmake --build /home/wilhem/NTNU_ROV_COM/sup_com/src/build/sup_com -- -j4 -l4
[0.315s] [35m[1mConsolidate compiler generated dependencies of target listener[0m
[0.317s] [35m[1mConsolidate compiler generated dependencies of target talker[0m
[0.317s] [35m[1mConsolidate compiler generated dependencies of target nodeTalker[0m
[0.371s] [ 12%] [32mBuilding CXX object CMakeFiles/talker.dir/src/master_for_demo.cpp.o[0m
[0.371s] [ 37%] Built target masterListener
[0.377s] [ 50%] [32mBuilding CXX object CMakeFiles/listener.dir/src/slave_for_demo.cpp.o[0m
[0.381s] [ 75%] Built target nodeTalker
[1.629s] In file included from [01m[K/home/wilhem/NTNU_ROV_COM/sup_com/src/sup_com/src/master_for_demo.cpp:13[m[K:
[1.629s] [01m[K/home/wilhem/NTNU_ROV_COM/sup_com/src/sup_com/src/../../../../lib/janusxsdm/janusxsdm.cpp:[m[K In member function â€˜[01m[Kvoid janusxsdm::connection::sendSimple(std::string)[m[Kâ€™:
[1.629s] [01m[K/home/wilhem/NTNU_ROV_COM/sup_com/src/sup_com/src/../../../../lib/janusxsdm/janusxsdm.cpp:258:65:[m[K [01;35m[Kwarning: [m[Kstatement has no effect [[01;35m[K]8;;https://gcc.gnu.org/onlinedocs/gcc/Warning-Options.html#index-Wunused-value-Wunused-value]8;;[m[K]
[1.629s]   258 |                 MyFile1121 << "Buffer: " << buffer << "\n"; [01;35m[Ksizeof(buffer)[m[K;
[1.629s]       |                                                             [01;35m[K^~~~~~~~~~~~~~[m[K
[1.629s] 
[1.629s] In file included from [01m[K/home/wilhem/NTNU_ROV_COM/sup_com/src/sup_com/src/slave_for_demo.cpp:13[m[K:
[1.630s] [01m[K/home/wilhem/NTNU_ROV_COM/sup_com/src/sup_com/src/../../../../lib/janusxsdm/janusxsdm.cpp:[m[K In member function â€˜[01m[Kvoid janusxsdm::connection::sendSimple(std::string)[m[Kâ€™:
[1.630s] [01m[K/home/wilhem/NTNU_ROV_COM/sup_com/src/sup_com/src/../../../../lib/janusxsdm/janusxsdm.cpp:258:65:[m[K [01;35m[Kwarning: [m[Kstatement has no effect [[01;35m[K]8;;https://gcc.gnu.org/onlinedocs/gcc/Warning-Options.html#index-Wunused-value-Wunused-value]8;;[m[K]
[1.630s]   258 |                     MyFile1121 << "Buffer: " << buffer << "\n"; [01;35m[Ksizeof(buffer)[m[K;
[1.630s]       |                                                                 [01;35m[K^~~~~~~~~~~~~~[m[K
[1.638s] [01m[K/home/wilhem/NTNU_ROV_COM/sup_com/src/sup_com/src/../../../../lib/janusxsdm/janusxsdm.cpp:369:34:[m[K [01;35m[Kwarning: [m[Kcomparison of integer expressions of different signedness: â€˜[01m[Kint[m[Kâ€™ and â€˜[01m[Kconst size_type[m[Kâ€™ {aka â€˜[01m[Kconst long unsigned int[m[Kâ€™} [[01;35m[K]8;;https://gcc.gnu.org/onlinedocs/gcc/Warning-Options.html#index-Wsign-compare-Wsign-compare]8;;[m[K]
[1.638s]   369 |                             if([01;35m[Kj != std::string::npos[m[K)
[1.638s]       |                                [01;35m[K~~^~~~~~~~~~~~~~~~~~~~[m[K
[1.641s] [01m[K/home/wilhem/NTNU_ROV_COM/sup_com/src/sup_com/src/../../../../lib/janusxsdm/janusxsdm.cpp:247:21:[m[K [01;35m[Kwarning: [m[Kunused variable â€˜[01m[Knbytes[m[Kâ€™ [[01;35m[K]8;;https://gcc.gnu.org/onlinedocs/gcc/Warning-Options.html#index-Wunused-variable-Wunused-variable]8;;[m[K]
[1.641s]   247 |                 int [01;35m[Knbytes[m[K;
[1.641s]       |                     [01;35m[K^~~~~~[m[K
[1.642s] [01m[K/home/wilhem/NTNU_ROV_COM/sup_com/src/sup_com/src/../../../../lib/janusxsdm/janusxsdm.cpp:[m[K In member function â€˜[01m[Kint janusxsdm::connection::decode(int16_t*, std::string&)[m[Kâ€™:
[1.642s] [01m[K/home/wilhem/NTNU_ROV_COM/sup_com/src/sup_com/src/../../../../lib/janusxsdm/janusxsdm.cpp:426:36:[m[K [01;35m[Kwarning: [m[Kunused parameter â€˜[01m[Kbuf[m[Kâ€™ [[01;35m[K]8;;https://gcc.gnu.org/onlinedocs/gcc/Warning-Options.html#index-Wunused-parameter-Wunused-parameter]8;;[m[K]
[1.642s]   426 |     int connection::decode([01;35m[Kint16_t buf[][m[K, std::string &message)
[1.642s]       |                            [01;35m[K~~~~~~~~^~~~~[m[K
[1.642s] [01m[K/home/wilhem/NTNU_ROV_COM/sup_com/src/sup_com/src/../../../../lib/janusxsdm/janusxsdm.cpp:426:56:[m[K [01;35m[Kwarning: [m[Kunused parameter â€˜[01m[Kmessage[m[Kâ€™ [[01;35m[K]8;;https://gcc.gnu.org/onlinedocs/gcc/Warning-Options.html#index-Wunused-parameter-Wunused-parameter]8;;[m[K]
[1.643s]   426 |     int connection::decode(int16_t buf[], [01;35m[Kstd::string &message[m[K)
[1.643s]       |                                           [01;35m[K~~~~~~~~~~~~~^~~~~~~[m[K
[1.644s] [01m[K/home/wilhem/NTNU_ROV_COM/sup_com/src/sup_com/src/../../../../lib/janusxsdm/janusxsdm.cpp:369:34:[m[K [01;35m[Kwarning: [m[Kcomparison of integer expressions of different signedness: â€˜[01m[Kint[m[Kâ€™ and â€˜[01m[Kconst size_type[m[Kâ€™ {aka â€˜[01m[Kconst long unsigned int[m[Kâ€™} [[01;35m[K]8;;https://gcc.gnu.org/onlinedocs/gcc/Warning-Options.html#index-Wsign-compare-Wsign-compare]8;;[m[K]
[1.644s]   369 |                             if([01;35m[Kj != std::string::npos[m[K)
[1.644s]       |                                [01;35m[K~~^~~~~~~~~~~~~~~~~~~~[m[K
[1.644s] [01m[K/home/wilhem/NTNU_ROV_COM/sup_com/src/sup_com/src/../../../../lib/janusxsdm/janusxsdm.cpp:[m[K In member function â€˜[01m[Kint janusxsdm::connection::listenSimple(std::string&)[m[Kâ€™:
[1.645s] [01m[K/home/wilhem/NTNU_ROV_COM/sup_com/src/sup_com/src/../../../../lib/janusxsdm/janusxsdm.cpp:525:23:[m[K [01;35m[Kwarning: [m[Kunused variable â€˜[01m[Ksdm_arg[m[Kâ€™ [[01;35m[K]8;;https://gcc.gnu.org/onlinedocs/gcc/Warning-Options.html#index-Wunused-variable-Wunused-variable]8;;[m[K]
[1.645s]   525 |                 char* [01;35m[Ksdm_arg[m[K[] = {arg1, arg2, (char*)scmd.c_str(), NULL};
[1.645s]       |                       [01;35m[K^~~~~~~[m[K
[1.647s] [01m[K/home/wilhem/NTNU_ROV_COM/sup_com/src/sup_com/src/../../../../lib/janusxsdm/janusxsdm.cpp:570:30:[m[K [01;35m[Kwarning: [m[Kcomparison of integer expressions of different signedness: â€˜[01m[Kint[m[Kâ€™ and â€˜[01m[Kconst size_type[m[Kâ€™ {aka â€˜[01m[Kconst long unsigned int[m[Kâ€™} [[01;35m[K]8;;https://gcc.gnu.org/onlinedocs/gcc/Warning-Options.html#index-Wsign-compare-Wsign-compare]8;;[m[K]
[1.647s]   570 |                         if([01;35m[Kj != std::string::npos[m[K)
[1.647s]       |                            [01;35m[K~~^~~~~~~~~~~~~~~~~~~~[m[K
[1.648s] [01m[K/home/wilhem/NTNU_ROV_COM/sup_com/src/sup_com/src/../../../../lib/janusxsdm/janusxsdm.cpp:247:21:[m[K [01;35m[Kwarning: [m[Kunused variable â€˜[01m[Knbytes[m[Kâ€™ [[01;35m[K]8;;https://gcc.gnu.org/onlinedocs/gcc/Warning-Options.html#index-Wunused-variable-Wunused-variable]8;;[m[K]
[1.648s]   247 |                 int [01;35m[Knbytes[m[K;
[1.649s]       |                     [01;35m[K^~~~~~[m[K
[1.651s] [01m[K/home/wilhem/NTNU_ROV_COM/sup_com/src/sup_com/src/../../../../lib/janusxsdm/janusxsdm.cpp:[m[K In member function â€˜[01m[Kint janusxsdm::connection::decode(int16_t*, std::string&)[m[Kâ€™:
[1.651s] [01m[K/home/wilhem/NTNU_ROV_COM/sup_com/src/sup_com/src/../../../../lib/janusxsdm/janusxsdm.cpp:426:36:[m[K [01;35m[Kwarning: [m[Kunused parameter â€˜[01m[Kbuf[m[Kâ€™ [[01;35m[K]8;;https://gcc.gnu.org/onlinedocs/gcc/Warning-Options.html#index-Wunused-parameter-Wunused-parameter]8;;[m[K]
[1.651s]   426 |     int connection::decode([01;35m[Kint16_t buf[][m[K, std::string &message)
[1.652s]       |                            [01;35m[K~~~~~~~~^~~~~[m[K
[1.652s] [01m[K/home/wilhem/NTNU_ROV_COM/sup_com/src/sup_com/src/../../../../lib/janusxsdm/janusxsdm.cpp:426:56:[m[K [01;35m[Kwarning: [m[Kunused parameter â€˜[01m[Kmessage[m[Kâ€™ [[01;35m[K]8;;https://gcc.gnu.org/onlinedocs/gcc/Warning-Options.html#index-Wunused-parameter-Wunused-parameter]8;;[m[K]
[1.652s]   426 |     int connection::decode(int16_t buf[], [01;35m[Kstd::string &message[m[K)
[1.652s]       |                                           [01;35m[K~~~~~~~~~~~~~^~~~~~~[m[K
[1.655s] [01m[K/home/wilhem/NTNU_ROV_COM/sup_com/src/sup_com/src/../../../../lib/janusxsdm/janusxsdm.cpp:[m[K In member function â€˜[01m[Kint janusxsdm::connection::listenSimple(std::string&)[m[Kâ€™:
[1.655s] [01m[K/home/wilhem/NTNU_ROV_COM/sup_com/src/sup_com/src/../../../../lib/janusxsdm/janusxsdm.cpp:525:23:[m[K [01;35m[Kwarning: [m[Kunused variable â€˜[01m[Ksdm_arg[m[Kâ€™ [[01;35m[K]8;;https://gcc.gnu.org/onlinedocs/gcc/Warning-Options.html#index-Wunused-variable-Wunused-variable]8;;[m[K]
[1.655s]   525 |                 char* [01;35m[Ksdm_arg[m[K[] = {arg1, arg2, (char*)scmd.c_str(), NULL};
[1.655s]       |                       [01;35m[K^~~~~~~[m[K
[1.658s] [01m[K/home/wilhem/NTNU_ROV_COM/sup_com/src/sup_com/src/../../../../lib/janusxsdm/janusxsdm.cpp:570:30:[m[K [01;35m[Kwarning: [m[Kcomparison of integer expressions of different signedness: â€˜[01m[Kint[m[Kâ€™ and â€˜[01m[Kconst size_type[m[Kâ€™ {aka â€˜[01m[Kconst long unsigned int[m[Kâ€™} [[01;35m[K]8;;https://gcc.gnu.org/onlinedocs/gcc/Warning-Options.html#index-Wsign-compare-Wsign-compare]8;;[m[K]
[1.658s]   570 |                         if([01;35m[Kj != std::string::npos[m[K)
[1.659s]       |                            [01;35m[K~~^~~~~~~~~~~~~~~~~~~~[m[K
[1.663s] [01m[K/home/wilhem/NTNU_ROV_COM/sup_com/src/sup_com/src/../../../../lib/janusxsdm/janusxsdm.cpp:[m[K In member function â€˜[01m[Kint janusxsdm::connection::listen(std::string&, std::chrono::duration<double>)[m[Kâ€™:
[1.663s] [01m[K/home/wilhem/NTNU_ROV_COM/sup_com/src/sup_com/src/../../../../lib/janusxsdm/janusxsdm.cpp:849:19:[m[K [01;31m[Kerror: [m[Kâ€˜[01m[Kjanusframe[m[Kâ€™ was not declared in this scope; did you mean â€˜[01m[Kjanusframe2[m[Kâ€™?
[1.663s]   849 |             pos = [01;31m[Kjanusframe[m[K.find(idStr);
[1.663s]       |                   [01;31m[K^~~~~~~~~~[m[K
[1.663s]       |                   [32m[Kjanusframe2[m[K
[1.666s] [01m[K/home/wilhem/NTNU_ROV_COM/sup_com/src/sup_com/src/../../../../lib/janusxsdm/janusxsdm.cpp:770:18:[m[K [01;35m[Kwarning: [m[Kunused variable â€˜[01m[Kch2[m[Kâ€™ [[01;35m[K]8;;https://gcc.gnu.org/onlinedocs/gcc/Warning-Options.html#index-Wunused-variable-Wunused-variable]8;;[m[K]
[1.666s]   770 |             char [01;35m[Kch2[m[K;                                           //Buffer for storing from pipe() "fd2"
[1.667s]       |                  [01;35m[K^~~[m[K
[1.674s] [01m[K/home/wilhem/NTNU_ROV_COM/sup_com/src/sup_com/src/../../../../lib/janusxsdm/janusxsdm.cpp:[m[K In member function â€˜[01m[Kint janusxsdm::connection::listen(std::string&, std::chrono::duration<double>)[m[Kâ€™:
[1.674s] [01m[K/home/wilhem/NTNU_ROV_COM/sup_com/src/sup_com/src/../../../../lib/janusxsdm/janusxsdm.cpp:849:19:[m[K [01;31m[Kerror: [m[Kâ€˜[01m[Kjanusframe[m[Kâ€™ was not declared in this scope; did you mean â€˜[01m[Kjanusframe2[m[Kâ€™?
[1.674s]   849 |             pos = [01;31m[Kjanusframe[m[K.find(idStr);
[1.674s]       |                   [01;31m[K^~~~~~~~~~[m[K
[1.674s]       |                   [32m[Kjanusframe2[m[K
[1.676s] [01m[K/home/wilhem/NTNU_ROV_COM/sup_com/src/sup_com/src/../../../../lib/janusxsdm/janusxsdm.cpp:770:18:[m[K [01;35m[Kwarning: [m[Kunused variable â€˜[01m[Kch2[m[Kâ€™ [[01;35m[K]8;;https://gcc.gnu.org/onlinedocs/gcc/Warning-Options.html#index-Wunused-variable-Wunused-variable]8;;[m[K]
[1.676s]   770 |             char [01;35m[Kch2[m[K;                                           //Buffer for storing from pipe() "fd2"
[1.676s]       |                  [01;35m[K^~~[m[K
[6.326s] gmake[2]: *** [CMakeFiles/talker.dir/build.make:76: CMakeFiles/talker.dir/src/master_for_demo.cpp.o] Error 1
[6.327s] gmake[1]: *** [CMakeFiles/Makefile2:143: CMakeFiles/talker.dir/all] Error 2
[6.327s] gmake[1]: *** Waiting for unfinished jobs....
[9.294s] gmake[2]: *** [CMakeFiles/listener.dir/build.make:76: CMakeFiles/listener.dir/src/slave_for_demo.cpp.o] Error 1
[9.295s] gmake[1]: *** [CMakeFiles/Makefile2:169: CMakeFiles/listener.dir/all] Error 2
[9.295s] gmake: *** [Makefile:146: all] Error 2
[9.359s] Invoked command in '/home/wilhem/NTNU_ROV_COM/sup_com/src/build/sup_com' returned '2': CMAKE_PREFIX_PATH=/home/wilhem/ros2_ws/install/my_pkg_test:/opt/ros/humble /usr/bin/cmake --build /home/wilhem/NTNU_ROV_COM/sup_com/src/build/sup_com -- -j4 -l4
